000 (15165480.000.000) 2022-02-28 00:26:11 Job submitted from host: <128.105.244.191:9618?addrs=128.105.244.191-9618&alias=submit-1.chtc.wisc.edu&noUDP&sock=schedd_3562897_9248>
...
040 (15165480.000.000) 2022-02-28 00:40:35 Started transferring input files
	Transferring to host: <128.105.245.95:9618?addrs=128.105.245.95-9618&alias=e2295.chtc.wisc.edu&noUDP&sock=slot1_33_18947_a01c_26429>
...
001 (15165480.000.000) 2022-02-28 00:40:45 Job executing on host: <128.105.245.95:9618?addrs=128.105.245.95-9618&alias=e2295.chtc.wisc.edu&noUDP&sock=startd_2580_3e6e>
...
040 (15165480.000.000) 2022-02-28 00:40:45 Finished transferring input files
...
006 (15165480.000.000) 2022-02-28 01:07:01 Image size of job updated: 376
	376  -  MemoryUsage of job (MB)
	385164  -  ResidentSetSize of job (KB)
...
006 (15165480.000.000) 2022-02-28 01:12:01 Image size of job updated: 618
	618  -  MemoryUsage of job (MB)
	633716  -  ResidentSetSize of job (KB)
...
006 (15165480.000.000) 2022-02-28 01:17:01 Image size of job updated: 729
	729  -  MemoryUsage of job (MB)
	746628  -  ResidentSetSize of job (KB)
...
006 (15165480.000.000) 2022-02-28 01:22:01 Image size of job updated: 741
	741  -  MemoryUsage of job (MB)
	758904  -  ResidentSetSize of job (KB)
...
006 (15165480.000.000) 2022-02-28 01:27:01 Image size of job updated: 753
	753  -  MemoryUsage of job (MB)
	771576  -  ResidentSetSize of job (KB)
...
006 (15165480.000.000) 2022-02-28 01:32:01 Image size of job updated: 767
	767  -  MemoryUsage of job (MB)
	785684  -  ResidentSetSize of job (KB)
...
006 (15165480.000.000) 2022-02-28 01:37:02 Image size of job updated: 787
	787  -  MemoryUsage of job (MB)
	806720  -  ResidentSetSize of job (KB)
...
006 (15165480.000.000) 2022-02-28 01:42:09 Image size of job updated: 807
	807  -  MemoryUsage of job (MB)
	826472  -  ResidentSetSize of job (KB)
...
006 (15165480.000.000) 2022-02-28 01:47:04 Image size of job updated: 819
	819  -  MemoryUsage of job (MB)
	838728  -  ResidentSetSize of job (KB)
...
006 (15165480.000.000) 2022-02-28 01:52:05 Image size of job updated: 1018
	1018  -  MemoryUsage of job (MB)
	1042884  -  ResidentSetSize of job (KB)
...
006 (15165480.000.000) 2022-02-28 01:53:46 Image size of job updated: 1142
	1142  -  MemoryUsage of job (MB)
	1170264  -  ResidentSetSize of job (KB)
...
040 (15165480.000.000) 2022-02-28 01:53:55 Started transferring output files
...
040 (15165480.000.000) 2022-02-28 01:53:59 Finished transferring output files
...
005 (15165480.000.000) 2022-02-28 01:54:09 Job terminated.
	(1) Normal termination (return value 0)
		Usr 0 01:23:07, Sys 0 00:01:04  -  Run Remote Usage
		Usr 0 00:00:00, Sys 0 00:00:00  -  Run Local Usage
		Usr 0 01:23:07, Sys 0 00:01:04  -  Total Remote Usage
		Usr 0 00:00:00, Sys 0 00:00:00  -  Total Local Usage
	47475  -  Run Bytes Sent By Job
	131040256  -  Run Bytes Received By Job
	47475  -  Total Bytes Sent By Job
	131040256  -  Total Bytes Received By Job
	Partitionable Resources :     Usage  Request Allocated 
	   Cpus                 :      0.00        1         1 
	   Disk (KB)            : 163769      419431    600169 
	   IoHeavy              :                            0 
	   Memory (MB)          :   1142        2151      2176 

	Job terminated of its own accord at 2022-02-28T07:53:46Z with exit-code 0.
...
