000 (15165480.019.000) 2022-02-28 00:26:11 Job submitted from host: <128.105.244.191:9618?addrs=128.105.244.191-9618&alias=submit-1.chtc.wisc.edu&noUDP&sock=schedd_3562897_9248>
...
040 (15165480.019.000) 2022-02-28 00:44:56 Started transferring input files
	Transferring to host: <128.105.245.58:9618?addrs=128.105.245.58-9618&alias=e3258.chtc.wisc.edu&noUDP&sock=slot1_5_1403_4a52_22191>
...
040 (15165480.019.000) 2022-02-28 00:45:00 Finished transferring input files
...
001 (15165480.019.000) 2022-02-28 00:45:17 Job executing on host: <128.105.245.58:9618?addrs=128.105.245.58-9618&alias=e3258.chtc.wisc.edu&noUDP&sock=startd_3016_4db9>
...
006 (15165480.019.000) 2022-02-28 00:56:30 Image size of job updated: 95
	95  -  MemoryUsage of job (MB)
	97896  -  ResidentSetSize of job (KB)
...
006 (15165480.019.000) 2022-02-28 01:01:30 Image size of job updated: 470
	470  -  MemoryUsage of job (MB)
	482180  -  ResidentSetSize of job (KB)
...
006 (15165480.019.000) 2022-02-28 01:06:30 Image size of job updated: 727
	727  -  MemoryUsage of job (MB)
	745164  -  ResidentSetSize of job (KB)
...
006 (15165480.019.000) 2022-02-28 01:11:30 Image size of job updated: 747
	747  -  MemoryUsage of job (MB)
	764988  -  ResidentSetSize of job (KB)
...
006 (15165480.019.000) 2022-02-28 01:16:31 Image size of job updated: 767
	767  -  MemoryUsage of job (MB)
	785688  -  ResidentSetSize of job (KB)
...
006 (15165480.019.000) 2022-02-28 01:21:32 Image size of job updated: 788
	788  -  MemoryUsage of job (MB)
	807808  -  ResidentSetSize of job (KB)
...
006 (15165480.019.000) 2022-02-28 01:26:33 Image size of job updated: 809
	809  -  MemoryUsage of job (MB)
	828896  -  ResidentSetSize of job (KB)
...
006 (15165480.019.000) 2022-02-28 01:31:18 Image size of job updated: 1131
	1131  -  MemoryUsage of job (MB)
	1158856  -  ResidentSetSize of job (KB)
...
040 (15165480.019.000) 2022-02-28 01:33:56 Entered queue to transfer output files
...
022 (15165480.019.000) 2022-02-28 01:40:02 Job disconnected, attempting to reconnect
    Socket between submit and execute hosts closed unexpectedly
    Trying to reconnect to slot1_5@e3258.chtc.wisc.edu <128.105.245.58:9618?addrs=128.105.245.58-9618&alias=e3258.chtc.wisc.edu&noUDP&sock=startd_3016_4db9>
...
023 (15165480.019.000) 2022-02-28 01:40:02 Job reconnected to slot1_5@e3258.chtc.wisc.edu
    startd address: <128.105.245.58:9618?addrs=128.105.245.58-9618&alias=e3258.chtc.wisc.edu&noUDP&sock=startd_3016_4db9>
    starter address: <128.105.245.58:9618?addrs=128.105.245.58-9618&alias=e3258.chtc.wisc.edu&noUDP&sock=slot1_5_1403_4a52_22191>
...
040 (15165480.019.000) 2022-02-28 01:40:02 Finished transferring output files
...
040 (15165480.019.000) 2022-02-28 01:41:14 Entered queue to transfer output files
...
040 (15165480.019.000) 2022-02-28 01:42:03 Started transferring output files
...
040 (15165480.019.000) 2022-02-28 01:42:50 Finished transferring output files
...
005 (15165480.019.000) 2022-02-28 01:45:37 Job terminated.
	(1) Normal termination (return value 0)
		Usr 0 00:00:00, Sys 0 00:00:00  -  Run Remote Usage
		Usr 0 00:00:00, Sys 0 00:00:00  -  Run Local Usage
		Usr 0 00:49:10, Sys 0 00:01:00  -  Total Remote Usage
		Usr 0 00:00:00, Sys 0 00:00:00  -  Total Local Usage
	50398  -  Run Bytes Sent By Job
	131040256  -  Run Bytes Received By Job
	50398  -  Total Bytes Sent By Job
	131040256  -  Total Bytes Received By Job
	Partitionable Resources :    Usage  Request Allocated 
	   Cpus                 :        0        1         1 
	   Disk (KB)            :   163709   419431    791749 
	   IoHeavy              :                           0 
	   Memory (MB)          :     1131     2151      2176 

	Job terminated of its own accord at 2022-02-28T07:31:18Z with exit-code 0.
...
