000 (15165480.017.000) 2022-02-28 00:26:11 Job submitted from host: <128.105.244.191:9618?addrs=128.105.244.191-9618&alias=submit-1.chtc.wisc.edu&noUDP&sock=schedd_3562897_9248>
...
040 (15165480.017.000) 2022-02-28 00:43:51 Started transferring input files
	Transferring to host: <128.104.58.203:9618?addrs=128.104.58.203-9618+[2607-f388-1086-0-8af0-31ff-feb3-dc28]-9618&alias=e459.chtc.wisc.edu&noUDP&sock=slot1_27_7253_2500_27459>
...
040 (15165480.017.000) 2022-02-28 00:43:57 Finished transferring input files
...
001 (15165480.017.000) 2022-02-28 00:44:02 Job executing on host: <128.104.58.203:9618?addrs=128.104.58.203-9618+[2607-f388-1086-0-8af0-31ff-feb3-dc28]-9618&alias=e459.chtc.wisc.edu&noUDP&sock=startd_2013_543c>
...
006 (15165480.017.000) 2022-02-28 00:49:36 Image size of job updated: 193
	193  -  MemoryUsage of job (MB)
	197820  -  ResidentSetSize of job (KB)
...
006 (15165480.017.000) 2022-02-28 00:54:36 Image size of job updated: 378
	378  -  MemoryUsage of job (MB)
	387468  -  ResidentSetSize of job (KB)
...
006 (15165480.017.000) 2022-02-28 00:59:37 Image size of job updated: 696
	696  -  MemoryUsage of job (MB)
	712900  -  ResidentSetSize of job (KB)
...
006 (15165480.017.000) 2022-02-28 01:04:38 Image size of job updated: 758
	758  -  MemoryUsage of job (MB)
	776736  -  ResidentSetSize of job (KB)
...
006 (15165480.017.000) 2022-02-28 01:14:39 Image size of job updated: 763
	763  -  MemoryUsage of job (MB)
	781376  -  ResidentSetSize of job (KB)
...
006 (15165480.017.000) 2022-02-28 01:19:40 Image size of job updated: 778
	778  -  MemoryUsage of job (MB)
	797256  -  ResidentSetSize of job (KB)
...
006 (15165480.017.000) 2022-02-28 01:24:41 Image size of job updated: 792
	792  -  MemoryUsage of job (MB)
	811656  -  ResidentSetSize of job (KB)
...
006 (15165480.017.000) 2022-02-28 01:32:16 Image size of job updated: 805
	805  -  MemoryUsage of job (MB)
	824720  -  ResidentSetSize of job (KB)
...
006 (15165480.017.000) 2022-02-28 01:39:59 Image size of job updated: 1040
	1040  -  MemoryUsage of job (MB)
	1065280  -  ResidentSetSize of job (KB)
...
006 (15165480.017.000) 2022-02-28 01:41:24 Image size of job updated: 1139
	1139  -  MemoryUsage of job (MB)
	1166788  -  ResidentSetSize of job (KB)
...
040 (15165480.017.000) 2022-02-28 01:41:59 Entered queue to transfer output files
...
040 (15165480.017.000) 2022-02-28 01:44:37 Started transferring output files
...
040 (15165480.017.000) 2022-02-28 01:45:21 Finished transferring output files
...
005 (15165480.017.000) 2022-02-28 01:45:48 Job terminated.
	(1) Normal termination (return value 0)
		Usr 0 01:24:15, Sys 0 00:01:01  -  Run Remote Usage
		Usr 0 00:00:00, Sys 0 00:00:00  -  Run Local Usage
		Usr 0 01:24:15, Sys 0 00:01:01  -  Total Remote Usage
		Usr 0 00:00:00, Sys 0 00:00:00  -  Total Local Usage
	35268  -  Run Bytes Sent By Job
	131040256  -  Run Bytes Received By Job
	35268  -  Total Bytes Sent By Job
	131040256  -  Total Bytes Received By Job
	Partitionable Resources :    Usage  Request Allocated 
	   Cpus                 :        0        1         1 
	   Disk (KB)            :   163758   419431    667055 
	   IoHeavy              :                           0 
	   Memory (MB)          :     1139     2151      2176 

	Job terminated of its own accord at 2022-02-28T07:41:24Z with exit-code 0.
...
