000 (15165480.011.000) 2022-02-28 00:26:11 Job submitted from host: <128.105.244.191:9618?addrs=128.105.244.191-9618&alias=submit-1.chtc.wisc.edu&noUDP&sock=schedd_3562897_9248>
...
040 (15165480.011.000) 2022-02-28 00:43:49 Entered queue to transfer input files
	Transferring to host: <128.104.101.146:9618?addrs=128.104.101.146-9618+[2607-f388-107c-501-4603-a7ff-fe29-a50b]-9618&alias=e0146.chtc.wisc.edu&noUDP&sock=slot1_19_4050_575e_37874>
...
040 (15165480.011.000) 2022-02-28 00:43:51 Started transferring input files
	Seconds spent in queue: 2
...
001 (15165480.011.000) 2022-02-28 00:43:59 Job executing on host: <128.104.101.146:9618?addrs=128.104.101.146-9618+[2607-f388-107c-501-4603-a7ff-fe29-a50b]-9618&alias=e0146.chtc.wisc.edu&noUDP&sock=startd_2377_00b5>
...
040 (15165480.011.000) 2022-02-28 00:43:59 Finished transferring input files
...
006 (15165480.011.000) 2022-02-28 00:54:08 Image size of job updated: 368
	368  -  MemoryUsage of job (MB)
	377444  -  ResidentSetSize of job (KB)
...
006 (15165480.011.000) 2022-02-28 00:59:08 Image size of job updated: 604
	604  -  MemoryUsage of job (MB)
	619384  -  ResidentSetSize of job (KB)
...
006 (15165480.011.000) 2022-02-28 01:04:09 Image size of job updated: 741
	741  -  MemoryUsage of job (MB)
	759492  -  ResidentSetSize of job (KB)
...
006 (15165480.011.000) 2022-02-28 01:09:09 Image size of job updated: 749
	749  -  MemoryUsage of job (MB)
	767348  -  ResidentSetSize of job (KB)
...
006 (15165480.011.000) 2022-02-28 01:14:25 Image size of job updated: 765
	765  -  MemoryUsage of job (MB)
	783716  -  ResidentSetSize of job (KB)
...
006 (15165480.011.000) 2022-02-28 01:19:11 Image size of job updated: 781
	781  -  MemoryUsage of job (MB)
	800216  -  ResidentSetSize of job (KB)
...
006 (15165480.011.000) 2022-02-28 01:24:11 Image size of job updated: 801
	801  -  MemoryUsage of job (MB)
	820280  -  ResidentSetSize of job (KB)
...
006 (15165480.011.000) 2022-02-28 01:29:12 Image size of job updated: 934
	934  -  MemoryUsage of job (MB)
	957284  -  ResidentSetSize of job (KB)
...
006 (15165480.011.000) 2022-02-28 01:30:40 Image size of job updated: 1140
	1140  -  MemoryUsage of job (MB)
	1167560  -  ResidentSetSize of job (KB)
...
022 (15165480.011.000) 2022-02-28 01:35:50 Job disconnected, attempting to reconnect
    Socket between submit and execute hosts closed unexpectedly
    Trying to reconnect to slot1_19@e0146.chtc.wisc.edu <128.104.101.146:9618?addrs=128.104.101.146-9618+[2607-f388-107c-501-4603-a7ff-fe29-a50b]-9618&alias=e0146.chtc.wisc.edu&noUDP&sock=startd_2377_00b5>
...
023 (15165480.011.000) 2022-02-28 01:35:50 Job reconnected to slot1_19@e0146.chtc.wisc.edu
    startd address: <128.104.101.146:9618?addrs=128.104.101.146-9618+[2607-f388-107c-501-4603-a7ff-fe29-a50b]-9618&alias=e0146.chtc.wisc.edu&noUDP&sock=startd_2377_00b5>
    starter address: <128.104.101.146:9618?addrs=128.104.101.146-9618+[2607-f388-107c-501-4603-a7ff-fe29-a50b]-9618&alias=e0146.chtc.wisc.edu&noUDP&sock=slot1_19_4050_575e_37874>
...
040 (15165480.011.000) 2022-02-28 01:35:50 Finished transferring output files
...
040 (15165480.011.000) 2022-02-28 01:36:18 Entered queue to transfer output files
...
040 (15165480.011.000) 2022-02-28 01:36:38 Started transferring output files
	Seconds spent in queue: 3169
...
040 (15165480.011.000) 2022-02-28 01:37:58 Finished transferring output files
...
005 (15165480.011.000) 2022-02-28 01:38:45 Job terminated.
	(1) Normal termination (return value 0)
		Usr 0 00:00:00, Sys 0 00:00:00  -  Run Remote Usage
		Usr 0 00:00:00, Sys 0 00:00:00  -  Run Local Usage
		Usr 0 01:04:43, Sys 0 00:00:57  -  Total Remote Usage
		Usr 0 00:00:00, Sys 0 00:00:00  -  Total Local Usage
	37127  -  Run Bytes Sent By Job
	131040256  -  Run Bytes Received By Job
	37127  -  Total Bytes Sent By Job
	131040256  -  Total Bytes Received By Job
	Partitionable Resources :    Usage  Request Allocated 
	   Cpus                 :        0        1         1 
	   Disk (KB)            :   163748   419431   1661144 
	   IoHeavy              :                           0 
	   Memory (MB)          :     1140     2151      2176 

	Job terminated of its own accord at 2022-02-28T07:30:40Z with exit-code 0.
...
