000 (15165480.010.000) 2022-02-28 00:26:11 Job submitted from host: <128.105.244.191:9618?addrs=128.105.244.191-9618&alias=submit-1.chtc.wisc.edu&noUDP&sock=schedd_3562897_9248>
...
040 (15165480.010.000) 2022-02-28 00:43:49 Started transferring input files
	Transferring to host: <128.105.245.142:9618?addrs=128.105.245.142-9618&alias=e342.chtc.wisc.edu&noUDP&sock=slot1_26_15139_8b81_26285>
...
040 (15165480.010.000) 2022-02-28 00:43:55 Finished transferring input files
...
001 (15165480.010.000) 2022-02-28 00:44:01 Job executing on host: <128.105.245.142:9618?addrs=128.105.245.142-9618&alias=e342.chtc.wisc.edu&noUDP&sock=startd_2402_2693>
...
006 (15165480.010.000) 2022-02-28 01:05:06 Image size of job updated: 202
	202  -  MemoryUsage of job (MB)
	207816  -  ResidentSetSize of job (KB)
...
006 (15165480.010.000) 2022-02-28 01:10:07 Image size of job updated: 446
	446  -  MemoryUsage of job (MB)
	456876  -  ResidentSetSize of job (KB)
...
006 (15165480.010.000) 2022-02-28 01:17:30 Image size of job updated: 766
	766  -  MemoryUsage of job (MB)
	784720  -  ResidentSetSize of job (KB)
...
006 (15165480.010.000) 2022-02-28 01:30:27 Image size of job updated: 771
	771  -  MemoryUsage of job (MB)
	790092  -  ResidentSetSize of job (KB)
...
006 (15165480.010.000) 2022-02-28 01:36:33 Image size of job updated: 789
	789  -  MemoryUsage of job (MB)
	808876  -  ResidentSetSize of job (KB)
...
006 (15165480.010.000) 2022-02-28 01:41:54 Image size of job updated: 803
	803  -  MemoryUsage of job (MB)
	822860  -  ResidentSetSize of job (KB)
...
006 (15165480.010.000) 2022-02-28 01:46:54 Image size of job updated: 815
	815  -  MemoryUsage of job (MB)
	834560  -  ResidentSetSize of job (KB)
...
006 (15165480.010.000) 2022-02-28 01:51:15 Image size of job updated: 1129
	1129  -  MemoryUsage of job (MB)
	1156464  -  ResidentSetSize of job (KB)
...
040 (15165480.010.000) 2022-02-28 01:51:16 Started transferring output files
...
040 (15165480.010.000) 2022-02-28 01:51:16 Finished transferring output files
...
005 (15165480.010.000) 2022-02-28 01:51:16 Job terminated.
	(1) Normal termination (return value 0)
		Usr 0 00:00:00, Sys 0 00:00:00  -  Run Remote Usage
		Usr 0 00:00:00, Sys 0 00:00:00  -  Run Local Usage
		Usr 0 01:14:26, Sys 0 00:01:07  -  Total Remote Usage
		Usr 0 00:00:00, Sys 0 00:00:00  -  Total Local Usage
	42685  -  Run Bytes Sent By Job
	131040256  -  Run Bytes Received By Job
	42685  -  Total Bytes Sent By Job
	131040256  -  Total Bytes Received By Job
	Partitionable Resources :     Usage  Request Allocated 
	   Cpus                 :      0.00        1         1 
	   Disk (KB)            : 163736      419431    669358 
	   IoHeavy              :                            0 
	   Memory (MB)          :   1129        2151      2176 

	Job terminated of its own accord at 2022-02-28T07:51:15Z with exit-code 0.
...
