000 (15165480.014.000) 2022-02-28 00:26:11 Job submitted from host: <128.105.244.191:9618?addrs=128.105.244.191-9618&alias=submit-1.chtc.wisc.edu&noUDP&sock=schedd_3562897_9248>
...
040 (15165480.014.000) 2022-02-28 00:43:50 Started transferring input files
	Transferring to host: <128.104.58.165:9618?addrs=128.104.58.165-9618+[2607-f388-1086-0-d267-e5ff-fefb-eefc]-9618&alias=e1017.chtc.wisc.edu&noUDP&sock=slot1_33_30452_f04f_26689>
...
040 (15165480.014.000) 2022-02-28 00:43:56 Finished transferring input files
...
001 (15165480.014.000) 2022-02-28 00:44:01 Job executing on host: <128.104.58.165:9618?addrs=128.104.58.165-9618+[2607-f388-1086-0-d267-e5ff-fefb-eefc]-9618&alias=e1017.chtc.wisc.edu&noUDP&sock=startd_5085_772c>
...
006 (15165480.014.000) 2022-02-28 00:50:04 Image size of job updated: 167
	167  -  MemoryUsage of job (MB)
	171956  -  ResidentSetSize of job (KB)
...
006 (15165480.014.000) 2022-02-28 00:55:04 Image size of job updated: 368
	368  -  MemoryUsage of job (MB)
	377672  -  ResidentSetSize of job (KB)
...
006 (15165480.014.000) 2022-02-28 01:00:05 Image size of job updated: 625
	625  -  MemoryUsage of job (MB)
	640352  -  ResidentSetSize of job (KB)
...
006 (15165480.014.000) 2022-02-28 01:05:05 Image size of job updated: 743
	743  -  MemoryUsage of job (MB)
	760844  -  ResidentSetSize of job (KB)
...
006 (15165480.014.000) 2022-02-28 01:15:05 Image size of job updated: 752
	752  -  MemoryUsage of job (MB)
	770952  -  ResidentSetSize of job (KB)
...
006 (15165480.014.000) 2022-02-28 01:20:05 Image size of job updated: 766
	766  -  MemoryUsage of job (MB)
	784752  -  ResidentSetSize of job (KB)
...
006 (15165480.014.000) 2022-02-28 01:25:06 Image size of job updated: 781
	781  -  MemoryUsage of job (MB)
	800052  -  ResidentSetSize of job (KB)
...
006 (15165480.014.000) 2022-02-28 01:30:24 Image size of job updated: 795
	795  -  MemoryUsage of job (MB)
	814516  -  ResidentSetSize of job (KB)
...
006 (15165480.014.000) 2022-02-28 01:35:07 Image size of job updated: 808
	808  -  MemoryUsage of job (MB)
	827644  -  ResidentSetSize of job (KB)
...
006 (15165480.014.000) 2022-02-28 01:40:07 Image size of job updated: 820
	820  -  MemoryUsage of job (MB)
	840016  -  ResidentSetSize of job (KB)
...
006 (15165480.014.000) 2022-02-28 01:44:23 Image size of job updated: 1141
	1141  -  MemoryUsage of job (MB)
	1168948  -  ResidentSetSize of job (KB)
...
040 (15165480.014.000) 2022-02-28 01:44:44 Entered queue to transfer output files
...
040 (15165480.014.000) 2022-02-28 01:46:10 Started transferring output files
...
040 (15165480.014.000) 2022-02-28 01:46:40 Finished transferring output files
...
005 (15165480.014.000) 2022-02-28 01:47:03 Job terminated.
	(1) Normal termination (return value 0)
		Usr 0 01:25:19, Sys 0 00:01:45  -  Run Remote Usage
		Usr 0 00:00:00, Sys 0 00:00:00  -  Run Local Usage
		Usr 0 01:25:19, Sys 0 00:01:45  -  Total Remote Usage
		Usr 0 00:00:00, Sys 0 00:00:00  -  Total Local Usage
	35665  -  Run Bytes Sent By Job
	131040256  -  Run Bytes Received By Job
	35665  -  Total Bytes Sent By Job
	131040256  -  Total Bytes Received By Job
	Partitionable Resources :    Usage  Request Allocated 
	   Cpus                 :        0        1         1 
	   Disk (KB)            :   163825   419431    656991 
	   IoHeavy              :                           0 
	   Memory (MB)          :     1141     2151      2176 

	Job terminated of its own accord at 2022-02-28T07:44:23Z with exit-code 0.
...
