000 (15165480.018.000) 2022-02-28 00:26:11 Job submitted from host: <128.105.244.191:9618?addrs=128.105.244.191-9618&alias=submit-1.chtc.wisc.edu&noUDP&sock=schedd_3562897_9248>
...
040 (15165480.018.000) 2022-02-28 00:44:56 Started transferring input files
	Transferring to host: <128.105.245.94:9618?addrs=128.105.245.94-9618&alias=e2294.chtc.wisc.edu&noUDP&sock=slot1_28_31991_4dae_26313>
...
040 (15165480.018.000) 2022-02-28 00:44:58 Finished transferring input files
...
001 (15165480.018.000) 2022-02-28 00:45:08 Job executing on host: <128.105.245.94:9618?addrs=128.105.245.94-9618&alias=e2294.chtc.wisc.edu&noUDP&sock=startd_2082_a845>
...
006 (15165480.018.000) 2022-02-28 00:45:46 Image size of job updated: 52
	52  -  MemoryUsage of job (MB)
	54248  -  ResidentSetSize of job (KB)
...
006 (15165480.018.000) 2022-02-28 00:50:47 Image size of job updated: 417
	417  -  MemoryUsage of job (MB)
	427500  -  ResidentSetSize of job (KB)
...
006 (15165480.018.000) 2022-02-28 00:55:48 Image size of job updated: 670
	670  -  MemoryUsage of job (MB)
	686256  -  ResidentSetSize of job (KB)
...
006 (15165480.018.000) 2022-02-28 01:00:48 Image size of job updated: 764
	764  -  MemoryUsage of job (MB)
	783220  -  ResidentSetSize of job (KB)
...
006 (15165480.018.000) 2022-02-28 01:10:49 Image size of job updated: 764
	764  -  MemoryUsage of job (MB)
	783328  -  ResidentSetSize of job (KB)
...
006 (15165480.018.000) 2022-02-28 01:15:50 Image size of job updated: 784
	784  -  MemoryUsage of job (MB)
	803204  -  ResidentSetSize of job (KB)
...
006 (15165480.018.000) 2022-02-28 01:20:50 Image size of job updated: 798
	798  -  MemoryUsage of job (MB)
	817988  -  ResidentSetSize of job (KB)
...
006 (15165480.018.000) 2022-02-28 01:25:50 Image size of job updated: 815
	815  -  MemoryUsage of job (MB)
	835352  -  ResidentSetSize of job (KB)
...
006 (15165480.018.000) 2022-02-28 01:30:50 Image size of job updated: 825
	825  -  MemoryUsage of job (MB)
	845420  -  ResidentSetSize of job (KB)
...
006 (15165480.018.000) 2022-02-28 01:34:19 Image size of job updated: 1142
	1142  -  MemoryUsage of job (MB)
	1169828  -  ResidentSetSize of job (KB)
...
040 (15165480.018.000) 2022-02-28 01:34:48 Entered queue to transfer output files
...
040 (15165480.018.000) 2022-02-28 01:35:13 Started transferring output files
...
040 (15165480.018.000) 2022-02-28 01:36:30 Finished transferring output files
...
005 (15165480.018.000) 2022-02-28 01:37:07 Job terminated.
	(1) Normal termination (return value 0)
		Usr 0 01:19:57, Sys 0 00:01:02  -  Run Remote Usage
		Usr 0 00:00:00, Sys 0 00:00:00  -  Run Local Usage
		Usr 0 01:19:57, Sys 0 00:01:02  -  Total Remote Usage
		Usr 0 00:00:00, Sys 0 00:00:00  -  Total Local Usage
	34069  -  Run Bytes Sent By Job
	131040256  -  Run Bytes Received By Job
	34069  -  Total Bytes Sent By Job
	131040256  -  Total Bytes Received By Job
	Partitionable Resources :    Usage  Request Allocated 
	   Cpus                 :        0        1         1 
	   Disk (KB)            :   163727   419431    605808 
	   IoHeavy              :                           0 
	   Memory (MB)          :     1142     2151      2176 

	Job terminated of its own accord at 2022-02-28T07:34:19Z with exit-code 0.
...
