000 (15165480.013.000) 2022-02-28 00:26:11 Job submitted from host: <128.105.244.191:9618?addrs=128.105.244.191-9618&alias=submit-1.chtc.wisc.edu&noUDP&sock=schedd_3562897_9248>
...
040 (15165480.013.000) 2022-02-28 00:43:49 Entered queue to transfer input files
	Transferring to host: <128.105.245.32:9618?addrs=128.105.245.32-9618&alias=e3232.chtc.wisc.edu&noUDP&sock=slot1_8_2316_94d7_24157>
...
040 (15165480.013.000) 2022-02-28 00:43:51 Started transferring input files
	Seconds spent in queue: 2
...
001 (15165480.013.000) 2022-02-28 00:43:59 Job executing on host: <128.105.245.32:9618?addrs=128.105.245.32-9618&alias=e3232.chtc.wisc.edu&noUDP&sock=startd_1647_4892>
...
040 (15165480.013.000) 2022-02-28 00:43:59 Finished transferring input files
...
006 (15165480.013.000) 2022-02-28 00:49:11 Image size of job updated: 182
	182  -  MemoryUsage of job (MB)
	187160  -  ResidentSetSize of job (KB)
...
006 (15165480.013.000) 2022-02-28 00:54:12 Image size of job updated: 496
	496  -  MemoryUsage of job (MB)
	508800  -  ResidentSetSize of job (KB)
...
006 (15165480.013.000) 2022-02-28 00:59:13 Image size of job updated: 735
	735  -  MemoryUsage of job (MB)
	753296  -  ResidentSetSize of job (KB)
...
006 (15165480.013.000) 2022-02-28 01:04:13 Image size of job updated: 756
	756  -  MemoryUsage of job (MB)
	774436  -  ResidentSetSize of job (KB)
...
006 (15165480.013.000) 2022-02-28 01:09:13 Image size of job updated: 774
	774  -  MemoryUsage of job (MB)
	793064  -  ResidentSetSize of job (KB)
...
006 (15165480.013.000) 2022-02-28 01:15:27 Image size of job updated: 798
	798  -  MemoryUsage of job (MB)
	818148  -  ResidentSetSize of job (KB)
...
006 (15165480.013.000) 2022-02-28 01:19:14 Image size of job updated: 818
	818  -  MemoryUsage of job (MB)
	838180  -  ResidentSetSize of job (KB)
...
006 (15165480.013.000) 2022-02-28 01:21:45 Image size of job updated: 1140
	1140  -  MemoryUsage of job (MB)
	1168128  -  ResidentSetSize of job (KB)
...
040 (15165480.013.000) 2022-02-28 01:23:24 Entered queue to transfer output files
...
040 (15165480.013.000) 2022-02-28 01:23:41 Started transferring output files
	Seconds spent in queue: 2392
...
040 (15165480.013.000) 2022-02-28 01:24:40 Finished transferring output files
...
005 (15165480.013.000) 2022-02-28 01:25:29 Job terminated.
	(1) Normal termination (return value 0)
		Usr 0 00:54:54, Sys 0 00:00:35  -  Run Remote Usage
		Usr 0 00:00:00, Sys 0 00:00:00  -  Run Local Usage
		Usr 0 00:54:54, Sys 0 00:00:35  -  Total Remote Usage
		Usr 0 00:00:00, Sys 0 00:00:00  -  Total Local Usage
	46547  -  Run Bytes Sent By Job
	131040256  -  Run Bytes Received By Job
	46547  -  Total Bytes Sent By Job
	131040256  -  Total Bytes Received By Job
	Partitionable Resources :     Usage  Request Allocated 
	   Cpus                 :      0.00        1         1 
	   Disk (KB)            : 163703      419431    899424 
	   IoHeavy              :                            0 
	   Memory (MB)          :   1140        2151      2176 

	Job terminated of its own accord at 2022-02-28T07:21:45Z with exit-code 0.
...
