000 (15165480.015.000) 2022-02-28 00:26:11 Job submitted from host: <128.105.244.191:9618?addrs=128.105.244.191-9618&alias=submit-1.chtc.wisc.edu&noUDP&sock=schedd_3562897_9248>
...
040 (15165480.015.000) 2022-02-28 00:43:50 Started transferring input files
	Transferring to host: <128.105.245.198:9618?addrs=128.105.245.198-9618&alias=e2398.chtc.wisc.edu&noUDP&sock=slot1_29_19764_469d_29239>
...
001 (15165480.015.000) 2022-02-28 00:43:58 Job executing on host: <128.105.245.198:9618?addrs=128.105.245.198-9618&alias=e2398.chtc.wisc.edu&noUDP&sock=startd_2358_f868>
...
040 (15165480.015.000) 2022-02-28 00:43:58 Finished transferring input files
...
006 (15165480.015.000) 2022-02-28 01:04:09 Image size of job updated: 424
	424  -  MemoryUsage of job (MB)
	434296  -  ResidentSetSize of job (KB)
...
006 (15165480.015.000) 2022-02-28 01:09:10 Image size of job updated: 550
	550  -  MemoryUsage of job (MB)
	564176  -  ResidentSetSize of job (KB)
...
006 (15165480.015.000) 2022-02-28 01:14:38 Image size of job updated: 757
	757  -  MemoryUsage of job (MB)
	775692  -  ResidentSetSize of job (KB)
...
006 (15165480.015.000) 2022-02-28 01:24:10 Image size of job updated: 759
	759  -  MemoryUsage of job (MB)
	777432  -  ResidentSetSize of job (KB)
...
006 (15165480.015.000) 2022-02-28 01:29:10 Image size of job updated: 776
	776  -  MemoryUsage of job (MB)
	795384  -  ResidentSetSize of job (KB)
...
006 (15165480.015.000) 2022-02-28 01:34:10 Image size of job updated: 802
	802  -  MemoryUsage of job (MB)
	821980  -  ResidentSetSize of job (KB)
...
006 (15165480.015.000) 2022-02-28 01:39:10 Image size of job updated: 818
	818  -  MemoryUsage of job (MB)
	837648  -  ResidentSetSize of job (KB)
...
006 (15165480.015.000) 2022-02-28 01:44:11 Image size of job updated: 824
	824  -  MemoryUsage of job (MB)
	844384  -  ResidentSetSize of job (KB)
...
006 (15165480.015.000) 2022-02-28 01:48:42 Image size of job updated: 1144
	1144  -  MemoryUsage of job (MB)
	1172356  -  ResidentSetSize of job (KB)
...
040 (15165480.015.000) 2022-02-28 01:49:16 Entered queue to transfer output files
...
040 (15165480.015.000) 2022-02-28 01:49:23 Started transferring output files
...
040 (15165480.015.000) 2022-02-28 01:49:48 Finished transferring output files
...
005 (15165480.015.000) 2022-02-28 01:50:03 Job terminated.
	(1) Normal termination (return value 0)
		Usr 0 01:15:20, Sys 0 00:01:00  -  Run Remote Usage
		Usr 0 00:00:00, Sys 0 00:00:00  -  Run Local Usage
		Usr 0 01:15:20, Sys 0 00:01:00  -  Total Remote Usage
		Usr 0 00:00:00, Sys 0 00:00:00  -  Total Local Usage
	38562  -  Run Bytes Sent By Job
	131040256  -  Run Bytes Received By Job
	38562  -  Total Bytes Sent By Job
	131040256  -  Total Bytes Received By Job
	Partitionable Resources :     Usage  Request Allocated 
	   Cpus                 :      0.00        1         1 
	   Disk (KB)            : 163732      419431    593318 
	   IoHeavy              :                            0 
	   Memory (MB)          :   1144        2151      2176 

	Job terminated of its own accord at 2022-02-28T07:48:42Z with exit-code 0.
...
