000 (15165480.002.000) 2022-02-28 00:26:11 Job submitted from host: <128.105.244.191:9618?addrs=128.105.244.191-9618&alias=submit-1.chtc.wisc.edu&noUDP&sock=schedd_3562897_9248>
...
040 (15165480.002.000) 2022-02-28 00:40:36 Started transferring input files
	Transferring to host: <128.105.245.157:9618?addrs=128.105.245.157-9618&alias=e2357.chtc.wisc.edu&noUDP&sock=slot1_21_9537_6ddd_26083>
...
001 (15165480.002.000) 2022-02-28 00:40:47 Job executing on host: <128.105.245.157:9618?addrs=128.105.245.157-9618&alias=e2357.chtc.wisc.edu&noUDP&sock=startd_2933_5f5d>
...
040 (15165480.002.000) 2022-02-28 00:40:47 Finished transferring input files
...
006 (15165480.002.000) 2022-02-28 00:46:11 Image size of job updated: 200
	200  -  MemoryUsage of job (MB)
	205136  -  ResidentSetSize of job (KB)
...
006 (15165480.002.000) 2022-02-28 00:51:12 Image size of job updated: 487
	487  -  MemoryUsage of job (MB)
	499088  -  ResidentSetSize of job (KB)
...
006 (15165480.002.000) 2022-02-28 00:56:12 Image size of job updated: 763
	763  -  MemoryUsage of job (MB)
	782228  -  ResidentSetSize of job (KB)
...
006 (15165480.002.000) 2022-02-28 01:06:13 Image size of job updated: 764
	764  -  MemoryUsage of job (MB)
	782676  -  ResidentSetSize of job (KB)
...
006 (15165480.002.000) 2022-02-28 01:11:14 Image size of job updated: 794
	794  -  MemoryUsage of job (MB)
	813752  -  ResidentSetSize of job (KB)
...
006 (15165480.002.000) 2022-02-28 01:16:13 Image size of job updated: 811
	811  -  MemoryUsage of job (MB)
	831456  -  ResidentSetSize of job (KB)
...
006 (15165480.002.000) 2022-02-28 01:21:13 Image size of job updated: 824
	824  -  MemoryUsage of job (MB)
	843864  -  ResidentSetSize of job (KB)
...
006 (15165480.002.000) 2022-02-28 01:25:10 Image size of job updated: 1145
	1145  -  MemoryUsage of job (MB)
	1172520  -  ResidentSetSize of job (KB)
...
040 (15165480.002.000) 2022-02-28 01:25:32 Entered queue to transfer output files
...
040 (15165480.002.000) 2022-02-28 01:26:51 Started transferring output files
...
040 (15165480.002.000) 2022-02-28 01:27:40 Finished transferring output files
...
005 (15165480.002.000) 2022-02-28 01:28:28 Job terminated.
	(1) Normal termination (return value 0)
		Usr 0 00:00:00, Sys 0 00:00:00  -  Run Remote Usage
		Usr 0 00:00:00, Sys 0 00:00:00  -  Run Local Usage
		Usr 0 01:02:14, Sys 0 00:00:40  -  Total Remote Usage
		Usr 0 00:00:00, Sys 0 00:00:00  -  Total Local Usage
	44624  -  Run Bytes Sent By Job
	131040256  -  Run Bytes Received By Job
	44624  -  Total Bytes Sent By Job
	131040256  -  Total Bytes Received By Job
	Partitionable Resources :     Usage  Request Allocated 
	   Cpus                 :      0.00        1         1 
	   Disk (KB)            : 163738      419431    669464 
	   IoHeavy              :                            0 
	   Memory (MB)          :   1145        2151      2176 

	Job terminated of its own accord at 2022-02-28T07:25:10Z with exit-code 0.
...
