000 (15165480.027.000) 2022-02-28 00:26:11 Job submitted from host: <128.105.244.191:9618?addrs=128.105.244.191-9618&alias=submit-1.chtc.wisc.edu&noUDP&sock=schedd_3562897_9248>
...
040 (15165480.027.000) 2022-02-28 00:48:05 Started transferring input files
	Transferring to host: <128.104.58.165:9618?addrs=128.104.58.165-9618+[2607-f388-1086-0-d267-e5ff-fefb-eefc]-9618&alias=e1017.chtc.wisc.edu&noUDP&sock=slot1_27_30452_f04f_26703>
...
040 (15165480.027.000) 2022-02-28 00:48:10 Finished transferring input files
...
001 (15165480.027.000) 2022-02-28 00:48:12 Job executing on host: <128.104.58.165:9618?addrs=128.104.58.165-9618+[2607-f388-1086-0-d267-e5ff-fefb-eefc]-9618&alias=e1017.chtc.wisc.edu&noUDP&sock=startd_5085_772c>
...
006 (15165480.027.000) 2022-02-28 00:54:41 Image size of job updated: 378
	378  -  MemoryUsage of job (MB)
	387652  -  ResidentSetSize of job (KB)
...
006 (15165480.027.000) 2022-02-28 00:59:41 Image size of job updated: 601
	601  -  MemoryUsage of job (MB)
	615700  -  ResidentSetSize of job (KB)
...
006 (15165480.027.000) 2022-02-28 01:04:42 Image size of job updated: 752
	752  -  MemoryUsage of job (MB)
	771048  -  ResidentSetSize of job (KB)
...
006 (15165480.027.000) 2022-02-28 01:14:43 Image size of job updated: 755
	755  -  MemoryUsage of job (MB)
	773900  -  ResidentSetSize of job (KB)
...
006 (15165480.027.000) 2022-02-28 01:19:44 Image size of job updated: 768
	768  -  MemoryUsage of job (MB)
	787188  -  ResidentSetSize of job (KB)
...
006 (15165480.027.000) 2022-02-28 01:24:45 Image size of job updated: 787
	787  -  MemoryUsage of job (MB)
	806268  -  ResidentSetSize of job (KB)
...
006 (15165480.027.000) 2022-02-28 01:29:46 Image size of job updated: 801
	801  -  MemoryUsage of job (MB)
	820952  -  ResidentSetSize of job (KB)
...
006 (15165480.027.000) 2022-02-28 01:34:47 Image size of job updated: 815
	815  -  MemoryUsage of job (MB)
	835344  -  ResidentSetSize of job (KB)
...
006 (15165480.027.000) 2022-02-28 01:39:48 Image size of job updated: 829
	829  -  MemoryUsage of job (MB)
	849116  -  ResidentSetSize of job (KB)
...
006 (15165480.027.000) 2022-02-28 01:42:47 Image size of job updated: 1144
	1144  -  MemoryUsage of job (MB)
	1172168  -  ResidentSetSize of job (KB)
...
040 (15165480.027.000) 2022-02-28 01:45:35 Entered queue to transfer output files
...
022 (15165480.027.000) 2022-02-28 01:47:53 Job disconnected, attempting to reconnect
    Socket between submit and execute hosts closed unexpectedly
    Trying to reconnect to slot1_27@e1017.chtc.wisc.edu <128.104.58.165:9618?addrs=128.104.58.165-9618+[2607-f388-1086-0-d267-e5ff-fefb-eefc]-9618&alias=e1017.chtc.wisc.edu&noUDP&sock=startd_5085_772c>
...
023 (15165480.027.000) 2022-02-28 01:47:53 Job reconnected to slot1_27@e1017.chtc.wisc.edu
    startd address: <128.104.58.165:9618?addrs=128.104.58.165-9618+[2607-f388-1086-0-d267-e5ff-fefb-eefc]-9618&alias=e1017.chtc.wisc.edu&noUDP&sock=startd_5085_772c>
    starter address: <128.104.58.165:9618?addrs=128.104.58.165-9618+[2607-f388-1086-0-d267-e5ff-fefb-eefc]-9618&alias=e1017.chtc.wisc.edu&noUDP&sock=slot1_27_30452_f04f_26703>
...
040 (15165480.027.000) 2022-02-28 01:47:53 Finished transferring output files
...
040 (15165480.027.000) 2022-02-28 01:48:06 Entered queue to transfer output files
...
040 (15165480.027.000) 2022-02-28 01:48:20 Started transferring output files
...
040 (15165480.027.000) 2022-02-28 01:48:50 Finished transferring output files
...
005 (15165480.027.000) 2022-02-28 01:49:15 Job terminated.
	(1) Normal termination (return value 0)
		Usr 0 01:24:30, Sys 0 00:01:46  -  Run Remote Usage
		Usr 0 00:00:00, Sys 0 00:00:00  -  Run Local Usage
		Usr 0 01:24:30, Sys 0 00:01:46  -  Total Remote Usage
		Usr 0 00:00:00, Sys 0 00:00:00  -  Total Local Usage
	34808  -  Run Bytes Sent By Job
	131040256  -  Run Bytes Received By Job
	34808  -  Total Bytes Sent By Job
	131040256  -  Total Bytes Received By Job
	Partitionable Resources :    Usage  Request Allocated 
	   Cpus                 :        0        1         1 
	   Disk (KB)            :   163825   419431    656991 
	   IoHeavy              :                           0 
	   Memory (MB)          :     1144     2151      2176 

	Job terminated of its own accord at 2022-02-28T07:42:47Z with exit-code 0.
...
