000 (15165480.029.000) 2022-02-28 00:26:11 Job submitted from host: <128.105.244.191:9618?addrs=128.105.244.191-9618&alias=submit-1.chtc.wisc.edu&noUDP&sock=schedd_3562897_9248>
...
040 (15165480.029.000) 2022-02-28 00:48:06 Started transferring input files
	Transferring to host: <128.105.245.35:9618?addrs=128.105.245.35-9618&alias=e3235.chtc.wisc.edu&noUDP&sock=slot1_4_27592_cf5b_22541>
...
040 (15165480.029.000) 2022-02-28 00:48:07 Finished transferring input files
...
001 (15165480.029.000) 2022-02-28 00:48:08 Job executing on host: <128.105.245.35:9618?addrs=128.105.245.35-9618&alias=e3235.chtc.wisc.edu&noUDP&sock=startd_1621_731c>
...
006 (15165480.029.000) 2022-02-28 00:53:16 Image size of job updated: 203
	203  -  MemoryUsage of job (MB)
	208388  -  ResidentSetSize of job (KB)
...
006 (15165480.029.000) 2022-02-28 00:58:16 Image size of job updated: 665
	665  -  MemoryUsage of job (MB)
	681296  -  ResidentSetSize of job (KB)
...
006 (15165480.029.000) 2022-02-28 01:03:16 Image size of job updated: 742
	742  -  MemoryUsage of job (MB)
	760424  -  ResidentSetSize of job (KB)
...
006 (15165480.029.000) 2022-02-28 01:08:16 Image size of job updated: 764
	764  -  MemoryUsage of job (MB)
	782356  -  ResidentSetSize of job (KB)
...
006 (15165480.029.000) 2022-02-28 01:13:16 Image size of job updated: 790
	790  -  MemoryUsage of job (MB)
	809876  -  ResidentSetSize of job (KB)
...
006 (15165480.029.000) 2022-02-28 01:18:26 Image size of job updated: 816
	816  -  MemoryUsage of job (MB)
	836568  -  ResidentSetSize of job (KB)
...
006 (15165480.029.000) 2022-02-28 01:23:18 Image size of job updated: 1067
	1067  -  MemoryUsage of job (MB)
	1093500  -  ResidentSetSize of job (KB)
...
006 (15165480.029.000) 2022-02-28 01:24:06 Image size of job updated: 1144
	1144  -  MemoryUsage of job (MB)
	1171644  -  ResidentSetSize of job (KB)
...
040 (15165480.029.000) 2022-02-28 01:26:56 Entered queue to transfer output files
...
040 (15165480.029.000) 2022-02-28 01:28:22 Started transferring output files
...
040 (15165480.029.000) 2022-02-28 01:29:32 Finished transferring output files
...
005 (15165480.029.000) 2022-02-28 01:30:19 Job terminated.
	(1) Normal termination (return value 0)
		Usr 0 00:54:33, Sys 0 00:00:32  -  Run Remote Usage
		Usr 0 00:00:00, Sys 0 00:00:00  -  Run Local Usage
		Usr 0 00:54:33, Sys 0 00:00:32  -  Total Remote Usage
		Usr 0 00:00:00, Sys 0 00:00:00  -  Total Local Usage
	38367  -  Run Bytes Sent By Job
	131040256  -  Run Bytes Received By Job
	38367  -  Total Bytes Sent By Job
	131040256  -  Total Bytes Received By Job
	Partitionable Resources :    Usage  Request Allocated 
	   Cpus                 :        0        1         1 
	   Disk (KB)            :   163723   419431    900302 
	   IoHeavy              :                           0 
	   Memory (MB)          :     1144     2151      2176 

	Job terminated of its own accord at 2022-02-28T07:24:06Z with exit-code 0.
...
