000 (15165480.026.000) 2022-02-28 00:26:11 Job submitted from host: <128.105.244.191:9618?addrs=128.105.244.191-9618&alias=submit-1.chtc.wisc.edu&noUDP&sock=schedd_3562897_9248>
...
040 (15165480.026.000) 2022-02-28 00:46:11 Started transferring input files
	Transferring to host: <128.105.245.43:9618?addrs=128.105.245.43-9618&alias=e3243.chtc.wisc.edu&noUDP&sock=slot1_3_28756_f40a_23631>
...
040 (15165480.026.000) 2022-02-28 00:46:12 Finished transferring input files
...
001 (15165480.026.000) 2022-02-28 00:46:15 Job executing on host: <128.105.245.43:9618?addrs=128.105.245.43-9618&alias=e3243.chtc.wisc.edu&noUDP&sock=startd_4725_8914>
...
006 (15165480.026.000) 2022-02-28 00:51:34 Image size of job updated: 183
	183  -  MemoryUsage of job (MB)
	188136  -  ResidentSetSize of job (KB)
...
006 (15165480.026.000) 2022-02-28 00:56:35 Image size of job updated: 481
	481  -  MemoryUsage of job (MB)
	493424  -  ResidentSetSize of job (KB)
...
006 (15165480.026.000) 2022-02-28 01:01:36 Image size of job updated: 734
	734  -  MemoryUsage of job (MB)
	752536  -  ResidentSetSize of job (KB)
...
006 (15165480.026.000) 2022-02-28 01:06:37 Image size of job updated: 757
	757  -  MemoryUsage of job (MB)
	775384  -  ResidentSetSize of job (KB)
...
006 (15165480.026.000) 2022-02-28 01:11:38 Image size of job updated: 773
	773  -  MemoryUsage of job (MB)
	792016  -  ResidentSetSize of job (KB)
...
006 (15165480.026.000) 2022-02-28 01:16:42 Image size of job updated: 799
	799  -  MemoryUsage of job (MB)
	818812  -  ResidentSetSize of job (KB)
...
006 (15165480.026.000) 2022-02-28 01:21:38 Image size of job updated: 819
	819  -  MemoryUsage of job (MB)
	839272  -  ResidentSetSize of job (KB)
...
006 (15165480.026.000) 2022-02-28 01:26:38 Image size of job updated: 1100
	1100  -  MemoryUsage of job (MB)
	1126552  -  ResidentSetSize of job (KB)
...
006 (15165480.026.000) 2022-02-28 01:27:13 Image size of job updated: 1143
	1143  -  MemoryUsage of job (MB)
	1171036  -  ResidentSetSize of job (KB)
...
040 (15165480.026.000) 2022-02-28 01:29:55 Entered queue to transfer output files
...
040 (15165480.026.000) 2022-02-28 01:30:18 Started transferring output files
...
040 (15165480.026.000) 2022-02-28 01:31:32 Finished transferring output files
...
005 (15165480.026.000) 2022-02-28 01:32:23 Job terminated.
	(1) Normal termination (return value 0)
		Usr 0 00:58:48, Sys 0 00:00:34  -  Run Remote Usage
		Usr 0 00:00:00, Sys 0 00:00:00  -  Run Local Usage
		Usr 0 00:58:48, Sys 0 00:00:34  -  Total Remote Usage
		Usr 0 00:00:00, Sys 0 00:00:00  -  Total Local Usage
	46667  -  Run Bytes Sent By Job
	131040256  -  Run Bytes Received By Job
	46667  -  Total Bytes Sent By Job
	131040256  -  Total Bytes Received By Job
	Partitionable Resources :    Usage  Request Allocated 
	   Cpus                 :        0        1         1 
	   Disk (KB)            :   163731   419431    866925 
	   IoHeavy              :                           0 
	   Memory (MB)          :     1143     2151      2176 

	Job terminated of its own accord at 2022-02-28T07:27:13Z with exit-code 0.
...
