000 (15165480.022.000) 2022-02-28 00:26:11 Job submitted from host: <128.105.244.191:9618?addrs=128.105.244.191-9618&alias=submit-1.chtc.wisc.edu&noUDP&sock=schedd_3562897_9248>
...
040 (15165480.022.000) 2022-02-28 00:44:56 Started transferring input files
	Transferring to host: <128.105.244.25:9618?addrs=128.105.244.25-9618&alias=e3156.chtc.wisc.edu&noUDP&sock=slot1_5_23607_0459_23154>
...
040 (15165480.022.000) 2022-02-28 00:45:00 Finished transferring input files
...
001 (15165480.022.000) 2022-02-28 00:45:19 Job executing on host: <128.105.244.25:9618?addrs=128.105.244.25-9618&alias=e3156.chtc.wisc.edu&noUDP&sock=startd_2601_a5ec>
...
006 (15165480.022.000) 2022-02-28 00:46:37 Image size of job updated: 53
	53  -  MemoryUsage of job (MB)
	54304  -  ResidentSetSize of job (KB)
...
006 (15165480.022.000) 2022-02-28 00:51:38 Image size of job updated: 417
	417  -  MemoryUsage of job (MB)
	427864  -  ResidentSetSize of job (KB)
...
006 (15165480.022.000) 2022-02-28 00:56:39 Image size of job updated: 675
	675  -  MemoryUsage of job (MB)
	691944  -  ResidentSetSize of job (KB)
...
006 (15165480.022.000) 2022-02-28 01:01:40 Image size of job updated: 731
	731  -  MemoryUsage of job (MB)
	749468  -  ResidentSetSize of job (KB)
...
006 (15165480.022.000) 2022-02-28 01:06:41 Image size of job updated: 743
	743  -  MemoryUsage of job (MB)
	761612  -  ResidentSetSize of job (KB)
...
006 (15165480.022.000) 2022-02-28 01:11:42 Image size of job updated: 755
	755  -  MemoryUsage of job (MB)
	773756  -  ResidentSetSize of job (KB)
...
006 (15165480.022.000) 2022-02-28 01:16:43 Image size of job updated: 769
	769  -  MemoryUsage of job (MB)
	788004  -  ResidentSetSize of job (KB)
...
006 (15165480.022.000) 2022-02-28 01:21:44 Image size of job updated: 784
	784  -  MemoryUsage of job (MB)
	802956  -  ResidentSetSize of job (KB)
...
006 (15165480.022.000) 2022-02-28 01:26:44 Image size of job updated: 794
	794  -  MemoryUsage of job (MB)
	813912  -  ResidentSetSize of job (KB)
...
006 (15165480.022.000) 2022-02-28 01:33:24 Image size of job updated: 809
	809  -  MemoryUsage of job (MB)
	828848  -  ResidentSetSize of job (KB)
...
006 (15165480.022.000) 2022-02-28 01:38:25 Image size of job updated: 931
	931  -  MemoryUsage of job (MB)
	954260  -  ResidentSetSize of job (KB)
...
006 (15165480.022.000) 2022-02-28 01:40:06 Image size of job updated: 1130
	1130  -  MemoryUsage of job (MB)
	1157936  -  ResidentSetSize of job (KB)
...
040 (15165480.022.000) 2022-02-28 01:42:46 Entered queue to transfer output files
...
040 (15165480.022.000) 2022-02-28 01:45:38 Started transferring output files
...
040 (15165480.022.000) 2022-02-28 01:46:25 Finished transferring output files
...
005 (15165480.022.000) 2022-02-28 01:46:44 Job terminated.
	(1) Normal termination (return value 0)
		Usr 0 01:09:41, Sys 0 00:01:44  -  Run Remote Usage
		Usr 0 00:00:00, Sys 0 00:00:00  -  Run Local Usage
		Usr 0 01:09:41, Sys 0 00:01:44  -  Total Remote Usage
		Usr 0 00:00:00, Sys 0 00:00:00  -  Total Local Usage
	33897  -  Run Bytes Sent By Job
	131040256  -  Run Bytes Received By Job
	33897  -  Total Bytes Sent By Job
	131040256  -  Total Bytes Received By Job
	Partitionable Resources :    Usage  Request Allocated 
	   Cpus                 :        0        1         1 
	   Disk (KB)            :   163840   419431   1135181 
	   IoHeavy              :                           0 
	   Memory (MB)          :     1130     2151      2176 

	Job terminated of its own accord at 2022-02-28T07:40:06Z with exit-code 0.
...
