000 (15165480.023.000) 2022-02-28 00:26:11 Job submitted from host: <128.105.244.191:9618?addrs=128.105.244.191-9618&alias=submit-1.chtc.wisc.edu&noUDP&sock=schedd_3562897_9248>
...
040 (15165480.023.000) 2022-02-28 00:46:11 Started transferring input files
	Transferring to host: <128.105.245.130:9618?addrs=128.105.245.130-9618&alias=e2330.chtc.wisc.edu&noUDP&sock=slot1_15_39457_c69e_28167>
...
040 (15165480.023.000) 2022-02-28 00:46:13 Finished transferring input files
...
001 (15165480.023.000) 2022-02-28 00:46:16 Job executing on host: <128.105.245.130:9618?addrs=128.105.245.130-9618&alias=e2330.chtc.wisc.edu&noUDP&sock=startd_2353_8a6f>
...
006 (15165480.023.000) 2022-02-28 00:46:25 Image size of job updated: 45
	45  -  MemoryUsage of job (MB)
	46632  -  ResidentSetSize of job (KB)
...
006 (15165480.023.000) 2022-02-28 00:51:25 Image size of job updated: 404
	404  -  MemoryUsage of job (MB)
	413956  -  ResidentSetSize of job (KB)
...
006 (15165480.023.000) 2022-02-28 00:56:26 Image size of job updated: 691
	691  -  MemoryUsage of job (MB)
	708116  -  ResidentSetSize of job (KB)
...
006 (15165480.023.000) 2022-02-28 01:01:26 Image size of job updated: 741
	741  -  MemoryUsage of job (MB)
	759680  -  ResidentSetSize of job (KB)
...
006 (15165480.023.000) 2022-02-28 01:06:27 Image size of job updated: 759
	759  -  MemoryUsage of job (MB)
	777372  -  ResidentSetSize of job (KB)
...
006 (15165480.023.000) 2022-02-28 01:11:28 Image size of job updated: 774
	774  -  MemoryUsage of job (MB)
	792764  -  ResidentSetSize of job (KB)
...
006 (15165480.023.000) 2022-02-28 01:17:36 Image size of job updated: 795
	795  -  MemoryUsage of job (MB)
	814876  -  ResidentSetSize of job (KB)
...
006 (15165480.023.000) 2022-02-28 01:21:30 Image size of job updated: 817
	817  -  MemoryUsage of job (MB)
	836908  -  ResidentSetSize of job (KB)
...
006 (15165480.023.000) 2022-02-28 01:26:31 Image size of job updated: 827
	827  -  MemoryUsage of job (MB)
	847820  -  ResidentSetSize of job (KB)
...
006 (15165480.023.000) 2022-02-28 01:29:24 Image size of job updated: 1144
	1144  -  MemoryUsage of job (MB)
	1171536  -  ResidentSetSize of job (KB)
...
040 (15165480.023.000) 2022-02-28 01:30:05 Entered queue to transfer output files
...
040 (15165480.023.000) 2022-02-28 01:30:42 Started transferring output files
...
040 (15165480.023.000) 2022-02-28 01:32:07 Finished transferring output files
...
005 (15165480.023.000) 2022-02-28 01:32:49 Job terminated.
	(1) Normal termination (return value 0)
		Usr 0 01:11:35, Sys 0 00:00:50  -  Run Remote Usage
		Usr 0 00:00:00, Sys 0 00:00:00  -  Run Local Usage
		Usr 0 01:11:35, Sys 0 00:00:50  -  Total Remote Usage
		Usr 0 00:00:00, Sys 0 00:00:00  -  Total Local Usage
	34036  -  Run Bytes Sent By Job
	131040256  -  Run Bytes Received By Job
	34036  -  Total Bytes Sent By Job
	131040256  -  Total Bytes Received By Job
	Partitionable Resources :     Usage  Request Allocated 
	   Cpus                 :      0.00        1         1 
	   Disk (KB)            : 163727      419431    586024 
	   IoHeavy              :                            0 
	   Memory (MB)          :   1144        2151      2176 

	Job terminated of its own accord at 2022-02-28T07:29:24Z with exit-code 0.
...
