000 (15165480.021.000) 2022-02-28 00:26:11 Job submitted from host: <128.105.244.191:9618?addrs=128.105.244.191-9618&alias=submit-1.chtc.wisc.edu&noUDP&sock=schedd_3562897_9248>
...
040 (15165480.021.000) 2022-02-28 00:44:50 Entered queue to transfer input files
	Transferring to host: <128.104.58.75:9618?addrs=128.104.58.75-9618+[2607-f388-1086-0-a6ba-dbff-fe38-fc8c]-9618&alias=e065.chtc.wisc.edu&noUDP&sock=slot1_1_6267_6b18_24152>
...
040 (15165480.021.000) 2022-02-28 00:44:54 Started transferring input files
	Seconds spent in queue: 4
...
040 (15165480.021.000) 2022-02-28 00:44:56 Finished transferring input files
...
001 (15165480.021.000) 2022-02-28 00:44:57 Job executing on host: <128.104.58.75:9618?addrs=128.104.58.75-9618+[2607-f388-1086-0-a6ba-dbff-fe38-fc8c]-9618&alias=e065.chtc.wisc.edu&noUDP&sock=startd_4759_db4c>
...
006 (15165480.021.000) 2022-02-28 00:50:12 Image size of job updated: 181
	181  -  MemoryUsage of job (MB)
	186056  -  ResidentSetSize of job (KB)
...
006 (15165480.021.000) 2022-02-28 00:55:13 Image size of job updated: 558
	558  -  MemoryUsage of job (MB)
	572284  -  ResidentSetSize of job (KB)
...
006 (15165480.021.000) 2022-02-28 01:00:13 Image size of job updated: 753
	753  -  MemoryUsage of job (MB)
	771740  -  ResidentSetSize of job (KB)
...
006 (15165480.021.000) 2022-02-28 01:05:14 Image size of job updated: 755
	755  -  MemoryUsage of job (MB)
	773168  -  ResidentSetSize of job (KB)
...
006 (15165480.021.000) 2022-02-28 01:10:15 Image size of job updated: 775
	775  -  MemoryUsage of job (MB)
	794024  -  ResidentSetSize of job (KB)
...
006 (15165480.021.000) 2022-02-28 01:15:17 Image size of job updated: 797
	797  -  MemoryUsage of job (MB)
	816564  -  ResidentSetSize of job (KB)
...
006 (15165480.021.000) 2022-02-28 01:20:17 Image size of job updated: 818
	818  -  MemoryUsage of job (MB)
	837948  -  ResidentSetSize of job (KB)
...
006 (15165480.021.000) 2022-02-28 01:23:48 Image size of job updated: 1142
	1142  -  MemoryUsage of job (MB)
	1169772  -  ResidentSetSize of job (KB)
...
040 (15165480.021.000) 2022-02-28 01:24:42 Entered queue to transfer output files
...
040 (15165480.021.000) 2022-02-28 01:25:11 Started transferring output files
	Seconds spent in queue: 2421
...
040 (15165480.021.000) 2022-02-28 01:26:04 Finished transferring output files
...
005 (15165480.021.000) 2022-02-28 01:26:51 Job terminated.
	(1) Normal termination (return value 0)
		Usr 0 00:00:00, Sys 0 00:00:00  -  Run Remote Usage
		Usr 0 00:00:00, Sys 0 00:00:00  -  Run Local Usage
		Usr 0 00:53:05, Sys 0 00:00:37  -  Total Remote Usage
		Usr 0 00:00:00, Sys 0 00:00:00  -  Total Local Usage
	35263  -  Run Bytes Sent By Job
	131040256  -  Run Bytes Received By Job
	35263  -  Total Bytes Sent By Job
	131040256  -  Total Bytes Received By Job
	Partitionable Resources :     Usage  Request Allocated 
	   Cpus                 :      0.00        1         1 
	   Disk (KB)            : 163693      419431    907701 
	   IoHeavy              :                            0 
	   Memory (MB)          :   1142        2151      2176 

	Job terminated of its own accord at 2022-02-28T07:23:48Z with exit-code 0.
...
