000 (15165480.024.000) 2022-02-28 00:26:11 Job submitted from host: <128.105.244.191:9618?addrs=128.105.244.191-9618&alias=submit-1.chtc.wisc.edu&noUDP&sock=schedd_3562897_9248>
...
040 (15165480.024.000) 2022-02-28 00:46:11 Started transferring input files
	Transferring to host: <128.105.245.119:9618?addrs=128.105.245.119-9618&alias=e2319.chtc.wisc.edu&noUDP&sock=slot1_11_37853_9cdc_25987>
...
040 (15165480.024.000) 2022-02-28 00:46:12 Finished transferring input files
...
001 (15165480.024.000) 2022-02-28 00:46:15 Job executing on host: <128.105.245.119:9618?addrs=128.105.245.119-9618&alias=e2319.chtc.wisc.edu&noUDP&sock=startd_2426_9cd9>
...
006 (15165480.024.000) 2022-02-28 01:06:29 Image size of job updated: 188
	188  -  MemoryUsage of job (MB)
	192960  -  ResidentSetSize of job (KB)
...
006 (15165480.024.000) 2022-02-28 01:11:29 Image size of job updated: 625
	625  -  MemoryUsage of job (MB)
	640692  -  ResidentSetSize of job (KB)
...
006 (15165480.024.000) 2022-02-28 01:16:43 Image size of job updated: 767
	767  -  MemoryUsage of job (MB)
	786352  -  ResidentSetSize of job (KB)
...
006 (15165480.024.000) 2022-02-28 01:31:32 Image size of job updated: 776
	776  -  MemoryUsage of job (MB)
	794816  -  ResidentSetSize of job (KB)
...
006 (15165480.024.000) 2022-02-28 01:36:33 Image size of job updated: 791
	791  -  MemoryUsage of job (MB)
	810424  -  ResidentSetSize of job (KB)
...
006 (15165480.024.000) 2022-02-28 01:41:34 Image size of job updated: 806
	806  -  MemoryUsage of job (MB)
	825684  -  ResidentSetSize of job (KB)
...
006 (15165480.024.000) 2022-02-28 01:46:35 Image size of job updated: 1035
	1035  -  MemoryUsage of job (MB)
	1060740  -  ResidentSetSize of job (KB)
...
006 (15165480.024.000) 2022-02-28 01:47:57 Image size of job updated: 1129
	1129  -  MemoryUsage of job (MB)
	1156572  -  ResidentSetSize of job (KB)
...
040 (15165480.024.000) 2022-02-28 01:48:12 Entered queue to transfer output files
...
040 (15165480.024.000) 2022-02-28 01:48:28 Started transferring output files
...
040 (15165480.024.000) 2022-02-28 01:49:06 Finished transferring output files
...
005 (15165480.024.000) 2022-02-28 01:49:21 Job terminated.
	(1) Normal termination (return value 0)
		Usr 0 00:00:00, Sys 0 00:00:00  -  Run Remote Usage
		Usr 0 00:00:00, Sys 0 00:00:00  -  Run Local Usage
		Usr 0 01:10:08, Sys 0 00:00:59  -  Total Remote Usage
		Usr 0 00:00:00, Sys 0 00:00:00  -  Total Local Usage
	50197  -  Run Bytes Sent By Job
	131040256  -  Run Bytes Received By Job
	50197  -  Total Bytes Sent By Job
	131040256  -  Total Bytes Received By Job
	Partitionable Resources :    Usage  Request Allocated 
	   Cpus                 :        0        1         1 
	   Disk (KB)            :   163771   419431    591744 
	   IoHeavy              :                           0 
	   Memory (MB)          :     1129     2151      2176 

	Job terminated of its own accord at 2022-02-28T07:47:43Z with exit-code 0.
...
