000 (15165480.032.000) 2022-02-28 00:26:11 Job submitted from host: <128.105.244.191:9618?addrs=128.105.244.191-9618&alias=submit-1.chtc.wisc.edu&noUDP&sock=schedd_3562897_9248>
...
040 (15165480.032.000) 2022-02-28 00:52:21 Started transferring input files
	Transferring to host: <128.105.245.160:9618?addrs=128.105.245.160-9618&alias=e2360.chtc.wisc.edu&noUDP&sock=slot1_19_19278_d849_28138>
...
040 (15165480.032.000) 2022-02-28 00:52:22 Finished transferring input files
...
001 (15165480.032.000) 2022-02-28 00:52:23 Job executing on host: <128.105.245.160:9618?addrs=128.105.245.160-9618&alias=e2360.chtc.wisc.edu&noUDP&sock=startd_2797_167c>
...
006 (15165480.032.000) 2022-02-28 01:02:48 Image size of job updated: 343
	343  -  MemoryUsage of job (MB)
	351264  -  ResidentSetSize of job (KB)
...
006 (15165480.032.000) 2022-02-28 01:07:49 Image size of job updated: 693
	693  -  MemoryUsage of job (MB)
	710344  -  ResidentSetSize of job (KB)
...
006 (15165480.032.000) 2022-02-28 01:12:50 Image size of job updated: 738
	738  -  MemoryUsage of job (MB)
	756712  -  ResidentSetSize of job (KB)
...
006 (15165480.032.000) 2022-02-28 01:17:52 Image size of job updated: 757
	757  -  MemoryUsage of job (MB)
	775852  -  ResidentSetSize of job (KB)
...
006 (15165480.032.000) 2022-02-28 01:25:07 Image size of job updated: 772
	772  -  MemoryUsage of job (MB)
	791032  -  ResidentSetSize of job (KB)
...
006 (15165480.032.000) 2022-02-28 01:31:55 Image size of job updated: 808
	808  -  MemoryUsage of job (MB)
	827860  -  ResidentSetSize of job (KB)
...
006 (15165480.032.000) 2022-02-28 01:37:21 Image size of job updated: 822
	822  -  MemoryUsage of job (MB)
	842380  -  ResidentSetSize of job (KB)
...
006 (15165480.032.000) 2022-02-28 01:39:52 Image size of job updated: 1142
	1142  -  MemoryUsage of job (MB)
	1169688  -  ResidentSetSize of job (KB)
...
040 (15165480.032.000) 2022-02-28 01:43:16 Entered queue to transfer output files
...
040 (15165480.032.000) 2022-02-28 01:43:43 Started transferring output files
...
040 (15165480.032.000) 2022-02-28 01:44:32 Finished transferring output files
...
005 (15165480.032.000) 2022-02-28 01:45:02 Job terminated.
	(1) Normal termination (return value 0)
		Usr 0 00:00:00, Sys 0 00:00:00  -  Run Remote Usage
		Usr 0 00:00:00, Sys 0 00:00:00  -  Run Local Usage
		Usr 0 01:05:22, Sys 0 00:00:49  -  Total Remote Usage
		Usr 0 00:00:00, Sys 0 00:00:00  -  Total Local Usage
	46428  -  Run Bytes Sent By Job
	131040256  -  Run Bytes Received By Job
	46428  -  Total Bytes Sent By Job
	131040256  -  Total Bytes Received By Job
	Partitionable Resources :    Usage  Request Allocated 
	   Cpus                 :        0        1         1 
	   Disk (KB)            :   163740   419431    669707 
	   IoHeavy              :                           0 
	   Memory (MB)          :     1142     2151      2176 

	Job terminated of its own accord at 2022-02-28T07:39:52Z with exit-code 0.
...
