000 (15165480.037.000) 2022-02-28 00:26:11 Job submitted from host: <128.105.244.191:9618?addrs=128.105.244.191-9618&alias=submit-1.chtc.wisc.edu&noUDP&sock=schedd_3562897_9248>
...
040 (15165480.037.000) 2022-02-28 01:00:56 Started transferring input files
	Transferring to host: <128.105.68.115:9618?addrs=128.105.68.115-9618&alias=e2453.chtc.wisc.edu&noUDP&sock=slot1_25_20753_1da5_25700>
...
040 (15165480.037.000) 2022-02-28 01:00:58 Finished transferring input files
...
001 (15165480.037.000) 2022-02-28 01:01:03 Job executing on host: <128.105.68.115:9618?addrs=128.105.68.115-9618&alias=e2453.chtc.wisc.edu&noUDP&sock=startd_3089_6023>
...
006 (15165480.037.000) 2022-02-28 01:01:34 Image size of job updated: 50
	50  -  MemoryUsage of job (MB)
	52080  -  ResidentSetSize of job (KB)
...
006 (15165480.037.000) 2022-02-28 01:06:34 Image size of job updated: 377
	377  -  MemoryUsage of job (MB)
	386860  -  ResidentSetSize of job (KB)
...
006 (15165480.037.000) 2022-02-28 01:11:35 Image size of job updated: 654
	654  -  MemoryUsage of job (MB)
	670284  -  ResidentSetSize of job (KB)
...
006 (15165480.037.000) 2022-02-28 01:16:35 Image size of job updated: 768
	768  -  MemoryUsage of job (MB)
	786932  -  ResidentSetSize of job (KB)
...
006 (15165480.037.000) 2022-02-28 01:31:53 Image size of job updated: 776
	776  -  MemoryUsage of job (MB)
	795056  -  ResidentSetSize of job (KB)
...
006 (15165480.037.000) 2022-02-28 01:36:38 Image size of job updated: 791
	791  -  MemoryUsage of job (MB)
	810872  -  ResidentSetSize of job (KB)
...
006 (15165480.037.000) 2022-02-28 01:41:39 Image size of job updated: 807
	807  -  MemoryUsage of job (MB)
	827156  -  ResidentSetSize of job (KB)
...
006 (15165480.037.000) 2022-02-28 01:46:40 Image size of job updated: 1110
	1110  -  MemoryUsage of job (MB)
	1137048  -  ResidentSetSize of job (KB)
...
006 (15165480.037.000) 2022-02-28 01:47:16 Image size of job updated: 1129
	1129  -  MemoryUsage of job (MB)
	1156584  -  ResidentSetSize of job (KB)
...
040 (15165480.037.000) 2022-02-28 01:47:29 Entered queue to transfer output files
...
040 (15165480.037.000) 2022-02-28 01:48:20 Started transferring output files
...
040 (15165480.037.000) 2022-02-28 01:48:29 Finished transferring output files
...
005 (15165480.037.000) 2022-02-28 01:49:16 Job terminated.
	(1) Normal termination (return value 0)
		Usr 0 01:17:09, Sys 0 00:01:04  -  Run Remote Usage
		Usr 0 00:00:00, Sys 0 00:00:00  -  Run Local Usage
		Usr 0 01:17:09, Sys 0 00:01:04  -  Total Remote Usage
		Usr 0 00:00:00, Sys 0 00:00:00  -  Total Local Usage
	33916  -  Run Bytes Sent By Job
	131040256  -  Run Bytes Received By Job
	33916  -  Total Bytes Sent By Job
	131040256  -  Total Bytes Received By Job
	Partitionable Resources :    Usage  Request Allocated 
	   Cpus                 :        0        1         1 
	   Disk (KB)            :   163756   419431    592569 
	   IoHeavy              :                           0 
	   Memory (MB)          :     1129     2151      2176 

	Job terminated of its own accord at 2022-02-28T07:47:14Z with exit-code 0.
...
