000 (15165480.033.000) 2022-02-28 00:26:11 Job submitted from host: <128.105.244.191:9618?addrs=128.105.244.191-9618&alias=submit-1.chtc.wisc.edu&noUDP&sock=schedd_3562897_9248>
...
040 (15165480.033.000) 2022-02-28 00:53:21 Started transferring input files
	Transferring to host: <128.105.245.70:9618?addrs=128.105.245.70-9618&alias=e270.chtc.wisc.edu&noUDP&sock=slot1_19_8785_93be_25030>
...
040 (15165480.033.000) 2022-02-28 00:53:23 Finished transferring input files
...
001 (15165480.033.000) 2022-02-28 00:53:24 Job executing on host: <128.105.245.70:9618?addrs=128.105.245.70-9618&alias=e270.chtc.wisc.edu&noUDP&sock=startd_4831_3e1e>
...
006 (15165480.033.000) 2022-02-28 01:04:35 Image size of job updated: 377
	377  -  MemoryUsage of job (MB)
	386576  -  ResidentSetSize of job (KB)
...
006 (15165480.033.000) 2022-02-28 01:09:36 Image size of job updated: 528
	528  -  MemoryUsage of job (MB)
	541212  -  ResidentSetSize of job (KB)
...
006 (15165480.033.000) 2022-02-28 01:14:36 Image size of job updated: 754
	754  -  MemoryUsage of job (MB)
	772412  -  ResidentSetSize of job (KB)
...
006 (15165480.033.000) 2022-02-28 01:29:37 Image size of job updated: 764
	764  -  MemoryUsage of job (MB)
	783352  -  ResidentSetSize of job (KB)
...
006 (15165480.033.000) 2022-02-28 01:34:38 Image size of job updated: 779
	779  -  MemoryUsage of job (MB)
	798136  -  ResidentSetSize of job (KB)
...
006 (15165480.033.000) 2022-02-28 01:39:38 Image size of job updated: 792
	792  -  MemoryUsage of job (MB)
	811996  -  ResidentSetSize of job (KB)
...
006 (15165480.033.000) 2022-02-28 01:44:38 Image size of job updated: 805
	805  -  MemoryUsage of job (MB)
	825328  -  ResidentSetSize of job (KB)
...
006 (15165480.033.000) 2022-02-28 01:49:39 Image size of job updated: 818
	818  -  MemoryUsage of job (MB)
	838132  -  ResidentSetSize of job (KB)
...
006 (15165480.033.000) 2022-02-28 01:53:32 Image size of job updated: 1139
	1139  -  MemoryUsage of job (MB)
	1166808  -  ResidentSetSize of job (KB)
...
040 (15165480.033.000) 2022-02-28 01:53:42 Entered queue to transfer output files
...
040 (15165480.033.000) 2022-02-28 01:53:46 Started transferring output files
...
040 (15165480.033.000) 2022-02-28 01:54:01 Finished transferring output files
...
005 (15165480.033.000) 2022-02-28 01:54:07 Job terminated.
	(1) Normal termination (return value 0)
		Usr 0 01:27:57, Sys 0 00:01:09  -  Run Remote Usage
		Usr 0 00:00:00, Sys 0 00:00:00  -  Run Local Usage
		Usr 0 01:27:57, Sys 0 00:01:09  -  Total Remote Usage
		Usr 0 00:00:00, Sys 0 00:00:00  -  Total Local Usage
	46794  -  Run Bytes Sent By Job
	131040256  -  Run Bytes Received By Job
	46794  -  Total Bytes Sent By Job
	131040256  -  Total Bytes Received By Job
	Partitionable Resources :     Usage  Request Allocated 
	   Cpus                 :      0.00        1         1 
	   Disk (KB)            : 163740      419431    666531 
	   IoHeavy              :                            0 
	   Memory (MB)          :   1139        2151      2176 

	Job terminated of its own accord at 2022-02-28T07:53:32Z with exit-code 0.
...
