000 (15165480.031.000) 2022-02-28 00:26:11 Job submitted from host: <128.105.244.191:9618?addrs=128.105.244.191-9618&alias=submit-1.chtc.wisc.edu&noUDP&sock=schedd_3562897_9248>
...
040 (15165480.031.000) 2022-02-28 00:49:06 Started transferring input files
	Transferring to host: <128.104.58.226:9618?addrs=128.104.58.226-9618+[2607-f388-1086-0-226-9eff-fe2b-bdac]-9618&alias=e1089.chtc.wisc.edu&noUDP&sock=slot1_3_28861_ef6f_22547>
...
040 (15165480.031.000) 2022-02-28 00:49:09 Finished transferring input files
...
001 (15165480.031.000) 2022-02-28 00:49:10 Job executing on host: <128.104.58.226:9618?addrs=128.104.58.226-9618+[2607-f388-1086-0-226-9eff-fe2b-bdac]-9618&alias=e1089.chtc.wisc.edu&noUDP&sock=startd_4021_a667>
...
006 (15165480.031.000) 2022-02-28 00:55:19 Image size of job updated: 200
	200  -  MemoryUsage of job (MB)
	205512  -  ResidentSetSize of job (KB)
...
006 (15165480.031.000) 2022-02-28 01:00:19 Image size of job updated: 467
	467  -  MemoryUsage of job (MB)
	479088  -  ResidentSetSize of job (KB)
...
006 (15165480.031.000) 2022-02-28 01:05:20 Image size of job updated: 727
	727  -  MemoryUsage of job (MB)
	744632  -  ResidentSetSize of job (KB)
...
006 (15165480.031.000) 2022-02-28 01:10:21 Image size of job updated: 746
	746  -  MemoryUsage of job (MB)
	764700  -  ResidentSetSize of job (KB)
...
006 (15165480.031.000) 2022-02-28 01:15:22 Image size of job updated: 761
	761  -  MemoryUsage of job (MB)
	780252  -  ResidentSetSize of job (KB)
...
006 (15165480.031.000) 2022-02-28 01:20:23 Image size of job updated: 777
	777  -  MemoryUsage of job (MB)
	796620  -  ResidentSetSize of job (KB)
...
006 (15165480.031.000) 2022-02-28 01:25:24 Image size of job updated: 796
	796  -  MemoryUsage of job (MB)
	815364  -  ResidentSetSize of job (KB)
...
006 (15165480.031.000) 2022-02-28 01:30:25 Image size of job updated: 812
	812  -  MemoryUsage of job (MB)
	832128  -  ResidentSetSize of job (KB)
...
006 (15165480.031.000) 2022-02-28 01:35:25 Image size of job updated: 1101
	1101  -  MemoryUsage of job (MB)
	1127852  -  ResidentSetSize of job (KB)
...
006 (15165480.031.000) 2022-02-28 01:36:08 Image size of job updated: 1141
	1141  -  MemoryUsage of job (MB)
	1168508  -  ResidentSetSize of job (KB)
...
040 (15165480.031.000) 2022-02-28 01:38:41 Entered queue to transfer output files
...
040 (15165480.031.000) 2022-02-28 01:39:04 Started transferring output files
...
040 (15165480.031.000) 2022-02-28 01:44:50 Finished transferring output files
...
005 (15165480.031.000) 2022-02-28 01:45:19 Job terminated.
	(1) Normal termination (return value 0)
		Usr 0 01:09:00, Sys 0 00:00:57  -  Run Remote Usage
		Usr 0 00:00:00, Sys 0 00:00:00  -  Run Local Usage
		Usr 0 01:09:00, Sys 0 00:00:57  -  Total Remote Usage
		Usr 0 00:00:00, Sys 0 00:00:00  -  Total Local Usage
	37245  -  Run Bytes Sent By Job
	131040256  -  Run Bytes Received By Job
	37245  -  Total Bytes Sent By Job
	131040256  -  Total Bytes Received By Job
	Partitionable Resources :    Usage  Request Allocated 
	   Cpus                 :        0        1         1 
	   Disk (KB)            :   163862   419431  11034126 
	   IoHeavy              :                           0 
	   Memory (MB)          :     1141     2151      2176 

	Job terminated of its own accord at 2022-02-28T07:36:08Z with exit-code 0.
...
