000 (15165480.003.000) 2022-02-28 00:26:11 Job submitted from host: <128.105.244.191:9618?addrs=128.105.244.191-9618&alias=submit-1.chtc.wisc.edu&noUDP&sock=schedd_3562897_9248>
...
040 (15165480.003.000) 2022-02-28 00:42:19 Started transferring input files
	Transferring to host: <128.105.244.64:9618?addrs=128.105.244.64-9618&alias=e3184.chtc.wisc.edu&noUDP&sock=slot1_9_13865_e58d_22696>
...
040 (15165480.003.000) 2022-02-28 00:42:22 Finished transferring input files
...
001 (15165480.003.000) 2022-02-28 00:42:34 Job executing on host: <128.105.244.64:9618?addrs=128.105.244.64-9618&alias=e3184.chtc.wisc.edu&noUDP&sock=startd_1392_5feb>
...
006 (15165480.003.000) 2022-02-28 00:54:19 Image size of job updated: 379
	379  -  MemoryUsage of job (MB)
	388976  -  ResidentSetSize of job (KB)
...
006 (15165480.003.000) 2022-02-28 00:59:19 Image size of job updated: 683
	683  -  MemoryUsage of job (MB)
	699832  -  ResidentSetSize of job (KB)
...
006 (15165480.003.000) 2022-02-28 01:04:20 Image size of job updated: 738
	738  -  MemoryUsage of job (MB)
	756272  -  ResidentSetSize of job (KB)
...
006 (15165480.003.000) 2022-02-28 01:09:20 Image size of job updated: 754
	754  -  MemoryUsage of job (MB)
	772228  -  ResidentSetSize of job (KB)
...
006 (15165480.003.000) 2022-02-28 01:14:20 Image size of job updated: 770
	770  -  MemoryUsage of job (MB)
	789456  -  ResidentSetSize of job (KB)
...
006 (15165480.003.000) 2022-02-28 01:19:20 Image size of job updated: 789
	789  -  MemoryUsage of job (MB)
	808464  -  ResidentSetSize of job (KB)
...
006 (15165480.003.000) 2022-02-28 01:24:21 Image size of job updated: 803
	803  -  MemoryUsage of job (MB)
	822688  -  ResidentSetSize of job (KB)
...
006 (15165480.003.000) 2022-02-28 01:29:22 Image size of job updated: 819
	819  -  MemoryUsage of job (MB)
	839660  -  ResidentSetSize of job (KB)
...
006 (15165480.003.000) 2022-02-28 01:32:09 Image size of job updated: 1140
	1140  -  MemoryUsage of job (MB)
	1168264  -  ResidentSetSize of job (KB)
...
040 (15165480.003.000) 2022-02-28 01:34:46 Entered queue to transfer output files
...
040 (15165480.003.000) 2022-02-28 01:35:11 Started transferring output files
...
040 (15165480.003.000) 2022-02-28 01:36:28 Finished transferring output files
...
005 (15165480.003.000) 2022-02-28 01:45:24 Job terminated.
	(1) Normal termination (return value 0)
		Usr 0 00:00:00, Sys 0 00:00:00  -  Run Remote Usage
		Usr 0 00:00:00, Sys 0 00:00:00  -  Run Local Usage
		Usr 0 01:05:18, Sys 0 00:01:01  -  Total Remote Usage
		Usr 0 00:00:00, Sys 0 00:00:00  -  Total Local Usage
	46620  -  Run Bytes Sent By Job
	131040256  -  Run Bytes Received By Job
	46620  -  Total Bytes Sent By Job
	131040256  -  Total Bytes Received By Job
	Partitionable Resources :    Usage  Request Allocated 
	   Cpus                 :        0        1         1 
	   Disk (KB)            :   163842   419431   1360789 
	   IoHeavy              :                           0 
	   Memory (MB)          :     1140     2151      2176 

	Job terminated of its own accord at 2022-02-28T07:32:09Z with exit-code 0.
...
