000 (15165480.034.000) 2022-02-28 00:26:11 Job submitted from host: <128.105.244.191:9618?addrs=128.105.244.191-9618&alias=submit-1.chtc.wisc.edu&noUDP&sock=schedd_3562897_9248>
...
040 (15165480.034.000) 2022-02-28 00:54:21 Started transferring input files
	Transferring to host: <128.104.103.2:9618?addrs=128.104.103.2-9618+[2607-f388-107c-501-62eb-69ff-fe82-47b7]-9618&alias=e0038.chtc.wisc.edu&noUDP&sock=slot1_7_23776_17c0_26201>
...
040 (15165480.034.000) 2022-02-28 00:54:25 Finished transferring input files
...
001 (15165480.034.000) 2022-02-28 00:54:26 Job executing on host: <128.104.103.2:9618?addrs=128.104.103.2-9618+[2607-f388-107c-501-62eb-69ff-fe82-47b7]-9618&alias=e0038.chtc.wisc.edu&noUDP&sock=startd_3950_f32e>
...
006 (15165480.034.000) 2022-02-28 01:00:53 Image size of job updated: 195
	195  -  MemoryUsage of job (MB)
	199932  -  ResidentSetSize of job (KB)
...
006 (15165480.034.000) 2022-02-28 01:05:53 Image size of job updated: 462
	462  -  MemoryUsage of job (MB)
	473684  -  ResidentSetSize of job (KB)
...
006 (15165480.034.000) 2022-02-28 01:10:53 Image size of job updated: 725
	725  -  MemoryUsage of job (MB)
	742548  -  ResidentSetSize of job (KB)
...
006 (15165480.034.000) 2022-02-28 01:15:53 Image size of job updated: 743
	743  -  MemoryUsage of job (MB)
	760912  -  ResidentSetSize of job (KB)
...
006 (15165480.034.000) 2022-02-28 01:20:54 Image size of job updated: 758
	758  -  MemoryUsage of job (MB)
	776864  -  ResidentSetSize of job (KB)
...
006 (15165480.034.000) 2022-02-28 01:25:55 Image size of job updated: 772
	772  -  MemoryUsage of job (MB)
	791512  -  ResidentSetSize of job (KB)
...
006 (15165480.034.000) 2022-02-28 01:30:56 Image size of job updated: 790
	790  -  MemoryUsage of job (MB)
	809076  -  ResidentSetSize of job (KB)
...
006 (15165480.034.000) 2022-02-28 01:35:57 Image size of job updated: 806
	806  -  MemoryUsage of job (MB)
	825928  -  ResidentSetSize of job (KB)
...
006 (15165480.034.000) 2022-02-28 01:41:27 Image size of job updated: 819
	819  -  MemoryUsage of job (MB)
	839212  -  ResidentSetSize of job (KB)
...
006 (15165480.034.000) 2022-02-28 01:44:39 Image size of job updated: 1140
	1140  -  MemoryUsage of job (MB)
	1168192  -  ResidentSetSize of job (KB)
...
040 (15165480.034.000) 2022-02-28 01:45:29 Entered queue to transfer output files
...
040 (15165480.034.000) 2022-02-28 01:45:47 Started transferring output files
...
040 (15165480.034.000) 2022-02-28 01:46:46 Finished transferring output files
...
005 (15165480.034.000) 2022-02-28 01:47:13 Job terminated.
	(1) Normal termination (return value 0)
		Usr 0 00:00:00, Sys 0 00:00:00  -  Run Remote Usage
		Usr 0 00:00:00, Sys 0 00:00:00  -  Run Local Usage
		Usr 0 01:10:13, Sys 0 00:01:01  -  Total Remote Usage
		Usr 0 00:00:00, Sys 0 00:00:00  -  Total Local Usage
	37306  -  Run Bytes Sent By Job
	131040256  -  Run Bytes Received By Job
	37306  -  Total Bytes Sent By Job
	131040256  -  Total Bytes Received By Job
	Partitionable Resources :    Usage  Request Allocated 
	   Cpus                 :        0        1         1 
	   Disk (KB)            :   163833   419431   1082957 
	   IoHeavy              :                           0 
	   Memory (MB)          :     1140     2151      2176 

	Job terminated of its own accord at 2022-02-28T07:44:39Z with exit-code 0.
...
