000 (15165480.042.000) 2022-02-28 00:26:11 Job submitted from host: <128.105.244.191:9618?addrs=128.105.244.191-9618&alias=submit-1.chtc.wisc.edu&noUDP&sock=schedd_3562897_9248>
...
040 (15165480.042.000) 2022-02-28 01:05:40 Entered queue to transfer input files
	Transferring to host: <128.105.245.37:9618?addrs=128.105.245.37-9618&alias=e3237.chtc.wisc.edu&noUDP&sock=slot1_6_30073_e620_23704>
...
040 (15165480.042.000) 2022-02-28 01:05:46 Started transferring input files
	Seconds spent in queue: 6
...
001 (15165480.042.000) 2022-02-28 01:05:54 Job executing on host: <128.105.245.37:9618?addrs=128.105.245.37-9618&alias=e3237.chtc.wisc.edu&noUDP&sock=startd_4415_e6b8>
...
040 (15165480.042.000) 2022-02-28 01:06:00 Finished transferring input files
...
006 (15165480.042.000) 2022-02-28 01:06:08 Image size of job updated: 83
	83  -  MemoryUsage of job (MB)
	85052  -  ResidentSetSize of job (KB)
...
006 (15165480.042.000) 2022-02-28 01:11:08 Image size of job updated: 449
	449  -  MemoryUsage of job (MB)
	460480  -  ResidentSetSize of job (KB)
...
006 (15165480.042.000) 2022-02-28 01:16:08 Image size of job updated: 764
	764  -  MemoryUsage of job (MB)
	783124  -  ResidentSetSize of job (KB)
...
006 (15165480.042.000) 2022-02-28 01:26:09 Image size of job updated: 772
	772  -  MemoryUsage of job (MB)
	791316  -  ResidentSetSize of job (KB)
...
006 (15165480.042.000) 2022-02-28 01:31:09 Image size of job updated: 794
	794  -  MemoryUsage of job (MB)
	813360  -  ResidentSetSize of job (KB)
...
006 (15165480.042.000) 2022-02-28 01:36:10 Image size of job updated: 813
	813  -  MemoryUsage of job (MB)
	833344  -  ResidentSetSize of job (KB)
...
006 (15165480.042.000) 2022-02-28 01:40:45 Image size of job updated: 1141
	1141  -  MemoryUsage of job (MB)
	1169384  -  ResidentSetSize of job (KB)
...
040 (15165480.042.000) 2022-02-28 01:46:39 Entered queue to transfer output files
...
040 (15165480.042.000) 2022-02-28 01:46:49 Started transferring output files
	Seconds spent in queue: 2469
...
040 (15165480.042.000) 2022-02-28 01:47:25 Finished transferring output files
...
005 (15165480.042.000) 2022-02-28 01:47:44 Job terminated.
	(1) Normal termination (return value 0)
		Usr 0 00:58:26, Sys 0 00:00:35  -  Run Remote Usage
		Usr 0 00:00:00, Sys 0 00:00:00  -  Run Local Usage
		Usr 0 00:58:26, Sys 0 00:00:35  -  Total Remote Usage
		Usr 0 00:00:00, Sys 0 00:00:00  -  Total Local Usage
	34085  -  Run Bytes Sent By Job
	131040256  -  Run Bytes Received By Job
	34085  -  Total Bytes Sent By Job
	131040256  -  Total Bytes Received By Job
	Partitionable Resources :    Usage  Request Allocated 
	   Cpus                 :        0        1         1 
	   Disk (KB)            :   163691   419431    899004 
	   IoHeavy              :                           0 
	   Memory (MB)          :     1141     2151      2176 

	Job terminated of its own accord at 2022-02-28T07:40:45Z with exit-code 0.
...
