000 (15165480.049.000) 2022-02-28 00:26:11 Job submitted from host: <128.105.244.191:9618?addrs=128.105.244.191-9618&alias=submit-1.chtc.wisc.edu&noUDP&sock=schedd_3562897_9248>
...
040 (15165480.049.000) 2022-02-28 01:09:51 Entered queue to transfer input files
	Transferring to host: <128.104.58.56:9618?addrs=128.104.58.56-9618+[2607-f388-1086-0-a6ba-dbff-fe38-fd35]-9618&alias=e046.chtc.wisc.edu&noUDP&sock=slot1_1_32737_ed8c_23847>
...
040 (15165480.049.000) 2022-02-28 01:10:01 Started transferring input files
	Seconds spent in queue: 10
...
001 (15165480.049.000) 2022-02-28 01:10:16 Job executing on host: <128.104.58.56:9618?addrs=128.104.58.56-9618+[2607-f388-1086-0-a6ba-dbff-fe38-fd35]-9618&alias=e046.chtc.wisc.edu&noUDP&sock=startd_4957_ab0d>
...
006 (15165480.049.000) 2022-02-28 01:10:41 Image size of job updated: 46
	46  -  MemoryUsage of job (MB)
	47732  -  ResidentSetSize of job (KB)
...
040 (15165480.049.000) 2022-02-28 01:10:41 Finished transferring input files
...
006 (15165480.049.000) 2022-02-28 01:15:30 Image size of job updated: 478
	478  -  MemoryUsage of job (MB)
	489772  -  ResidentSetSize of job (KB)
...
006 (15165480.049.000) 2022-02-28 01:20:31 Image size of job updated: 735
	735  -  MemoryUsage of job (MB)
	752888  -  ResidentSetSize of job (KB)
...
006 (15165480.049.000) 2022-02-28 01:25:32 Image size of job updated: 752
	752  -  MemoryUsage of job (MB)
	770784  -  ResidentSetSize of job (KB)
...
006 (15165480.049.000) 2022-02-28 01:30:33 Image size of job updated: 776
	776  -  MemoryUsage of job (MB)
	795492  -  ResidentSetSize of job (KB)
...
006 (15165480.049.000) 2022-02-28 01:35:34 Image size of job updated: 796
	796  -  MemoryUsage of job (MB)
	815960  -  ResidentSetSize of job (KB)
...
006 (15165480.049.000) 2022-02-28 01:40:35 Image size of job updated: 819
	819  -  MemoryUsage of job (MB)
	839288  -  ResidentSetSize of job (KB)
...
006 (15165480.049.000) 2022-02-28 01:45:13 Image size of job updated: 1140
	1140  -  MemoryUsage of job (MB)
	1167580  -  ResidentSetSize of job (KB)
...
040 (15165480.049.000) 2022-02-28 01:45:30 Entered queue to transfer output files
...
040 (15165480.049.000) 2022-02-28 01:46:43 Started transferring output files
	Seconds spent in queue: 2212
...
040 (15165480.049.000) 2022-02-28 01:47:20 Finished transferring output files
...
005 (15165480.049.000) 2022-02-28 01:47:38 Job terminated.
	(1) Normal termination (return value 0)
		Usr 0 00:55:04, Sys 0 00:00:35  -  Run Remote Usage
		Usr 0 00:00:00, Sys 0 00:00:00  -  Run Local Usage
		Usr 0 00:55:04, Sys 0 00:00:35  -  Total Remote Usage
		Usr 0 00:00:00, Sys 0 00:00:00  -  Total Local Usage
	33916  -  Run Bytes Sent By Job
	131040256  -  Run Bytes Received By Job
	33916  -  Total Bytes Sent By Job
	131040256  -  Total Bytes Received By Job
	Partitionable Resources :    Usage  Request Allocated 
	   Cpus                 :        0        1         1 
	   Disk (KB)            :   163692   419431   1361309 
	   IoHeavy              :                           0 
	   Memory (MB)          :     1140     2151      2176 

	Job terminated of its own accord at 2022-02-28T07:43:23Z with exit-code 0.
...
