000 (15165480.048.000) 2022-02-28 00:26:11 Job submitted from host: <128.105.244.191:9618?addrs=128.105.244.191-9618&alias=submit-1.chtc.wisc.edu&noUDP&sock=schedd_3562897_9248>
...
040 (15165480.048.000) 2022-02-28 01:08:10 Entered queue to transfer input files
	Transferring to host: <128.104.58.32:9618?addrs=128.104.58.32-9618+[2607-f388-1086-0-a6ba-dbff-fe38-e59d]-9618&alias=e1022.chtc.wisc.edu&noUDP&sock=slot1_3_11503_a76d_21647>
...
040 (15165480.048.000) 2022-02-28 01:08:17 Started transferring input files
	Seconds spent in queue: 7
...
001 (15165480.048.000) 2022-02-28 01:08:27 Job executing on host: <128.104.58.32:9618?addrs=128.104.58.32-9618+[2607-f388-1086-0-a6ba-dbff-fe38-e59d]-9618&alias=e1022.chtc.wisc.edu&noUDP&sock=startd_2377_00b5>
...
006 (15165480.048.000) 2022-02-28 01:08:40 Image size of job updated: 51
	51  -  MemoryUsage of job (MB)
	52280  -  ResidentSetSize of job (KB)
...
040 (15165480.048.000) 2022-02-28 01:08:40 Finished transferring input files
...
006 (15165480.048.000) 2022-02-28 01:13:36 Image size of job updated: 507
	507  -  MemoryUsage of job (MB)
	519748  -  ResidentSetSize of job (KB)
...
006 (15165480.048.000) 2022-02-28 01:18:36 Image size of job updated: 804
	804  -  MemoryUsage of job (MB)
	824192  -  ResidentSetSize of job (KB)
...
006 (15165480.048.000) 2022-02-28 01:23:36 Image size of job updated: 828
	828  -  MemoryUsage of job (MB)
	848432  -  ResidentSetSize of job (KB)
...
006 (15165480.048.000) 2022-02-28 01:28:36 Image size of job updated: 846
	846  -  MemoryUsage of job (MB)
	867144  -  ResidentSetSize of job (KB)
...
006 (15165480.048.000) 2022-02-28 01:33:36 Image size of job updated: 869
	869  -  MemoryUsage of job (MB)
	890760  -  ResidentSetSize of job (KB)
...
006 (15165480.048.000) 2022-02-28 01:38:36 Image size of job updated: 892
	892  -  MemoryUsage of job (MB)
	913604  -  ResidentSetSize of job (KB)
...
006 (15165480.048.000) 2022-02-28 01:40:32 Image size of job updated: 1140
	1140  -  MemoryUsage of job (MB)
	1168276  -  ResidentSetSize of job (KB)
...
040 (15165480.048.000) 2022-02-28 01:45:56 Entered queue to transfer output files
...
040 (15165480.048.000) 2022-02-28 01:46:21 Started transferring output files
	Seconds spent in queue: 2291
...
040 (15165480.048.000) 2022-02-28 01:46:53 Finished transferring output files
...
005 (15165480.048.000) 2022-02-28 01:47:20 Job terminated.
	(1) Normal termination (return value 0)
		Usr 0 00:53:41, Sys 0 00:00:35  -  Run Remote Usage
		Usr 0 00:00:00, Sys 0 00:00:00  -  Run Local Usage
		Usr 0 00:53:41, Sys 0 00:00:35  -  Total Remote Usage
		Usr 0 00:00:00, Sys 0 00:00:00  -  Total Local Usage
	33885  -  Run Bytes Sent By Job
	131040256  -  Run Bytes Received By Job
	33885  -  Total Bytes Sent By Job
	131040256  -  Total Bytes Received By Job
	Partitionable Resources :    Usage  Request Allocated 
	   Cpus                 :        0        1         1 
	   Disk (KB)            :   163689   419431    905797 
	   IoHeavy              :                           0 
	   Memory (MB)          :     1140     2151      2176 

	Job terminated of its own accord at 2022-02-28T07:40:32Z with exit-code 0.
...
