000 (15165480.044.000) 2022-02-28 00:26:11 Job submitted from host: <128.105.244.191:9618?addrs=128.105.244.191-9618&alias=submit-1.chtc.wisc.edu&noUDP&sock=schedd_3562897_9248>
...
040 (15165480.044.000) 2022-02-28 01:06:40 Entered queue to transfer input files
	Transferring to host: <128.105.68.120:9618?addrs=128.105.68.120-9618&alias=e2448.chtc.wisc.edu&noUDP&sock=slot1_18_22522_894d_30562>
...
040 (15165480.044.000) 2022-02-28 01:06:45 Started transferring input files
	Seconds spent in queue: 5
...
001 (15165480.044.000) 2022-02-28 01:06:54 Job executing on host: <128.105.68.120:9618?addrs=128.105.68.120-9618&alias=e2448.chtc.wisc.edu&noUDP&sock=startd_2468_6bd3>
...
040 (15165480.044.000) 2022-02-28 01:06:59 Finished transferring input files
...
006 (15165480.044.000) 2022-02-28 01:07:20 Image size of job updated: 52
	52  -  MemoryUsage of job (MB)
	53644  -  ResidentSetSize of job (KB)
...
006 (15165480.044.000) 2022-02-28 01:12:21 Image size of job updated: 396
	396  -  MemoryUsage of job (MB)
	405876  -  ResidentSetSize of job (KB)
...
006 (15165480.044.000) 2022-02-28 01:17:21 Image size of job updated: 758
	758  -  MemoryUsage of job (MB)
	776948  -  ResidentSetSize of job (KB)
...
006 (15165480.044.000) 2022-02-28 01:31:01 Image size of job updated: 785
	785  -  MemoryUsage of job (MB)
	804324  -  ResidentSetSize of job (KB)
...
006 (15165480.044.000) 2022-02-28 01:36:13 Image size of job updated: 809
	809  -  MemoryUsage of job (MB)
	828876  -  ResidentSetSize of job (KB)
...
006 (15165480.044.000) 2022-02-28 01:42:27 Image size of job updated: 1036
	1036  -  MemoryUsage of job (MB)
	1061208  -  ResidentSetSize of job (KB)
...
040 (15165480.044.000) 2022-02-28 01:44:11 Entered queue to transfer output files
...
040 (15165480.044.000) 2022-02-28 01:44:25 Started transferring output files
	Seconds spent in queue: 2265
...
040 (15165480.044.000) 2022-02-28 01:45:12 Finished transferring output files
...
005 (15165480.044.000) 2022-02-28 01:45:36 Job terminated.
	(1) Normal termination (return value 0)
		Usr 0 00:00:00, Sys 0 00:00:00  -  Run Remote Usage
		Usr 0 00:00:00, Sys 0 00:00:00  -  Run Local Usage
		Usr 0 00:53:54, Sys 0 00:00:47  -  Total Remote Usage
		Usr 0 00:00:00, Sys 0 00:00:00  -  Total Local Usage
	34108  -  Run Bytes Sent By Job
	131040256  -  Run Bytes Received By Job
	34108  -  Total Bytes Sent By Job
	131040256  -  Total Bytes Received By Job
	Partitionable Resources :    Usage  Request Allocated 
	   Cpus                 :        0        1         1 
	   Disk (KB)            :   163756   419431    607413 
	   IoHeavy              :                           0 
	   Memory (MB)          :     1036     2151      2176 

	Job terminated of its own accord at 2022-02-28T07:42:27Z with exit-code 0.
...
