000 (15165480.004.000) 2022-02-28 00:26:11 Job submitted from host: <128.105.244.191:9618?addrs=128.105.244.191-9618&alias=submit-1.chtc.wisc.edu&noUDP&sock=schedd_3562897_9248>
...
040 (15165480.004.000) 2022-02-28 00:42:19 Started transferring input files
	Transferring to host: <128.105.245.170:9618?addrs=128.105.245.170-9618&alias=e2370.chtc.wisc.edu&noUDP&sock=slot1_28_14478_cf86_26982>
...
001 (15165480.004.000) 2022-02-28 00:42:24 Job executing on host: <128.105.245.170:9618?addrs=128.105.245.170-9618&alias=e2370.chtc.wisc.edu&noUDP&sock=startd_2408_4424>
...
040 (15165480.004.000) 2022-02-28 00:42:24 Finished transferring input files
...
006 (15165480.004.000) 2022-02-28 01:09:12 Image size of job updated: 349
	349  -  MemoryUsage of job (MB)
	358172  -  ResidentSetSize of job (KB)
...
006 (15165480.004.000) 2022-02-28 01:14:13 Image size of job updated: 656
	656  -  MemoryUsage of job (MB)
	671856  -  ResidentSetSize of job (KB)
...
006 (15165480.004.000) 2022-02-28 01:19:13 Image size of job updated: 730
	730  -  MemoryUsage of job (MB)
	747660  -  ResidentSetSize of job (KB)
...
006 (15165480.004.000) 2022-02-28 01:24:14 Image size of job updated: 743
	743  -  MemoryUsage of job (MB)
	761124  -  ResidentSetSize of job (KB)
...
006 (15165480.004.000) 2022-02-28 01:29:14 Image size of job updated: 756
	756  -  MemoryUsage of job (MB)
	774192  -  ResidentSetSize of job (KB)
...
006 (15165480.004.000) 2022-02-28 01:34:14 Image size of job updated: 768
	768  -  MemoryUsage of job (MB)
	786864  -  ResidentSetSize of job (KB)
...
006 (15165480.004.000) 2022-02-28 01:39:15 Image size of job updated: 783
	783  -  MemoryUsage of job (MB)
	802176  -  ResidentSetSize of job (KB)
...
006 (15165480.004.000) 2022-02-28 01:44:16 Image size of job updated: 797
	797  -  MemoryUsage of job (MB)
	816168  -  ResidentSetSize of job (KB)
...
006 (15165480.004.000) 2022-02-28 01:49:17 Image size of job updated: 810
	810  -  MemoryUsage of job (MB)
	830160  -  ResidentSetSize of job (KB)
...
006 (15165480.004.000) 2022-02-28 01:54:17 Image size of job updated: 928
	928  -  MemoryUsage of job (MB)
	950852  -  ResidentSetSize of job (KB)
...
006 (15165480.004.000) 2022-02-28 01:56:08 Image size of job updated: 1129
	1129  -  MemoryUsage of job (MB)
	1156904  -  ResidentSetSize of job (KB)
...
040 (15165480.004.000) 2022-02-28 01:56:16 Entered queue to transfer output files
...
040 (15165480.004.000) 2022-02-28 01:56:22 Started transferring output files
...
040 (15165480.004.000) 2022-02-28 01:56:46 Finished transferring output files
...
005 (15165480.004.000) 2022-02-28 01:56:53 Job terminated.
	(1) Normal termination (return value 0)
		Usr 0 01:25:23, Sys 0 00:01:24  -  Run Remote Usage
		Usr 0 00:00:00, Sys 0 00:00:00  -  Run Local Usage
		Usr 0 01:25:23, Sys 0 00:01:24  -  Total Remote Usage
		Usr 0 00:00:00, Sys 0 00:00:00  -  Total Local Usage
	50378  -  Run Bytes Sent By Job
	131040256  -  Run Bytes Received By Job
	50378  -  Total Bytes Sent By Job
	131040256  -  Total Bytes Received By Job
	Partitionable Resources :     Usage  Request Allocated 
	   Cpus                 :      0.00        1         1 
	   Disk (KB)            : 163744      419431    591362 
	   IoHeavy              :                            0 
	   Memory (MB)          :   1129        2151      2176 

	Job terminated of its own accord at 2022-02-28T07:56:08Z with exit-code 0.
...
