000 (15165480.045.000) 2022-02-28 00:26:11 Job submitted from host: <128.105.244.191:9618?addrs=128.105.244.191-9618&alias=submit-1.chtc.wisc.edu&noUDP&sock=schedd_3562897_9248>
...
040 (15165480.045.000) 2022-02-28 01:06:59 Started transferring input files
	Transferring to host: <128.105.245.124:9618?addrs=128.105.245.124-9618&alias=e324.chtc.wisc.edu&noUDP&sock=slot1_13_17708_a349_21011>
...
001 (15165480.045.000) 2022-02-28 01:07:10 Job executing on host: <128.105.245.124:9618?addrs=128.105.245.124-9618&alias=e324.chtc.wisc.edu&noUDP&sock=startd_2484_6557>
...
040 (15165480.045.000) 2022-02-28 01:07:10 Finished transferring input files
...
006 (15165480.045.000) 2022-02-28 01:07:35 Image size of job updated: 85
	85  -  MemoryUsage of job (MB)
	87488  -  ResidentSetSize of job (KB)
...
006 (15165480.045.000) 2022-02-28 01:12:37 Image size of job updated: 447
	447  -  MemoryUsage of job (MB)
	457988  -  ResidentSetSize of job (KB)
...
006 (15165480.045.000) 2022-02-28 01:17:37 Image size of job updated: 754
	754  -  MemoryUsage of job (MB)
	772344  -  ResidentSetSize of job (KB)
...
006 (15165480.045.000) 2022-02-28 01:27:37 Image size of job updated: 769
	769  -  MemoryUsage of job (MB)
	787728  -  ResidentSetSize of job (KB)
...
006 (15165480.045.000) 2022-02-28 01:32:37 Image size of job updated: 787
	787  -  MemoryUsage of job (MB)
	806612  -  ResidentSetSize of job (KB)
...
006 (15165480.045.000) 2022-02-28 01:37:37 Image size of job updated: 807
	807  -  MemoryUsage of job (MB)
	826408  -  ResidentSetSize of job (KB)
...
006 (15165480.045.000) 2022-02-28 01:42:38 Image size of job updated: 837
	837  -  MemoryUsage of job (MB)
	857844  -  ResidentSetSize of job (KB)
...
006 (15165480.045.000) 2022-02-28 01:44:19 Image size of job updated: 1139
	1139  -  MemoryUsage of job (MB)
	1166588  -  ResidentSetSize of job (KB)
...
040 (15165480.045.000) 2022-02-28 01:46:46 Entered queue to transfer output files
...
040 (15165480.045.000) 2022-02-28 01:47:59 Started transferring output files
...
040 (15165480.045.000) 2022-02-28 01:48:26 Finished transferring output files
...
005 (15165480.045.000) 2022-02-28 01:48:49 Job terminated.
	(1) Normal termination (return value 0)
		Usr 0 01:01:42, Sys 0 00:00:56  -  Run Remote Usage
		Usr 0 00:00:00, Sys 0 00:00:00  -  Run Local Usage
		Usr 0 01:01:42, Sys 0 00:00:56  -  Total Remote Usage
		Usr 0 00:00:00, Sys 0 00:00:00  -  Total Local Usage
	34068  -  Run Bytes Sent By Job
	131040256  -  Run Bytes Received By Job
	34068  -  Total Bytes Sent By Job
	131040256  -  Total Bytes Received By Job
	Partitionable Resources :     Usage  Request Allocated 
	   Cpus                 :      0.00        1         1 
	   Disk (KB)            : 163728      419431    670691 
	   IoHeavy              :                            0 
	   Memory (MB)          :   1139        2151      2176 

	Job terminated of its own accord at 2022-02-28T07:44:19Z with exit-code 0.
...
