000 (15165480.041.000) 2022-02-28 00:26:11 Job submitted from host: <128.105.244.191:9618?addrs=128.105.244.191-9618&alias=submit-1.chtc.wisc.edu&noUDP&sock=schedd_3562897_9248>
...
040 (15165480.041.000) 2022-02-28 01:05:35 Entered queue to transfer input files
	Transferring to host: <128.105.245.27:9618?addrs=128.105.245.27-9618&alias=e3227.chtc.wisc.edu&noUDP&sock=slot1_1_4185_7603_24286>
...
040 (15165480.041.000) 2022-02-28 01:05:41 Started transferring input files
	Seconds spent in queue: 6
...
001 (15165480.041.000) 2022-02-28 01:05:46 Job executing on host: <128.105.245.27:9618?addrs=128.105.245.27-9618&alias=e3227.chtc.wisc.edu&noUDP&sock=startd_4871_ade8>
...
040 (15165480.041.000) 2022-02-28 01:05:54 Finished transferring input files
...
006 (15165480.041.000) 2022-02-28 01:06:00 Image size of job updated: 85
	85  -  MemoryUsage of job (MB)
	87672  -  ResidentSetSize of job (KB)
...
006 (15165480.041.000) 2022-02-28 01:11:00 Image size of job updated: 481
	481  -  MemoryUsage of job (MB)
	493124  -  ResidentSetSize of job (KB)
...
006 (15165480.041.000) 2022-02-28 01:16:01 Image size of job updated: 739
	739  -  MemoryUsage of job (MB)
	757376  -  ResidentSetSize of job (KB)
...
006 (15165480.041.000) 2022-02-28 01:21:24 Image size of job updated: 754
	754  -  MemoryUsage of job (MB)
	772752  -  ResidentSetSize of job (KB)
...
006 (15165480.041.000) 2022-02-28 01:26:03 Image size of job updated: 774
	774  -  MemoryUsage of job (MB)
	793476  -  ResidentSetSize of job (KB)
...
006 (15165480.041.000) 2022-02-28 01:31:04 Image size of job updated: 797
	797  -  MemoryUsage of job (MB)
	816576  -  ResidentSetSize of job (KB)
...
006 (15165480.041.000) 2022-02-28 01:36:05 Image size of job updated: 818
	818  -  MemoryUsage of job (MB)
	838488  -  ResidentSetSize of job (KB)
...
006 (15165480.041.000) 2022-02-28 01:38:55 Image size of job updated: 1142
	1142  -  MemoryUsage of job (MB)
	1170112  -  ResidentSetSize of job (KB)
...
040 (15165480.041.000) 2022-02-28 01:39:22 Entered queue to transfer output files
...
040 (15165480.041.000) 2022-02-28 01:41:54 Started transferring output files
	Seconds spent in queue: 2179
...
040 (15165480.041.000) 2022-02-28 01:42:40 Finished transferring output files
...
005 (15165480.041.000) 2022-02-28 01:43:25 Job terminated.
	(1) Normal termination (return value 0)
		Usr 0 00:55:22, Sys 0 00:00:34  -  Run Remote Usage
		Usr 0 00:00:00, Sys 0 00:00:00  -  Run Local Usage
		Usr 0 00:55:22, Sys 0 00:00:34  -  Total Remote Usage
		Usr 0 00:00:00, Sys 0 00:00:00  -  Total Local Usage
	34278  -  Run Bytes Sent By Job
	131040256  -  Run Bytes Received By Job
	34278  -  Total Bytes Sent By Job
	131040256  -  Total Bytes Received By Job
	Partitionable Resources :     Usage  Request Allocated 
	   Cpus                 :      0.00        1         1 
	   Disk (KB)            : 163691      419431    899439 
	   IoHeavy              :                            0 
	   Memory (MB)          :   1142        2151      2176 

	Job terminated of its own accord at 2022-02-28T07:38:55Z with exit-code 0.
...
