000 (15165480.059.000) 2022-02-28 00:26:11 Job submitted from host: <128.105.244.191:9618?addrs=128.105.244.191-9618&alias=submit-1.chtc.wisc.edu&noUDP&sock=schedd_3562897_9248>
...
040 (15165480.059.000) 2022-02-28 01:10:55 Entered queue to transfer input files
	Transferring to host: <128.104.101.29:9618?addrs=128.104.101.29-9618+[2607-f388-107c-501-a6ba-dbff-fe38-fd44]-9618&alias=e0058.chtc.wisc.edu&noUDP&sock=slot1_1_10290_fc5c_28871>
...
040 (15165480.059.000) 2022-02-28 01:11:14 Started transferring input files
	Seconds spent in queue: 19
...
001 (15165480.059.000) 2022-02-28 01:11:35 Job executing on host: <128.104.101.29:9618?addrs=128.104.101.29-9618+[2607-f388-107c-501-a6ba-dbff-fe38-fd44]-9618&alias=e0058.chtc.wisc.edu&noUDP&sock=startd_5026_ff16>
...
006 (15165480.059.000) 2022-02-28 01:11:52 Image size of job updated: 77
	77  -  MemoryUsage of job (MB)
	79592  -  ResidentSetSize of job (KB)
...
040 (15165480.059.000) 2022-02-28 01:11:52 Finished transferring input files
...
006 (15165480.059.000) 2022-02-28 01:16:49 Image size of job updated: 490
	490  -  MemoryUsage of job (MB)
	502432  -  ResidentSetSize of job (KB)
...
006 (15165480.059.000) 2022-02-28 01:21:49 Image size of job updated: 736
	736  -  MemoryUsage of job (MB)
	754556  -  ResidentSetSize of job (KB)
...
006 (15165480.059.000) 2022-02-28 01:26:49 Image size of job updated: 757
	757  -  MemoryUsage of job (MB)
	775544  -  ResidentSetSize of job (KB)
...
006 (15165480.059.000) 2022-02-28 01:31:49 Image size of job updated: 780
	780  -  MemoryUsage of job (MB)
	799172  -  ResidentSetSize of job (KB)
...
006 (15165480.059.000) 2022-02-28 01:36:49 Image size of job updated: 804
	804  -  MemoryUsage of job (MB)
	823460  -  ResidentSetSize of job (KB)
...
006 (15165480.059.000) 2022-02-28 01:41:50 Image size of job updated: 825
	825  -  MemoryUsage of job (MB)
	845300  -  ResidentSetSize of job (KB)
...
006 (15165480.059.000) 2022-02-28 01:44:56 Image size of job updated: 1143
	1143  -  MemoryUsage of job (MB)
	1170836  -  ResidentSetSize of job (KB)
...
040 (15165480.059.000) 2022-02-28 01:45:46 Entered queue to transfer output files
...
040 (15165480.059.000) 2022-02-28 01:48:35 Started transferring output files
	Seconds spent in queue: 2260
...
040 (15165480.059.000) 2022-02-28 01:49:12 Finished transferring output files
...
005 (15165480.059.000) 2022-02-28 01:49:28 Job terminated.
	(1) Normal termination (return value 0)
		Usr 0 00:56:24, Sys 0 00:00:33  -  Run Remote Usage
		Usr 0 00:00:00, Sys 0 00:00:00  -  Run Local Usage
		Usr 0 00:56:24, Sys 0 00:00:33  -  Total Remote Usage
		Usr 0 00:00:00, Sys 0 00:00:00  -  Total Local Usage
	33931  -  Run Bytes Sent By Job
	131040256  -  Run Bytes Received By Job
	33931  -  Total Bytes Sent By Job
	131040256  -  Total Bytes Received By Job
	Partitionable Resources :    Usage  Request Allocated 
	   Cpus                 :        0        1         1 
	   Disk (KB)            :   163692   419431    902171 
	   IoHeavy              :                           0 
	   Memory (MB)          :     1143     2151      2176 

	Job terminated of its own accord at 2022-02-28T07:44:56Z with exit-code 0.
...
