000 (15165480.052.000) 2022-02-28 00:26:11 Job submitted from host: <128.105.244.191:9618?addrs=128.105.244.191-9618&alias=submit-1.chtc.wisc.edu&noUDP&sock=schedd_3562897_9248>
...
040 (15165480.052.000) 2022-02-28 01:10:12 Entered queue to transfer input files
	Transferring to host: <128.104.58.88:9618?addrs=128.104.58.88-9618+[2607-f388-1086-0-a6ba-dbff-fe38-fc9f]-9618&alias=e078.chtc.wisc.edu&noUDP&sock=slot1_3_15187_5d83_26469>
...
040 (15165480.052.000) 2022-02-28 01:10:36 Started transferring input files
	Seconds spent in queue: 24
...
001 (15165480.052.000) 2022-02-28 01:10:56 Job executing on host: <128.104.58.88:9618?addrs=128.104.58.88-9618+[2607-f388-1086-0-a6ba-dbff-fe38-fc9f]-9618&alias=e078.chtc.wisc.edu&noUDP&sock=startd_4926_679d>
...
006 (15165480.052.000) 2022-02-28 01:11:15 Image size of job updated: 63
	63  -  MemoryUsage of job (MB)
	65448  -  ResidentSetSize of job (KB)
...
040 (15165480.052.000) 2022-02-28 01:11:15 Finished transferring input files
...
006 (15165480.052.000) 2022-02-28 01:16:12 Image size of job updated: 486
	486  -  MemoryUsage of job (MB)
	498304  -  ResidentSetSize of job (KB)
...
006 (15165480.052.000) 2022-02-28 01:21:12 Image size of job updated: 738
	738  -  MemoryUsage of job (MB)
	756276  -  ResidentSetSize of job (KB)
...
006 (15165480.052.000) 2022-02-28 01:26:12 Image size of job updated: 760
	760  -  MemoryUsage of job (MB)
	778420  -  ResidentSetSize of job (KB)
...
006 (15165480.052.000) 2022-02-28 01:31:12 Image size of job updated: 777
	777  -  MemoryUsage of job (MB)
	796184  -  ResidentSetSize of job (KB)
...
006 (15165480.052.000) 2022-02-28 01:36:12 Image size of job updated: 804
	804  -  MemoryUsage of job (MB)
	823644  -  ResidentSetSize of job (KB)
...
006 (15165480.052.000) 2022-02-28 01:41:12 Image size of job updated: 820
	820  -  MemoryUsage of job (MB)
	839824  -  ResidentSetSize of job (KB)
...
006 (15165480.052.000) 2022-02-28 01:44:28 Image size of job updated: 1142
	1142  -  MemoryUsage of job (MB)
	1169764  -  ResidentSetSize of job (KB)
...
040 (15165480.052.000) 2022-02-28 01:44:46 Entered queue to transfer output files
...
040 (15165480.052.000) 2022-02-28 01:47:09 Started transferring output files
	Seconds spent in queue: 2217
...
040 (15165480.052.000) 2022-02-28 01:47:54 Finished transferring output files
...
005 (15165480.052.000) 2022-02-28 01:48:12 Job terminated.
	(1) Normal termination (return value 0)
		Usr 0 00:55:43, Sys 0 00:00:34  -  Run Remote Usage
		Usr 0 00:00:00, Sys 0 00:00:00  -  Run Local Usage
		Usr 0 00:55:43, Sys 0 00:00:34  -  Total Remote Usage
		Usr 0 00:00:00, Sys 0 00:00:00  -  Total Local Usage
	33822  -  Run Bytes Sent By Job
	131040256  -  Run Bytes Received By Job
	33822  -  Total Bytes Sent By Job
	131040256  -  Total Bytes Received By Job
	Partitionable Resources :    Usage  Request Allocated 
	   Cpus                 :        0        1         1 
	   Disk (KB)            :   163692   419431   2732512 
	   IoHeavy              :                           0 
	   Memory (MB)          :     1142     2151      2176 

	Job terminated of its own accord at 2022-02-28T07:44:14Z with exit-code 0.
...
