000 (15165480.055.000) 2022-02-28 00:26:11 Job submitted from host: <128.105.244.191:9618?addrs=128.105.244.191-9618&alias=submit-1.chtc.wisc.edu&noUDP&sock=schedd_3562897_9248>
...
040 (15165480.055.000) 2022-02-28 01:10:48 Entered queue to transfer input files
	Transferring to host: <128.104.58.35:9618?addrs=128.104.58.35-9618+[2607-f388-1086-0-a6ba-dbff-fe38-e86f]-9618&alias=e025.chtc.wisc.edu&noUDP&sock=slot1_7_11077_7f9c_23792>
...
040 (15165480.055.000) 2022-02-28 01:11:05 Started transferring input files
	Seconds spent in queue: 17
...
001 (15165480.055.000) 2022-02-28 01:11:42 Job executing on host: <128.104.58.35:9618?addrs=128.104.58.35-9618+[2607-f388-1086-0-a6ba-dbff-fe38-e86f]-9618&alias=e025.chtc.wisc.edu&noUDP&sock=startd_4895_242e>
...
040 (15165480.055.000) 2022-02-28 01:11:42 Finished transferring input files
...
006 (15165480.055.000) 2022-02-28 01:11:57 Image size of job updated: 69
	69  -  MemoryUsage of job (MB)
	70796  -  ResidentSetSize of job (KB)
...
006 (15165480.055.000) 2022-02-28 01:16:56 Image size of job updated: 485
	485  -  MemoryUsage of job (MB)
	497124  -  ResidentSetSize of job (KB)
...
006 (15165480.055.000) 2022-02-28 01:21:57 Image size of job updated: 758
	758  -  MemoryUsage of job (MB)
	776776  -  ResidentSetSize of job (KB)
...
006 (15165480.055.000) 2022-02-28 01:31:59 Image size of job updated: 771
	771  -  MemoryUsage of job (MB)
	790268  -  ResidentSetSize of job (KB)
...
006 (15165480.055.000) 2022-02-28 01:37:00 Image size of job updated: 796
	796  -  MemoryUsage of job (MB)
	815612  -  ResidentSetSize of job (KB)
...
006 (15165480.055.000) 2022-02-28 01:42:00 Image size of job updated: 818
	818  -  MemoryUsage of job (MB)
	837912  -  ResidentSetSize of job (KB)
...
006 (15165480.055.000) 2022-02-28 01:47:01 Image size of job updated: 846
	846  -  MemoryUsage of job (MB)
	866948  -  ResidentSetSize of job (KB)
...
006 (15165480.055.000) 2022-02-28 01:48:30 Image size of job updated: 1143
	1143  -  MemoryUsage of job (MB)
	1170784  -  ResidentSetSize of job (KB)
...
040 (15165480.055.000) 2022-02-28 01:48:46 Entered queue to transfer output files
...
040 (15165480.055.000) 2022-02-28 01:49:05 Started transferring output files
	Seconds spent in queue: 2297
...
040 (15165480.055.000) 2022-02-28 01:49:28 Finished transferring output files
...
005 (15165480.055.000) 2022-02-28 01:49:46 Job terminated.
	(1) Normal termination (return value 0)
		Usr 0 01:00:14, Sys 0 00:00:37  -  Run Remote Usage
		Usr 0 00:00:00, Sys 0 00:00:00  -  Run Local Usage
		Usr 0 01:00:14, Sys 0 00:00:37  -  Total Remote Usage
		Usr 0 00:00:00, Sys 0 00:00:00  -  Total Local Usage
	34046  -  Run Bytes Sent By Job
	131040256  -  Run Bytes Received By Job
	34046  -  Total Bytes Sent By Job
	131040256  -  Total Bytes Received By Job
	Partitionable Resources :    Usage  Request Allocated 
	   Cpus                 :        0        1         1 
	   Disk (KB)            :   163692   419431    898574 
	   IoHeavy              :                           0 
	   Memory (MB)          :     1143     2151      2176 

	Job terminated of its own accord at 2022-02-28T07:48:30Z with exit-code 0.
...
