000 (15165480.058.000) 2022-02-28 00:26:11 Job submitted from host: <128.105.244.191:9618?addrs=128.105.244.191-9618&alias=submit-1.chtc.wisc.edu&noUDP&sock=schedd_3562897_9248>
...
040 (15165480.058.000) 2022-02-28 01:10:52 Entered queue to transfer input files
	Transferring to host: <128.104.101.31:9618?addrs=128.104.101.31-9618+[2607-f388-107c-501-a6ba-dbff-fe38-fd2c]-9618&alias=e015.chtc.wisc.edu&noUDP&sock=slot1_6_16011_f2a4_28166>
...
040 (15165480.058.000) 2022-02-28 01:11:07 Started transferring input files
	Seconds spent in queue: 15
...
001 (15165480.058.000) 2022-02-28 01:11:46 Job executing on host: <128.104.101.31:9618?addrs=128.104.101.31-9618+[2607-f388-107c-501-a6ba-dbff-fe38-fd2c]-9618&alias=e015.chtc.wisc.edu&noUDP&sock=startd_4727_e844>
...
040 (15165480.058.000) 2022-02-28 01:11:46 Finished transferring input files
...
006 (15165480.058.000) 2022-02-28 01:12:00 Image size of job updated: 64
	64  -  MemoryUsage of job (MB)
	65596  -  ResidentSetSize of job (KB)
...
006 (15165480.058.000) 2022-02-28 01:17:00 Image size of job updated: 457
	457  -  MemoryUsage of job (MB)
	468348  -  ResidentSetSize of job (KB)
...
006 (15165480.058.000) 2022-02-28 01:22:00 Image size of job updated: 746
	746  -  MemoryUsage of job (MB)
	764284  -  ResidentSetSize of job (KB)
...
006 (15165480.058.000) 2022-02-28 01:28:23 Image size of job updated: 757
	757  -  MemoryUsage of job (MB)
	775236  -  ResidentSetSize of job (KB)
...
006 (15165480.058.000) 2022-02-28 01:32:31 Image size of job updated: 787
	787  -  MemoryUsage of job (MB)
	806256  -  ResidentSetSize of job (KB)
...
006 (15165480.058.000) 2022-02-28 01:37:31 Image size of job updated: 809
	809  -  MemoryUsage of job (MB)
	829092  -  ResidentSetSize of job (KB)
...
006 (15165480.058.000) 2022-02-28 01:42:31 Image size of job updated: 1009
	1009  -  MemoryUsage of job (MB)
	1033444  -  ResidentSetSize of job (KB)
...
006 (15165480.058.000) 2022-02-28 01:46:44 Image size of job updated: 1144
	1144  -  MemoryUsage of job (MB)
	1171780  -  ResidentSetSize of job (KB)
...
040 (15165480.058.000) 2022-02-28 01:47:01 Entered queue to transfer output files
...
040 (15165480.058.000) 2022-02-28 01:47:17 Started transferring output files
	Seconds spent in queue: 2185
...
040 (15165480.058.000) 2022-02-28 01:47:47 Finished transferring output files
...
005 (15165480.058.000) 2022-02-28 01:48:21 Job terminated.
	(1) Normal termination (return value 0)
		Usr 0 00:53:03, Sys 0 00:00:42  -  Run Remote Usage
		Usr 0 00:00:00, Sys 0 00:00:00  -  Run Local Usage
		Usr 0 00:53:03, Sys 0 00:00:42  -  Total Remote Usage
		Usr 0 00:00:00, Sys 0 00:00:00  -  Total Local Usage
	34102  -  Run Bytes Sent By Job
	131040256  -  Run Bytes Received By Job
	34102  -  Total Bytes Sent By Job
	131040256  -  Total Bytes Received By Job
	Partitionable Resources :     Usage  Request Allocated 
	   Cpus                 :      0.00        1         1 
	   Disk (KB)            : 163719      419431   1819721 
	   IoHeavy              :                            0 
	   Memory (MB)          :   1144        2151      2176 

	Job terminated of its own accord at 2022-02-28T07:43:34Z with exit-code 0.
...
