000 (15165480.053.000) 2022-02-28 00:26:11 Job submitted from host: <128.105.244.191:9618?addrs=128.105.244.191-9618&alias=submit-1.chtc.wisc.edu&noUDP&sock=schedd_3562897_9248>
...
040 (15165480.053.000) 2022-02-28 01:10:16 Entered queue to transfer input files
	Transferring to host: <128.104.58.78:9618?addrs=128.104.58.78-9618+[2607-f388-1086-0-a6ba-dbff-fe38-ebdd]-9618&alias=e068.chtc.wisc.edu&noUDP&sock=slot1_8_3320_fd80_23734>
...
040 (15165480.053.000) 2022-02-28 01:10:44 Started transferring input files
	Seconds spent in queue: 28
...
001 (15165480.053.000) 2022-02-28 01:11:03 Job executing on host: <128.104.58.78:9618?addrs=128.104.58.78-9618+[2607-f388-1086-0-a6ba-dbff-fe38-ebdd]-9618&alias=e068.chtc.wisc.edu&noUDP&sock=startd_4757_7c1c>
...
006 (15165480.053.000) 2022-02-28 01:11:22 Image size of job updated: 66
	66  -  MemoryUsage of job (MB)
	68224  -  ResidentSetSize of job (KB)
...
040 (15165480.053.000) 2022-02-28 01:11:22 Finished transferring input files
...
006 (15165480.053.000) 2022-02-28 01:16:17 Image size of job updated: 482
	482  -  MemoryUsage of job (MB)
	493732  -  ResidentSetSize of job (KB)
...
006 (15165480.053.000) 2022-02-28 01:21:18 Image size of job updated: 748
	748  -  MemoryUsage of job (MB)
	766876  -  ResidentSetSize of job (KB)
...
006 (15165480.053.000) 2022-02-28 01:26:19 Image size of job updated: 756
	756  -  MemoryUsage of job (MB)
	774796  -  ResidentSetSize of job (KB)
...
006 (15165480.053.000) 2022-02-28 01:31:19 Image size of job updated: 776
	776  -  MemoryUsage of job (MB)
	794696  -  ResidentSetSize of job (KB)
...
006 (15165480.053.000) 2022-02-28 01:36:19 Image size of job updated: 800
	800  -  MemoryUsage of job (MB)
	819876  -  ResidentSetSize of job (KB)
...
006 (15165480.053.000) 2022-02-28 01:41:19 Image size of job updated: 819
	819  -  MemoryUsage of job (MB)
	839420  -  ResidentSetSize of job (KB)
...
006 (15165480.053.000) 2022-02-28 01:43:55 Image size of job updated: 1140
	1140  -  MemoryUsage of job (MB)
	1167700  -  ResidentSetSize of job (KB)
...
040 (15165480.053.000) 2022-02-28 01:44:18 Entered queue to transfer output files
...
040 (15165480.053.000) 2022-02-28 01:44:34 Started transferring output files
	Seconds spent in queue: 2058
...
040 (15165480.053.000) 2022-02-28 01:45:19 Finished transferring output files
...
005 (15165480.053.000) 2022-02-28 01:45:45 Job terminated.
	(1) Normal termination (return value 0)
		Usr 0 00:54:50, Sys 0 00:00:35  -  Run Remote Usage
		Usr 0 00:00:00, Sys 0 00:00:00  -  Run Local Usage
		Usr 0 00:54:50, Sys 0 00:00:35  -  Total Remote Usage
		Usr 0 00:00:00, Sys 0 00:00:00  -  Total Local Usage
	33891  -  Run Bytes Sent By Job
	131040256  -  Run Bytes Received By Job
	33891  -  Total Bytes Sent By Job
	131040256  -  Total Bytes Received By Job
	Partitionable Resources :     Usage  Request Allocated 
	   Cpus                 :      0.00        1         1 
	   Disk (KB)            : 163692      419431    907190 
	   IoHeavy              :                            0 
	   Memory (MB)          :   1140        2151      2176 

	Job terminated of its own accord at 2022-02-28T07:43:55Z with exit-code 0.
...
