000 (15165480.056.000) 2022-02-28 00:26:11 Job submitted from host: <128.105.244.191:9618?addrs=128.105.244.191-9618&alias=submit-1.chtc.wisc.edu&noUDP&sock=schedd_3562897_9248>
...
040 (15165480.056.000) 2022-02-28 01:10:50 Entered queue to transfer input files
	Transferring to host: <128.104.101.11:9618?addrs=128.104.101.11-9618+[2607-f388-107c-501-a6ba-dbff-fe38-fcc5]-9618&alias=e0057.chtc.wisc.edu&noUDP&sock=slot1_4_22840_989a_27761>
...
040 (15165480.056.000) 2022-02-28 01:11:06 Started transferring input files
	Seconds spent in queue: 16
...
001 (15165480.056.000) 2022-02-28 01:11:44 Job executing on host: <128.104.101.11:9618?addrs=128.104.101.11-9618+[2607-f388-107c-501-a6ba-dbff-fe38-fcc5]-9618&alias=e0057.chtc.wisc.edu&noUDP&sock=startd_3565_df38>
...
040 (15165480.056.000) 2022-02-28 01:11:44 Finished transferring input files
...
006 (15165480.056.000) 2022-02-28 01:11:59 Image size of job updated: 51
	51  -  MemoryUsage of job (MB)
	52476  -  ResidentSetSize of job (KB)
...
006 (15165480.056.000) 2022-02-28 01:16:59 Image size of job updated: 441
	441  -  MemoryUsage of job (MB)
	452128  -  ResidentSetSize of job (KB)
...
006 (15165480.056.000) 2022-02-28 01:21:59 Image size of job updated: 736
	736  -  MemoryUsage of job (MB)
	754500  -  ResidentSetSize of job (KB)
...
006 (15165480.056.000) 2022-02-28 01:27:23 Image size of job updated: 759
	759  -  MemoryUsage of job (MB)
	778144  -  ResidentSetSize of job (KB)
...
006 (15165480.056.000) 2022-02-28 01:32:00 Image size of job updated: 780
	780  -  MemoryUsage of job (MB)
	799496  -  ResidentSetSize of job (KB)
...
006 (15165480.056.000) 2022-02-28 01:37:00 Image size of job updated: 802
	802  -  MemoryUsage of job (MB)
	821616  -  ResidentSetSize of job (KB)
...
006 (15165480.056.000) 2022-02-28 01:42:00 Image size of job updated: 818
	818  -  MemoryUsage of job (MB)
	837652  -  ResidentSetSize of job (KB)
...
006 (15165480.056.000) 2022-02-28 01:44:42 Image size of job updated: 1140
	1140  -  MemoryUsage of job (MB)
	1167884  -  ResidentSetSize of job (KB)
...
040 (15165480.056.000) 2022-02-28 01:45:38 Entered queue to transfer output files
...
040 (15165480.056.000) 2022-02-28 01:45:52 Started transferring output files
	Seconds spent in queue: 2102
...
040 (15165480.056.000) 2022-02-28 01:46:35 Finished transferring output files
...
005 (15165480.056.000) 2022-02-28 01:46:56 Job terminated.
	(1) Normal termination (return value 0)
		Usr 0 00:53:46, Sys 0 00:00:49  -  Run Remote Usage
		Usr 0 00:00:00, Sys 0 00:00:00  -  Run Local Usage
		Usr 0 00:53:46, Sys 0 00:00:49  -  Total Remote Usage
		Usr 0 00:00:00, Sys 0 00:00:00  -  Total Local Usage
	33904  -  Run Bytes Sent By Job
	131040256  -  Run Bytes Received By Job
	33904  -  Total Bytes Sent By Job
	131040256  -  Total Bytes Received By Job
	Partitionable Resources :     Usage  Request Allocated 
	   Cpus                 :      0.00        1         1 
	   Disk (KB)            : 163692      419431   1518275 
	   IoHeavy              :                            0 
	   Memory (MB)          :   1140        2151      2176 

	Job terminated of its own accord at 2022-02-28T07:44:42Z with exit-code 0.
...
