000 (15165480.054.000) 2022-02-28 00:26:11 Job submitted from host: <128.105.244.191:9618?addrs=128.105.244.191-9618&alias=submit-1.chtc.wisc.edu&noUDP&sock=schedd_3562897_9248>
...
040 (15165480.054.000) 2022-02-28 01:10:19 Entered queue to transfer input files
	Transferring to host: <128.104.58.81:9618?addrs=128.104.58.81-9618+[2607-f388-1086-0-a6ba-dbff-fe38-fc5d]-9618&alias=e1071.chtc.wisc.edu&noUDP&sock=slot1_3_8262_1389_23490>
...
040 (15165480.054.000) 2022-02-28 01:10:45 Started transferring input files
	Seconds spent in queue: 26
...
001 (15165480.054.000) 2022-02-28 01:11:03 Job executing on host: <128.104.58.81:9618?addrs=128.104.58.81-9618+[2607-f388-1086-0-a6ba-dbff-fe38-fc5d]-9618&alias=e1071.chtc.wisc.edu&noUDP&sock=startd_1821_a20d>
...
006 (15165480.054.000) 2022-02-28 01:11:23 Image size of job updated: 57
	57  -  MemoryUsage of job (MB)
	58484  -  ResidentSetSize of job (KB)
...
040 (15165480.054.000) 2022-02-28 01:11:23 Finished transferring input files
...
006 (15165480.054.000) 2022-02-28 01:16:12 Image size of job updated: 486
	486  -  MemoryUsage of job (MB)
	497968  -  ResidentSetSize of job (KB)
...
006 (15165480.054.000) 2022-02-28 01:21:13 Image size of job updated: 758
	758  -  MemoryUsage of job (MB)
	776536  -  ResidentSetSize of job (KB)
...
006 (15165480.054.000) 2022-02-28 01:31:14 Image size of job updated: 773
	773  -  MemoryUsage of job (MB)
	792188  -  ResidentSetSize of job (KB)
...
006 (15165480.054.000) 2022-02-28 01:36:14 Image size of job updated: 794
	794  -  MemoryUsage of job (MB)
	813836  -  ResidentSetSize of job (KB)
...
006 (15165480.054.000) 2022-02-28 01:41:14 Image size of job updated: 814
	814  -  MemoryUsage of job (MB)
	833652  -  ResidentSetSize of job (KB)
...
006 (15165480.054.000) 2022-02-28 01:46:07 Image size of job updated: 1144
	1144  -  MemoryUsage of job (MB)
	1171568  -  ResidentSetSize of job (KB)
...
040 (15165480.054.000) 2022-02-28 01:46:38 Entered queue to transfer output files
...
040 (15165480.054.000) 2022-02-28 01:46:56 Started transferring output files
	Seconds spent in queue: 2197
...
040 (15165480.054.000) 2022-02-28 01:47:30 Finished transferring output files
...
005 (15165480.054.000) 2022-02-28 01:47:48 Job terminated.
	(1) Normal termination (return value 0)
		Usr 0 00:58:15, Sys 0 00:00:34  -  Run Remote Usage
		Usr 0 00:00:00, Sys 0 00:00:00  -  Run Local Usage
		Usr 0 00:58:15, Sys 0 00:00:34  -  Total Remote Usage
		Usr 0 00:00:00, Sys 0 00:00:00  -  Total Local Usage
	34084  -  Run Bytes Sent By Job
	131040256  -  Run Bytes Received By Job
	34084  -  Total Bytes Sent By Job
	131040256  -  Total Bytes Received By Job
	Partitionable Resources :     Usage  Request Allocated 
	   Cpus                 :      0.00        1         1 
	   Disk (KB)            : 163692      419431    901687 
	   IoHeavy              :                            0 
	   Memory (MB)          :   1144        2151      2176 

	Job terminated of its own accord at 2022-02-28T07:46:07Z with exit-code 0.
...
