000 (15165480.063.000) 2022-02-28 00:26:11 Job submitted from host: <128.105.244.191:9618?addrs=128.105.244.191-9618&alias=submit-1.chtc.wisc.edu&noUDP&sock=schedd_3562897_9248>
...
040 (15165480.063.000) 2022-02-28 01:11:29 Entered queue to transfer input files
	Transferring to host: <128.104.58.226:9618?addrs=128.104.58.226-9618+[2607-f388-1086-0-226-9eff-fe2b-bdac]-9618&alias=e1089.chtc.wisc.edu&noUDP&sock=slot1_10_28861_ef6f_22574>
...
040 (15165480.063.000) 2022-02-28 01:11:47 Started transferring input files
	Seconds spent in queue: 18
...
001 (15165480.063.000) 2022-02-28 01:11:59 Job executing on host: <128.104.58.226:9618?addrs=128.104.58.226-9618+[2607-f388-1086-0-226-9eff-fe2b-bdac]-9618&alias=e1089.chtc.wisc.edu&noUDP&sock=startd_4021_a667>
...
040 (15165480.063.000) 2022-02-28 01:12:14 Finished transferring input files
...
006 (15165480.063.000) 2022-02-28 01:12:43 Image size of job updated: 133
	133  -  MemoryUsage of job (MB)
	136984  -  ResidentSetSize of job (KB)
...
006 (15165480.063.000) 2022-02-28 01:17:44 Image size of job updated: 425
	425  -  MemoryUsage of job (MB)
	435980  -  ResidentSetSize of job (KB)
...
006 (15165480.063.000) 2022-02-28 01:22:45 Image size of job updated: 694
	694  -  MemoryUsage of job (MB)
	711588  -  ResidentSetSize of job (KB)
...
006 (15165480.063.000) 2022-02-28 01:27:59 Image size of job updated: 740
	740  -  MemoryUsage of job (MB)
	758660  -  ResidentSetSize of job (KB)
...
006 (15165480.063.000) 2022-02-28 01:32:47 Image size of job updated: 756
	756  -  MemoryUsage of job (MB)
	775028  -  ResidentSetSize of job (KB)
...
006 (15165480.063.000) 2022-02-28 01:37:48 Image size of job updated: 773
	773  -  MemoryUsage of job (MB)
	791964  -  ResidentSetSize of job (KB)
...
006 (15165480.063.000) 2022-02-28 01:42:49 Image size of job updated: 800
	800  -  MemoryUsage of job (MB)
	819808  -  ResidentSetSize of job (KB)
...
006 (15165480.063.000) 2022-02-28 01:47:50 Image size of job updated: 819
	819  -  MemoryUsage of job (MB)
	839656  -  ResidentSetSize of job (KB)
...
006 (15165480.063.000) 2022-02-28 01:52:51 Image size of job updated: 827
	827  -  MemoryUsage of job (MB)
	846980  -  ResidentSetSize of job (KB)
...
006 (15165480.063.000) 2022-02-28 01:55:45 Image size of job updated: 1143
	1143  -  MemoryUsage of job (MB)
	1171208  -  ResidentSetSize of job (KB)
...
040 (15165480.063.000) 2022-02-28 01:56:03 Entered queue to transfer output files
...
040 (15165480.063.000) 2022-02-28 01:56:06 Started transferring output files
	Seconds spent in queue: 2677
...
040 (15165480.063.000) 2022-02-28 01:56:20 Finished transferring output files
...
005 (15165480.063.000) 2022-02-28 01:56:34 Job terminated.
	(1) Normal termination (return value 0)
		Usr 0 01:09:27, Sys 0 00:00:54  -  Run Remote Usage
		Usr 0 00:00:00, Sys 0 00:00:00  -  Run Local Usage
		Usr 0 01:09:27, Sys 0 00:00:54  -  Total Remote Usage
		Usr 0 00:00:00, Sys 0 00:00:00  -  Total Local Usage
	33910  -  Run Bytes Sent By Job
	131040256  -  Run Bytes Received By Job
	33910  -  Total Bytes Sent By Job
	131040256  -  Total Bytes Received By Job
	Partitionable Resources :    Usage  Request Allocated 
	   Cpus                 :        0        1         1 
	   Disk (KB)            :   163830   419431  11034126 
	   IoHeavy              :                           0 
	   Memory (MB)          :     1143     2151      2176 

	Job terminated of its own accord at 2022-02-28T07:55:45Z with exit-code 0.
...
