000 (15165480.069.000) 2022-02-28 00:26:11 Job submitted from host: <128.105.244.191:9618?addrs=128.105.244.191-9618&alias=submit-1.chtc.wisc.edu&noUDP&sock=schedd_3562897_9248>
...
040 (15165480.069.000) 2022-02-28 01:12:04 Entered queue to transfer input files
	Transferring to host: <128.104.58.84:9618?addrs=128.104.58.84-9618+[2607-f388-1086-0-a6ba-dbff-fe38-e75f]-9618&alias=e074.chtc.wisc.edu&noUDP&sock=slot1_7_26366_fb69_23344>
...
040 (15165480.069.000) 2022-02-28 01:12:18 Started transferring input files
	Seconds spent in queue: 14
...
001 (15165480.069.000) 2022-02-28 01:12:49 Job executing on host: <128.104.58.84:9618?addrs=128.104.58.84-9618+[2607-f388-1086-0-a6ba-dbff-fe38-e75f]-9618&alias=e074.chtc.wisc.edu&noUDP&sock=startd_4751_5e8a>
...
006 (15165480.069.000) 2022-02-28 01:13:21 Image size of job updated: 48
	48  -  MemoryUsage of job (MB)
	49372  -  ResidentSetSize of job (KB)
...
040 (15165480.069.000) 2022-02-28 01:13:21 Finished transferring input files
...
006 (15165480.069.000) 2022-02-28 01:18:04 Image size of job updated: 472
	472  -  MemoryUsage of job (MB)
	484036  -  ResidentSetSize of job (KB)
...
006 (15165480.069.000) 2022-02-28 01:23:04 Image size of job updated: 760
	760  -  MemoryUsage of job (MB)
	778244  -  ResidentSetSize of job (KB)
...
006 (15165480.069.000) 2022-02-28 01:33:04 Image size of job updated: 765
	765  -  MemoryUsage of job (MB)
	783900  -  ResidentSetSize of job (KB)
...
006 (15165480.069.000) 2022-02-28 01:38:04 Image size of job updated: 786
	786  -  MemoryUsage of job (MB)
	805680  -  ResidentSetSize of job (KB)
...
006 (15165480.069.000) 2022-02-28 01:43:04 Image size of job updated: 806
	806  -  MemoryUsage of job (MB)
	825744  -  ResidentSetSize of job (KB)
...
006 (15165480.069.000) 2022-02-28 01:47:50 Image size of job updated: 1130
	1130  -  MemoryUsage of job (MB)
	1157508  -  ResidentSetSize of job (KB)
...
040 (15165480.069.000) 2022-02-28 01:48:35 Entered queue to transfer output files
...
040 (15165480.069.000) 2022-02-28 01:48:45 Started transferring output files
	Seconds spent in queue: 2201
...
040 (15165480.069.000) 2022-02-28 01:49:20 Finished transferring output files
...
005 (15165480.069.000) 2022-02-28 01:49:40 Job terminated.
	(1) Normal termination (return value 0)
		Usr 0 00:59:07, Sys 0 00:00:37  -  Run Remote Usage
		Usr 0 00:00:00, Sys 0 00:00:00  -  Run Local Usage
		Usr 0 00:59:07, Sys 0 00:00:37  -  Total Remote Usage
		Usr 0 00:00:00, Sys 0 00:00:00  -  Total Local Usage
	34102  -  Run Bytes Sent By Job
	131040256  -  Run Bytes Received By Job
	34102  -  Total Bytes Sent By Job
	131040256  -  Total Bytes Received By Job
	Partitionable Resources :     Usage  Request Allocated 
	   Cpus                 :      0.00        1         1 
	   Disk (KB)            : 163692      419431   1818472 
	   IoHeavy              :                            0 
	   Memory (MB)          :   1130        2151      2176 

	Job terminated of its own accord at 2022-02-28T07:47:50Z with exit-code 0.
...
