000 (15165480.006.000) 2022-02-28 00:26:11 Job submitted from host: <128.105.244.191:9618?addrs=128.105.244.191-9618&alias=submit-1.chtc.wisc.edu&noUDP&sock=schedd_3562897_9248>
...
040 (15165480.006.000) 2022-02-28 00:42:20 Started transferring input files
	Transferring to host: <128.104.100.25:9618?addrs=128.104.100.25-9618+[2607-f388-107c-501-7a2b-cbff-fe0a-3d36]-9618&alias=e0037.chtc.wisc.edu&noUDP&sock=slot1_3_30501_76b1_26252>
...
040 (15165480.006.000) 2022-02-28 00:42:24 Finished transferring input files
...
001 (15165480.006.000) 2022-02-28 00:42:37 Job executing on host: <128.104.100.25:9618?addrs=128.104.100.25-9618+[2607-f388-107c-501-7a2b-cbff-fe0a-3d36]-9618&alias=e0037.chtc.wisc.edu&noUDP&sock=startd_4842_c9a9>
...
006 (15165480.006.000) 2022-02-28 00:52:49 Image size of job updated: 418
	418  -  MemoryUsage of job (MB)
	428232  -  ResidentSetSize of job (KB)
...
006 (15165480.006.000) 2022-02-28 00:57:50 Image size of job updated: 726
	726  -  MemoryUsage of job (MB)
	743748  -  ResidentSetSize of job (KB)
...
006 (15165480.006.000) 2022-02-28 01:02:51 Image size of job updated: 743
	743  -  MemoryUsage of job (MB)
	761204  -  ResidentSetSize of job (KB)
...
006 (15165480.006.000) 2022-02-28 01:07:52 Image size of job updated: 762
	762  -  MemoryUsage of job (MB)
	780344  -  ResidentSetSize of job (KB)
...
006 (15165480.006.000) 2022-02-28 01:13:03 Image size of job updated: 785
	785  -  MemoryUsage of job (MB)
	804712  -  ResidentSetSize of job (KB)
...
006 (15165480.006.000) 2022-02-28 01:17:54 Image size of job updated: 800
	800  -  MemoryUsage of job (MB)
	820056  -  ResidentSetSize of job (KB)
...
006 (15165480.006.000) 2022-02-28 01:22:54 Image size of job updated: 817
	817  -  MemoryUsage of job (MB)
	837612  -  ResidentSetSize of job (KB)
...
006 (15165480.006.000) 2022-02-28 01:26:45 Image size of job updated: 1140
	1140  -  MemoryUsage of job (MB)
	1168252  -  ResidentSetSize of job (KB)
...
040 (15165480.006.000) 2022-02-28 01:27:08 Entered queue to transfer output files
...
040 (15165480.006.000) 2022-02-28 01:27:24 Started transferring output files
...
040 (15165480.006.000) 2022-02-28 01:28:29 Finished transferring output files
...
005 (15165480.006.000) 2022-02-28 01:29:11 Job terminated.
	(1) Normal termination (return value 0)
		Usr 0 01:02:31, Sys 0 00:00:36  -  Run Remote Usage
		Usr 0 00:00:00, Sys 0 00:00:00  -  Run Local Usage
		Usr 0 01:02:31, Sys 0 00:00:36  -  Total Remote Usage
		Usr 0 00:00:00, Sys 0 00:00:00  -  Total Local Usage
	35762  -  Run Bytes Sent By Job
	131040256  -  Run Bytes Received By Job
	35762  -  Total Bytes Sent By Job
	131040256  -  Total Bytes Received By Job
	Partitionable Resources :     Usage  Request Allocated 
	   Cpus                 :      0.00        1         1 
	   Disk (KB)            : 163693      419431   3642872 
	   IoHeavy              :                            0 
	   Memory (MB)          :   1140        2151      2176 

	Job terminated of its own accord at 2022-02-28T07:26:45Z with exit-code 0.
...
