000 (15165480.060.000) 2022-02-28 00:26:11 Job submitted from host: <128.105.244.191:9618?addrs=128.105.244.191-9618&alias=submit-1.chtc.wisc.edu&noUDP&sock=schedd_3562897_9248>
...
040 (15165480.060.000) 2022-02-28 01:11:06 Entered queue to transfer input files
	Transferring to host: <128.104.58.95:9618?addrs=128.104.58.95-9618+[2607-f388-1086-0-a6ba-dbff-fe38-e502]-9618&alias=e085.chtc.wisc.edu&noUDP&sock=slot1_6_15098_a81f_24079>
...
040 (15165480.060.000) 2022-02-28 01:11:28 Started transferring input files
	Seconds spent in queue: 22
...
001 (15165480.060.000) 2022-02-28 01:11:45 Job executing on host: <128.104.58.95:9618?addrs=128.104.58.95-9618+[2607-f388-1086-0-a6ba-dbff-fe38-e502]-9618&alias=e085.chtc.wisc.edu&noUDP&sock=startd_2992_d773>
...
040 (15165480.060.000) 2022-02-28 01:11:58 Finished transferring input files
...
006 (15165480.060.000) 2022-02-28 01:12:11 Image size of job updated: 63
	63  -  MemoryUsage of job (MB)
	65232  -  ResidentSetSize of job (KB)
...
006 (15165480.060.000) 2022-02-28 01:17:00 Image size of job updated: 452
	452  -  MemoryUsage of job (MB)
	463360  -  ResidentSetSize of job (KB)
...
006 (15165480.060.000) 2022-02-28 01:22:00 Image size of job updated: 749
	749  -  MemoryUsage of job (MB)
	767288  -  ResidentSetSize of job (KB)
...
006 (15165480.060.000) 2022-02-28 01:27:01 Image size of job updated: 754
	754  -  MemoryUsage of job (MB)
	772568  -  ResidentSetSize of job (KB)
...
006 (15165480.060.000) 2022-02-28 01:32:01 Image size of job updated: 775
	775  -  MemoryUsage of job (MB)
	794308  -  ResidentSetSize of job (KB)
...
006 (15165480.060.000) 2022-02-28 01:37:02 Image size of job updated: 797
	797  -  MemoryUsage of job (MB)
	816568  -  ResidentSetSize of job (KB)
...
006 (15165480.060.000) 2022-02-28 01:42:03 Image size of job updated: 816
	816  -  MemoryUsage of job (MB)
	836500  -  ResidentSetSize of job (KB)
...
006 (15165480.060.000) 2022-02-28 01:45:42 Image size of job updated: 1140
	1140  -  MemoryUsage of job (MB)
	1167772  -  ResidentSetSize of job (KB)
...
040 (15165480.060.000) 2022-02-28 01:47:01 Entered queue to transfer output files
...
040 (15165480.060.000) 2022-02-28 01:49:17 Started transferring output files
	Seconds spent in queue: 2291
...
040 (15165480.060.000) 2022-02-28 01:49:44 Finished transferring output files
...
005 (15165480.060.000) 2022-02-28 01:49:56 Job terminated.
	(1) Normal termination (return value 0)
		Usr 0 00:56:07, Sys 0 00:00:34  -  Run Remote Usage
		Usr 0 00:00:00, Sys 0 00:00:00  -  Run Local Usage
		Usr 0 00:56:07, Sys 0 00:00:34  -  Total Remote Usage
		Usr 0 00:00:00, Sys 0 00:00:00  -  Total Local Usage
	33913  -  Run Bytes Sent By Job
	131040256  -  Run Bytes Received By Job
	33913  -  Total Bytes Sent By Job
	131040256  -  Total Bytes Received By Job
	Partitionable Resources :    Usage  Request Allocated 
	   Cpus                 :        0        1         1 
	   Disk (KB)            :   163692   419431   3643089 
	   IoHeavy              :                           0 
	   Memory (MB)          :     1140     2151      2176 

	Job terminated of its own accord at 2022-02-28T07:45:42Z with exit-code 0.
...
