000 (15165480.061.000) 2022-02-28 00:26:11 Job submitted from host: <128.105.244.191:9618?addrs=128.105.244.191-9618&alias=submit-1.chtc.wisc.edu&noUDP&sock=schedd_3562897_9248>
...
040 (15165480.061.000) 2022-02-28 01:11:07 Entered queue to transfer input files
	Transferring to host: <128.105.245.157:9618?addrs=128.105.245.157-9618&alias=e2357.chtc.wisc.edu&noUDP&sock=slot1_20_9537_6ddd_26125>
...
040 (15165480.061.000) 2022-02-28 01:11:28 Started transferring input files
	Seconds spent in queue: 21
...
001 (15165480.061.000) 2022-02-28 01:11:46 Job executing on host: <128.105.245.157:9618?addrs=128.105.245.157-9618&alias=e2357.chtc.wisc.edu&noUDP&sock=startd_2933_5f5d>
...
040 (15165480.061.000) 2022-02-28 01:11:59 Finished transferring input files
...
006 (15165480.061.000) 2022-02-28 01:12:12 Image size of job updated: 45
	45  -  MemoryUsage of job (MB)
	46324  -  ResidentSetSize of job (KB)
...
006 (15165480.061.000) 2022-02-28 01:17:13 Image size of job updated: 389
	389  -  MemoryUsage of job (MB)
	399284  -  ResidentSetSize of job (KB)
...
006 (15165480.061.000) 2022-02-28 01:22:14 Image size of job updated: 727
	727  -  MemoryUsage of job (MB)
	744532  -  ResidentSetSize of job (KB)
...
006 (15165480.061.000) 2022-02-28 01:27:29 Image size of job updated: 742
	742  -  MemoryUsage of job (MB)
	759896  -  ResidentSetSize of job (KB)
...
006 (15165480.061.000) 2022-02-28 01:32:14 Image size of job updated: 760
	760  -  MemoryUsage of job (MB)
	778244  -  ResidentSetSize of job (KB)
...
006 (15165480.061.000) 2022-02-28 01:37:14 Image size of job updated: 780
	780  -  MemoryUsage of job (MB)
	799128  -  ResidentSetSize of job (KB)
...
006 (15165480.061.000) 2022-02-28 01:42:14 Image size of job updated: 801
	801  -  MemoryUsage of job (MB)
	820908  -  ResidentSetSize of job (KB)
...
006 (15165480.061.000) 2022-02-28 01:47:14 Image size of job updated: 820
	820  -  MemoryUsage of job (MB)
	839916  -  ResidentSetSize of job (KB)
...
006 (15165480.061.000) 2022-02-28 01:49:31 Image size of job updated: 1139
	1139  -  MemoryUsage of job (MB)
	1167252  -  ResidentSetSize of job (KB)
...
040 (15165480.061.000) 2022-02-28 01:49:45 Entered queue to transfer output files
...
040 (15165480.061.000) 2022-02-28 01:49:53 Started transferring output files
	Seconds spent in queue: 2326
...
040 (15165480.061.000) 2022-02-28 01:50:16 Finished transferring output files
...
005 (15165480.061.000) 2022-02-28 01:50:34 Job terminated.
	(1) Normal termination (return value 0)
		Usr 0 00:00:00, Sys 0 00:00:00  -  Run Remote Usage
		Usr 0 00:00:00, Sys 0 00:00:00  -  Run Local Usage
		Usr 0 01:00:05, Sys 0 00:00:50  -  Total Remote Usage
		Usr 0 00:00:00, Sys 0 00:00:00  -  Total Local Usage
	34043  -  Run Bytes Sent By Job
	131040256  -  Run Bytes Received By Job
	34043  -  Total Bytes Sent By Job
	131040256  -  Total Bytes Received By Job
	Partitionable Resources :     Usage  Request Allocated 
	   Cpus                 :      0.00        1         1 
	   Disk (KB)            : 163728      419431    669464 
	   IoHeavy              :                            0 
	   Memory (MB)          :   1139        2151      2176 

	Job terminated of its own accord at 2022-02-28T07:49:31Z with exit-code 0.
...
