000 (15165480.068.000) 2022-02-28 00:26:11 Job submitted from host: <128.105.244.191:9618?addrs=128.105.244.191-9618&alias=submit-1.chtc.wisc.edu&noUDP&sock=schedd_3562897_9248>
...
040 (15165480.068.000) 2022-02-28 01:12:04 Entered queue to transfer input files
	Transferring to host: <128.104.58.75:9618?addrs=128.104.58.75-9618+[2607-f388-1086-0-a6ba-dbff-fe38-fc8c]-9618&alias=e065.chtc.wisc.edu&noUDP&sock=slot1_7_6267_6b18_24185>
...
040 (15165480.068.000) 2022-02-28 01:12:18 Started transferring input files
	Seconds spent in queue: 14
...
001 (15165480.068.000) 2022-02-28 01:12:49 Job executing on host: <128.104.58.75:9618?addrs=128.104.58.75-9618+[2607-f388-1086-0-a6ba-dbff-fe38-fc8c]-9618&alias=e065.chtc.wisc.edu&noUDP&sock=startd_4759_db4c>
...
006 (15165480.068.000) 2022-02-28 01:13:21 Image size of job updated: 85
	85  -  MemoryUsage of job (MB)
	87232  -  ResidentSetSize of job (KB)
...
040 (15165480.068.000) 2022-02-28 01:13:21 Finished transferring input files
...
006 (15165480.068.000) 2022-02-28 01:18:03 Image size of job updated: 477
	477  -  MemoryUsage of job (MB)
	488740  -  ResidentSetSize of job (KB)
...
006 (15165480.068.000) 2022-02-28 01:23:03 Image size of job updated: 733
	733  -  MemoryUsage of job (MB)
	751188  -  ResidentSetSize of job (KB)
...
006 (15165480.068.000) 2022-02-28 01:28:03 Image size of job updated: 751
	751  -  MemoryUsage of job (MB)
	769952  -  ResidentSetSize of job (KB)
...
006 (15165480.068.000) 2022-02-28 01:33:03 Image size of job updated: 770
	770  -  MemoryUsage of job (MB)
	789404  -  ResidentSetSize of job (KB)
...
006 (15165480.068.000) 2022-02-28 01:38:04 Image size of job updated: 793
	793  -  MemoryUsage of job (MB)
	812108  -  ResidentSetSize of job (KB)
...
006 (15165480.068.000) 2022-02-28 01:43:05 Image size of job updated: 813
	813  -  MemoryUsage of job (MB)
	833284  -  ResidentSetSize of job (KB)
...
006 (15165480.068.000) 2022-02-28 01:47:30 Image size of job updated: 1139
	1139  -  MemoryUsage of job (MB)
	1167340  -  ResidentSetSize of job (KB)
...
040 (15165480.068.000) 2022-02-28 01:47:47 Entered queue to transfer output files
...
040 (15165480.068.000) 2022-02-28 01:48:05 Started transferring output files
	Seconds spent in queue: 2161
...
040 (15165480.068.000) 2022-02-28 01:48:32 Finished transferring output files
...
005 (15165480.068.000) 2022-02-28 01:48:58 Job terminated.
	(1) Normal termination (return value 0)
		Usr 0 00:57:19, Sys 0 00:00:37  -  Run Remote Usage
		Usr 0 00:00:00, Sys 0 00:00:00  -  Run Local Usage
		Usr 0 00:57:19, Sys 0 00:00:37  -  Total Remote Usage
		Usr 0 00:00:00, Sys 0 00:00:00  -  Total Local Usage
	33922  -  Run Bytes Sent By Job
	131040256  -  Run Bytes Received By Job
	33922  -  Total Bytes Sent By Job
	131040256  -  Total Bytes Received By Job
	Partitionable Resources :     Usage  Request Allocated 
	   Cpus                 :      0.00        1         1 
	   Disk (KB)            : 163691      419431    907701 
	   IoHeavy              :                            0 
	   Memory (MB)          :   1139        2151      2176 

	Job terminated of its own accord at 2022-02-28T07:47:15Z with exit-code 0.
...
