000 (15165480.075.000) 2022-02-28 00:26:11 Job submitted from host: <128.105.244.191:9618?addrs=128.105.244.191-9618&alias=submit-1.chtc.wisc.edu&noUDP&sock=schedd_3562897_9248>
...
040 (15165480.075.000) 2022-02-28 01:14:58 Entered queue to transfer input files
	Transferring to host: <128.105.245.35:9618?addrs=128.105.245.35-9618&alias=e3235.chtc.wisc.edu&noUDP&sock=slot1_3_27592_cf5b_22568>
...
040 (15165480.075.000) 2022-02-28 01:15:44 Started transferring input files
	Seconds spent in queue: 46
...
001 (15165480.075.000) 2022-02-28 01:16:07 Job executing on host: <128.105.245.35:9618?addrs=128.105.245.35-9618&alias=e3235.chtc.wisc.edu&noUDP&sock=startd_1621_731c>
...
006 (15165480.075.000) 2022-02-28 01:16:30 Image size of job updated: 65
	65  -  MemoryUsage of job (MB)
	67344  -  ResidentSetSize of job (KB)
...
040 (15165480.075.000) 2022-02-28 01:16:30 Finished transferring input files
...
006 (15165480.075.000) 2022-02-28 01:21:16 Image size of job updated: 437
	437  -  MemoryUsage of job (MB)
	448000  -  ResidentSetSize of job (KB)
...
006 (15165480.075.000) 2022-02-28 01:26:16 Image size of job updated: 739
	739  -  MemoryUsage of job (MB)
	757096  -  ResidentSetSize of job (KB)
...
006 (15165480.075.000) 2022-02-28 01:31:16 Image size of job updated: 761
	761  -  MemoryUsage of job (MB)
	779320  -  ResidentSetSize of job (KB)
...
006 (15165480.075.000) 2022-02-28 01:36:16 Image size of job updated: 782
	782  -  MemoryUsage of job (MB)
	801104  -  ResidentSetSize of job (KB)
...
006 (15165480.075.000) 2022-02-28 01:41:16 Image size of job updated: 804
	804  -  MemoryUsage of job (MB)
	824304  -  ResidentSetSize of job (KB)
...
006 (15165480.075.000) 2022-02-28 01:46:16 Image size of job updated: 822
	822  -  MemoryUsage of job (MB)
	842108  -  ResidentSetSize of job (KB)
...
006 (15165480.075.000) 2022-02-28 01:49:43 Image size of job updated: 1140
	1140  -  MemoryUsage of job (MB)
	1167756  -  ResidentSetSize of job (KB)
...
040 (15165480.075.000) 2022-02-28 01:49:53 Entered queue to transfer output files
...
040 (15165480.075.000) 2022-02-28 01:49:59 Started transferring output files
	Seconds spent in queue: 2101
...
040 (15165480.075.000) 2022-02-28 01:50:24 Finished transferring output files
...
005 (15165480.075.000) 2022-02-28 01:50:40 Job terminated.
	(1) Normal termination (return value 0)
		Usr 0 00:53:38, Sys 0 00:00:35  -  Run Remote Usage
		Usr 0 00:00:00, Sys 0 00:00:00  -  Run Local Usage
		Usr 0 00:53:38, Sys 0 00:00:35  -  Total Remote Usage
		Usr 0 00:00:00, Sys 0 00:00:00  -  Total Local Usage
	33897  -  Run Bytes Sent By Job
	131040256  -  Run Bytes Received By Job
	33897  -  Total Bytes Sent By Job
	131040256  -  Total Bytes Received By Job
	Partitionable Resources :     Usage  Request Allocated 
	   Cpus                 :      0.00        1         1 
	   Disk (KB)            : 163690      419431    900302 
	   IoHeavy              :                            0 
	   Memory (MB)          :   1140        2151      2176 

	Job terminated of its own accord at 2022-02-28T07:48:32Z with exit-code 0.
...
