000 (15165480.007.000) 2022-02-28 00:26:11 Job submitted from host: <128.105.244.191:9618?addrs=128.105.244.191-9618&alias=submit-1.chtc.wisc.edu&noUDP&sock=schedd_3562897_9248>
...
040 (15165480.007.000) 2022-02-28 00:42:20 Started transferring input files
	Transferring to host: <128.104.58.56:9618?addrs=128.104.58.56-9618+[2607-f388-1086-0-a6ba-dbff-fe38-fd35]-9618&alias=e046.chtc.wisc.edu&noUDP&sock=slot1_5_32737_ed8c_23806>
...
040 (15165480.007.000) 2022-02-28 00:42:23 Finished transferring input files
...
001 (15165480.007.000) 2022-02-28 00:42:36 Job executing on host: <128.104.58.56:9618?addrs=128.104.58.56-9618+[2607-f388-1086-0-a6ba-dbff-fe38-fd35]-9618&alias=e046.chtc.wisc.edu&noUDP&sock=startd_4957_ab0d>
...
006 (15165480.007.000) 2022-02-28 00:52:52 Image size of job updated: 388
	388  -  MemoryUsage of job (MB)
	397944  -  ResidentSetSize of job (KB)
...
006 (15165480.007.000) 2022-02-28 00:57:52 Image size of job updated: 757
	757  -  MemoryUsage of job (MB)
	775340  -  ResidentSetSize of job (KB)
...
006 (15165480.007.000) 2022-02-28 01:07:52 Image size of job updated: 771
	771  -  MemoryUsage of job (MB)
	789664  -  ResidentSetSize of job (KB)
...
006 (15165480.007.000) 2022-02-28 01:13:02 Image size of job updated: 799
	799  -  MemoryUsage of job (MB)
	818512  -  ResidentSetSize of job (KB)
...
006 (15165480.007.000) 2022-02-28 01:17:53 Image size of job updated: 822
	822  -  MemoryUsage of job (MB)
	842076  -  ResidentSetSize of job (KB)
...
006 (15165480.007.000) 2022-02-28 01:21:28 Image size of job updated: 1143
	1143  -  MemoryUsage of job (MB)
	1170772  -  ResidentSetSize of job (KB)
...
040 (15165480.007.000) 2022-02-28 01:21:57 Entered queue to transfer output files
...
040 (15165480.007.000) 2022-02-28 01:22:38 Started transferring output files
...
040 (15165480.007.000) 2022-02-28 01:23:57 Finished transferring output files
...
005 (15165480.007.000) 2022-02-28 01:24:41 Job terminated.
	(1) Normal termination (return value 0)
		Usr 0 00:00:00, Sys 0 00:00:00  -  Run Remote Usage
		Usr 0 00:00:00, Sys 0 00:00:00  -  Run Local Usage
		Usr 0 00:49:52, Sys 0 00:00:35  -  Total Remote Usage
		Usr 0 00:00:00, Sys 0 00:00:00  -  Total Local Usage
	35475  -  Run Bytes Sent By Job
	131040256  -  Run Bytes Received By Job
	35475  -  Total Bytes Sent By Job
	131040256  -  Total Bytes Received By Job
	Partitionable Resources :     Usage  Request Allocated 
	   Cpus                 :      0.00        1         1 
	   Disk (KB)            : 163693      419431   1361309 
	   IoHeavy              :                            0 
	   Memory (MB)          :   1143        2151      2176 

	Job terminated of its own accord at 2022-02-28T07:21:28Z with exit-code 0.
...
