000 (15165480.071.000) 2022-02-28 00:26:11 Job submitted from host: <128.105.244.191:9618?addrs=128.105.244.191-9618&alias=submit-1.chtc.wisc.edu&noUDP&sock=schedd_3562897_9248>
...
040 (15165480.071.000) 2022-02-28 01:12:47 Entered queue to transfer input files
	Transferring to host: <128.104.58.203:9618?addrs=128.104.58.203-9618+[2607-f388-1086-0-8af0-31ff-feb3-dc28]-9618&alias=e459.chtc.wisc.edu&noUDP&sock=slot1_17_7253_2500_27507>
...
040 (15165480.071.000) 2022-02-28 01:13:20 Started transferring input files
	Seconds spent in queue: 33
...
001 (15165480.071.000) 2022-02-28 01:16:21 Job executing on host: <128.104.58.203:9618?addrs=128.104.58.203-9618+[2607-f388-1086-0-8af0-31ff-feb3-dc28]-9618&alias=e459.chtc.wisc.edu&noUDP&sock=startd_2013_543c>
...
040 (15165480.071.000) 2022-02-28 01:16:21 Finished transferring input files
...
006 (15165480.071.000) 2022-02-28 01:17:12 Image size of job updated: 48
	48  -  MemoryUsage of job (MB)
	49700  -  ResidentSetSize of job (KB)
...
006 (15165480.071.000) 2022-02-28 01:22:13 Image size of job updated: 419
	419  -  MemoryUsage of job (MB)
	429744  -  ResidentSetSize of job (KB)
...
006 (15165480.071.000) 2022-02-28 01:27:14 Image size of job updated: 681
	681  -  MemoryUsage of job (MB)
	698072  -  ResidentSetSize of job (KB)
...
006 (15165480.071.000) 2022-02-28 01:32:22 Image size of job updated: 753
	753  -  MemoryUsage of job (MB)
	771388  -  ResidentSetSize of job (KB)
...
006 (15165480.071.000) 2022-02-28 01:42:14 Image size of job updated: 760
	760  -  MemoryUsage of job (MB)
	778612  -  ResidentSetSize of job (KB)
...
006 (15165480.071.000) 2022-02-28 01:47:16 Image size of job updated: 775
	775  -  MemoryUsage of job (MB)
	794032  -  ResidentSetSize of job (KB)
...
006 (15165480.071.000) 2022-02-28 01:52:16 Image size of job updated: 787
	787  -  MemoryUsage of job (MB)
	806564  -  ResidentSetSize of job (KB)
...
006 (15165480.071.000) 2022-02-28 01:57:17 Image size of job updated: 804
	804  -  MemoryUsage of job (MB)
	823980  -  ResidentSetSize of job (KB)
...
006 (15165480.071.000) 2022-02-28 02:02:18 Image size of job updated: 817
	817  -  MemoryUsage of job (MB)
	837140  -  ResidentSetSize of job (KB)
...
006 (15165480.071.000) 2022-02-28 02:07:18 Image size of job updated: 1120
	1120  -  MemoryUsage of job (MB)
	1147748  -  ResidentSetSize of job (KB)
...
006 (15165480.071.000) 2022-02-28 02:07:57 Image size of job updated: 1142
	1142  -  MemoryUsage of job (MB)
	1169660  -  ResidentSetSize of job (KB)
...
040 (15165480.071.000) 2022-02-28 02:08:04 Started transferring output files
	Seconds spent in queue: 3317
...
040 (15165480.071.000) 2022-02-28 02:08:09 Finished transferring output files
...
005 (15165480.071.000) 2022-02-28 02:08:14 Job terminated.
	(1) Normal termination (return value 0)
		Usr 0 01:22:07, Sys 0 00:01:02  -  Run Remote Usage
		Usr 0 00:00:00, Sys 0 00:00:00  -  Run Local Usage
		Usr 0 01:22:07, Sys 0 00:01:02  -  Total Remote Usage
		Usr 0 00:00:00, Sys 0 00:00:00  -  Total Local Usage
	34038  -  Run Bytes Sent By Job
	131040256  -  Run Bytes Received By Job
	34038  -  Total Bytes Sent By Job
	131040256  -  Total Bytes Received By Job
	Partitionable Resources :     Usage  Request Allocated 
	   Cpus                 :      0.00        1         1 
	   Disk (KB)            : 163756      419431    667055 
	   IoHeavy              :                            0 
	   Memory (MB)          :   1142        2151      2176 

	Job terminated of its own accord at 2022-02-28T08:07:57Z with exit-code 0.
...
