000 (15165480.072.000) 2022-02-28 00:26:11 Job submitted from host: <128.105.244.191:9618?addrs=128.105.244.191-9618&alias=submit-1.chtc.wisc.edu&noUDP&sock=schedd_3562897_9248>
...
040 (15165480.072.000) 2022-02-28 01:12:49 Entered queue to transfer input files
	Transferring to host: <128.104.101.29:9618?addrs=128.104.101.29-9618+[2607-f388-107c-501-a6ba-dbff-fe38-fd44]-9618&alias=e0058.chtc.wisc.edu&noUDP&sock=slot1_7_10290_fc5c_28872>
...
040 (15165480.072.000) 2022-02-28 01:13:22 Started transferring input files
	Seconds spent in queue: 33
...
001 (15165480.072.000) 2022-02-28 01:15:10 Job executing on host: <128.104.101.29:9618?addrs=128.104.101.29-9618+[2607-f388-107c-501-a6ba-dbff-fe38-fd44]-9618&alias=e0058.chtc.wisc.edu&noUDP&sock=startd_5026_ff16>
...
040 (15165480.072.000) 2022-02-28 01:15:10 Finished transferring input files
...
006 (15165480.072.000) 2022-02-28 01:15:34 Image size of job updated: 87
	87  -  MemoryUsage of job (MB)
	89120  -  ResidentSetSize of job (KB)
...
006 (15165480.072.000) 2022-02-28 01:20:24 Image size of job updated: 470
	470  -  MemoryUsage of job (MB)
	481832  -  ResidentSetSize of job (KB)
...
006 (15165480.072.000) 2022-02-28 01:25:24 Image size of job updated: 759
	759  -  MemoryUsage of job (MB)
	777328  -  ResidentSetSize of job (KB)
...
006 (15165480.072.000) 2022-02-28 01:35:26 Image size of job updated: 779
	779  -  MemoryUsage of job (MB)
	798508  -  ResidentSetSize of job (KB)
...
006 (15165480.072.000) 2022-02-28 01:40:27 Image size of job updated: 804
	804  -  MemoryUsage of job (MB)
	824040  -  ResidentSetSize of job (KB)
...
006 (15165480.072.000) 2022-02-28 01:45:28 Image size of job updated: 825
	825  -  MemoryUsage of job (MB)
	844956  -  ResidentSetSize of job (KB)
...
006 (15165480.072.000) 2022-02-28 01:48:26 Image size of job updated: 1143
	1143  -  MemoryUsage of job (MB)
	1170780  -  ResidentSetSize of job (KB)
...
040 (15165480.072.000) 2022-02-28 01:49:52 Entered queue to transfer output files
...
040 (15165480.072.000) 2022-02-28 01:49:58 Started transferring output files
	Seconds spent in queue: 2229
...
040 (15165480.072.000) 2022-02-28 01:50:23 Finished transferring output files
...
005 (15165480.072.000) 2022-02-28 01:50:38 Job terminated.
	(1) Normal termination (return value 0)
		Usr 0 00:55:12, Sys 0 00:00:41  -  Run Remote Usage
		Usr 0 00:00:00, Sys 0 00:00:00  -  Run Local Usage
		Usr 0 00:55:12, Sys 0 00:00:41  -  Total Remote Usage
		Usr 0 00:00:00, Sys 0 00:00:00  -  Total Local Usage
	34101  -  Run Bytes Sent By Job
	131040256  -  Run Bytes Received By Job
	34101  -  Total Bytes Sent By Job
	131040256  -  Total Bytes Received By Job
	Partitionable Resources :     Usage  Request Allocated 
	   Cpus                 :      0.00        1         1 
	   Disk (KB)            : 163691      419431    902171 
	   IoHeavy              :                            0 
	   Memory (MB)          :   1143        2151      2176 

	Job terminated of its own accord at 2022-02-28T07:48:26Z with exit-code 0.
...
