000 (15165480.070.000) 2022-02-28 00:26:11 Job submitted from host: <128.105.244.191:9618?addrs=128.105.244.191-9618&alias=submit-1.chtc.wisc.edu&noUDP&sock=schedd_3562897_9248>
...
040 (15165480.070.000) 2022-02-28 01:12:26 Entered queue to transfer input files
	Transferring to host: <128.104.58.75:9618?addrs=128.104.58.75-9618+[2607-f388-1086-0-a6ba-dbff-fe38-fc8c]-9618&alias=e065.chtc.wisc.edu&noUDP&sock=slot1_6_6267_6b18_24186>
...
040 (15165480.070.000) 2022-02-28 01:12:59 Started transferring input files
	Seconds spent in queue: 33
...
001 (15165480.070.000) 2022-02-28 01:13:24 Job executing on host: <128.104.58.75:9618?addrs=128.104.58.75-9618+[2607-f388-1086-0-a6ba-dbff-fe38-fc8c]-9618&alias=e065.chtc.wisc.edu&noUDP&sock=startd_4759_db4c>
...
006 (15165480.070.000) 2022-02-28 01:13:55 Image size of job updated: 87
	87  -  MemoryUsage of job (MB)
	89248  -  ResidentSetSize of job (KB)
...
040 (15165480.070.000) 2022-02-28 01:13:55 Finished transferring input files
...
006 (15165480.070.000) 2022-02-28 01:18:38 Image size of job updated: 447
	447  -  MemoryUsage of job (MB)
	458144  -  ResidentSetSize of job (KB)
...
006 (15165480.070.000) 2022-02-28 01:23:38 Image size of job updated: 739
	739  -  MemoryUsage of job (MB)
	756792  -  ResidentSetSize of job (KB)
...
006 (15165480.070.000) 2022-02-28 01:28:39 Image size of job updated: 757
	757  -  MemoryUsage of job (MB)
	775472  -  ResidentSetSize of job (KB)
...
006 (15165480.070.000) 2022-02-28 01:33:39 Image size of job updated: 778
	778  -  MemoryUsage of job (MB)
	797340  -  ResidentSetSize of job (KB)
...
006 (15165480.070.000) 2022-02-28 01:38:40 Image size of job updated: 803
	803  -  MemoryUsage of job (MB)
	822816  -  ResidentSetSize of job (KB)
...
006 (15165480.070.000) 2022-02-28 01:43:40 Image size of job updated: 824
	824  -  MemoryUsage of job (MB)
	843972  -  ResidentSetSize of job (KB)
...
006 (15165480.070.000) 2022-02-28 01:47:36 Image size of job updated: 1146
	1146  -  MemoryUsage of job (MB)
	1173692  -  ResidentSetSize of job (KB)
...
040 (15165480.070.000) 2022-02-28 01:47:50 Entered queue to transfer output files
...
040 (15165480.070.000) 2022-02-28 01:48:30 Started transferring output files
	Seconds spent in queue: 2164
...
040 (15165480.070.000) 2022-02-28 01:49:09 Finished transferring output files
...
005 (15165480.070.000) 2022-02-28 01:49:25 Job terminated.
	(1) Normal termination (return value 0)
		Usr 0 00:57:18, Sys 0 00:00:35  -  Run Remote Usage
		Usr 0 00:00:00, Sys 0 00:00:00  -  Run Local Usage
		Usr 0 00:57:18, Sys 0 00:00:35  -  Total Remote Usage
		Usr 0 00:00:00, Sys 0 00:00:00  -  Total Local Usage
	33852  -  Run Bytes Sent By Job
	131040256  -  Run Bytes Received By Job
	33852  -  Total Bytes Sent By Job
	131040256  -  Total Bytes Received By Job
	Partitionable Resources :    Usage  Request Allocated 
	   Cpus                 :        0        1         1 
	   Disk (KB)            :   163690   419431    907701 
	   IoHeavy              :                           0 
	   Memory (MB)          :     1146     2151      2176 

	Job terminated of its own accord at 2022-02-28T07:47:36Z with exit-code 0.
...
