000 (15165480.078.000) 2022-02-28 00:26:11 Job submitted from host: <128.105.244.191:9618?addrs=128.105.244.191-9618&alias=submit-1.chtc.wisc.edu&noUDP&sock=schedd_3562897_9248>
...
040 (15165480.078.000) 2022-02-28 01:15:15 Entered queue to transfer input files
	Transferring to host: <128.104.58.178:9618?addrs=128.104.58.178-9618+[2607-f388-1086-0-a6ba-dbff-fe38-fc39]-9618&alias=e1048.chtc.wisc.edu&noUDP&sock=slot1_9_23071_5b43_24649>
...
040 (15165480.078.000) 2022-02-28 01:17:42 Started transferring input files
	Seconds spent in queue: 147
...
001 (15165480.078.000) 2022-02-28 01:17:55 Job executing on host: <128.104.58.178:9618?addrs=128.104.58.178-9618+[2607-f388-1086-0-a6ba-dbff-fe38-fc39]-9618&alias=e1048.chtc.wisc.edu&noUDP&sock=startd_5063_6017>
...
006 (15165480.078.000) 2022-02-28 01:18:19 Image size of job updated: 65
	65  -  MemoryUsage of job (MB)
	66732  -  ResidentSetSize of job (KB)
...
040 (15165480.078.000) 2022-02-28 01:18:19 Finished transferring input files
...
006 (15165480.078.000) 2022-02-28 01:23:15 Image size of job updated: 485
	485  -  MemoryUsage of job (MB)
	496780  -  ResidentSetSize of job (KB)
...
006 (15165480.078.000) 2022-02-28 01:28:16 Image size of job updated: 1055
	1055  -  MemoryUsage of job (MB)
	1080976  -  ResidentSetSize of job (KB)
...
006 (15165480.078.000) 2022-02-28 01:33:17 Image size of job updated: 1079
	1079  -  MemoryUsage of job (MB)
	1105852  -  ResidentSetSize of job (KB)
...
006 (15165480.078.000) 2022-02-28 01:38:18 Image size of job updated: 1102
	1102  -  MemoryUsage of job (MB)
	1129360  -  ResidentSetSize of job (KB)
...
006 (15165480.078.000) 2022-02-28 01:43:19 Image size of job updated: 1120
	1120  -  MemoryUsage of job (MB)
	1147132  -  ResidentSetSize of job (KB)
...
006 (15165480.078.000) 2022-02-28 01:48:19 Image size of job updated: 1142
	1142  -  MemoryUsage of job (MB)
	1169644  -  ResidentSetSize of job (KB)
...
006 (15165480.078.000) 2022-02-28 01:50:58 Image size of job updated: 1143
	1143  -  MemoryUsage of job (MB)
	1171228  -  ResidentSetSize of job (KB)
...
040 (15165480.078.000) 2022-02-28 01:51:02 Started transferring output files
	Seconds spent in queue: 2147
...
040 (15165480.078.000) 2022-02-28 01:51:04 Finished transferring output files
...
005 (15165480.078.000) 2022-02-28 01:51:09 Job terminated.
	(1) Normal termination (return value 0)
		Usr 0 00:54:37, Sys 0 00:00:36  -  Run Remote Usage
		Usr 0 00:00:00, Sys 0 00:00:00  -  Run Local Usage
		Usr 0 00:54:37, Sys 0 00:00:36  -  Total Remote Usage
		Usr 0 00:00:00, Sys 0 00:00:00  -  Total Local Usage
	33873  -  Run Bytes Sent By Job
	131040256  -  Run Bytes Received By Job
	33873  -  Total Bytes Sent By Job
	131040256  -  Total Bytes Received By Job
	Partitionable Resources :     Usage  Request Allocated 
	   Cpus                 :      0.00        1         1 
	   Disk (KB)            : 163690      419431    902285 
	   IoHeavy              :                            0 
	   Memory (MB)          :   1143        2151      2176 

	Job terminated of its own accord at 2022-02-28T07:50:58Z with exit-code 0.
...
