000 (15165480.077.000) 2022-02-28 00:26:11 Job submitted from host: <128.105.244.191:9618?addrs=128.105.244.191-9618&alias=submit-1.chtc.wisc.edu&noUDP&sock=schedd_3562897_9248>
...
040 (15165480.077.000) 2022-02-28 01:15:15 Entered queue to transfer input files
	Transferring to host: <128.105.245.23:9618?addrs=128.105.245.23-9618&alias=e3223.chtc.wisc.edu&noUDP&sock=slot1_6_12728_c6ff_22390>
...
040 (15165480.077.000) 2022-02-28 01:16:07 Started transferring input files
	Seconds spent in queue: 52
...
001 (15165480.077.000) 2022-02-28 01:16:31 Job executing on host: <128.105.245.23:9618?addrs=128.105.245.23-9618&alias=e3223.chtc.wisc.edu&noUDP&sock=startd_4910_6e19>
...
006 (15165480.077.000) 2022-02-28 01:16:50 Image size of job updated: 50
	50  -  MemoryUsage of job (MB)
	51828  -  ResidentSetSize of job (KB)
...
040 (15165480.077.000) 2022-02-28 01:16:50 Finished transferring input files
...
006 (15165480.077.000) 2022-02-28 01:21:45 Image size of job updated: 454
	454  -  MemoryUsage of job (MB)
	465880  -  ResidentSetSize of job (KB)
...
006 (15165480.077.000) 2022-02-28 01:26:45 Image size of job updated: 1031
	1031  -  MemoryUsage of job (MB)
	1056336  -  ResidentSetSize of job (KB)
...
006 (15165480.077.000) 2022-02-28 01:31:46 Image size of job updated: 1057
	1057  -  MemoryUsage of job (MB)
	1082604  -  ResidentSetSize of job (KB)
...
006 (15165480.077.000) 2022-02-28 01:36:47 Image size of job updated: 1081
	1081  -  MemoryUsage of job (MB)
	1107948  -  ResidentSetSize of job (KB)
...
006 (15165480.077.000) 2022-02-28 01:41:48 Image size of job updated: 1105
	1105  -  MemoryUsage of job (MB)
	1132500  -  ResidentSetSize of job (KB)
...
006 (15165480.077.000) 2022-02-28 01:46:32 Image size of job updated: 1142
	1142  -  MemoryUsage of job (MB)
	1170364  -  ResidentSetSize of job (KB)
...
040 (15165480.077.000) 2022-02-28 01:49:11 Entered queue to transfer output files
...
040 (15165480.077.000) 2022-02-28 01:49:20 Started transferring output files
	Seconds spent in queue: 2045
...
040 (15165480.077.000) 2022-02-28 01:49:45 Finished transferring output files
...
005 (15165480.077.000) 2022-02-28 01:49:59 Job terminated.
	(1) Normal termination (return value 0)
		Usr 0 00:00:00, Sys 0 00:00:00  -  Run Remote Usage
		Usr 0 00:00:00, Sys 0 00:00:00  -  Run Local Usage
		Usr 0 00:42:07, Sys 0 00:00:30  -  Total Remote Usage
		Usr 0 00:00:00, Sys 0 00:00:00  -  Total Local Usage
	33897  -  Run Bytes Sent By Job
	131040256  -  Run Bytes Received By Job
	33897  -  Total Bytes Sent By Job
	131040256  -  Total Bytes Received By Job
	Partitionable Resources :    Usage  Request Allocated 
	   Cpus                 :        0        1         1 
	   Disk (KB)            :   163689   419431    900737 
	   IoHeavy              :                           0 
	   Memory (MB)          :     1142     2151      2176 

	Job terminated of its own accord at 2022-02-28T07:46:32Z with exit-code 0.
...
