000 (15165480.080.000) 2022-02-28 00:26:11 Job submitted from host: <128.105.244.191:9618?addrs=128.105.244.191-9618&alias=submit-1.chtc.wisc.edu&noUDP&sock=schedd_3562897_9248>
...
040 (15165480.080.000) 2022-02-28 01:15:56 Entered queue to transfer input files
	Transferring to host: <128.105.245.26:9618?addrs=128.105.245.26-9618&alias=e3226.chtc.wisc.edu&noUDP&sock=slot1_2_16277_5e6f_21598>
...
040 (15165480.080.000) 2022-02-28 01:16:38 Started transferring input files
	Seconds spent in queue: 42
...
001 (15165480.080.000) 2022-02-28 01:17:29 Job executing on host: <128.105.245.26:9618?addrs=128.105.245.26-9618&alias=e3226.chtc.wisc.edu&noUDP&sock=startd_1584_121b>
...
006 (15165480.080.000) 2022-02-28 01:17:44 Image size of job updated: 87
	87  -  MemoryUsage of job (MB)
	89172  -  ResidentSetSize of job (KB)
...
040 (15165480.080.000) 2022-02-28 01:17:44 Finished transferring input files
...
006 (15165480.080.000) 2022-02-28 01:22:38 Image size of job updated: 491
	491  -  MemoryUsage of job (MB)
	503604  -  ResidentSetSize of job (KB)
...
006 (15165480.080.000) 2022-02-28 01:27:38 Image size of job updated: 794
	794  -  MemoryUsage of job (MB)
	813788  -  ResidentSetSize of job (KB)
...
006 (15165480.080.000) 2022-02-28 01:32:38 Image size of job updated: 814
	814  -  MemoryUsage of job (MB)
	834048  -  ResidentSetSize of job (KB)
...
006 (15165480.080.000) 2022-02-28 01:37:38 Image size of job updated: 847
	847  -  MemoryUsage of job (MB)
	867780  -  ResidentSetSize of job (KB)
...
006 (15165480.080.000) 2022-02-28 01:42:38 Image size of job updated: 875
	875  -  MemoryUsage of job (MB)
	896896  -  ResidentSetSize of job (KB)
...
006 (15165480.080.000) 2022-02-28 01:47:38 Image size of job updated: 1146
	1146  -  MemoryUsage of job (MB)
	1173772  -  ResidentSetSize of job (KB)
...
040 (15165480.080.000) 2022-02-28 01:48:04 Entered queue to transfer output files
...
040 (15165480.080.000) 2022-02-28 01:48:17 Started transferring output files
	Seconds spent in queue: 1941
...
040 (15165480.080.000) 2022-02-28 01:48:45 Finished transferring output files
...
005 (15165480.080.000) 2022-02-28 01:49:11 Job terminated.
	(1) Normal termination (return value 0)
		Usr 0 00:49:49, Sys 0 00:00:35  -  Run Remote Usage
		Usr 0 00:00:00, Sys 0 00:00:00  -  Run Local Usage
		Usr 0 00:49:49, Sys 0 00:00:35  -  Total Remote Usage
		Usr 0 00:00:00, Sys 0 00:00:00  -  Total Local Usage
	34049  -  Run Bytes Sent By Job
	131040256  -  Run Bytes Received By Job
	34049  -  Total Bytes Sent By Job
	131040256  -  Total Bytes Received By Job
	Partitionable Resources :     Usage  Request Allocated 
	   Cpus                 :      0.00        1         1 
	   Disk (KB)            : 163719      419431   1051856 
	   IoHeavy              :                            0 
	   Memory (MB)          :   1146        2151      2176 

	Job terminated of its own accord at 2022-02-28T07:47:48Z with exit-code 0.
...
