000 (15165480.009.000) 2022-02-28 00:26:11 Job submitted from host: <128.105.244.191:9618?addrs=128.105.244.191-9618&alias=submit-1.chtc.wisc.edu&noUDP&sock=schedd_3562897_9248>
...
040 (15165480.009.000) 2022-02-28 00:43:49 Started transferring input files
	Transferring to host: <128.104.58.164:9618?addrs=128.104.58.164-9618+[2607-f388-1086-0-16fe-b5ff-fec6-7a89]-9618&alias=e1016.chtc.wisc.edu&noUDP&sock=slot1_31_17462_4eff_27834>
...
040 (15165480.009.000) 2022-02-28 00:43:59 Finished transferring input files
...
001 (15165480.009.000) 2022-02-28 00:44:04 Job executing on host: <128.104.58.164:9618?addrs=128.104.58.164-9618+[2607-f388-1086-0-16fe-b5ff-fec6-7a89]-9618&alias=e1016.chtc.wisc.edu&noUDP&sock=startd_4670_cf5e>
...
006 (15165480.009.000) 2022-02-28 00:50:39 Image size of job updated: 182
	182  -  MemoryUsage of job (MB)
	186500  -  ResidentSetSize of job (KB)
...
006 (15165480.009.000) 2022-02-28 00:55:40 Image size of job updated: 419
	419  -  MemoryUsage of job (MB)
	429124  -  ResidentSetSize of job (KB)
...
006 (15165480.009.000) 2022-02-28 01:00:41 Image size of job updated: 633
	633  -  MemoryUsage of job (MB)
	648712  -  ResidentSetSize of job (KB)
...
006 (15165480.009.000) 2022-02-28 01:05:42 Image size of job updated: 740
	740  -  MemoryUsage of job (MB)
	758360  -  ResidentSetSize of job (KB)
...
006 (15165480.009.000) 2022-02-28 01:15:43 Image size of job updated: 753
	753  -  MemoryUsage of job (MB)
	771644  -  ResidentSetSize of job (KB)
...
006 (15165480.009.000) 2022-02-28 01:20:44 Image size of job updated: 766
	766  -  MemoryUsage of job (MB)
	785224  -  ResidentSetSize of job (KB)
...
006 (15165480.009.000) 2022-02-28 01:25:44 Image size of job updated: 782
	782  -  MemoryUsage of job (MB)
	801048  -  ResidentSetSize of job (KB)
...
006 (15165480.009.000) 2022-02-28 01:30:45 Image size of job updated: 796
	796  -  MemoryUsage of job (MB)
	815184  -  ResidentSetSize of job (KB)
...
006 (15165480.009.000) 2022-02-28 01:35:46 Image size of job updated: 810
	810  -  MemoryUsage of job (MB)
	829516  -  ResidentSetSize of job (KB)
...
006 (15165480.009.000) 2022-02-28 01:40:46 Image size of job updated: 817
	817  -  MemoryUsage of job (MB)
	836892  -  ResidentSetSize of job (KB)
...
006 (15165480.009.000) 2022-02-28 01:44:48 Image size of job updated: 1141
	1141  -  MemoryUsage of job (MB)
	1169004  -  ResidentSetSize of job (KB)
...
040 (15165480.009.000) 2022-02-28 01:45:24 Entered queue to transfer output files
...
040 (15165480.009.000) 2022-02-28 01:45:38 Started transferring output files
...
040 (15165480.009.000) 2022-02-28 01:46:31 Finished transferring output files
...
005 (15165480.009.000) 2022-02-28 01:46:53 Job terminated.
	(1) Normal termination (return value 0)
		Usr 0 01:24:34, Sys 0 00:01:28  -  Run Remote Usage
		Usr 0 00:00:00, Sys 0 00:00:00  -  Run Local Usage
		Usr 0 01:24:34, Sys 0 00:01:28  -  Total Remote Usage
		Usr 0 00:00:00, Sys 0 00:00:00  -  Total Local Usage
	35728  -  Run Bytes Sent By Job
	131040256  -  Run Bytes Received By Job
	35728  -  Total Bytes Sent By Job
	131040256  -  Total Bytes Received By Job
	Partitionable Resources :     Usage  Request Allocated 
	   Cpus                 :      0.00        1         1 
	   Disk (KB)            : 163825      419431    597348 
	   IoHeavy              :                            0 
	   Memory (MB)          :   1141        2151      2176 

	Job terminated of its own accord at 2022-02-28T07:44:48Z with exit-code 0.
...
