000 (15165475.000.000) 2022-02-28 00:26:02 Job submitted from host: <128.105.244.191:9618?addrs=128.105.244.191-9618&alias=submit-1.chtc.wisc.edu&noUDP&sock=schedd_3562897_9248>
...
040 (15165475.000.000) 2022-02-28 00:39:35 Started transferring input files
	Transferring to host: <128.105.245.63:9618?addrs=128.105.245.63-9618&alias=e263.chtc.wisc.edu&noUDP&sock=slot1_29_1787_da62_26906>
...
040 (15165475.000.000) 2022-02-28 00:39:36 Finished transferring input files
...
001 (15165475.000.000) 2022-02-28 00:39:37 Job executing on host: <128.105.245.63:9618?addrs=128.105.245.63-9618&alias=e263.chtc.wisc.edu&noUDP&sock=startd_2607_c37d>
...
006 (15165475.000.000) 2022-02-28 01:06:27 Image size of job updated: 194
	194  -  MemoryUsage of job (MB)
	199596  -  ResidentSetSize of job (KB)
...
006 (15165475.000.000) 2022-02-28 01:11:28 Image size of job updated: 407
	407  -  MemoryUsage of job (MB)
	417692  -  ResidentSetSize of job (KB)
...
006 (15165475.000.000) 2022-02-28 01:16:29 Image size of job updated: 689
	689  -  MemoryUsage of job (MB)
	706180  -  ResidentSetSize of job (KB)
...
006 (15165475.000.000) 2022-02-28 01:21:29 Image size of job updated: 742
	742  -  MemoryUsage of job (MB)
	760092  -  ResidentSetSize of job (KB)
...
006 (15165475.000.000) 2022-02-28 01:26:29 Image size of job updated: 753
	753  -  MemoryUsage of job (MB)
	771160  -  ResidentSetSize of job (KB)
...
006 (15165475.000.000) 2022-02-28 01:31:29 Image size of job updated: 764
	764  -  MemoryUsage of job (MB)
	782396  -  ResidentSetSize of job (KB)
...
006 (15165475.000.000) 2022-02-28 01:36:30 Image size of job updated: 775
	775  -  MemoryUsage of job (MB)
	793652  -  ResidentSetSize of job (KB)
...
006 (15165475.000.000) 2022-02-28 01:41:30 Image size of job updated: 792
	792  -  MemoryUsage of job (MB)
	811712  -  ResidentSetSize of job (KB)
...
006 (15165475.000.000) 2022-02-28 01:46:31 Image size of job updated: 806
	806  -  MemoryUsage of job (MB)
	826036  -  ResidentSetSize of job (KB)
...
006 (15165475.000.000) 2022-02-28 01:51:32 Image size of job updated: 823
	823  -  MemoryUsage of job (MB)
	843184  -  ResidentSetSize of job (KB)
...
006 (15165475.000.000) 2022-02-28 01:56:32 Image size of job updated: 827
	827  -  MemoryUsage of job (MB)
	847800  -  ResidentSetSize of job (KB)
...
006 (15165475.000.000) 2022-02-28 02:01:08 Image size of job updated: 1141
	1141  -  MemoryUsage of job (MB)
	1168480  -  ResidentSetSize of job (KB)
...
040 (15165475.000.000) 2022-02-28 02:01:08 Started transferring output files
...
040 (15165475.000.000) 2022-02-28 02:01:08 Finished transferring output files
...
005 (15165475.000.000) 2022-02-28 02:01:09 Job terminated.
	(1) Normal termination (return value 0)
		Usr 0 01:29:23, Sys 0 00:01:34  -  Run Remote Usage
		Usr 0 00:00:00, Sys 0 00:00:00  -  Run Local Usage
		Usr 0 01:29:23, Sys 0 00:01:34  -  Total Remote Usage
		Usr 0 00:00:00, Sys 0 00:00:00  -  Total Local Usage
	50655  -  Run Bytes Sent By Job
	131040256  -  Run Bytes Received By Job
	50655  -  Total Bytes Sent By Job
	131040256  -  Total Bytes Received By Job
	Partitionable Resources :     Usage  Request Allocated 
	   Cpus                 :      0.00        1         1 
	   Disk (KB)            : 163743      419431    662028 
	   IoHeavy              :                            0 
	   Memory (MB)          :   1141        2151      2176 

	Job terminated of its own accord at 2022-02-28T08:01:08Z with exit-code 0.
...
