000 (15165475.001.000) 2022-02-28 00:26:02 Job submitted from host: <128.105.244.191:9618?addrs=128.105.244.191-9618&alias=submit-1.chtc.wisc.edu&noUDP&sock=schedd_3562897_9248>
...
040 (15165475.001.000) 2022-02-28 00:39:35 Started transferring input files
	Transferring to host: <128.105.68.114:9618?addrs=128.105.68.114-9618&alias=e2454.chtc.wisc.edu&noUDP&sock=slot1_24_4010_285c_25599>
...
040 (15165475.001.000) 2022-02-28 00:39:36 Finished transferring input files
...
001 (15165475.001.000) 2022-02-28 00:39:38 Job executing on host: <128.105.68.114:9618?addrs=128.105.68.114-9618&alias=e2454.chtc.wisc.edu&noUDP&sock=startd_2441_e6c4>
...
006 (15165475.001.000) 2022-02-28 00:45:22 Image size of job updated: 174
	174  -  MemoryUsage of job (MB)
	178448  -  ResidentSetSize of job (KB)
...
006 (15165475.001.000) 2022-02-28 00:50:22 Image size of job updated: 379
	379  -  MemoryUsage of job (MB)
	388452  -  ResidentSetSize of job (KB)
...
006 (15165475.001.000) 2022-02-28 00:55:23 Image size of job updated: 687
	687  -  MemoryUsage of job (MB)
	704216  -  ResidentSetSize of job (KB)
...
006 (15165475.001.000) 2022-02-28 01:00:24 Image size of job updated: 744
	744  -  MemoryUsage of job (MB)
	762384  -  ResidentSetSize of job (KB)
...
006 (15165475.001.000) 2022-02-28 01:05:24 Image size of job updated: 758
	758  -  MemoryUsage of job (MB)
	776876  -  ResidentSetSize of job (KB)
...
006 (15165475.001.000) 2022-02-28 01:10:24 Image size of job updated: 773
	773  -  MemoryUsage of job (MB)
	791796  -  ResidentSetSize of job (KB)
...
006 (15165475.001.000) 2022-02-28 01:15:24 Image size of job updated: 796
	796  -  MemoryUsage of job (MB)
	815816  -  ResidentSetSize of job (KB)
...
006 (15165475.001.000) 2022-02-28 01:20:24 Image size of job updated: 810
	810  -  MemoryUsage of job (MB)
	829652  -  ResidentSetSize of job (KB)
...
006 (15165475.001.000) 2022-02-28 01:25:24 Image size of job updated: 826
	826  -  MemoryUsage of job (MB)
	846312  -  ResidentSetSize of job (KB)
...
006 (15165475.001.000) 2022-02-28 01:30:25 Image size of job updated: 1033
	1033  -  MemoryUsage of job (MB)
	1058560  -  ResidentSetSize of job (KB)
...
006 (15165475.001.000) 2022-02-28 01:31:30 Image size of job updated: 1141
	1141  -  MemoryUsage of job (MB)
	1168648  -  ResidentSetSize of job (KB)
...
022 (15165475.001.000) 2022-02-28 01:38:50 Job disconnected, attempting to reconnect
    Socket between submit and execute hosts closed unexpectedly
    Trying to reconnect to slot1_24@e2454.chtc.wisc.edu <128.105.68.114:9618?addrs=128.105.68.114-9618&alias=e2454.chtc.wisc.edu&noUDP&sock=startd_2441_e6c4>
...
023 (15165475.001.000) 2022-02-28 01:38:50 Job reconnected to slot1_24@e2454.chtc.wisc.edu
    startd address: <128.105.68.114:9618?addrs=128.105.68.114-9618&alias=e2454.chtc.wisc.edu&noUDP&sock=startd_2441_e6c4>
    starter address: <128.105.68.114:9618?addrs=128.105.68.114-9618&alias=e2454.chtc.wisc.edu&noUDP&sock=slot1_24_4010_285c_25599>
...
040 (15165475.001.000) 2022-02-28 01:38:50 Finished transferring output files
...
040 (15165475.001.000) 2022-02-28 01:39:17 Entered queue to transfer output files
...
040 (15165475.001.000) 2022-02-28 01:41:47 Started transferring output files
...
040 (15165475.001.000) 2022-02-28 01:46:48 Finished transferring output files
...
005 (15165475.001.000) 2022-02-28 01:47:16 Job terminated.
	(1) Normal termination (return value 0)
		Usr 0 01:16:06, Sys 0 00:00:54  -  Run Remote Usage
		Usr 0 00:00:00, Sys 0 00:00:00  -  Run Local Usage
		Usr 0 01:16:06, Sys 0 00:00:54  -  Total Remote Usage
		Usr 0 00:00:00, Sys 0 00:00:00  -  Total Local Usage
	46776  -  Run Bytes Sent By Job
	131040256  -  Run Bytes Received By Job
	46776  -  Total Bytes Sent By Job
	131040256  -  Total Bytes Received By Job
	Partitionable Resources :     Usage  Request Allocated 
	   Cpus                 :      0.00        1         1 
	   Disk (KB)            : 163768      419431    585935 
	   IoHeavy              :                            0 
	   Memory (MB)          :   1141        2151      2176 

	Job terminated of its own accord at 2022-02-28T07:31:30Z with exit-code 0.
...
