000 (15165475.012.000) 2022-02-28 00:26:02 Job submitted from host: <128.105.244.191:9618?addrs=128.105.244.191-9618&alias=submit-1.chtc.wisc.edu&noUDP&sock=schedd_3562897_9248>
...
040 (15165475.012.000) 2022-02-28 00:39:39 Started transferring input files
	Transferring to host: <128.105.68.127:9618?addrs=128.105.68.127-9618&alias=e2441.chtc.wisc.edu&noUDP&sock=slot1_10_14623_f9ec_32944>
...
040 (15165475.012.000) 2022-02-28 00:39:40 Finished transferring input files
...
001 (15165475.012.000) 2022-02-28 00:39:42 Job executing on host: <128.105.68.127:9618?addrs=128.105.68.127-9618&alias=e2441.chtc.wisc.edu&noUDP&sock=startd_2383_1e46>
...
006 (15165475.012.000) 2022-02-28 00:44:53 Image size of job updated: 187
	187  -  MemoryUsage of job (MB)
	192028  -  ResidentSetSize of job (KB)
...
006 (15165475.012.000) 2022-02-28 00:49:53 Image size of job updated: 419
	419  -  MemoryUsage of job (MB)
	429320  -  ResidentSetSize of job (KB)
...
006 (15165475.012.000) 2022-02-28 00:54:53 Image size of job updated: 693
	693  -  MemoryUsage of job (MB)
	710324  -  ResidentSetSize of job (KB)
...
006 (15165475.012.000) 2022-02-28 00:59:53 Image size of job updated: 747
	747  -  MemoryUsage of job (MB)
	765892  -  ResidentSetSize of job (KB)
...
006 (15165475.012.000) 2022-02-28 01:04:54 Image size of job updated: 760
	760  -  MemoryUsage of job (MB)
	778848  -  ResidentSetSize of job (KB)
...
006 (15165475.012.000) 2022-02-28 01:09:54 Image size of job updated: 775
	775  -  MemoryUsage of job (MB)
	794284  -  ResidentSetSize of job (KB)
...
006 (15165475.012.000) 2022-02-28 01:14:55 Image size of job updated: 788
	788  -  MemoryUsage of job (MB)
	807832  -  ResidentSetSize of job (KB)
...
006 (15165475.012.000) 2022-02-28 01:19:56 Image size of job updated: 807
	807  -  MemoryUsage of job (MB)
	827076  -  ResidentSetSize of job (KB)
...
006 (15165475.012.000) 2022-02-28 01:27:17 Image size of job updated: 820
	820  -  MemoryUsage of job (MB)
	840528  -  ResidentSetSize of job (KB)
...
006 (15165475.012.000) 2022-02-28 01:33:34 Image size of job updated: 1139
	1139  -  MemoryUsage of job (MB)
	1166440  -  ResidentSetSize of job (KB)
...
040 (15165475.012.000) 2022-02-28 01:34:07 Entered queue to transfer output files
...
040 (15165475.012.000) 2022-02-28 01:36:38 Started transferring output files
...
040 (15165475.012.000) 2022-02-28 01:37:54 Finished transferring output files
...
005 (15165475.012.000) 2022-02-28 01:38:42 Job terminated.
	(1) Normal termination (return value 0)
		Usr 0 00:00:00, Sys 0 00:00:00  -  Run Remote Usage
		Usr 0 00:00:00, Sys 0 00:00:00  -  Run Local Usage
		Usr 0 01:06:15, Sys 0 00:00:49  -  Total Remote Usage
		Usr 0 00:00:00, Sys 0 00:00:00  -  Total Local Usage
	47043  -  Run Bytes Sent By Job
	131040256  -  Run Bytes Received By Job
	47043  -  Total Bytes Sent By Job
	131040256  -  Total Bytes Received By Job
	Partitionable Resources :     Usage  Request Allocated 
	   Cpus                 :      0.00        1         1 
	   Disk (KB)            : 163739      419431    589852 
	   IoHeavy              :                            0 
	   Memory (MB)          :   1139        2151      2176 

	Job terminated of its own accord at 2022-02-28T07:33:34Z with exit-code 0.
...
