000 (15165475.016.000) 2022-02-28 00:26:02 Job submitted from host: <128.105.244.191:9618?addrs=128.105.244.191-9618&alias=submit-1.chtc.wisc.edu&noUDP&sock=schedd_3562897_9248>
...
040 (15165475.016.000) 2022-02-28 00:39:40 Started transferring input files
	Transferring to host: <128.104.58.234:9618?addrs=128.104.58.234-9618+[2607-f388-1086-0-226-9eff-fe2b-be5a]-9618&alias=e562.chtc.wisc.edu&noUDP&sock=slot1_2_1895_f2e6_22660>
...
040 (15165475.016.000) 2022-02-28 00:39:43 Finished transferring input files
...
001 (15165475.016.000) 2022-02-28 00:39:45 Job executing on host: <128.104.58.234:9618?addrs=128.104.58.234-9618+[2607-f388-1086-0-226-9eff-fe2b-be5a]-9618&alias=e562.chtc.wisc.edu&noUDP&sock=startd_2019_71cd>
...
006 (15165475.016.000) 2022-02-28 00:44:59 Image size of job updated: 197
	197  -  MemoryUsage of job (MB)
	202632  -  ResidentSetSize of job (KB)
...
006 (15165475.016.000) 2022-02-28 00:50:00 Image size of job updated: 481
	481  -  MemoryUsage of job (MB)
	492900  -  ResidentSetSize of job (KB)
...
006 (15165475.016.000) 2022-02-28 00:55:01 Image size of job updated: 768
	768  -  MemoryUsage of job (MB)
	786988  -  ResidentSetSize of job (KB)
...
006 (15165475.016.000) 2022-02-28 01:10:04 Image size of job updated: 787
	787  -  MemoryUsage of job (MB)
	806544  -  ResidentSetSize of job (KB)
...
006 (15165475.016.000) 2022-02-28 01:15:06 Image size of job updated: 803
	803  -  MemoryUsage of job (MB)
	822912  -  ResidentSetSize of job (KB)
...
006 (15165475.016.000) 2022-02-28 01:20:06 Image size of job updated: 820
	820  -  MemoryUsage of job (MB)
	839808  -  ResidentSetSize of job (KB)
...
006 (15165475.016.000) 2022-02-28 01:25:44 Image size of job updated: 1140
	1140  -  MemoryUsage of job (MB)
	1168164  -  ResidentSetSize of job (KB)
...
040 (15165475.016.000) 2022-02-28 01:28:33 Entered queue to transfer output files
...
040 (15165475.016.000) 2022-02-28 01:29:58 Started transferring output files
...
040 (15165475.016.000) 2022-02-28 01:31:02 Finished transferring output files
...
005 (15165475.016.000) 2022-02-28 01:31:54 Job terminated.
	(1) Normal termination (return value 0)
		Usr 0 00:00:00, Sys 0 00:00:00  -  Run Remote Usage
		Usr 0 00:00:00, Sys 0 00:00:00  -  Run Local Usage
		Usr 0 01:08:55, Sys 0 00:00:52  -  Total Remote Usage
		Usr 0 00:00:00, Sys 0 00:00:00  -  Total Local Usage
	37576  -  Run Bytes Sent By Job
	131040256  -  Run Bytes Received By Job
	37576  -  Total Bytes Sent By Job
	131040256  -  Total Bytes Received By Job
	Partitionable Resources :     Usage  Request Allocated 
	   Cpus                 :      0.00        1         1 
	   Disk (KB)            : 163860      419431    903018 
	   IoHeavy              :                            0 
	   Memory (MB)          :   1140        2151      2176 

	Job terminated of its own accord at 2022-02-28T07:25:46Z with exit-code 0.
...
