000 (15165475.011.000) 2022-02-28 00:26:02 Job submitted from host: <128.105.244.191:9618?addrs=128.105.244.191-9618&alias=submit-1.chtc.wisc.edu&noUDP&sock=schedd_3562897_9248>
...
040 (15165475.011.000) 2022-02-28 00:39:39 Started transferring input files
	Transferring to host: <128.105.245.177:9618?addrs=128.105.245.177-9618&alias=e2377.chtc.wisc.edu&noUDP&sock=slot1_8_36363_c5e0_27908>
...
040 (15165475.011.000) 2022-02-28 00:39:40 Finished transferring input files
...
001 (15165475.011.000) 2022-02-28 00:39:42 Job executing on host: <128.105.245.177:9618?addrs=128.105.245.177-9618&alias=e2377.chtc.wisc.edu&noUDP&sock=startd_2888_819a>
...
006 (15165475.011.000) 2022-02-28 01:05:39 Image size of job updated: 349
	349  -  MemoryUsage of job (MB)
	358188  -  ResidentSetSize of job (KB)
...
006 (15165475.011.000) 2022-02-28 01:10:39 Image size of job updated: 671
	671  -  MemoryUsage of job (MB)
	687128  -  ResidentSetSize of job (KB)
...
006 (15165475.011.000) 2022-02-28 01:15:39 Image size of job updated: 757
	757  -  MemoryUsage of job (MB)
	775296  -  ResidentSetSize of job (KB)
...
006 (15165475.011.000) 2022-02-28 01:25:39 Image size of job updated: 760
	760  -  MemoryUsage of job (MB)
	778540  -  ResidentSetSize of job (KB)
...
006 (15165475.011.000) 2022-02-28 01:30:40 Image size of job updated: 775
	775  -  MemoryUsage of job (MB)
	794512  -  ResidentSetSize of job (KB)
...
006 (15165475.011.000) 2022-02-28 01:35:41 Image size of job updated: 791
	791  -  MemoryUsage of job (MB)
	810616  -  ResidentSetSize of job (KB)
...
006 (15165475.011.000) 2022-02-28 01:40:42 Image size of job updated: 806
	806  -  MemoryUsage of job (MB)
	825664  -  ResidentSetSize of job (KB)
...
006 (15165475.011.000) 2022-02-28 01:45:42 Image size of job updated: 951
	951  -  MemoryUsage of job (MB)
	974724  -  ResidentSetSize of job (KB)
...
006 (15165475.011.000) 2022-02-28 01:47:28 Image size of job updated: 1129
	1129  -  MemoryUsage of job (MB)
	1156356  -  ResidentSetSize of job (KB)
...
040 (15165475.011.000) 2022-02-28 01:47:46 Entered queue to transfer output files
...
040 (15165475.011.000) 2022-02-28 01:47:55 Started transferring output files
...
040 (15165475.011.000) 2022-02-28 01:48:23 Finished transferring output files
...
005 (15165475.011.000) 2022-02-28 01:48:44 Job terminated.
	(1) Normal termination (return value 0)
		Usr 0 00:00:00, Sys 0 00:00:00  -  Run Remote Usage
		Usr 0 00:00:00, Sys 0 00:00:00  -  Run Local Usage
		Usr 0 01:15:21, Sys 0 00:01:02  -  Total Remote Usage
		Usr 0 00:00:00, Sys 0 00:00:00  -  Total Local Usage
	50620  -  Run Bytes Sent By Job
	131040256  -  Run Bytes Received By Job
	50620  -  Total Bytes Sent By Job
	131040256  -  Total Bytes Received By Job
	Partitionable Resources :     Usage  Request Allocated 
	   Cpus                 :      0.00        1         1 
	   Disk (KB)            : 163772      419431    588152 
	   IoHeavy              :                            0 
	   Memory (MB)          :   1129        2151      2176 

	Job terminated of its own accord at 2022-02-28T07:47:28Z with exit-code 0.
...
