000 (15165475.018.000) 2022-02-28 00:26:02 Job submitted from host: <128.105.244.191:9618?addrs=128.105.244.191-9618&alias=submit-1.chtc.wisc.edu&noUDP&sock=schedd_3562897_9248>
...
040 (15165475.018.000) 2022-02-28 00:39:41 Started transferring input files
	Transferring to host: <128.104.58.184:9618?addrs=128.104.58.184-9618+[2607-f388-1086-0-16fe-b5ff-fec6-7153]-9618&alias=e1034.chtc.wisc.edu&noUDP&sock=slot1_4_31303_8b92_26866>
...
040 (15165475.018.000) 2022-02-28 00:39:45 Finished transferring input files
...
001 (15165475.018.000) 2022-02-28 00:39:48 Job executing on host: <128.104.58.184:9618?addrs=128.104.58.184-9618+[2607-f388-1086-0-16fe-b5ff-fec6-7153]-9618&alias=e1034.chtc.wisc.edu&noUDP&sock=startd_4983_8083>
...
006 (15165475.018.000) 2022-02-28 00:51:25 Image size of job updated: 202
	202  -  MemoryUsage of job (MB)
	207056  -  ResidentSetSize of job (KB)
...
006 (15165475.018.000) 2022-02-28 00:56:26 Image size of job updated: 380
	380  -  MemoryUsage of job (MB)
	389220  -  ResidentSetSize of job (KB)
...
006 (15165475.018.000) 2022-02-28 01:01:26 Image size of job updated: 672
	672  -  MemoryUsage of job (MB)
	688660  -  ResidentSetSize of job (KB)
...
006 (15165475.018.000) 2022-02-28 01:06:27 Image size of job updated: 771
	771  -  MemoryUsage of job (MB)
	789672  -  ResidentSetSize of job (KB)
...
006 (15165475.018.000) 2022-02-28 01:21:29 Image size of job updated: 786
	786  -  MemoryUsage of job (MB)
	805092  -  ResidentSetSize of job (KB)
...
006 (15165475.018.000) 2022-02-28 01:27:31 Image size of job updated: 801
	801  -  MemoryUsage of job (MB)
	820812  -  ResidentSetSize of job (KB)
...
006 (15165475.018.000) 2022-02-28 01:31:30 Image size of job updated: 814
	814  -  MemoryUsage of job (MB)
	834348  -  ResidentSetSize of job (KB)
...
006 (15165475.018.000) 2022-02-28 01:36:31 Image size of job updated: 828
	828  -  MemoryUsage of job (MB)
	847876  -  ResidentSetSize of job (KB)
...
006 (15165475.018.000) 2022-02-28 01:40:21 Image size of job updated: 1141
	1141  -  MemoryUsage of job (MB)
	1168596  -  ResidentSetSize of job (KB)
...
040 (15165475.018.000) 2022-02-28 01:41:16 Entered queue to transfer output files
...
040 (15165475.018.000) 2022-02-28 01:43:51 Started transferring output files
...
040 (15165475.018.000) 2022-02-28 01:44:38 Finished transferring output files
...
005 (15165475.018.000) 2022-02-28 01:45:09 Job terminated.
	(1) Normal termination (return value 0)
		Usr 0 00:00:00, Sys 0 00:00:00  -  Run Remote Usage
		Usr 0 00:00:00, Sys 0 00:00:00  -  Run Local Usage
		Usr 0 01:17:06, Sys 0 00:01:27  -  Total Remote Usage
		Usr 0 00:00:00, Sys 0 00:00:00  -  Total Local Usage
	37489  -  Run Bytes Sent By Job
	131040256  -  Run Bytes Received By Job
	37489  -  Total Bytes Sent By Job
	131040256  -  Total Bytes Received By Job
	Partitionable Resources :     Usage  Request Allocated 
	   Cpus                 :      0.00        1         1 
	   Disk (KB)            : 163827      419431    662750 
	   IoHeavy              :                            0 
	   Memory (MB)          :   1141        2151      2176 

	Job terminated of its own accord at 2022-02-28T07:40:21Z with exit-code 0.
...
