000 (15165475.025.000) 2022-02-28 00:26:02 Job submitted from host: <128.105.244.191:9618?addrs=128.105.244.191-9618&alias=submit-1.chtc.wisc.edu&noUDP&sock=schedd_3562897_9248>
...
040 (15165475.025.000) 2022-02-28 00:39:42 Started transferring input files
	Transferring to host: <128.104.58.194:9618?addrs=128.104.58.194-9618+[2607-f388-1086-0-f24d-a2ff-fe40-ff19]-9618&alias=e1052.chtc.wisc.edu&noUDP&sock=slot1_21_38933_9208_27483>
...
040 (15165475.025.000) 2022-02-28 00:39:48 Finished transferring input files
...
001 (15165475.025.000) 2022-02-28 00:39:51 Job executing on host: <128.104.58.194:9618?addrs=128.104.58.194-9618+[2607-f388-1086-0-f24d-a2ff-fe40-ff19]-9618&alias=e1052.chtc.wisc.edu&noUDP&sock=startd_4833_9d4e>
...
006 (15165475.025.000) 2022-02-28 00:51:52 Image size of job updated: 193
	193  -  MemoryUsage of job (MB)
	198516  -  ResidentSetSize of job (KB)
...
006 (15165475.025.000) 2022-02-28 00:56:53 Image size of job updated: 378
	378  -  MemoryUsage of job (MB)
	388016  -  ResidentSetSize of job (KB)
...
006 (15165475.025.000) 2022-02-28 01:01:53 Image size of job updated: 638
	638  -  MemoryUsage of job (MB)
	654068  -  ResidentSetSize of job (KB)
...
006 (15165475.025.000) 2022-02-28 01:06:54 Image size of job updated: 752
	752  -  MemoryUsage of job (MB)
	770792  -  ResidentSetSize of job (KB)
...
006 (15165475.025.000) 2022-02-28 01:16:55 Image size of job updated: 761
	761  -  MemoryUsage of job (MB)
	780016  -  ResidentSetSize of job (KB)
...
006 (15165475.025.000) 2022-02-28 01:21:55 Image size of job updated: 775
	775  -  MemoryUsage of job (MB)
	794144  -  ResidentSetSize of job (KB)
...
006 (15165475.025.000) 2022-02-28 01:26:55 Image size of job updated: 793
	793  -  MemoryUsage of job (MB)
	812896  -  ResidentSetSize of job (KB)
...
006 (15165475.025.000) 2022-02-28 01:31:56 Image size of job updated: 807
	807  -  MemoryUsage of job (MB)
	826620  -  ResidentSetSize of job (KB)
...
006 (15165475.025.000) 2022-02-28 01:36:57 Image size of job updated: 821
	821  -  MemoryUsage of job (MB)
	841644  -  ResidentSetSize of job (KB)
...
006 (15165475.025.000) 2022-02-28 01:43:43 Image size of job updated: 1079
	1079  -  MemoryUsage of job (MB)
	1105392  -  ResidentSetSize of job (KB)
...
040 (15165475.025.000) 2022-02-28 01:49:21 Entered queue to transfer output files
...
040 (15165475.025.000) 2022-02-28 01:49:33 Started transferring output files
...
007 (15165475.025.000) 2022-02-28 01:49:54 Shadow exception!
	Assertion ERROR on (result)
	37603  -  Run Bytes Sent By Job
	131040256  -  Run Bytes Received By Job
...
040 (15165475.025.000) 2022-02-28 01:50:00 Entered queue to transfer input files
	Transferring to host: <128.104.58.194:9618?addrs=128.104.58.194-9618+[2607-f388-1086-0-f24d-a2ff-fe40-ff19]-9618&alias=e1052.chtc.wisc.edu&noUDP&sock=slot1_21_38933_9208_27594>
...
040 (15165475.025.000) 2022-02-28 01:50:09 Started transferring input files
	Seconds spent in queue: 9
...
001 (15165475.025.000) 2022-02-28 01:50:17 Job executing on host: <128.104.58.194:9618?addrs=128.104.58.194-9618+[2607-f388-1086-0-f24d-a2ff-fe40-ff19]-9618&alias=e1052.chtc.wisc.edu&noUDP&sock=startd_4833_9d4e>
...
040 (15165475.025.000) 2022-02-28 01:50:25 Finished transferring input files
...
006 (15165475.025.000) 2022-02-28 02:43:46 Image size of job updated: 1250
	1141  -  MemoryUsage of job (MB)
	1250000  -  ResidentSetSize of job (KB)
...
040 (15165475.025.000) 2022-02-28 02:44:02 Entered queue to transfer output files
...
040 (15165475.025.000) 2022-02-28 02:44:16 Started transferring output files
	Seconds spent in queue: 3256
...
040 (15165475.025.000) 2022-02-28 02:44:43 Finished transferring output files
...
005 (15165475.025.000) 2022-02-28 02:44:48 Job terminated.
	(1) Normal termination (return value 0)
		Usr 0 01:22:07, Sys 0 00:01:32  -  Run Remote Usage
		Usr 0 00:00:00, Sys 0 00:00:00  -  Run Local Usage
		Usr 0 02:43:50, Sys 0 00:03:10  -  Total Remote Usage
		Usr 0 00:00:00, Sys 0 00:00:00  -  Total Local Usage
	34274  -  Run Bytes Sent By Job
	131040256  -  Run Bytes Received By Job
	71877  -  Total Bytes Sent By Job
	262080512  -  Total Bytes Received By Job
	Partitionable Resources :     Usage  Request Allocated 
	   Cpus                 :      0.00        1         1 
	   Disk (KB)            : 163853      419431    662876 
	   IoHeavy              :                            0 
	   Memory (MB)          :   1141        2151      2176 

	Job terminated of its own accord at 2022-02-28T08:43:46Z with exit-code 0.
...
