000 (15165475.028.000) 2022-02-28 00:26:02 Job submitted from host: <128.105.244.191:9618?addrs=128.105.244.191-9618&alias=submit-1.chtc.wisc.edu&noUDP&sock=schedd_3562897_9248>
...
040 (15165475.028.000) 2022-02-28 00:39:43 Started transferring input files
	Transferring to host: <128.105.245.72:9618?addrs=128.105.245.72-9618&alias=e2272.chtc.wisc.edu&noUDP&sock=slot1_10_18679_cb91_27386>
...
040 (15165475.028.000) 2022-02-28 00:39:44 Finished transferring input files
...
001 (15165475.028.000) 2022-02-28 00:39:46 Job executing on host: <128.105.245.72:9618?addrs=128.105.245.72-9618&alias=e2272.chtc.wisc.edu&noUDP&sock=startd_2590_1a61>
...
006 (15165475.028.000) 2022-02-28 00:39:55 Image size of job updated: 52
	52  -  MemoryUsage of job (MB)
	53912  -  ResidentSetSize of job (KB)
...
006 (15165475.028.000) 2022-02-28 00:44:55 Image size of job updated: 404
	404  -  MemoryUsage of job (MB)
	414244  -  ResidentSetSize of job (KB)
...
006 (15165475.028.000) 2022-02-28 00:49:55 Image size of job updated: 648
	648  -  MemoryUsage of job (MB)
	664120  -  ResidentSetSize of job (KB)
...
006 (15165475.028.000) 2022-02-28 00:54:55 Image size of job updated: 741
	741  -  MemoryUsage of job (MB)
	759488  -  ResidentSetSize of job (KB)
...
006 (15165475.028.000) 2022-02-28 00:59:56 Image size of job updated: 752
	752  -  MemoryUsage of job (MB)
	770940  -  ResidentSetSize of job (KB)
...
006 (15165475.028.000) 2022-02-28 01:04:57 Image size of job updated: 768
	768  -  MemoryUsage of job (MB)
	787212  -  ResidentSetSize of job (KB)
...
006 (15165475.028.000) 2022-02-28 01:09:58 Image size of job updated: 786
	786  -  MemoryUsage of job (MB)
	805332  -  ResidentSetSize of job (KB)
...
006 (15165475.028.000) 2022-02-28 01:14:58 Image size of job updated: 801
	801  -  MemoryUsage of job (MB)
	820752  -  ResidentSetSize of job (KB)
...
006 (15165475.028.000) 2022-02-28 01:19:59 Image size of job updated: 815
	815  -  MemoryUsage of job (MB)
	835040  -  ResidentSetSize of job (KB)
...
006 (15165475.028.000) 2022-02-28 01:25:13 Image size of job updated: 828
	828  -  MemoryUsage of job (MB)
	848792  -  ResidentSetSize of job (KB)
...
006 (15165475.028.000) 2022-02-28 01:27:47 Image size of job updated: 1141
	1141  -  MemoryUsage of job (MB)
	1168768  -  ResidentSetSize of job (KB)
...
040 (15165475.028.000) 2022-02-28 01:28:18 Entered queue to transfer output files
...
040 (15165475.028.000) 2022-02-28 01:29:10 Started transferring output files
...
040 (15165475.028.000) 2022-02-28 01:30:21 Finished transferring output files
...
005 (15165475.028.000) 2022-02-28 01:31:13 Job terminated.
	(1) Normal termination (return value 0)
		Usr 0 01:19:11, Sys 0 00:01:01  -  Run Remote Usage
		Usr 0 00:00:00, Sys 0 00:00:00  -  Run Local Usage
		Usr 0 01:19:11, Sys 0 00:01:01  -  Total Remote Usage
		Usr 0 00:00:00, Sys 0 00:00:00  -  Total Local Usage
	34464  -  Run Bytes Sent By Job
	131040256  -  Run Bytes Received By Job
	34464  -  Total Bytes Sent By Job
	131040256  -  Total Bytes Received By Job
	Partitionable Resources :     Usage  Request Allocated 
	   Cpus                 :      0.00        1         1 
	   Disk (KB)            : 163728      419431    592267 
	   IoHeavy              :                            0 
	   Memory (MB)          :   1141        2151      2176 

	Job terminated of its own accord at 2022-02-28T07:27:47Z with exit-code 0.
...
