000 (15165475.021.000) 2022-02-28 00:26:02 Job submitted from host: <128.105.244.191:9618?addrs=128.105.244.191-9618&alias=submit-1.chtc.wisc.edu&noUDP&sock=schedd_3562897_9248>
...
040 (15165475.021.000) 2022-02-28 00:39:41 Started transferring input files
	Transferring to host: <128.105.245.115:9618?addrs=128.105.245.115-9618&alias=e2315.chtc.wisc.edu&noUDP&sock=slot1_1_39519_75e0_24988>
...
040 (15165475.021.000) 2022-02-28 00:39:43 Finished transferring input files
...
001 (15165475.021.000) 2022-02-28 00:39:45 Job executing on host: <128.105.245.115:9618?addrs=128.105.245.115-9618&alias=e2315.chtc.wisc.edu&noUDP&sock=startd_3119_f3fb>
...
006 (15165475.021.000) 2022-02-28 00:46:14 Image size of job updated: 45
	45  -  MemoryUsage of job (MB)
	46084  -  ResidentSetSize of job (KB)
...
006 (15165475.021.000) 2022-02-28 00:51:15 Image size of job updated: 377
	377  -  MemoryUsage of job (MB)
	386840  -  ResidentSetSize of job (KB)
...
006 (15165475.021.000) 2022-02-28 00:56:17 Image size of job updated: 609
	609  -  MemoryUsage of job (MB)
	623696  -  ResidentSetSize of job (KB)
...
006 (15165475.021.000) 2022-02-28 01:01:17 Image size of job updated: 759
	759  -  MemoryUsage of job (MB)
	778056  -  ResidentSetSize of job (KB)
...
006 (15165475.021.000) 2022-02-28 01:16:17 Image size of job updated: 767
	767  -  MemoryUsage of job (MB)
	785920  -  ResidentSetSize of job (KB)
...
006 (15165475.021.000) 2022-02-28 01:21:17 Image size of job updated: 786
	786  -  MemoryUsage of job (MB)
	805060  -  ResidentSetSize of job (KB)
...
006 (15165475.021.000) 2022-02-28 01:26:19 Image size of job updated: 798
	798  -  MemoryUsage of job (MB)
	817336  -  ResidentSetSize of job (KB)
...
006 (15165475.021.000) 2022-02-28 01:31:20 Image size of job updated: 810
	810  -  MemoryUsage of job (MB)
	830272  -  ResidentSetSize of job (KB)
...
006 (15165475.021.000) 2022-02-28 01:36:20 Image size of job updated: 825
	825  -  MemoryUsage of job (MB)
	845664  -  ResidentSetSize of job (KB)
...
006 (15165475.021.000) 2022-02-28 01:41:21 Image size of job updated: 1134
	1134  -  MemoryUsage of job (MB)
	1161304  -  ResidentSetSize of job (KB)
...
006 (15165475.021.000) 2022-02-28 01:42:08 Image size of job updated: 1142
	1142  -  MemoryUsage of job (MB)
	1169884  -  ResidentSetSize of job (KB)
...
040 (15165475.021.000) 2022-02-28 01:45:07 Entered queue to transfer output files
...
040 (15165475.021.000) 2022-02-28 01:45:22 Started transferring output files
...
040 (15165475.021.000) 2022-02-28 01:46:12 Finished transferring output files
...
005 (15165475.021.000) 2022-02-28 01:46:32 Job terminated.
	(1) Normal termination (return value 0)
		Usr 0 01:29:26, Sys 0 00:01:24  -  Run Remote Usage
		Usr 0 00:00:00, Sys 0 00:00:00  -  Run Local Usage
		Usr 0 01:29:26, Sys 0 00:01:24  -  Total Remote Usage
		Usr 0 00:00:00, Sys 0 00:00:00  -  Total Local Usage
	47173  -  Run Bytes Sent By Job
	131040256  -  Run Bytes Received By Job
	47173  -  Total Bytes Sent By Job
	131040256  -  Total Bytes Received By Job
	Partitionable Resources :    Usage  Request Allocated 
	   Cpus                 :        0        1         1 
	   Disk (KB)            :   163768   419431    599567 
	   IoHeavy              :                           0 
	   Memory (MB)          :     1142     2151      2176 

	Job terminated of its own accord at 2022-02-28T07:42:08Z with exit-code 0.
...
