000 (15165475.027.000) 2022-02-28 00:26:02 Job submitted from host: <128.105.244.191:9618?addrs=128.105.244.191-9618&alias=submit-1.chtc.wisc.edu&noUDP&sock=schedd_3562897_9248>
...
040 (15165475.027.000) 2022-02-28 00:39:43 Started transferring input files
	Transferring to host: <128.104.100.109:9618?addrs=128.104.100.109-9618+[2607-f388-107c-501-f24d-a2ff-fe75-e04a]-9618&alias=e0030.chtc.wisc.edu&noUDP&sock=slot1_8_17887_c270_29688>
...
040 (15165475.027.000) 2022-02-28 00:39:45 Finished transferring input files
...
001 (15165475.027.000) 2022-02-28 00:39:48 Job executing on host: <128.104.100.109:9618?addrs=128.104.100.109-9618+[2607-f388-107c-501-f24d-a2ff-fe75-e04a]-9618&alias=e0030.chtc.wisc.edu&noUDP&sock=startd_5654_c08f>
...
006 (15165475.027.000) 2022-02-28 00:51:51 Image size of job updated: 194
	194  -  MemoryUsage of job (MB)
	199516  -  ResidentSetSize of job (KB)
...
006 (15165475.027.000) 2022-02-28 00:56:51 Image size of job updated: 626
	626  -  MemoryUsage of job (MB)
	641660  -  ResidentSetSize of job (KB)
...
006 (15165475.027.000) 2022-02-28 01:01:51 Image size of job updated: 738
	738  -  MemoryUsage of job (MB)
	756680  -  ResidentSetSize of job (KB)
...
006 (15165475.027.000) 2022-02-28 01:06:51 Image size of job updated: 759
	759  -  MemoryUsage of job (MB)
	777576  -  ResidentSetSize of job (KB)
...
006 (15165475.027.000) 2022-02-28 01:11:51 Image size of job updated: 786
	786  -  MemoryUsage of job (MB)
	805244  -  ResidentSetSize of job (KB)
...
006 (15165475.027.000) 2022-02-28 01:16:51 Image size of job updated: 808
	808  -  MemoryUsage of job (MB)
	827544  -  ResidentSetSize of job (KB)
...
006 (15165475.027.000) 2022-02-28 01:21:52 Image size of job updated: 829
	829  -  MemoryUsage of job (MB)
	849024  -  ResidentSetSize of job (KB)
...
006 (15165475.027.000) 2022-02-28 01:23:57 Image size of job updated: 1144
	1144  -  MemoryUsage of job (MB)
	1172128  -  ResidentSetSize of job (KB)
...
040 (15165475.027.000) 2022-02-28 01:25:35 Entered queue to transfer output files
...
040 (15165475.027.000) 2022-02-28 01:30:28 Started transferring output files
...
040 (15165475.027.000) 2022-02-28 01:31:46 Finished transferring output files
...
005 (15165475.027.000) 2022-02-28 01:37:07 Job terminated.
	(1) Normal termination (return value 0)
		Usr 0 00:55:38, Sys 0 00:00:46  -  Run Remote Usage
		Usr 0 00:00:00, Sys 0 00:00:00  -  Run Local Usage
		Usr 0 00:55:38, Sys 0 00:00:46  -  Total Remote Usage
		Usr 0 00:00:00, Sys 0 00:00:00  -  Total Local Usage
	37511  -  Run Bytes Sent By Job
	131040256  -  Run Bytes Received By Job
	37511  -  Total Bytes Sent By Job
	131040256  -  Total Bytes Received By Job
	Partitionable Resources :    Usage  Request Allocated 
	   Cpus                 :        0        1         1 
	   Disk (KB)            :   163730   419431    903130 
	   IoHeavy              :                           0 
	   Memory (MB)          :     1144     2151      2176 

	Job terminated of its own accord at 2022-02-28T07:23:57Z with exit-code 0.
...
