000 (15165475.020.000) 2022-02-28 00:26:02 Job submitted from host: <128.105.244.191:9618?addrs=128.105.244.191-9618&alias=submit-1.chtc.wisc.edu&noUDP&sock=schedd_3562897_9248>
...
040 (15165475.020.000) 2022-02-28 00:39:41 Started transferring input files
	Transferring to host: <128.104.58.150:9618?addrs=128.104.58.150-9618+[2607-f388-1086-0-16fe-b5ff-fec6-7e5e]-9618&alias=e1002.chtc.wisc.edu&noUDP&sock=slot1_16_46944_0b6e_27991>
...
040 (15165475.020.000) 2022-02-28 00:39:46 Finished transferring input files
...
001 (15165475.020.000) 2022-02-28 00:39:50 Job executing on host: <128.104.58.150:9618?addrs=128.104.58.150-9618+[2607-f388-1086-0-16fe-b5ff-fec6-7e5e]-9618&alias=e1002.chtc.wisc.edu&noUDP&sock=startd_16217_1773>
...
006 (15165475.020.000) 2022-02-28 00:51:43 Image size of job updated: 59
	59  -  MemoryUsage of job (MB)
	61152  -  ResidentSetSize of job (KB)
...
006 (15165475.020.000) 2022-02-28 00:56:44 Image size of job updated: 396
	396  -  MemoryUsage of job (MB)
	405572  -  ResidentSetSize of job (KB)
...
006 (15165475.020.000) 2022-02-28 01:01:44 Image size of job updated: 641
	641  -  MemoryUsage of job (MB)
	656868  -  ResidentSetSize of job (KB)
...
006 (15165475.020.000) 2022-02-28 01:06:44 Image size of job updated: 731
	731  -  MemoryUsage of job (MB)
	748660  -  ResidentSetSize of job (KB)
...
006 (15165475.020.000) 2022-02-28 01:11:44 Image size of job updated: 742
	742  -  MemoryUsage of job (MB)
	760616  -  ResidentSetSize of job (KB)
...
006 (15165475.020.000) 2022-02-28 01:16:44 Image size of job updated: 755
	755  -  MemoryUsage of job (MB)
	773780  -  ResidentSetSize of job (KB)
...
006 (15165475.020.000) 2022-02-28 01:21:45 Image size of job updated: 768
	768  -  MemoryUsage of job (MB)
	786756  -  ResidentSetSize of job (KB)
...
006 (15165475.020.000) 2022-02-28 01:26:46 Image size of job updated: 787
	787  -  MemoryUsage of job (MB)
	805940  -  ResidentSetSize of job (KB)
...
006 (15165475.020.000) 2022-02-28 01:31:46 Image size of job updated: 800
	800  -  MemoryUsage of job (MB)
	820132  -  ResidentSetSize of job (KB)
...
006 (15165475.020.000) 2022-02-28 01:36:46 Image size of job updated: 814
	814  -  MemoryUsage of job (MB)
	833840  -  ResidentSetSize of job (KB)
...
006 (15165475.020.000) 2022-02-28 01:41:47 Image size of job updated: 827
	827  -  MemoryUsage of job (MB)
	847512  -  ResidentSetSize of job (KB)
...
006 (15165475.020.000) 2022-02-28 01:46:08 Image size of job updated: 1144
	1144  -  MemoryUsage of job (MB)
	1172208  -  ResidentSetSize of job (KB)
...
040 (15165475.020.000) 2022-02-28 01:46:27 Entered queue to transfer output files
...
040 (15165475.020.000) 2022-02-28 01:46:40 Started transferring output files
...
040 (15165475.020.000) 2022-02-28 01:47:18 Finished transferring output files
...
005 (15165475.020.000) 2022-02-28 01:47:36 Job terminated.
	(1) Normal termination (return value 0)
		Usr 0 01:26:36, Sys 0 00:01:53  -  Run Remote Usage
		Usr 0 00:00:00, Sys 0 00:00:00  -  Run Local Usage
		Usr 0 01:26:36, Sys 0 00:01:53  -  Total Remote Usage
		Usr 0 00:00:00, Sys 0 00:00:00  -  Total Local Usage
	37560  -  Run Bytes Sent By Job
	131040256  -  Run Bytes Received By Job
	37560  -  Total Bytes Sent By Job
	131040256  -  Total Bytes Received By Job
	Partitionable Resources :     Usage  Request Allocated 
	   Cpus                 :      0.00        1         1 
	   Disk (KB)            : 163827      419431    658974 
	   IoHeavy              :                            0 
	   Memory (MB)          :   1144        2151      2176 

	Job terminated of its own accord at 2022-02-28T07:46:08Z with exit-code 0.
...
