000 (15165475.024.000) 2022-02-28 00:26:02 Job submitted from host: <128.105.244.191:9618?addrs=128.105.244.191-9618&alias=submit-1.chtc.wisc.edu&noUDP&sock=schedd_3562897_9248>
...
040 (15165475.024.000) 2022-02-28 00:39:42 Started transferring input files
	Transferring to host: <128.105.245.123:9618?addrs=128.105.245.123-9618&alias=e323.chtc.wisc.edu&noUDP&sock=slot1_8_14506_8a07_26600>
...
040 (15165475.024.000) 2022-02-28 00:39:43 Finished transferring input files
...
001 (15165475.024.000) 2022-02-28 00:39:45 Job executing on host: <128.105.245.123:9618?addrs=128.105.245.123-9618&alias=e323.chtc.wisc.edu&noUDP&sock=startd_2500_5edb>
...
006 (15165475.024.000) 2022-02-28 00:50:57 Image size of job updated: 206
	206  -  MemoryUsage of job (MB)
	211880  -  ResidentSetSize of job (KB)
...
006 (15165475.024.000) 2022-02-28 00:55:58 Image size of job updated: 501
	501  -  MemoryUsage of job (MB)
	513628  -  ResidentSetSize of job (KB)
...
006 (15165475.024.000) 2022-02-28 01:00:58 Image size of job updated: 768
	768  -  MemoryUsage of job (MB)
	786996  -  ResidentSetSize of job (KB)
...
006 (15165475.024.000) 2022-02-28 01:15:59 Image size of job updated: 778
	778  -  MemoryUsage of job (MB)
	797484  -  ResidentSetSize of job (KB)
...
006 (15165475.024.000) 2022-02-28 01:21:00 Image size of job updated: 798
	798  -  MemoryUsage of job (MB)
	817152  -  ResidentSetSize of job (KB)
...
006 (15165475.024.000) 2022-02-28 01:26:00 Image size of job updated: 814
	814  -  MemoryUsage of job (MB)
	833784  -  ResidentSetSize of job (KB)
...
006 (15165475.024.000) 2022-02-28 01:31:00 Image size of job updated: 1007
	1007  -  MemoryUsage of job (MB)
	1031180  -  ResidentSetSize of job (KB)
...
006 (15165475.024.000) 2022-02-28 01:32:09 Image size of job updated: 1139
	1139  -  MemoryUsage of job (MB)
	1166348  -  ResidentSetSize of job (KB)
...
040 (15165475.024.000) 2022-02-28 01:34:57 Entered queue to transfer output files
...
022 (15165475.024.000) 2022-02-28 01:37:35 Job disconnected, attempting to reconnect
    Socket between submit and execute hosts closed unexpectedly
    Trying to reconnect to slot1_8@e323.chtc.wisc.edu <128.105.245.123:9618?addrs=128.105.245.123-9618&alias=e323.chtc.wisc.edu&noUDP&sock=startd_2500_5edb>
...
023 (15165475.024.000) 2022-02-28 01:37:35 Job reconnected to slot1_8@e323.chtc.wisc.edu
    startd address: <128.105.245.123:9618?addrs=128.105.245.123-9618&alias=e323.chtc.wisc.edu&noUDP&sock=startd_2500_5edb>
    starter address: <128.105.245.123:9618?addrs=128.105.245.123-9618&alias=e323.chtc.wisc.edu&noUDP&sock=slot1_8_14506_8a07_26600>
...
040 (15165475.024.000) 2022-02-28 01:37:35 Finished transferring output files
...
040 (15165475.024.000) 2022-02-28 01:38:06 Entered queue to transfer output files
...
040 (15165475.024.000) 2022-02-28 01:39:02 Started transferring output files
...
040 (15165475.024.000) 2022-02-28 01:44:23 Finished transferring output files
...
005 (15165475.024.000) 2022-02-28 01:44:53 Job terminated.
	(1) Normal termination (return value 0)
		Usr 0 01:12:35, Sys 0 00:00:59  -  Run Remote Usage
		Usr 0 00:00:00, Sys 0 00:00:00  -  Run Local Usage
		Usr 0 01:12:35, Sys 0 00:00:59  -  Total Remote Usage
		Usr 0 00:00:00, Sys 0 00:00:00  -  Total Local Usage
	37180  -  Run Bytes Sent By Job
	131040256  -  Run Bytes Received By Job
	37180  -  Total Bytes Sent By Job
	131040256  -  Total Bytes Received By Job
	Partitionable Resources :    Usage  Request Allocated 
	   Cpus                 :        0        1         1 
	   Disk (KB)            :   163759   419431    744058 
	   IoHeavy              :                           0 
	   Memory (MB)          :     1139     2151      2176 

	Job terminated of its own accord at 2022-02-28T07:32:09Z with exit-code 0.
...
