000 (15165475.026.000) 2022-02-28 00:26:02 Job submitted from host: <128.105.244.191:9618?addrs=128.105.244.191-9618&alias=submit-1.chtc.wisc.edu&noUDP&sock=schedd_3562897_9248>
...
040 (15165475.026.000) 2022-02-28 00:39:43 Started transferring input files
	Transferring to host: <128.105.245.209:9618?addrs=128.105.245.209-9618&alias=e2409.chtc.wisc.edu&noUDP&sock=slot1_24_32182_e156_26264>
...
040 (15165475.026.000) 2022-02-28 00:39:44 Finished transferring input files
...
001 (15165475.026.000) 2022-02-28 00:39:46 Job executing on host: <128.105.245.209:9618?addrs=128.105.245.209-9618&alias=e2409.chtc.wisc.edu&noUDP&sock=startd_2897_adf4>
...
006 (15165475.026.000) 2022-02-28 01:06:47 Image size of job updated: 418
	418  -  MemoryUsage of job (MB)
	428536  -  ResidentSetSize of job (KB)
...
006 (15165475.026.000) 2022-02-28 01:11:47 Image size of job updated: 601
	601  -  MemoryUsage of job (MB)
	615624  -  ResidentSetSize of job (KB)
...
006 (15165475.026.000) 2022-02-28 01:16:47 Image size of job updated: 766
	766  -  MemoryUsage of job (MB)
	784924  -  ResidentSetSize of job (KB)
...
006 (15165475.026.000) 2022-02-28 01:31:47 Image size of job updated: 781
	781  -  MemoryUsage of job (MB)
	800236  -  ResidentSetSize of job (KB)
...
006 (15165475.026.000) 2022-02-28 01:36:47 Image size of job updated: 804
	804  -  MemoryUsage of job (MB)
	824044  -  ResidentSetSize of job (KB)
...
006 (15165475.026.000) 2022-02-28 01:41:47 Image size of job updated: 817
	817  -  MemoryUsage of job (MB)
	836912  -  ResidentSetSize of job (KB)
...
006 (15165475.026.000) 2022-02-28 01:46:48 Image size of job updated: 827
	827  -  MemoryUsage of job (MB)
	847636  -  ResidentSetSize of job (KB)
...
006 (15165475.026.000) 2022-02-28 01:50:08 Image size of job updated: 1140
	1140  -  MemoryUsage of job (MB)
	1167792  -  ResidentSetSize of job (KB)
...
040 (15165475.026.000) 2022-02-28 01:50:21 Entered queue to transfer output files
...
040 (15165475.026.000) 2022-02-28 01:50:26 Started transferring output files
...
040 (15165475.026.000) 2022-02-28 01:50:44 Finished transferring output files
...
005 (15165475.026.000) 2022-02-28 01:50:51 Job terminated.
	(1) Normal termination (return value 0)
		Usr 0 00:00:00, Sys 0 00:00:00  -  Run Remote Usage
		Usr 0 00:00:00, Sys 0 00:00:00  -  Run Local Usage
		Usr 0 01:15:01, Sys 0 00:00:54  -  Total Remote Usage
		Usr 0 00:00:00, Sys 0 00:00:00  -  Total Local Usage
	50655  -  Run Bytes Sent By Job
	131040256  -  Run Bytes Received By Job
	50655  -  Total Bytes Sent By Job
	131040256  -  Total Bytes Received By Job
	Partitionable Resources :     Usage  Request Allocated 
	   Cpus                 :      0.00        1         1 
	   Disk (KB)            : 163744      419431    588143 
	   IoHeavy              :                            0 
	   Memory (MB)          :   1140        2151      2176 

	Job terminated of its own accord at 2022-02-28T07:50:08Z with exit-code 0.
...
