000 (15165475.023.000) 2022-02-28 00:26:02 Job submitted from host: <128.105.244.191:9618?addrs=128.105.244.191-9618&alias=submit-1.chtc.wisc.edu&noUDP&sock=schedd_3562897_9248>
...
040 (15165475.023.000) 2022-02-28 00:39:42 Started transferring input files
	Transferring to host: <128.104.58.183:9618?addrs=128.104.58.183-9618+[2607-f388-1086-0-16fe-b5ff-fec6-7543]-9618&alias=e1039.chtc.wisc.edu&noUDP&sock=slot1_22_41337_67ea_28412>
...
040 (15165475.023.000) 2022-02-28 00:39:46 Finished transferring input files
...
001 (15165475.023.000) 2022-02-28 00:39:50 Job executing on host: <128.104.58.183:9618?addrs=128.104.58.183-9618+[2607-f388-1086-0-16fe-b5ff-fec6-7543]-9618&alias=e1039.chtc.wisc.edu&noUDP&sock=startd_4615_15a9>
...
006 (15165475.023.000) 2022-02-28 00:51:42 Image size of job updated: 177
	177  -  MemoryUsage of job (MB)
	181408  -  ResidentSetSize of job (KB)
...
006 (15165475.023.000) 2022-02-28 00:56:42 Image size of job updated: 418
	418  -  MemoryUsage of job (MB)
	428508  -  ResidentSetSize of job (KB)
...
006 (15165475.023.000) 2022-02-28 01:01:44 Image size of job updated: 653
	653  -  MemoryUsage of job (MB)
	669460  -  ResidentSetSize of job (KB)
...
006 (15165475.023.000) 2022-02-28 01:06:44 Image size of job updated: 746
	746  -  MemoryUsage of job (MB)
	764012  -  ResidentSetSize of job (KB)
...
006 (15165475.023.000) 2022-02-28 01:16:45 Image size of job updated: 758
	758  -  MemoryUsage of job (MB)
	777096  -  ResidentSetSize of job (KB)
...
006 (15165475.023.000) 2022-02-28 01:21:46 Image size of job updated: 772
	772  -  MemoryUsage of job (MB)
	790804  -  ResidentSetSize of job (KB)
...
006 (15165475.023.000) 2022-02-28 01:26:46 Image size of job updated: 792
	792  -  MemoryUsage of job (MB)
	811496  -  ResidentSetSize of job (KB)
...
006 (15165475.023.000) 2022-02-28 01:31:47 Image size of job updated: 807
	807  -  MemoryUsage of job (MB)
	826516  -  ResidentSetSize of job (KB)
...
006 (15165475.023.000) 2022-02-28 01:36:47 Image size of job updated: 820
	820  -  MemoryUsage of job (MB)
	840656  -  ResidentSetSize of job (KB)
...
006 (15165475.023.000) 2022-02-28 01:41:47 Image size of job updated: 951
	951  -  MemoryUsage of job (MB)
	974256  -  ResidentSetSize of job (KB)
...
006 (15165475.023.000) 2022-02-28 01:43:42 Image size of job updated: 1144
	1144  -  MemoryUsage of job (MB)
	1172272  -  ResidentSetSize of job (KB)
...
040 (15165475.023.000) 2022-02-28 01:44:04 Entered queue to transfer output files
...
040 (15165475.023.000) 2022-02-28 01:46:27 Started transferring output files
...
040 (15165475.023.000) 2022-02-28 01:47:59 Finished transferring output files
...
005 (15165475.023.000) 2022-02-28 01:48:18 Job terminated.
	(1) Normal termination (return value 0)
		Usr 0 01:24:07, Sys 0 00:01:30  -  Run Remote Usage
		Usr 0 00:00:00, Sys 0 00:00:00  -  Run Local Usage
		Usr 0 01:24:07, Sys 0 00:01:30  -  Total Remote Usage
		Usr 0 00:00:00, Sys 0 00:00:00  -  Total Local Usage
	37562  -  Run Bytes Sent By Job
	131040256  -  Run Bytes Received By Job
	37562  -  Total Bytes Sent By Job
	131040256  -  Total Bytes Received By Job
	Partitionable Resources :    Usage  Request Allocated 
	   Cpus                 :        0        1         1 
	   Disk (KB)            :   163849   419431    659395 
	   IoHeavy              :                           0 
	   Memory (MB)          :     1144     2151      2176 

	Job terminated of its own accord at 2022-02-28T07:43:42Z with exit-code 0.
...
