000 (15165475.002.000) 2022-02-28 00:26:02 Job submitted from host: <128.105.244.191:9618?addrs=128.105.244.191-9618&alias=submit-1.chtc.wisc.edu&noUDP&sock=schedd_3562897_9248>
...
040 (15165475.002.000) 2022-02-28 00:39:35 Started transferring input files
	Transferring to host: <128.104.100.108:9618?addrs=128.104.100.108-9618+[2607-f388-107c-501-f24d-a2ff-fe75-dff3]-9618&alias=e0029.chtc.wisc.edu&noUDP&sock=slot1_13_24129_d02e_31363>
...
040 (15165475.002.000) 2022-02-28 00:39:37 Finished transferring input files
...
001 (15165475.002.000) 2022-02-28 00:39:39 Job executing on host: <128.104.100.108:9618?addrs=128.104.100.108-9618+[2607-f388-107c-501-f24d-a2ff-fe75-dff3]-9618&alias=e0029.chtc.wisc.edu&noUDP&sock=startd_3512_84b3>
...
006 (15165475.002.000) 2022-02-28 00:44:50 Image size of job updated: 206
	206  -  MemoryUsage of job (MB)
	211540  -  ResidentSetSize of job (KB)
...
006 (15165475.002.000) 2022-02-28 00:49:50 Image size of job updated: 681
	681  -  MemoryUsage of job (MB)
	698308  -  ResidentSetSize of job (KB)
...
006 (15165475.002.000) 2022-02-28 00:54:51 Image size of job updated: 759
	759  -  MemoryUsage of job (MB)
	777380  -  ResidentSetSize of job (KB)
...
006 (15165475.002.000) 2022-02-28 00:59:52 Image size of job updated: 764
	764  -  MemoryUsage of job (MB)
	782736  -  ResidentSetSize of job (KB)
...
006 (15165475.002.000) 2022-02-28 01:04:52 Image size of job updated: 788
	788  -  MemoryUsage of job (MB)
	807848  -  ResidentSetSize of job (KB)
...
006 (15165475.002.000) 2022-02-28 01:09:53 Image size of job updated: 808
	808  -  MemoryUsage of job (MB)
	828376  -  ResidentSetSize of job (KB)
...
006 (15165475.002.000) 2022-02-28 01:14:53 Image size of job updated: 828
	828  -  MemoryUsage of job (MB)
	848632  -  ResidentSetSize of job (KB)
...
006 (15165475.002.000) 2022-02-28 01:17:10 Image size of job updated: 1141
	1141  -  MemoryUsage of job (MB)
	1168604  -  ResidentSetSize of job (KB)
...
040 (15165475.002.000) 2022-02-28 01:17:38 Entered queue to transfer output files
...
040 (15165475.002.000) 2022-02-28 01:18:27 Started transferring output files
...
040 (15165475.002.000) 2022-02-28 01:19:51 Finished transferring output files
...
005 (15165475.002.000) 2022-02-28 01:20:44 Job terminated.
	(1) Normal termination (return value 0)
		Usr 0 00:00:00, Sys 0 00:00:00  -  Run Remote Usage
		Usr 0 00:00:00, Sys 0 00:00:00  -  Run Local Usage
		Usr 0 00:53:59, Sys 0 00:00:43  -  Total Remote Usage
		Usr 0 00:00:00, Sys 0 00:00:00  -  Total Local Usage
	37676  -  Run Bytes Sent By Job
	131040256  -  Run Bytes Received By Job
	37676  -  Total Bytes Sent By Job
	131040256  -  Total Bytes Received By Job
	Partitionable Resources :     Usage  Request Allocated 
	   Cpus                 :      0.00        1         1 
	   Disk (KB)            : 163728      419431   1202447 
	   IoHeavy              :                            0 
	   Memory (MB)          :   1141        2151      2176 

	Job terminated of its own accord at 2022-02-28T07:17:10Z with exit-code 0.
...
