000 (15165475.037.000) 2022-02-28 00:26:02 Job submitted from host: <128.105.244.191:9618?addrs=128.105.244.191-9618&alias=submit-1.chtc.wisc.edu&noUDP&sock=schedd_3562897_9248>
...
040 (15165475.037.000) 2022-02-28 00:39:46 Started transferring input files
	Transferring to host: <128.105.245.153:9618?addrs=128.105.245.153-9618&alias=e2353.chtc.wisc.edu&noUDP&sock=slot1_10_23344_b5ae_27516>
...
040 (15165475.037.000) 2022-02-28 00:39:48 Finished transferring input files
...
001 (15165475.037.000) 2022-02-28 00:39:51 Job executing on host: <128.105.245.153:9618?addrs=128.105.245.153-9618&alias=e2353.chtc.wisc.edu&noUDP&sock=startd_2886_2269>
...
006 (15165475.037.000) 2022-02-28 00:52:08 Image size of job updated: 378
	378  -  MemoryUsage of job (MB)
	387392  -  ResidentSetSize of job (KB)
...
006 (15165475.037.000) 2022-02-28 00:57:08 Image size of job updated: 675
	675  -  MemoryUsage of job (MB)
	692108  -  ResidentSetSize of job (KB)
...
006 (15165475.037.000) 2022-02-28 01:02:09 Image size of job updated: 757
	757  -  MemoryUsage of job (MB)
	775404  -  ResidentSetSize of job (KB)
...
006 (15165475.037.000) 2022-02-28 01:12:11 Image size of job updated: 764
	764  -  MemoryUsage of job (MB)
	782688  -  ResidentSetSize of job (KB)
...
006 (15165475.037.000) 2022-02-28 01:17:12 Image size of job updated: 782
	782  -  MemoryUsage of job (MB)
	801700  -  ResidentSetSize of job (KB)
...
006 (15165475.037.000) 2022-02-28 01:22:13 Image size of job updated: 799
	799  -  MemoryUsage of job (MB)
	819100  -  ResidentSetSize of job (KB)
...
006 (15165475.037.000) 2022-02-28 01:27:14 Image size of job updated: 810
	810  -  MemoryUsage of job (MB)
	829928  -  ResidentSetSize of job (KB)
...
006 (15165475.037.000) 2022-02-28 01:32:15 Image size of job updated: 1039
	1039  -  MemoryUsage of job (MB)
	1064928  -  ResidentSetSize of job (KB)
...
006 (15165475.037.000) 2022-02-28 01:33:27 Image size of job updated: 1129
	1129  -  MemoryUsage of job (MB)
	1157064  -  ResidentSetSize of job (KB)
...
022 (15165475.037.000) 2022-02-28 01:38:32 Job disconnected, attempting to reconnect
    Socket between submit and execute hosts closed unexpectedly
    Trying to reconnect to slot1_10@e2353.chtc.wisc.edu <128.105.245.153:9618?addrs=128.105.245.153-9618&alias=e2353.chtc.wisc.edu&noUDP&sock=startd_2886_2269>
...
023 (15165475.037.000) 2022-02-28 01:38:32 Job reconnected to slot1_10@e2353.chtc.wisc.edu
    startd address: <128.105.245.153:9618?addrs=128.105.245.153-9618&alias=e2353.chtc.wisc.edu&noUDP&sock=startd_2886_2269>
    starter address: <128.105.245.153:9618?addrs=128.105.245.153-9618&alias=e2353.chtc.wisc.edu&noUDP&sock=slot1_10_23344_b5ae_27516>
...
040 (15165475.037.000) 2022-02-28 01:38:32 Finished transferring output files
...
040 (15165475.037.000) 2022-02-28 01:39:01 Entered queue to transfer output files
...
040 (15165475.037.000) 2022-02-28 01:39:31 Started transferring output files
...
040 (15165475.037.000) 2022-02-28 01:41:07 Finished transferring output files
...
005 (15165475.037.000) 2022-02-28 01:41:51 Job terminated.
	(1) Normal termination (return value 0)
		Usr 0 01:16:30, Sys 0 00:00:54  -  Run Remote Usage
		Usr 0 00:00:00, Sys 0 00:00:00  -  Run Local Usage
		Usr 0 01:16:30, Sys 0 00:00:54  -  Total Remote Usage
		Usr 0 00:00:00, Sys 0 00:00:00  -  Total Local Usage
	47111  -  Run Bytes Sent By Job
	131040256  -  Run Bytes Received By Job
	47111  -  Total Bytes Sent By Job
	131040256  -  Total Bytes Received By Job
	Partitionable Resources :    Usage  Request Allocated 
	   Cpus                 :        0        1         1 
	   Disk (KB)            :   163768   419431    663238 
	   IoHeavy              :                           0 
	   Memory (MB)          :     1129     2151      2176 

	Job terminated of its own accord at 2022-02-28T07:33:27Z with exit-code 0.
...
