000 (15165475.033.000) 2022-02-28 00:26:02 Job submitted from host: <128.105.244.191:9618?addrs=128.105.244.191-9618&alias=submit-1.chtc.wisc.edu&noUDP&sock=schedd_3562897_9248>
...
040 (15165475.033.000) 2022-02-28 00:39:44 Started transferring input files
	Transferring to host: <128.104.101.147:9618?addrs=128.104.101.147-9618+[2607-f388-107c-501-4603-a7ff-fe29-58cf]-9618&alias=e147.chtc.wisc.edu&noUDP&sock=slot1_3_13011_2d2a_33895>
...
040 (15165475.033.000) 2022-02-28 00:39:45 Finished transferring input files
...
001 (15165475.033.000) 2022-02-28 00:39:49 Job executing on host: <128.104.101.147:9618?addrs=128.104.101.147-9618+[2607-f388-107c-501-4603-a7ff-fe29-58cf]-9618&alias=e147.chtc.wisc.edu&noUDP&sock=startd_1867_2f68>
...
006 (15165475.033.000) 2022-02-28 00:50:21 Image size of job updated: 418
	418  -  MemoryUsage of job (MB)
	428708  -  ResidentSetSize of job (KB)
...
006 (15165475.033.000) 2022-02-28 00:55:21 Image size of job updated: 762
	762  -  MemoryUsage of job (MB)
	781144  -  ResidentSetSize of job (KB)
...
006 (15165475.033.000) 2022-02-28 01:10:23 Image size of job updated: 776
	776  -  MemoryUsage of job (MB)
	795468  -  ResidentSetSize of job (KB)
...
006 (15165475.033.000) 2022-02-28 01:15:23 Image size of job updated: 799
	799  -  MemoryUsage of job (MB)
	818536  -  ResidentSetSize of job (KB)
...
006 (15165475.033.000) 2022-02-28 01:20:24 Image size of job updated: 814
	814  -  MemoryUsage of job (MB)
	834364  -  ResidentSetSize of job (KB)
...
006 (15165475.033.000) 2022-02-28 01:29:40 Image size of job updated: 830
	830  -  MemoryUsage of job (MB)
	850180  -  ResidentSetSize of job (KB)
...
040 (15165475.033.000) 2022-02-28 01:32:28 Entered queue to transfer output files
...
040 (15165475.033.000) 2022-02-28 01:32:48 Started transferring output files
...
040 (15165475.033.000) 2022-02-28 01:33:44 Finished transferring output files
...
005 (15165475.033.000) 2022-02-28 01:35:30 Job terminated.
	(1) Normal termination (return value 0)
		Usr 0 00:00:00, Sys 0 00:00:00  -  Run Remote Usage
		Usr 0 00:00:00, Sys 0 00:00:00  -  Run Local Usage
		Usr 0 01:09:13, Sys 0 00:00:36  -  Total Remote Usage
		Usr 0 00:00:00, Sys 0 00:00:00  -  Total Local Usage
	37343  -  Run Bytes Sent By Job
	131040256  -  Run Bytes Received By Job
	37343  -  Total Bytes Sent By Job
	131040256  -  Total Bytes Received By Job
	Partitionable Resources :    Usage  Request Allocated 
	   Cpus                 :        0        1         1 
	   Disk (KB)            :   163730   419431   1700656 
	   IoHeavy              :                           0 
	   Memory (MB)          :      830     2151      2176 

	Job terminated of its own accord at 2022-02-28T07:29:40Z with exit-code 0.
...
