000 (15165475.031.000) 2022-02-28 00:26:02 Job submitted from host: <128.105.244.191:9618?addrs=128.105.244.191-9618&alias=submit-1.chtc.wisc.edu&noUDP&sock=schedd_3562897_9248>
...
040 (15165475.031.000) 2022-02-28 00:39:44 Started transferring input files
	Transferring to host: <128.104.58.181:9618?addrs=128.104.58.181-9618+[2607-f388-1086-0-16fe-b5ff-fec6-7f7e]-9618&alias=e1037.chtc.wisc.edu&noUDP&sock=slot1_22_6870_4950_21477>
...
040 (15165475.031.000) 2022-02-28 00:39:48 Finished transferring input files
...
001 (15165475.031.000) 2022-02-28 00:39:51 Job executing on host: <128.104.58.181:9618?addrs=128.104.58.181-9618+[2607-f388-1086-0-16fe-b5ff-fec6-7f7e]-9618&alias=e1037.chtc.wisc.edu&noUDP&sock=startd_5064_0faf>
...
006 (15165475.031.000) 2022-02-28 00:51:16 Image size of job updated: 164
	164  -  MemoryUsage of job (MB)
	168012  -  ResidentSetSize of job (KB)
...
006 (15165475.031.000) 2022-02-28 00:56:17 Image size of job updated: 378
	378  -  MemoryUsage of job (MB)
	387736  -  ResidentSetSize of job (KB)
...
006 (15165475.031.000) 2022-02-28 01:01:17 Image size of job updated: 637
	637  -  MemoryUsage of job (MB)
	652452  -  ResidentSetSize of job (KB)
...
006 (15165475.031.000) 2022-02-28 01:06:17 Image size of job updated: 732
	732  -  MemoryUsage of job (MB)
	750132  -  ResidentSetSize of job (KB)
...
006 (15165475.031.000) 2022-02-28 01:11:18 Image size of job updated: 746
	746  -  MemoryUsage of job (MB)
	764184  -  ResidentSetSize of job (KB)
...
006 (15165475.031.000) 2022-02-28 01:16:19 Image size of job updated: 760
	760  -  MemoryUsage of job (MB)
	778912  -  ResidentSetSize of job (KB)
...
006 (15165475.031.000) 2022-02-28 01:21:19 Image size of job updated: 774
	774  -  MemoryUsage of job (MB)
	793092  -  ResidentSetSize of job (KB)
...
006 (15165475.031.000) 2022-02-28 01:26:19 Image size of job updated: 794
	794  -  MemoryUsage of job (MB)
	813692  -  ResidentSetSize of job (KB)
...
006 (15165475.031.000) 2022-02-28 01:31:20 Image size of job updated: 809
	809  -  MemoryUsage of job (MB)
	828684  -  ResidentSetSize of job (KB)
...
006 (15165475.031.000) 2022-02-28 01:36:21 Image size of job updated: 823
	823  -  MemoryUsage of job (MB)
	843732  -  ResidentSetSize of job (KB)
...
006 (15165475.031.000) 2022-02-28 01:43:01 Image size of job updated: 1144
	1144  -  MemoryUsage of job (MB)
	1172108  -  ResidentSetSize of job (KB)
...
040 (15165475.031.000) 2022-02-28 01:44:29 Entered queue to transfer output files
...
040 (15165475.031.000) 2022-02-28 01:46:46 Started transferring output files
...
040 (15165475.031.000) 2022-02-28 01:47:22 Finished transferring output files
...
005 (15165475.031.000) 2022-02-28 01:47:42 Job terminated.
	(1) Normal termination (return value 0)
		Usr 0 00:00:00, Sys 0 00:00:00  -  Run Remote Usage
		Usr 0 00:00:00, Sys 0 00:00:00  -  Run Local Usage
		Usr 0 01:22:31, Sys 0 00:01:24  -  Total Remote Usage
		Usr 0 00:00:00, Sys 0 00:00:00  -  Total Local Usage
	37052  -  Run Bytes Sent By Job
	131040256  -  Run Bytes Received By Job
	37052  -  Total Bytes Sent By Job
	131040256  -  Total Bytes Received By Job
	Partitionable Resources :    Usage  Request Allocated 
	   Cpus                 :        0        1         1 
	   Disk (KB)            :   163854   419431    598912 
	   IoHeavy              :                           0 
	   Memory (MB)          :     1144     2151      2176 

	Job terminated of its own accord at 2022-02-28T07:43:01Z with exit-code 0.
...
