000 (15165475.032.000) 2022-02-28 00:26:02 Job submitted from host: <128.105.244.191:9618?addrs=128.105.244.191-9618&alias=submit-1.chtc.wisc.edu&noUDP&sock=schedd_3562897_9248>
...
040 (15165475.032.000) 2022-02-28 00:39:44 Started transferring input files
	Transferring to host: <128.105.245.163:9618?addrs=128.105.245.163-9618&alias=e2363.chtc.wisc.edu&noUDP&sock=slot1_5_19811_643f_25812>
...
040 (15165475.032.000) 2022-02-28 00:39:46 Finished transferring input files
...
001 (15165475.032.000) 2022-02-28 00:39:50 Job executing on host: <128.105.245.163:9618?addrs=128.105.245.163-9618&alias=e2363.chtc.wisc.edu&noUDP&sock=startd_5580_fe8d>
...
006 (15165475.032.000) 2022-02-28 01:05:42 Image size of job updated: 309
	309  -  MemoryUsage of job (MB)
	317176  -  ResidentSetSize of job (KB)
...
006 (15165475.032.000) 2022-02-28 01:10:43 Image size of job updated: 633
	633  -  MemoryUsage of job (MB)
	648292  -  ResidentSetSize of job (KB)
...
006 (15165475.032.000) 2022-02-28 01:15:43 Image size of job updated: 759
	759  -  MemoryUsage of job (MB)
	777280  -  ResidentSetSize of job (KB)
...
006 (15165475.032.000) 2022-02-28 01:25:44 Image size of job updated: 763
	763  -  MemoryUsage of job (MB)
	782104  -  ResidentSetSize of job (KB)
...
006 (15165475.032.000) 2022-02-28 01:30:45 Image size of job updated: 780
	780  -  MemoryUsage of job (MB)
	799132  -  ResidentSetSize of job (KB)
...
006 (15165475.032.000) 2022-02-28 01:35:45 Image size of job updated: 797
	797  -  MemoryUsage of job (MB)
	816820  -  ResidentSetSize of job (KB)
...
006 (15165475.032.000) 2022-02-28 01:45:15 Image size of job updated: 812
	812  -  MemoryUsage of job (MB)
	831868  -  ResidentSetSize of job (KB)
...
006 (15165475.032.000) 2022-02-28 01:48:47 Image size of job updated: 1144
	1144  -  MemoryUsage of job (MB)
	1172128  -  ResidentSetSize of job (KB)
...
040 (15165475.032.000) 2022-02-28 01:49:10 Entered queue to transfer output files
...
040 (15165475.032.000) 2022-02-28 01:49:17 Started transferring output files
...
040 (15165475.032.000) 2022-02-28 01:49:44 Finished transferring output files
...
005 (15165475.032.000) 2022-02-28 01:49:58 Job terminated.
	(1) Normal termination (return value 0)
		Usr 0 00:00:00, Sys 0 00:00:00  -  Run Remote Usage
		Usr 0 00:00:00, Sys 0 00:00:00  -  Run Local Usage
		Usr 0 01:06:34, Sys 0 00:00:59  -  Total Remote Usage
		Usr 0 00:00:00, Sys 0 00:00:00  -  Total Local Usage
	50574  -  Run Bytes Sent By Job
	131040256  -  Run Bytes Received By Job
	50574  -  Total Bytes Sent By Job
	131040256  -  Total Bytes Received By Job
	Partitionable Resources :    Usage  Request Allocated 
	   Cpus                 :        0        1         1 
	   Disk (KB)            :   163743   419431    661802 
	   IoHeavy              :                           0 
	   Memory (MB)          :     1144     2151      2176 

	Job terminated of its own accord at 2022-02-28T07:48:47Z with exit-code 0.
...
