000 (15165475.038.000) 2022-02-28 00:26:02 Job submitted from host: <128.105.244.191:9618?addrs=128.105.244.191-9618&alias=submit-1.chtc.wisc.edu&noUDP&sock=schedd_3562897_9248>
...
040 (15165475.038.000) 2022-02-28 00:39:47 Started transferring input files
	Transferring to host: <128.105.245.143:9618?addrs=128.105.245.143-9618&alias=e343.chtc.wisc.edu&noUDP&sock=slot1_6_23368_9eaf_22361>
...
040 (15165475.038.000) 2022-02-28 00:39:49 Finished transferring input files
...
001 (15165475.038.000) 2022-02-28 00:39:51 Job executing on host: <128.105.245.143:9618?addrs=128.105.245.143-9618&alias=e343.chtc.wisc.edu&noUDP&sock=startd_21883_7f0f>
...
006 (15165475.038.000) 2022-02-28 01:06:51 Image size of job updated: 396
	396  -  MemoryUsage of job (MB)
	405724  -  ResidentSetSize of job (KB)
...
006 (15165475.038.000) 2022-02-28 01:11:52 Image size of job updated: 588
	588  -  MemoryUsage of job (MB)
	602116  -  ResidentSetSize of job (KB)
...
006 (15165475.038.000) 2022-02-28 01:16:53 Image size of job updated: 765
	765  -  MemoryUsage of job (MB)
	784152  -  ResidentSetSize of job (KB)
...
006 (15165475.038.000) 2022-02-28 01:31:54 Image size of job updated: 768
	768  -  MemoryUsage of job (MB)
	786892  -  ResidentSetSize of job (KB)
...
006 (15165475.038.000) 2022-02-28 01:36:55 Image size of job updated: 784
	784  -  MemoryUsage of job (MB)
	803392  -  ResidentSetSize of job (KB)
...
006 (15165475.038.000) 2022-02-28 01:41:55 Image size of job updated: 798
	798  -  MemoryUsage of job (MB)
	817780  -  ResidentSetSize of job (KB)
...
006 (15165475.038.000) 2022-02-28 01:46:56 Image size of job updated: 812
	812  -  MemoryUsage of job (MB)
	831904  -  ResidentSetSize of job (KB)
...
006 (15165475.038.000) 2022-02-28 01:51:57 Image size of job updated: 1129
	1129  -  MemoryUsage of job (MB)
	1156984  -  ResidentSetSize of job (KB)
...
040 (15165475.038.000) 2022-02-28 01:51:57 Started transferring output files
...
040 (15165475.038.000) 2022-02-28 01:51:58 Finished transferring output files
...
005 (15165475.038.000) 2022-02-28 01:52:02 Job terminated.
	(1) Normal termination (return value 0)
		Usr 0 00:00:00, Sys 0 00:00:00  -  Run Remote Usage
		Usr 0 00:00:00, Sys 0 00:00:00  -  Run Local Usage
		Usr 0 01:13:58, Sys 0 00:01:00  -  Total Remote Usage
		Usr 0 00:00:00, Sys 0 00:00:00  -  Total Local Usage
	50717  -  Run Bytes Sent By Job
	131040256  -  Run Bytes Received By Job
	50717  -  Total Bytes Sent By Job
	131040256  -  Total Bytes Received By Job
	Partitionable Resources :     Usage  Request Allocated 
	   Cpus                 :      0.00        1         1 
	   Disk (KB)            : 163743      419431    670416 
	   IoHeavy              :                            0 
	   Memory (MB)          :   1129        2151      2176 

	Job terminated of its own accord at 2022-02-28T07:51:57Z with exit-code 0.
...
