000 (15165475.035.000) 2022-02-28 00:26:02 Job submitted from host: <128.105.244.191:9618?addrs=128.105.244.191-9618&alias=submit-1.chtc.wisc.edu&noUDP&sock=schedd_3562897_9248>
...
040 (15165475.035.000) 2022-02-28 00:39:45 Started transferring input files
	Transferring to host: <128.105.245.110:9618?addrs=128.105.245.110-9618&alias=e310.chtc.wisc.edu&noUDP&sock=slot1_22_20956_25cd_25295>
...
040 (15165475.035.000) 2022-02-28 00:39:46 Finished transferring input files
...
001 (15165475.035.000) 2022-02-28 00:39:50 Job executing on host: <128.105.245.110:9618?addrs=128.105.245.110-9618&alias=e310.chtc.wisc.edu&noUDP&sock=startd_2776_aefe>
...
006 (15165475.035.000) 2022-02-28 00:45:25 Image size of job updated: 175
	175  -  MemoryUsage of job (MB)
	179344  -  ResidentSetSize of job (KB)
...
006 (15165475.035.000) 2022-02-28 00:50:25 Image size of job updated: 403
	403  -  MemoryUsage of job (MB)
	413296  -  ResidentSetSize of job (KB)
...
006 (15165475.035.000) 2022-02-28 00:55:25 Image size of job updated: 702
	702  -  MemoryUsage of job (MB)
	719100  -  ResidentSetSize of job (KB)
...
006 (15165475.035.000) 2022-02-28 01:00:25 Image size of job updated: 742
	742  -  MemoryUsage of job (MB)
	760496  -  ResidentSetSize of job (KB)
...
006 (15165475.035.000) 2022-02-28 01:05:25 Image size of job updated: 756
	756  -  MemoryUsage of job (MB)
	774224  -  ResidentSetSize of job (KB)
...
006 (15165475.035.000) 2022-02-28 01:10:25 Image size of job updated: 772
	772  -  MemoryUsage of job (MB)
	791312  -  ResidentSetSize of job (KB)
...
006 (15165475.035.000) 2022-02-28 01:15:25 Image size of job updated: 792
	792  -  MemoryUsage of job (MB)
	811904  -  ResidentSetSize of job (KB)
...
006 (15165475.035.000) 2022-02-28 01:20:25 Image size of job updated: 807
	807  -  MemoryUsage of job (MB)
	826424  -  ResidentSetSize of job (KB)
...
006 (15165475.035.000) 2022-02-28 01:25:25 Image size of job updated: 823
	823  -  MemoryUsage of job (MB)
	843500  -  ResidentSetSize of job (KB)
...
006 (15165475.035.000) 2022-02-28 01:29:28 Image size of job updated: 1139
	1139  -  MemoryUsage of job (MB)
	1166572  -  ResidentSetSize of job (KB)
...
040 (15165475.035.000) 2022-02-28 01:31:04 Entered queue to transfer output files
...
040 (15165475.035.000) 2022-02-28 01:31:40 Started transferring output files
...
040 (15165475.035.000) 2022-02-28 01:32:46 Finished transferring output files
...
005 (15165475.035.000) 2022-02-28 01:33:22 Job terminated.
	(1) Normal termination (return value 0)
		Usr 0 01:14:55, Sys 0 00:00:49  -  Run Remote Usage
		Usr 0 00:00:00, Sys 0 00:00:00  -  Run Local Usage
		Usr 0 01:14:55, Sys 0 00:00:49  -  Total Remote Usage
		Usr 0 00:00:00, Sys 0 00:00:00  -  Total Local Usage
	46745  -  Run Bytes Sent By Job
	131040256  -  Run Bytes Received By Job
	46745  -  Total Bytes Sent By Job
	131040256  -  Total Bytes Received By Job
	Partitionable Resources :    Usage  Request Allocated 
	   Cpus                 :        0        1         1 
	   Disk (KB)            :   163740   419431    665853 
	   IoHeavy              :                           0 
	   Memory (MB)          :     1139     2151      2176 

	Job terminated of its own accord at 2022-02-28T07:29:28Z with exit-code 0.
...
