000 (15165475.034.000) 2022-02-28 00:26:02 Job submitted from host: <128.105.244.191:9618?addrs=128.105.244.191-9618&alias=submit-1.chtc.wisc.edu&noUDP&sock=schedd_3562897_9248>
...
040 (15165475.034.000) 2022-02-28 00:39:45 Started transferring input files
	Transferring to host: <128.105.245.108:9618?addrs=128.105.245.108-9618&alias=e308.chtc.wisc.edu&noUDP&sock=slot1_21_12288_c1ed_26884>
...
040 (15165475.034.000) 2022-02-28 00:39:46 Finished transferring input files
...
001 (15165475.034.000) 2022-02-28 00:39:50 Job executing on host: <128.105.245.108:9618?addrs=128.105.245.108-9618&alias=e308.chtc.wisc.edu&noUDP&sock=startd_2745_6b8f>
...
006 (15165475.034.000) 2022-02-28 01:05:25 Image size of job updated: 378
	378  -  MemoryUsage of job (MB)
	387816  -  ResidentSetSize of job (KB)
...
006 (15165475.034.000) 2022-02-28 01:10:25 Image size of job updated: 696
	696  -  MemoryUsage of job (MB)
	712740  -  ResidentSetSize of job (KB)
...
006 (15165475.034.000) 2022-02-28 01:15:26 Image size of job updated: 744
	744  -  MemoryUsage of job (MB)
	762160  -  ResidentSetSize of job (KB)
...
006 (15165475.034.000) 2022-02-28 01:20:26 Image size of job updated: 760
	760  -  MemoryUsage of job (MB)
	778448  -  ResidentSetSize of job (KB)
...
006 (15165475.034.000) 2022-02-28 01:25:28 Image size of job updated: 774
	774  -  MemoryUsage of job (MB)
	793512  -  ResidentSetSize of job (KB)
...
006 (15165475.034.000) 2022-02-28 01:30:27 Image size of job updated: 798
	798  -  MemoryUsage of job (MB)
	817556  -  ResidentSetSize of job (KB)
...
006 (15165475.034.000) 2022-02-28 01:35:28 Image size of job updated: 815
	815  -  MemoryUsage of job (MB)
	835348  -  ResidentSetSize of job (KB)
...
006 (15165475.034.000) 2022-02-28 01:41:02 Image size of job updated: 825
	825  -  MemoryUsage of job (MB)
	845272  -  ResidentSetSize of job (KB)
...
006 (15165475.034.000) 2022-02-28 01:42:31 Image size of job updated: 1142
	1142  -  MemoryUsage of job (MB)
	1170248  -  ResidentSetSize of job (KB)
...
040 (15165475.034.000) 2022-02-28 01:44:29 Entered queue to transfer output files
...
040 (15165475.034.000) 2022-02-28 01:44:56 Started transferring output files
...
040 (15165475.034.000) 2022-02-28 01:45:46 Finished transferring output files
...
005 (15165475.034.000) 2022-02-28 01:46:40 Job terminated.
	(1) Normal termination (return value 0)
		Usr 0 01:08:48, Sys 0 00:00:51  -  Run Remote Usage
		Usr 0 00:00:00, Sys 0 00:00:00  -  Run Local Usage
		Usr 0 01:08:48, Sys 0 00:00:51  -  Total Remote Usage
		Usr 0 00:00:00, Sys 0 00:00:00  -  Total Local Usage
	50731  -  Run Bytes Sent By Job
	131040256  -  Run Bytes Received By Job
	50731  -  Total Bytes Sent By Job
	131040256  -  Total Bytes Received By Job
	Partitionable Resources :    Usage  Request Allocated 
	   Cpus                 :        0        1         1 
	   Disk (KB)            :   163743   419431    661123 
	   IoHeavy              :                           0 
	   Memory (MB)          :     1142     2151      2176 

	Job terminated of its own accord at 2022-02-28T07:42:31Z with exit-code 0.
...
