000 (15165475.040.000) 2022-02-28 00:26:02 Job submitted from host: <128.105.244.191:9618?addrs=128.105.244.191-9618&alias=submit-1.chtc.wisc.edu&noUDP&sock=schedd_3562897_9248>
...
040 (15165475.040.000) 2022-02-28 00:39:48 Started transferring input files
	Transferring to host: <128.105.68.128:9618?addrs=128.105.68.128-9618&alias=e2440.chtc.wisc.edu&noUDP&sock=slot1_22_29719_7952_31352>
...
040 (15165475.040.000) 2022-02-28 00:39:50 Finished transferring input files
...
001 (15165475.040.000) 2022-02-28 00:39:52 Job executing on host: <128.105.68.128:9618?addrs=128.105.68.128-9618&alias=e2440.chtc.wisc.edu&noUDP&sock=startd_2370_338b>
...
006 (15165475.040.000) 2022-02-28 01:00:03 Image size of job updated: 169
	169  -  MemoryUsage of job (MB)
	173492  -  ResidentSetSize of job (KB)
...
006 (15165475.040.000) 2022-02-28 01:05:03 Image size of job updated: 409
	409  -  MemoryUsage of job (MB)
	419380  -  ResidentSetSize of job (KB)
...
006 (15165475.040.000) 2022-02-28 01:10:06 Image size of job updated: 665
	665  -  MemoryUsage of job (MB)
	681732  -  ResidentSetSize of job (KB)
...
006 (15165475.040.000) 2022-02-28 01:15:05 Image size of job updated: 765
	765  -  MemoryUsage of job (MB)
	784104  -  ResidentSetSize of job (KB)
...
006 (15165475.040.000) 2022-02-28 01:25:05 Image size of job updated: 772
	772  -  MemoryUsage of job (MB)
	790968  -  ResidentSetSize of job (KB)
...
006 (15165475.040.000) 2022-02-28 01:30:06 Image size of job updated: 799
	799  -  MemoryUsage of job (MB)
	818704  -  ResidentSetSize of job (KB)
...
006 (15165475.040.000) 2022-02-28 01:35:07 Image size of job updated: 814
	814  -  MemoryUsage of job (MB)
	834436  -  ResidentSetSize of job (KB)
...
006 (15165475.040.000) 2022-02-28 01:40:07 Image size of job updated: 828
	828  -  MemoryUsage of job (MB)
	848716  -  ResidentSetSize of job (KB)
...
006 (15165475.040.000) 2022-02-28 01:44:37 Image size of job updated: 1143
	1143  -  MemoryUsage of job (MB)
	1171072  -  ResidentSetSize of job (KB)
...
040 (15165475.040.000) 2022-02-28 01:45:07 Entered queue to transfer output files
...
040 (15165475.040.000) 2022-02-28 01:45:20 Started transferring output files
...
040 (15165475.040.000) 2022-02-28 01:46:11 Finished transferring output files
...
005 (15165475.040.000) 2022-02-28 01:46:31 Job terminated.
	(1) Normal termination (return value 0)
		Usr 0 00:00:00, Sys 0 00:00:00  -  Run Remote Usage
		Usr 0 00:00:00, Sys 0 00:00:00  -  Run Local Usage
		Usr 0 01:07:29, Sys 0 00:00:51  -  Total Remote Usage
		Usr 0 00:00:00, Sys 0 00:00:00  -  Total Local Usage
	50700  -  Run Bytes Sent By Job
	131040256  -  Run Bytes Received By Job
	50700  -  Total Bytes Sent By Job
	131040256  -  Total Bytes Received By Job
	Partitionable Resources :     Usage  Request Allocated 
	   Cpus                 :      0.00        1         1 
	   Disk (KB)            : 163741      419431    592295 
	   IoHeavy              :                            0 
	   Memory (MB)          :   1143        2151      2176 

	Job terminated of its own accord at 2022-02-28T07:44:37Z with exit-code 0.
...
