000 (15165475.043.000) 2022-02-28 00:26:02 Job submitted from host: <128.105.244.191:9618?addrs=128.105.244.191-9618&alias=submit-1.chtc.wisc.edu&noUDP&sock=schedd_3562897_9248>
...
040 (15165475.043.000) 2022-02-28 00:39:50 Started transferring input files
	Transferring to host: <128.105.245.175:9618?addrs=128.105.245.175-9618&alias=e2375.chtc.wisc.edu&noUDP&sock=slot1_17_19092_ca81_27882>
...
040 (15165475.043.000) 2022-02-28 00:39:51 Finished transferring input files
...
001 (15165475.043.000) 2022-02-28 00:39:54 Job executing on host: <128.105.245.175:9618?addrs=128.105.245.175-9618&alias=e2375.chtc.wisc.edu&noUDP&sock=startd_2630_8a2b>
...
006 (15165475.043.000) 2022-02-28 01:00:22 Image size of job updated: 61
	61  -  MemoryUsage of job (MB)
	63472  -  ResidentSetSize of job (KB)
...
006 (15165475.043.000) 2022-02-28 01:05:23 Image size of job updated: 372
	372  -  MemoryUsage of job (MB)
	381536  -  ResidentSetSize of job (KB)
...
006 (15165475.043.000) 2022-02-28 01:10:23 Image size of job updated: 695
	695  -  MemoryUsage of job (MB)
	712396  -  ResidentSetSize of job (KB)
...
006 (15165475.043.000) 2022-02-28 01:15:24 Image size of job updated: 759
	759  -  MemoryUsage of job (MB)
	778036  -  ResidentSetSize of job (KB)
...
006 (15165475.043.000) 2022-02-28 01:27:46 Image size of job updated: 773
	773  -  MemoryUsage of job (MB)
	792120  -  ResidentSetSize of job (KB)
...
006 (15165475.043.000) 2022-02-28 01:34:53 Image size of job updated: 811
	811  -  MemoryUsage of job (MB)
	831404  -  ResidentSetSize of job (KB)
...
006 (15165475.043.000) 2022-02-28 01:40:36 Image size of job updated: 895
	895  -  MemoryUsage of job (MB)
	917008  -  ResidentSetSize of job (KB)
...
006 (15165475.043.000) 2022-02-28 01:42:22 Image size of job updated: 1138
	1138  -  MemoryUsage of job (MB)
	1166092  -  ResidentSetSize of job (KB)
...
040 (15165475.043.000) 2022-02-28 01:44:45 Entered queue to transfer output files
...
040 (15165475.043.000) 2022-02-28 01:45:02 Started transferring output files
...
040 (15165475.043.000) 2022-02-28 01:46:18 Finished transferring output files
...
005 (15165475.043.000) 2022-02-28 01:46:37 Job terminated.
	(1) Normal termination (return value 0)
		Usr 0 01:09:12, Sys 0 00:00:58  -  Run Remote Usage
		Usr 0 00:00:00, Sys 0 00:00:00  -  Run Local Usage
		Usr 0 01:09:12, Sys 0 00:00:58  -  Total Remote Usage
		Usr 0 00:00:00, Sys 0 00:00:00  -  Total Local Usage
	50565  -  Run Bytes Sent By Job
	131040256  -  Run Bytes Received By Job
	50565  -  Total Bytes Sent By Job
	131040256  -  Total Bytes Received By Job
	Partitionable Resources :    Usage  Request Allocated 
	   Cpus                 :        0        1         1 
	   Disk (KB)            :   163744   419431    591185 
	   IoHeavy              :                           0 
	   Memory (MB)          :     1138     2151      2176 

	Job terminated of its own accord at 2022-02-28T07:42:22Z with exit-code 0.
...
