000 (15165475.041.000) 2022-02-28 00:26:02 Job submitted from host: <128.105.244.191:9618?addrs=128.105.244.191-9618&alias=submit-1.chtc.wisc.edu&noUDP&sock=schedd_3562897_9248>
...
040 (15165475.041.000) 2022-02-28 00:39:49 Started transferring input files
	Transferring to host: <128.105.244.34:9618?addrs=128.105.244.34-9618&alias=e3165.chtc.wisc.edu&noUDP&sock=slot1_2_17730_238a_23640>
...
040 (15165475.041.000) 2022-02-28 00:39:52 Finished transferring input files
...
001 (15165475.041.000) 2022-02-28 00:39:56 Job executing on host: <128.105.244.34:9618?addrs=128.105.244.34-9618&alias=e3165.chtc.wisc.edu&noUDP&sock=startd_2904_7b1e>
...
006 (15165475.041.000) 2022-02-28 00:51:05 Image size of job updated: 369
	369  -  MemoryUsage of job (MB)
	378044  -  ResidentSetSize of job (KB)
...
006 (15165475.041.000) 2022-02-28 00:56:05 Image size of job updated: 634
	634  -  MemoryUsage of job (MB)
	649544  -  ResidentSetSize of job (KB)
...
006 (15165475.041.000) 2022-02-28 01:01:05 Image size of job updated: 738
	738  -  MemoryUsage of job (MB)
	756384  -  ResidentSetSize of job (KB)
...
006 (15165475.041.000) 2022-02-28 01:06:05 Image size of job updated: 755
	755  -  MemoryUsage of job (MB)
	773676  -  ResidentSetSize of job (KB)
...
006 (15165475.041.000) 2022-02-28 01:11:06 Image size of job updated: 771
	771  -  MemoryUsage of job (MB)
	790440  -  ResidentSetSize of job (KB)
...
006 (15165475.041.000) 2022-02-28 01:16:07 Image size of job updated: 792
	792  -  MemoryUsage of job (MB)
	811956  -  ResidentSetSize of job (KB)
...
006 (15165475.041.000) 2022-02-28 01:21:08 Image size of job updated: 810
	810  -  MemoryUsage of job (MB)
	829908  -  ResidentSetSize of job (KB)
...
006 (15165475.041.000) 2022-02-28 01:26:09 Image size of job updated: 827
	827  -  MemoryUsage of job (MB)
	847596  -  ResidentSetSize of job (KB)
...
006 (15165475.041.000) 2022-02-28 01:28:43 Image size of job updated: 1140
	1140  -  MemoryUsage of job (MB)
	1167872  -  ResidentSetSize of job (KB)
...
040 (15165475.041.000) 2022-02-28 01:29:12 Entered queue to transfer output files
...
040 (15165475.041.000) 2022-02-28 01:29:53 Started transferring output files
...
040 (15165475.041.000) 2022-02-28 01:30:58 Finished transferring output files
...
005 (15165475.041.000) 2022-02-28 01:31:49 Job terminated.
	(1) Normal termination (return value 0)
		Usr 0 01:07:28, Sys 0 00:01:11  -  Run Remote Usage
		Usr 0 00:00:00, Sys 0 00:00:00  -  Run Local Usage
		Usr 0 01:07:28, Sys 0 00:01:11  -  Total Remote Usage
		Usr 0 00:00:00, Sys 0 00:00:00  -  Total Local Usage
	47111  -  Run Bytes Sent By Job
	131040256  -  Run Bytes Received By Job
	47111  -  Total Bytes Sent By Job
	131040256  -  Total Bytes Received By Job
	Partitionable Resources :     Usage  Request Allocated 
	   Cpus                 :      0.00        1         1 
	   Disk (KB)            : 163841      419431   1820831 
	   IoHeavy              :                            0 
	   Memory (MB)          :   1140        2151      2176 

	Job terminated of its own accord at 2022-02-28T07:28:43Z with exit-code 0.
...
