000 (15165475.051.000) 2022-02-28 00:26:02 Job submitted from host: <128.105.244.191:9618?addrs=128.105.244.191-9618&alias=submit-1.chtc.wisc.edu&noUDP&sock=schedd_3562897_9248>
...
040 (15165475.051.000) 2022-02-28 00:39:52 Started transferring input files
	Transferring to host: <128.105.244.25:9618?addrs=128.105.244.25-9618&alias=e3156.chtc.wisc.edu&noUDP&sock=slot1_3_23607_0459_23138>
...
040 (15165475.051.000) 2022-02-28 00:39:55 Finished transferring input files
...
001 (15165475.051.000) 2022-02-28 00:40:02 Job executing on host: <128.105.244.25:9618?addrs=128.105.244.25-9618&alias=e3156.chtc.wisc.edu&noUDP&sock=startd_2601_a5ec>
...
006 (15165475.051.000) 2022-02-28 00:46:26 Image size of job updated: 150
	150  -  MemoryUsage of job (MB)
	154048  -  ResidentSetSize of job (KB)
...
006 (15165475.051.000) 2022-02-28 00:51:27 Image size of job updated: 403
	403  -  MemoryUsage of job (MB)
	412740  -  ResidentSetSize of job (KB)
...
006 (15165475.051.000) 2022-02-28 00:56:28 Image size of job updated: 675
	675  -  MemoryUsage of job (MB)
	691836  -  ResidentSetSize of job (KB)
...
006 (15165475.051.000) 2022-02-28 01:01:29 Image size of job updated: 760
	760  -  MemoryUsage of job (MB)
	778936  -  ResidentSetSize of job (KB)
...
006 (15165475.051.000) 2022-02-28 01:16:32 Image size of job updated: 770
	770  -  MemoryUsage of job (MB)
	789404  -  ResidentSetSize of job (KB)
...
006 (15165475.051.000) 2022-02-28 01:21:32 Image size of job updated: 792
	792  -  MemoryUsage of job (MB)
	811864  -  ResidentSetSize of job (KB)
...
006 (15165475.051.000) 2022-02-28 01:26:32 Image size of job updated: 800
	800  -  MemoryUsage of job (MB)
	819520  -  ResidentSetSize of job (KB)
...
006 (15165475.051.000) 2022-02-28 01:31:32 Image size of job updated: 813
	813  -  MemoryUsage of job (MB)
	832536  -  ResidentSetSize of job (KB)
...
006 (15165475.051.000) 2022-02-28 01:36:32 Image size of job updated: 824
	824  -  MemoryUsage of job (MB)
	843856  -  ResidentSetSize of job (KB)
...
006 (15165475.051.000) 2022-02-28 01:41:12 Image size of job updated: 1143
	1143  -  MemoryUsage of job (MB)
	1171348  -  ResidentSetSize of job (KB)
...
040 (15165475.051.000) 2022-02-28 01:45:17 Entered queue to transfer output files
...
040 (15165475.051.000) 2022-02-28 01:46:11 Started transferring output files
...
040 (15165475.051.000) 2022-02-28 01:46:44 Finished transferring output files
...
005 (15165475.051.000) 2022-02-28 01:47:09 Job terminated.
	(1) Normal termination (return value 0)
		Usr 0 00:00:00, Sys 0 00:00:00  -  Run Remote Usage
		Usr 0 00:00:00, Sys 0 00:00:00  -  Run Local Usage
		Usr 0 01:06:01, Sys 0 00:01:40  -  Total Remote Usage
		Usr 0 00:00:00, Sys 0 00:00:00  -  Total Local Usage
	46970  -  Run Bytes Sent By Job
	131040256  -  Run Bytes Received By Job
	46970  -  Total Bytes Sent By Job
	131040256  -  Total Bytes Received By Job
	Partitionable Resources :    Usage  Request Allocated 
	   Cpus                 :        0        1         1 
	   Disk (KB)            :   163841   419431   1135181 
	   IoHeavy              :                           0 
	   Memory (MB)          :     1143     2151      2176 

	Job terminated of its own accord at 2022-02-28T07:41:12Z with exit-code 0.
...
