000 (15165475.057.000) 2022-02-28 00:26:02 Job submitted from host: <128.105.244.191:9618?addrs=128.105.244.191-9618&alias=submit-1.chtc.wisc.edu&noUDP&sock=schedd_3562897_9248>
...
040 (15165475.057.000) 2022-02-28 00:39:53 Started transferring input files
	Transferring to host: <128.105.245.178:9618?addrs=128.105.245.178-9618&alias=e2378.chtc.wisc.edu&noUDP&sock=slot1_5_30042_0e7f_26357>
...
040 (15165475.057.000) 2022-02-28 00:39:54 Finished transferring input files
...
001 (15165475.057.000) 2022-02-28 00:40:02 Job executing on host: <128.105.245.178:9618?addrs=128.105.245.178-9618&alias=e2378.chtc.wisc.edu&noUDP&sock=startd_22926_e856>
...
006 (15165475.057.000) 2022-02-28 01:06:32 Image size of job updated: 376
	376  -  MemoryUsage of job (MB)
	385280  -  ResidentSetSize of job (KB)
...
006 (15165475.057.000) 2022-02-28 01:11:33 Image size of job updated: 649
	649  -  MemoryUsage of job (MB)
	665300  -  ResidentSetSize of job (KB)
...
006 (15165475.057.000) 2022-02-28 01:16:34 Image size of job updated: 751
	751  -  MemoryUsage of job (MB)
	769028  -  ResidentSetSize of job (KB)
...
006 (15165475.057.000) 2022-02-28 01:26:35 Image size of job updated: 753
	753  -  MemoryUsage of job (MB)
	771736  -  ResidentSetSize of job (KB)
...
006 (15165475.057.000) 2022-02-28 01:31:36 Image size of job updated: 763
	763  -  MemoryUsage of job (MB)
	782164  -  ResidentSetSize of job (KB)
...
006 (15165475.057.000) 2022-02-28 01:36:38 Image size of job updated: 784
	784  -  MemoryUsage of job (MB)
	803020  -  ResidentSetSize of job (KB)
...
006 (15165475.057.000) 2022-02-28 01:41:38 Image size of job updated: 798
	798  -  MemoryUsage of job (MB)
	817540  -  ResidentSetSize of job (KB)
...
006 (15165475.057.000) 2022-02-28 01:46:39 Image size of job updated: 813
	813  -  MemoryUsage of job (MB)
	832584  -  ResidentSetSize of job (KB)
...
006 (15165475.057.000) 2022-02-28 01:51:39 Image size of job updated: 823
	823  -  MemoryUsage of job (MB)
	843672  -  ResidentSetSize of job (KB)
...
006 (15165475.057.000) 2022-02-28 01:56:25 Image size of job updated: 1141
	1141  -  MemoryUsage of job (MB)
	1169156  -  ResidentSetSize of job (KB)
...
040 (15165475.057.000) 2022-02-28 01:56:45 Entered queue to transfer output files
...
040 (15165475.057.000) 2022-02-28 01:56:49 Started transferring output files
...
040 (15165475.057.000) 2022-02-28 01:56:56 Finished transferring output files
...
005 (15165475.057.000) 2022-02-28 01:57:06 Job terminated.
	(1) Normal termination (return value 0)
		Usr 0 00:00:00, Sys 0 00:00:00  -  Run Remote Usage
		Usr 0 00:00:00, Sys 0 00:00:00  -  Run Local Usage
		Usr 0 01:23:39, Sys 0 00:01:22  -  Total Remote Usage
		Usr 0 00:00:00, Sys 0 00:00:00  -  Total Local Usage
	50796  -  Run Bytes Sent By Job
	131040256  -  Run Bytes Received By Job
	50796  -  Total Bytes Sent By Job
	131040256  -  Total Bytes Received By Job
	Partitionable Resources :     Usage  Request Allocated 
	   Cpus                 :      0.00        1         1 
	   Disk (KB)            : 163742      419431    591600 
	   IoHeavy              :                            0 
	   Memory (MB)          :   1141        2151      2176 

	Job terminated of its own accord at 2022-02-28T07:56:25Z with exit-code 0.
...
