000 (15165475.053.000) 2022-02-28 00:26:02 Job submitted from host: <128.105.244.191:9618?addrs=128.105.244.191-9618&alias=submit-1.chtc.wisc.edu&noUDP&sock=schedd_3562897_9248>
...
040 (15165475.053.000) 2022-02-28 00:39:52 Started transferring input files
	Transferring to host: <128.104.58.127:9618?addrs=128.104.58.127-9618+[2607-f388-1086-0-67d-7bff-fe41-5e19]-9618&alias=e544.chtc.wisc.edu&noUDP&sock=slot1_5_17223_e955_21466>
...
040 (15165475.053.000) 2022-02-28 00:39:53 Finished transferring input files
...
001 (15165475.053.000) 2022-02-28 00:39:59 Job executing on host: <128.104.58.127:9618?addrs=128.104.58.127-9618+[2607-f388-1086-0-67d-7bff-fe41-5e19]-9618&alias=e544.chtc.wisc.edu&noUDP&sock=startd_3987_542f>
...
006 (15165475.053.000) 2022-02-28 00:51:07 Image size of job updated: 200
	200  -  MemoryUsage of job (MB)
	205116  -  ResidentSetSize of job (KB)
...
006 (15165475.053.000) 2022-02-28 00:56:08 Image size of job updated: 425
	425  -  MemoryUsage of job (MB)
	436024  -  ResidentSetSize of job (KB)
...
006 (15165475.053.000) 2022-02-28 01:01:08 Image size of job updated: 690
	690  -  MemoryUsage of job (MB)
	707052  -  ResidentSetSize of job (KB)
...
006 (15165475.053.000) 2022-02-28 01:06:09 Image size of job updated: 742
	742  -  MemoryUsage of job (MB)
	760716  -  ResidentSetSize of job (KB)
...
006 (15165475.053.000) 2022-02-28 01:11:10 Image size of job updated: 759
	759  -  MemoryUsage of job (MB)
	777364  -  ResidentSetSize of job (KB)
...
006 (15165475.053.000) 2022-02-28 01:16:11 Image size of job updated: 774
	774  -  MemoryUsage of job (MB)
	792904  -  ResidentSetSize of job (KB)
...
006 (15165475.053.000) 2022-02-28 01:21:12 Image size of job updated: 794
	794  -  MemoryUsage of job (MB)
	813468  -  ResidentSetSize of job (KB)
...
006 (15165475.053.000) 2022-02-28 01:26:13 Image size of job updated: 812
	812  -  MemoryUsage of job (MB)
	831620  -  ResidentSetSize of job (KB)
...
006 (15165475.053.000) 2022-02-28 01:31:14 Image size of job updated: 827
	827  -  MemoryUsage of job (MB)
	847064  -  ResidentSetSize of job (KB)
...
006 (15165475.053.000) 2022-02-28 01:34:44 Image size of job updated: 1140
	1140  -  MemoryUsage of job (MB)
	1167932  -  ResidentSetSize of job (KB)
...
040 (15165475.053.000) 2022-02-28 01:35:18 Entered queue to transfer output files
...
040 (15165475.053.000) 2022-02-28 01:35:44 Started transferring output files
...
040 (15165475.053.000) 2022-02-28 01:41:13 Finished transferring output files
...
005 (15165475.053.000) 2022-02-28 01:44:06 Job terminated.
	(1) Normal termination (return value 0)
		Usr 0 01:12:21, Sys 0 00:01:14  -  Run Remote Usage
		Usr 0 00:00:00, Sys 0 00:00:00  -  Run Local Usage
		Usr 0 01:12:21, Sys 0 00:01:14  -  Total Remote Usage
		Usr 0 00:00:00, Sys 0 00:00:00  -  Total Local Usage
	37680  -  Run Bytes Sent By Job
	131040256  -  Run Bytes Received By Job
	37680  -  Total Bytes Sent By Job
	131040256  -  Total Bytes Received By Job
	Partitionable Resources :     Usage  Request Allocated 
	   Cpus                 :      0.00        1         1 
	   Disk (KB)            : 163828      419431  16624573 
	   IoHeavy              :                            0 
	   Memory (MB)          :   1140        2151      2176 

	Job terminated of its own accord at 2022-02-28T07:34:44Z with exit-code 0.
...
