000 (15165475.050.000) 2022-02-28 00:26:02 Job submitted from host: <128.105.244.191:9618?addrs=128.105.244.191-9618&alias=submit-1.chtc.wisc.edu&noUDP&sock=schedd_3562897_9248>
...
040 (15165475.050.000) 2022-02-28 00:39:51 Started transferring input files
	Transferring to host: <128.105.244.75:9618?addrs=128.105.244.75-9618&alias=e3195.chtc.wisc.edu&noUDP&sock=slot1_4_6142_5833_22804>
...
040 (15165475.050.000) 2022-02-28 00:40:00 Finished transferring input files
...
001 (15165475.050.000) 2022-02-28 00:40:07 Job executing on host: <128.105.244.75:9618?addrs=128.105.244.75-9618&alias=e3195.chtc.wisc.edu&noUDP&sock=startd_1431_201d>
...
006 (15165475.050.000) 2022-02-28 00:55:22 Image size of job updated: 199
	199  -  MemoryUsage of job (MB)
	204592  -  ResidentSetSize of job (KB)
...
006 (15165475.050.000) 2022-02-28 01:00:23 Image size of job updated: 479
	479  -  MemoryUsage of job (MB)
	491040  -  ResidentSetSize of job (KB)
...
006 (15165475.050.000) 2022-02-28 01:05:24 Image size of job updated: 729
	729  -  MemoryUsage of job (MB)
	746748  -  ResidentSetSize of job (KB)
...
006 (15165475.050.000) 2022-02-28 01:10:25 Image size of job updated: 745
	745  -  MemoryUsage of job (MB)
	762984  -  ResidentSetSize of job (KB)
...
006 (15165475.050.000) 2022-02-28 01:15:26 Image size of job updated: 761
	761  -  MemoryUsage of job (MB)
	779484  -  ResidentSetSize of job (KB)
...
006 (15165475.050.000) 2022-02-28 01:20:27 Image size of job updated: 784
	784  -  MemoryUsage of job (MB)
	802848  -  ResidentSetSize of job (KB)
...
006 (15165475.050.000) 2022-02-28 01:25:45 Image size of job updated: 806
	806  -  MemoryUsage of job (MB)
	826216  -  ResidentSetSize of job (KB)
...
006 (15165475.050.000) 2022-02-28 01:30:29 Image size of job updated: 822
	822  -  MemoryUsage of job (MB)
	842628  -  ResidentSetSize of job (KB)
...
006 (15165475.050.000) 2022-02-28 01:35:27 Image size of job updated: 1143
	1143  -  MemoryUsage of job (MB)
	1171440  -  ResidentSetSize of job (KB)
...
040 (15165475.050.000) 2022-02-28 01:40:21 Entered queue to transfer output files
...
040 (15165475.050.000) 2022-02-28 01:42:44 Started transferring output files
...
040 (15165475.050.000) 2022-02-28 01:47:45 Finished transferring output files
...
005 (15165475.050.000) 2022-02-28 01:48:02 Job terminated.
	(1) Normal termination (return value 0)
		Usr 0 00:00:00, Sys 0 00:00:00  -  Run Remote Usage
		Usr 0 00:00:00, Sys 0 00:00:00  -  Run Local Usage
		Usr 0 01:01:48, Sys 0 00:01:11  -  Total Remote Usage
		Usr 0 00:00:00, Sys 0 00:00:00  -  Total Local Usage
	50651  -  Run Bytes Sent By Job
	131040256  -  Run Bytes Received By Job
	50651  -  Total Bytes Sent By Job
	131040256  -  Total Bytes Received By Job
	Partitionable Resources :    Usage  Request Allocated 
	   Cpus                 :        0        1         1 
	   Disk (KB)            :   163845   419431   1363494 
	   IoHeavy              :                           0 
	   Memory (MB)          :     1143     2151      2176 

	Job terminated of its own accord at 2022-02-28T07:35:27Z with exit-code 0.
...
