000 (15165475.005.000) 2022-02-28 00:26:02 Job submitted from host: <128.105.244.191:9618?addrs=128.105.244.191-9618&alias=submit-1.chtc.wisc.edu&noUDP&sock=schedd_3562897_9248>
...
040 (15165475.005.000) 2022-02-28 00:39:37 Started transferring input files
	Transferring to host: <128.104.58.152:9618?addrs=128.104.58.152-9618+[2607-f388-1086-0-16fe-b5ff-fec6-7b7c]-9618&alias=e1004.chtc.wisc.edu&noUDP&sock=slot1_22_24721_ee46_24405>
...
040 (15165475.005.000) 2022-02-28 00:39:43 Finished transferring input files
...
001 (15165475.005.000) 2022-02-28 00:39:44 Job executing on host: <128.104.58.152:9618?addrs=128.104.58.152-9618+[2607-f388-1086-0-16fe-b5ff-fec6-7b7c]-9618&alias=e1004.chtc.wisc.edu&noUDP&sock=startd_4877_cb79>
...
006 (15165475.005.000) 2022-02-28 00:56:28 Image size of job updated: 378
	378  -  MemoryUsage of job (MB)
	387992  -  ResidentSetSize of job (KB)
...
006 (15165475.005.000) 2022-02-28 01:01:28 Image size of job updated: 551
	551  -  MemoryUsage of job (MB)
	564612  -  ResidentSetSize of job (KB)
...
006 (15165475.005.000) 2022-02-28 01:06:29 Image size of job updated: 737
	737  -  MemoryUsage of job (MB)
	755008  -  ResidentSetSize of job (KB)
...
006 (15165475.005.000) 2022-02-28 01:11:29 Image size of job updated: 743
	743  -  MemoryUsage of job (MB)
	761160  -  ResidentSetSize of job (KB)
...
006 (15165475.005.000) 2022-02-28 01:16:29 Image size of job updated: 755
	755  -  MemoryUsage of job (MB)
	773168  -  ResidentSetSize of job (KB)
...
006 (15165475.005.000) 2022-02-28 01:21:29 Image size of job updated: 768
	768  -  MemoryUsage of job (MB)
	786572  -  ResidentSetSize of job (KB)
...
006 (15165475.005.000) 2022-02-28 01:26:29 Image size of job updated: 786
	786  -  MemoryUsage of job (MB)
	805172  -  ResidentSetSize of job (KB)
...
006 (15165475.005.000) 2022-02-28 01:31:29 Image size of job updated: 800
	800  -  MemoryUsage of job (MB)
	820052  -  ResidentSetSize of job (KB)
...
006 (15165475.005.000) 2022-02-28 01:36:29 Image size of job updated: 815
	815  -  MemoryUsage of job (MB)
	834640  -  ResidentSetSize of job (KB)
...
006 (15165475.005.000) 2022-02-28 01:42:54 Image size of job updated: 827
	827  -  MemoryUsage of job (MB)
	846948  -  ResidentSetSize of job (KB)
...
006 (15165475.005.000) 2022-02-28 01:44:43 Image size of job updated: 1141
	1141  -  MemoryUsage of job (MB)
	1168640  -  ResidentSetSize of job (KB)
...
040 (15165475.005.000) 2022-02-28 01:45:46 Entered queue to transfer output files
...
040 (15165475.005.000) 2022-02-28 01:46:08 Started transferring output files
...
040 (15165475.005.000) 2022-02-28 01:46:39 Finished transferring output files
...
005 (15165475.005.000) 2022-02-28 01:47:00 Job terminated.
	(1) Normal termination (return value 0)
		Usr 0 01:22:57, Sys 0 00:01:34  -  Run Remote Usage
		Usr 0 00:00:00, Sys 0 00:00:00  -  Run Local Usage
		Usr 0 01:22:57, Sys 0 00:01:34  -  Total Remote Usage
		Usr 0 00:00:00, Sys 0 00:00:00  -  Total Local Usage
	37672  -  Run Bytes Sent By Job
	131040256  -  Run Bytes Received By Job
	37672  -  Total Bytes Sent By Job
	131040256  -  Total Bytes Received By Job
	Partitionable Resources :     Usage  Request Allocated 
	   Cpus                 :      0.00        1         1 
	   Disk (KB)            : 163827      419431    603344 
	   IoHeavy              :                            0 
	   Memory (MB)          :   1141        2151      2176 

	Job terminated of its own accord at 2022-02-28T07:44:43Z with exit-code 0.
...
