000 (15165475.056.000) 2022-02-28 00:26:02 Job submitted from host: <128.105.244.191:9618?addrs=128.105.244.191-9618&alias=submit-1.chtc.wisc.edu&noUDP&sock=schedd_3562897_9248>
...
040 (15165475.056.000) 2022-02-28 00:39:53 Started transferring input files
	Transferring to host: <128.105.245.142:9618?addrs=128.105.245.142-9618&alias=e342.chtc.wisc.edu&noUDP&sock=slot1_15_15139_8b81_26281>
...
040 (15165475.056.000) 2022-02-28 00:39:54 Finished transferring input files
...
001 (15165475.056.000) 2022-02-28 00:40:01 Job executing on host: <128.105.245.142:9618?addrs=128.105.245.142-9618&alias=e342.chtc.wisc.edu&noUDP&sock=startd_2402_2693>
...
006 (15165475.056.000) 2022-02-28 01:06:35 Image size of job updated: 377
	377  -  MemoryUsage of job (MB)
	386640  -  ResidentSetSize of job (KB)
...
006 (15165475.056.000) 2022-02-28 01:11:36 Image size of job updated: 552
	552  -  MemoryUsage of job (MB)
	565368  -  ResidentSetSize of job (KB)
...
006 (15165475.056.000) 2022-02-28 01:16:37 Image size of job updated: 754
	754  -  MemoryUsage of job (MB)
	772588  -  ResidentSetSize of job (KB)
...
006 (15165475.056.000) 2022-02-28 01:31:38 Image size of job updated: 762
	762  -  MemoryUsage of job (MB)
	781012  -  ResidentSetSize of job (KB)
...
006 (15165475.056.000) 2022-02-28 01:36:38 Image size of job updated: 781
	781  -  MemoryUsage of job (MB)
	800620  -  ResidentSetSize of job (KB)
...
006 (15165475.056.000) 2022-02-28 01:42:01 Image size of job updated: 792
	792  -  MemoryUsage of job (MB)
	812008  -  ResidentSetSize of job (KB)
...
006 (15165475.056.000) 2022-02-28 01:46:39 Image size of job updated: 809
	809  -  MemoryUsage of job (MB)
	828464  -  ResidentSetSize of job (KB)
...
006 (15165475.056.000) 2022-02-28 01:51:39 Image size of job updated: 1043
	1043  -  MemoryUsage of job (MB)
	1068912  -  ResidentSetSize of job (KB)
...
006 (15165475.056.000) 2022-02-28 01:52:30 Image size of job updated: 1130
	1130  -  MemoryUsage of job (MB)
	1158012  -  ResidentSetSize of job (KB)
...
040 (15165475.056.000) 2022-02-28 01:52:34 Started transferring output files
...
040 (15165475.056.000) 2022-02-28 01:52:36 Finished transferring output files
...
005 (15165475.056.000) 2022-02-28 01:52:46 Job terminated.
	(1) Normal termination (return value 0)
		Usr 0 00:00:00, Sys 0 00:00:00  -  Run Remote Usage
		Usr 0 00:00:00, Sys 0 00:00:00  -  Run Local Usage
		Usr 0 01:19:40, Sys 0 00:01:11  -  Total Remote Usage
		Usr 0 00:00:00, Sys 0 00:00:00  -  Total Local Usage
	50325  -  Run Bytes Sent By Job
	131040256  -  Run Bytes Received By Job
	50325  -  Total Bytes Sent By Job
	131040256  -  Total Bytes Received By Job
	Partitionable Resources :     Usage  Request Allocated 
	   Cpus                 :      0.00        1         1 
	   Disk (KB)            : 163770      419431    669358 
	   IoHeavy              :                            0 
	   Memory (MB)          :   1130        2151      2176 

	Job terminated of its own accord at 2022-02-28T07:52:30Z with exit-code 0.
...
