000 (15165475.062.000) 2022-02-28 00:26:02 Job submitted from host: <128.105.244.191:9618?addrs=128.105.244.191-9618&alias=submit-1.chtc.wisc.edu&noUDP&sock=schedd_3562897_9248>
...
040 (15165475.062.000) 2022-02-28 00:39:55 Started transferring input files
	Transferring to host: <128.105.245.120:9618?addrs=128.105.245.120-9618&alias=e320.chtc.wisc.edu&noUDP&sock=slot1_3_31634_c3bf_25851>
...
001 (15165475.062.000) 2022-02-28 00:40:02 Job executing on host: <128.105.245.120:9618?addrs=128.105.245.120-9618&alias=e320.chtc.wisc.edu&noUDP&sock=startd_2848_11d0>
...
040 (15165475.062.000) 2022-02-28 00:40:02 Finished transferring input files
...
006 (15165475.062.000) 2022-02-28 01:00:31 Image size of job updated: 188
	188  -  MemoryUsage of job (MB)
	193224  -  ResidentSetSize of job (KB)
...
006 (15165475.062.000) 2022-02-28 01:05:31 Image size of job updated: 437
	437  -  MemoryUsage of job (MB)
	448092  -  ResidentSetSize of job (KB)
...
006 (15165475.062.000) 2022-02-28 01:10:31 Image size of job updated: 730
	730  -  MemoryUsage of job (MB)
	748392  -  ResidentSetSize of job (KB)
...
006 (15165475.062.000) 2022-02-28 01:15:31 Image size of job updated: 745
	745  -  MemoryUsage of job (MB)
	763676  -  ResidentSetSize of job (KB)
...
006 (15165475.062.000) 2022-02-28 01:20:32 Image size of job updated: 761
	761  -  MemoryUsage of job (MB)
	780176  -  ResidentSetSize of job (KB)
...
006 (15165475.062.000) 2022-02-28 01:25:54 Image size of job updated: 781
	781  -  MemoryUsage of job (MB)
	800636  -  ResidentSetSize of job (KB)
...
006 (15165475.062.000) 2022-02-28 01:30:34 Image size of job updated: 802
	802  -  MemoryUsage of job (MB)
	821888  -  ResidentSetSize of job (KB)
...
006 (15165475.062.000) 2022-02-28 01:35:34 Image size of job updated: 819
	819  -  MemoryUsage of job (MB)
	839048  -  ResidentSetSize of job (KB)
...
006 (15165475.062.000) 2022-02-28 01:40:34 Image size of job updated: 1136
	1136  -  MemoryUsage of job (MB)
	1163532  -  ResidentSetSize of job (KB)
...
006 (15165475.062.000) 2022-02-28 01:42:21 Image size of job updated: 1138
	1138  -  MemoryUsage of job (MB)
	1165908  -  ResidentSetSize of job (KB)
...
040 (15165475.062.000) 2022-02-28 01:47:20 Finished transferring output files
...
022 (15165475.062.000) 2022-02-28 01:47:28 Job disconnected, attempting to reconnect
    Socket between submit and execute hosts closed unexpectedly
    Trying to reconnect to slot1_3@e320.chtc.wisc.edu <128.105.245.120:9618?addrs=128.105.245.120-9618&alias=e320.chtc.wisc.edu&noUDP&sock=startd_2848_11d0>
...
023 (15165475.062.000) 2022-02-28 01:47:28 Job reconnected to slot1_3@e320.chtc.wisc.edu
    startd address: <128.105.245.120:9618?addrs=128.105.245.120-9618&alias=e320.chtc.wisc.edu&noUDP&sock=startd_2848_11d0>
    starter address: <128.105.245.120:9618?addrs=128.105.245.120-9618&alias=e320.chtc.wisc.edu&noUDP&sock=slot1_3_31634_c3bf_25851>
...
040 (15165475.062.000) 2022-02-28 01:47:33 Entered queue to transfer output files
...
040 (15165475.062.000) 2022-02-28 01:47:45 Started transferring output files
...
040 (15165475.062.000) 2022-02-28 01:48:14 Finished transferring output files
...
005 (15165475.062.000) 2022-02-28 01:48:30 Job terminated.
	(1) Normal termination (return value 0)
		Usr 0 01:08:18, Sys 0 00:00:53  -  Run Remote Usage
		Usr 0 00:00:00, Sys 0 00:00:00  -  Run Local Usage
		Usr 0 01:08:18, Sys 0 00:00:53  -  Total Remote Usage
		Usr 0 00:00:00, Sys 0 00:00:00  -  Total Local Usage
	50333  -  Run Bytes Sent By Job
	131040256  -  Run Bytes Received By Job
	50333  -  Total Bytes Sent By Job
	131040256  -  Total Bytes Received By Job
	Partitionable Resources :    Usage  Request Allocated 
	   Cpus                 :        0        1         1 
	   Disk (KB)            :   163771   419431    599246 
	   IoHeavy              :                           0 
	   Memory (MB)          :     1138     2151      2176 

	Job terminated of its own accord at 2022-02-28T07:41:06Z with exit-code 0.
...
