000 (15165475.061.000) 2022-02-28 00:26:02 Job submitted from host: <128.105.244.191:9618?addrs=128.105.244.191-9618&alias=submit-1.chtc.wisc.edu&noUDP&sock=schedd_3562897_9248>
...
040 (15165475.061.000) 2022-02-28 00:39:54 Started transferring input files
	Transferring to host: <128.104.58.171:9618?addrs=128.104.58.171-9618+[2607-f388-1086-0-16fe-b5ff-fec6-79de]-9618&alias=e1025.chtc.wisc.edu&noUDP&sock=slot1_24_13998_9b72_28629>
...
040 (15165475.061.000) 2022-02-28 00:39:59 Finished transferring input files
...
001 (15165475.061.000) 2022-02-28 00:40:06 Job executing on host: <128.104.58.171:9618?addrs=128.104.58.171-9618+[2607-f388-1086-0-16fe-b5ff-fec6-79de]-9618&alias=e1025.chtc.wisc.edu&noUDP&sock=startd_4914_2c7a>
...
006 (15165475.061.000) 2022-02-28 00:51:02 Image size of job updated: 132
	132  -  MemoryUsage of job (MB)
	135552  -  ResidentSetSize of job (KB)
...
006 (15165475.061.000) 2022-02-28 00:56:02 Image size of job updated: 403
	403  -  MemoryUsage of job (MB)
	413240  -  ResidentSetSize of job (KB)
...
006 (15165475.061.000) 2022-02-28 01:01:02 Image size of job updated: 628
	628  -  MemoryUsage of job (MB)
	643568  -  ResidentSetSize of job (KB)
...
006 (15165475.061.000) 2022-02-28 01:06:02 Image size of job updated: 734
	734  -  MemoryUsage of job (MB)
	752620  -  ResidentSetSize of job (KB)
...
006 (15165475.061.000) 2022-02-28 01:11:03 Image size of job updated: 747
	747  -  MemoryUsage of job (MB)
	765492  -  ResidentSetSize of job (KB)
...
006 (15165475.061.000) 2022-02-28 01:16:03 Image size of job updated: 761
	761  -  MemoryUsage of job (MB)
	779488  -  ResidentSetSize of job (KB)
...
006 (15165475.061.000) 2022-02-28 01:21:03 Image size of job updated: 773
	773  -  MemoryUsage of job (MB)
	792440  -  ResidentSetSize of job (KB)
...
006 (15165475.061.000) 2022-02-28 01:26:03 Image size of job updated: 793
	793  -  MemoryUsage of job (MB)
	812068  -  ResidentSetSize of job (KB)
...
006 (15165475.061.000) 2022-02-28 01:31:03 Image size of job updated: 806
	806  -  MemoryUsage of job (MB)
	826048  -  ResidentSetSize of job (KB)
...
006 (15165475.061.000) 2022-02-28 01:36:04 Image size of job updated: 820
	820  -  MemoryUsage of job (MB)
	840324  -  ResidentSetSize of job (KB)
...
006 (15165475.061.000) 2022-02-28 01:41:05 Image size of job updated: 996
	996  -  MemoryUsage of job (MB)
	1020220  -  ResidentSetSize of job (KB)
...
006 (15165475.061.000) 2022-02-28 01:42:49 Image size of job updated: 1141
	1141  -  MemoryUsage of job (MB)
	1168664  -  ResidentSetSize of job (KB)
...
040 (15165475.061.000) 2022-02-28 01:43:24 Entered queue to transfer output files
...
040 (15165475.061.000) 2022-02-28 01:43:43 Started transferring output files
...
040 (15165475.061.000) 2022-02-28 01:44:31 Finished transferring output files
...
005 (15165475.061.000) 2022-02-28 01:45:01 Job terminated.
	(1) Normal termination (return value 0)
		Usr 0 00:00:00, Sys 0 00:00:00  -  Run Remote Usage
		Usr 0 00:00:00, Sys 0 00:00:00  -  Run Local Usage
		Usr 0 01:22:16, Sys 0 00:01:42  -  Total Remote Usage
		Usr 0 00:00:00, Sys 0 00:00:00  -  Total Local Usage
	37557  -  Run Bytes Sent By Job
	131040256  -  Run Bytes Received By Job
	37557  -  Total Bytes Sent By Job
	131040256  -  Total Bytes Received By Job
	Partitionable Resources :     Usage  Request Allocated 
	   Cpus                 :      0.00        1         1 
	   Disk (KB)            : 163855      419431    595349 
	   IoHeavy              :                            0 
	   Memory (MB)          :   1141        2151      2176 

	Job terminated of its own accord at 2022-02-28T07:42:49Z with exit-code 0.
...
