000 (15165475.067.000) 2022-02-28 00:26:02 Job submitted from host: <128.105.244.191:9618?addrs=128.105.244.191-9618&alias=submit-1.chtc.wisc.edu&noUDP&sock=schedd_3562897_9248>
...
040 (15165475.067.000) 2022-02-28 00:40:10 Started transferring input files
	Transferring to host: <128.104.58.179:9618?addrs=128.104.58.179-9618+[2607-f388-1086-0-16fe-b5ff-fec6-7177]-9618&alias=e1035.chtc.wisc.edu&noUDP&sock=slot1_37_24754_2ea8_23487>
...
040 (15165475.067.000) 2022-02-28 00:40:19 Finished transferring input files
...
001 (15165475.067.000) 2022-02-28 00:40:26 Job executing on host: <128.104.58.179:9618?addrs=128.104.58.179-9618+[2607-f388-1086-0-16fe-b5ff-fec6-7177]-9618&alias=e1035.chtc.wisc.edu&noUDP&sock=startd_5144_ef43>
...
006 (15165475.067.000) 2022-02-28 00:56:54 Image size of job updated: 198
	198  -  MemoryUsage of job (MB)
	203512  -  ResidentSetSize of job (KB)
...
006 (15165475.067.000) 2022-02-28 01:01:54 Image size of job updated: 208
	208  -  MemoryUsage of job (MB)
	213224  -  ResidentSetSize of job (KB)
...
006 (15165475.067.000) 2022-02-28 01:06:55 Image size of job updated: 378
	378  -  MemoryUsage of job (MB)
	387964  -  ResidentSetSize of job (KB)
...
006 (15165475.067.000) 2022-02-28 01:11:55 Image size of job updated: 466
	466  -  MemoryUsage of job (MB)
	478172  -  ResidentSetSize of job (KB)
...
006 (15165475.067.000) 2022-02-28 01:16:55 Image size of job updated: 689
	689  -  MemoryUsage of job (MB)
	706340  -  ResidentSetSize of job (KB)
...
006 (15165475.067.000) 2022-02-28 01:21:55 Image size of job updated: 767
	767  -  MemoryUsage of job (MB)
	786008  -  ResidentSetSize of job (KB)
...
006 (15165475.067.000) 2022-02-28 01:36:56 Image size of job updated: 775
	775  -  MemoryUsage of job (MB)
	794576  -  ResidentSetSize of job (KB)
...
006 (15165475.067.000) 2022-02-28 01:45:41 Image size of job updated: 795
	795  -  MemoryUsage of job (MB)
	814952  -  ResidentSetSize of job (KB)
...
006 (15165475.067.000) 2022-02-28 01:56:53 Image size of job updated: 1141
	1141  -  MemoryUsage of job (MB)
	1168628  -  ResidentSetSize of job (KB)
...
040 (15165475.067.000) 2022-02-28 01:57:51 Started transferring output files
...
040 (15165475.067.000) 2022-02-28 01:57:51 Finished transferring output files
...
005 (15165475.067.000) 2022-02-28 01:58:42 Job terminated.
	(1) Normal termination (return value 0)
		Usr 0 00:00:00, Sys 0 00:00:00  -  Run Remote Usage
		Usr 0 00:00:00, Sys 0 00:00:00  -  Run Local Usage
		Usr 0 01:20:40, Sys 0 00:01:48  -  Total Remote Usage
		Usr 0 00:00:00, Sys 0 00:00:00  -  Total Local Usage
	37409  -  Run Bytes Sent By Job
	131040256  -  Run Bytes Received By Job
	37409  -  Total Bytes Sent By Job
	131040256  -  Total Bytes Received By Job
	Partitionable Resources :     Usage  Request Allocated 
	   Cpus                 :      0.01        1         1 
	   Disk (KB)            : 163855      419431    659567 
	   IoHeavy              :                            0 
	   Memory (MB)          :   1141        2151      2176 

	Job terminated of its own accord at 2022-02-28T07:57:51Z with exit-code 0.
...
