000 (15165475.060.000) 2022-02-28 00:26:02 Job submitted from host: <128.105.244.191:9618?addrs=128.105.244.191-9618&alias=submit-1.chtc.wisc.edu&noUDP&sock=schedd_3562897_9248>
...
040 (15165475.060.000) 2022-02-28 00:39:54 Started transferring input files
	Transferring to host: <128.104.101.138:9618?addrs=128.104.101.138-9618+[2607-f388-107c-501-206-f6ff-fe30-d31f]-9618&alias=e138.chtc.wisc.edu&noUDP&sock=slot1_15_921_ad7f_34644>
...
001 (15165475.060.000) 2022-02-28 00:40:01 Job executing on host: <128.104.101.138:9618?addrs=128.104.101.138-9618+[2607-f388-107c-501-206-f6ff-fe30-d31f]-9618&alias=e138.chtc.wisc.edu&noUDP&sock=startd_1834_8cc8>
...
040 (15165475.060.000) 2022-02-28 00:40:01 Finished transferring input files
...
006 (15165475.060.000) 2022-02-28 00:50:54 Image size of job updated: 200
	200  -  MemoryUsage of job (MB)
	205368  -  ResidentSetSize of job (KB)
...
006 (15165475.060.000) 2022-02-28 00:55:54 Image size of job updated: 475
	475  -  MemoryUsage of job (MB)
	486900  -  ResidentSetSize of job (KB)
...
006 (15165475.060.000) 2022-02-28 01:00:55 Image size of job updated: 763
	763  -  MemoryUsage of job (MB)
	781860  -  ResidentSetSize of job (KB)
...
006 (15165475.060.000) 2022-02-28 01:15:56 Image size of job updated: 770
	770  -  MemoryUsage of job (MB)
	788568  -  ResidentSetSize of job (KB)
...
006 (15165475.060.000) 2022-02-28 01:20:56 Image size of job updated: 786
	786  -  MemoryUsage of job (MB)
	805344  -  ResidentSetSize of job (KB)
...
006 (15165475.060.000) 2022-02-28 01:25:57 Image size of job updated: 801
	801  -  MemoryUsage of job (MB)
	820480  -  ResidentSetSize of job (KB)
...
006 (15165475.060.000) 2022-02-28 01:30:57 Image size of job updated: 815
	815  -  MemoryUsage of job (MB)
	835268  -  ResidentSetSize of job (KB)
...
006 (15165475.060.000) 2022-02-28 01:35:43 Image size of job updated: 1131
	1131  -  MemoryUsage of job (MB)
	1158828  -  ResidentSetSize of job (KB)
...
040 (15165475.060.000) 2022-02-28 01:36:20 Entered queue to transfer output files
...
040 (15165475.060.000) 2022-02-28 01:36:44 Started transferring output files
...
040 (15165475.060.000) 2022-02-28 01:38:00 Finished transferring output files
...
005 (15165475.060.000) 2022-02-28 01:38:45 Job terminated.
	(1) Normal termination (return value 0)
		Usr 0 01:16:37, Sys 0 00:00:46  -  Run Remote Usage
		Usr 0 00:00:00, Sys 0 00:00:00  -  Run Local Usage
		Usr 0 01:16:37, Sys 0 00:00:46  -  Total Remote Usage
		Usr 0 00:00:00, Sys 0 00:00:00  -  Total Local Usage
	37549  -  Run Bytes Sent By Job
	131040256  -  Run Bytes Received By Job
	37549  -  Total Bytes Sent By Job
	131040256  -  Total Bytes Received By Job
	Partitionable Resources :     Usage  Request Allocated 
	   Cpus                 :      0.00        1         1 
	   Disk (KB)            : 163730      419431   1700241 
	   IoHeavy              :                            0 
	   Memory (MB)          :   1131        2151      2176 

	Job terminated of its own accord at 2022-02-28T07:35:43Z with exit-code 0.
...
