000 (15165475.063.000) 2022-02-28 00:26:02 Job submitted from host: <128.105.244.191:9618?addrs=128.105.244.191-9618&alias=submit-1.chtc.wisc.edu&noUDP&sock=schedd_3562897_9248>
...
040 (15165475.063.000) 2022-02-28 00:39:55 Started transferring input files
	Transferring to host: <128.105.245.133:9618?addrs=128.105.245.133-9618&alias=e2333.chtc.wisc.edu&noUDP&sock=slot1_4_10536_50a6_25114>
...
001 (15165475.063.000) 2022-02-28 00:40:02 Job executing on host: <128.105.245.133:9618?addrs=128.105.245.133-9618&alias=e2333.chtc.wisc.edu&noUDP&sock=startd_2901_6c55>
...
040 (15165475.063.000) 2022-02-28 00:40:02 Finished transferring input files
...
006 (15165475.063.000) 2022-02-28 01:05:36 Image size of job updated: 346
	346  -  MemoryUsage of job (MB)
	354672  -  ResidentSetSize of job (KB)
...
006 (15165475.063.000) 2022-02-28 01:10:36 Image size of job updated: 681
	681  -  MemoryUsage of job (MB)
	697740  -  ResidentSetSize of job (KB)
...
006 (15165475.063.000) 2022-02-28 01:15:37 Image size of job updated: 736
	736  -  MemoryUsage of job (MB)
	754052  -  ResidentSetSize of job (KB)
...
006 (15165475.063.000) 2022-02-28 01:20:37 Image size of job updated: 749
	749  -  MemoryUsage of job (MB)
	767384  -  ResidentSetSize of job (KB)
...
006 (15165475.063.000) 2022-02-28 01:25:54 Image size of job updated: 764
	764  -  MemoryUsage of job (MB)
	782564  -  ResidentSetSize of job (KB)
...
006 (15165475.063.000) 2022-02-28 01:30:38 Image size of job updated: 788
	788  -  MemoryUsage of job (MB)
	807856  -  ResidentSetSize of job (KB)
...
006 (15165475.063.000) 2022-02-28 01:35:38 Image size of job updated: 803
	803  -  MemoryUsage of job (MB)
	822280  -  ResidentSetSize of job (KB)
...
006 (15165475.063.000) 2022-02-28 01:40:39 Image size of job updated: 818
	818  -  MemoryUsage of job (MB)
	838644  -  ResidentSetSize of job (KB)
...
006 (15165475.063.000) 2022-02-28 01:45:39 Image size of job updated: 1015
	1015  -  MemoryUsage of job (MB)
	1039496  -  ResidentSetSize of job (KB)
...
006 (15165475.063.000) 2022-02-28 01:47:00 Image size of job updated: 1142
	1142  -  MemoryUsage of job (MB)
	1169912  -  ResidentSetSize of job (KB)
...
040 (15165475.063.000) 2022-02-28 01:47:22 Entered queue to transfer output files
...
040 (15165475.063.000) 2022-02-28 01:47:32 Started transferring output files
...
040 (15165475.063.000) 2022-02-28 01:47:59 Finished transferring output files
...
005 (15165475.063.000) 2022-02-28 01:48:18 Job terminated.
	(1) Normal termination (return value 0)
		Usr 0 01:17:24, Sys 0 00:00:53  -  Run Remote Usage
		Usr 0 00:00:00, Sys 0 00:00:00  -  Run Local Usage
		Usr 0 01:17:24, Sys 0 00:00:53  -  Total Remote Usage
		Usr 0 00:00:00, Sys 0 00:00:00  -  Total Local Usage
	50435  -  Run Bytes Sent By Job
	131040256  -  Run Bytes Received By Job
	50435  -  Total Bytes Sent By Job
	131040256  -  Total Bytes Received By Job
	Partitionable Resources :     Usage  Request Allocated 
	   Cpus                 :      0.00        1         1 
	   Disk (KB)            : 163772      419431    668611 
	   IoHeavy              :                            0 
	   Memory (MB)          :   1142        2151      2176 

	Job terminated of its own accord at 2022-02-28T07:47:00Z with exit-code 0.
...
