000 (15165475.006.000) 2022-02-28 00:26:02 Job submitted from host: <128.105.244.191:9618?addrs=128.105.244.191-9618&alias=submit-1.chtc.wisc.edu&noUDP&sock=schedd_3562897_9248>
...
040 (15165475.006.000) 2022-02-28 00:39:37 Started transferring input files
	Transferring to host: <128.104.58.151:9618?addrs=128.104.58.151-9618+[2607-f388-1086-0-f24d-a2ff-fe40-b008]-9618&alias=e1003.chtc.wisc.edu&noUDP&sock=slot1_31_43199_5a76_25243>
...
040 (15165475.006.000) 2022-02-28 00:39:42 Finished transferring input files
...
001 (15165475.006.000) 2022-02-28 00:39:43 Job executing on host: <128.104.58.151:9618?addrs=128.104.58.151-9618+[2607-f388-1086-0-f24d-a2ff-fe40-b008]-9618&alias=e1003.chtc.wisc.edu&noUDP&sock=startd_4886_f7d3>
...
006 (15165475.006.000) 2022-02-28 00:56:03 Image size of job updated: 378
	378  -  MemoryUsage of job (MB)
	388024  -  ResidentSetSize of job (KB)
...
006 (15165475.006.000) 2022-02-28 01:01:03 Image size of job updated: 601
	601  -  MemoryUsage of job (MB)
	615728  -  ResidentSetSize of job (KB)
...
006 (15165475.006.000) 2022-02-28 01:06:03 Image size of job updated: 762
	762  -  MemoryUsage of job (MB)
	781080  -  ResidentSetSize of job (KB)
...
006 (15165475.006.000) 2022-02-28 01:21:03 Image size of job updated: 774
	774  -  MemoryUsage of job (MB)
	792976  -  ResidentSetSize of job (KB)
...
006 (15165475.006.000) 2022-02-28 01:26:03 Image size of job updated: 793
	793  -  MemoryUsage of job (MB)
	812780  -  ResidentSetSize of job (KB)
...
006 (15165475.006.000) 2022-02-28 01:31:04 Image size of job updated: 808
	808  -  MemoryUsage of job (MB)
	828072  -  ResidentSetSize of job (KB)
...
006 (15165475.006.000) 2022-02-28 01:36:04 Image size of job updated: 823
	823  -  MemoryUsage of job (MB)
	843476  -  ResidentSetSize of job (KB)
...
006 (15165475.006.000) 2022-02-28 01:41:04 Image size of job updated: 1141
	1141  -  MemoryUsage of job (MB)
	1168608  -  ResidentSetSize of job (KB)
...
040 (15165475.006.000) 2022-02-28 01:42:14 Entered queue to transfer output files
...
040 (15165475.006.000) 2022-02-28 01:44:34 Started transferring output files
...
040 (15165475.006.000) 2022-02-28 01:45:20 Finished transferring output files
...
005 (15165475.006.000) 2022-02-28 01:45:46 Job terminated.
	(1) Normal termination (return value 0)
		Usr 0 00:00:00, Sys 0 00:00:00  -  Run Remote Usage
		Usr 0 00:00:00, Sys 0 00:00:00  -  Run Local Usage
		Usr 0 01:19:42, Sys 0 00:01:29  -  Total Remote Usage
		Usr 0 00:00:00, Sys 0 00:00:00  -  Total Local Usage
	37631  -  Run Bytes Sent By Job
	131040256  -  Run Bytes Received By Job
	37631  -  Total Bytes Sent By Job
	131040256  -  Total Bytes Received By Job
	Partitionable Resources :    Usage  Request Allocated 
	   Cpus                 :        0        1         1 
	   Disk (KB)            :   163855   419431    599524 
	   IoHeavy              :                           0 
	   Memory (MB)          :     1141     2151      2176 

	Job terminated of its own accord at 2022-02-28T07:41:37Z with exit-code 0.
...
