000 (15165475.070.000) 2022-02-28 00:26:02 Job submitted from host: <128.105.244.191:9618?addrs=128.105.244.191-9618&alias=submit-1.chtc.wisc.edu&noUDP&sock=schedd_3562897_9248>
...
040 (15165475.070.000) 2022-02-28 00:40:01 Started transferring input files
	Transferring to host: <128.105.244.20:9618?addrs=128.105.244.20-9618&alias=e3151.chtc.wisc.edu&noUDP&sock=slot1_4_12704_ddfe_22399>
...
040 (15165475.070.000) 2022-02-28 00:40:04 Finished transferring input files
...
001 (15165475.070.000) 2022-02-28 00:40:11 Job executing on host: <128.105.244.20:9618?addrs=128.105.244.20-9618&alias=e3151.chtc.wisc.edu&noUDP&sock=startd_1463_1325>
...
006 (15165475.070.000) 2022-02-28 01:00:27 Image size of job updated: 417
	417  -  MemoryUsage of job (MB)
	427296  -  ResidentSetSize of job (KB)
...
006 (15165475.070.000) 2022-02-28 01:05:27 Image size of job updated: 698
	698  -  MemoryUsage of job (MB)
	715188  -  ResidentSetSize of job (KB)
...
006 (15165475.070.000) 2022-02-28 01:10:30 Image size of job updated: 806
	806  -  MemoryUsage of job (MB)
	825684  -  ResidentSetSize of job (KB)
...
006 (15165475.070.000) 2022-02-28 01:15:28 Image size of job updated: 823
	823  -  MemoryUsage of job (MB)
	843236  -  ResidentSetSize of job (KB)
...
006 (15165475.070.000) 2022-02-28 01:20:29 Image size of job updated: 840
	840  -  MemoryUsage of job (MB)
	860660  -  ResidentSetSize of job (KB)
...
006 (15165475.070.000) 2022-02-28 01:25:53 Image size of job updated: 866
	866  -  MemoryUsage of job (MB)
	886884  -  ResidentSetSize of job (KB)
...
006 (15165475.070.000) 2022-02-28 01:30:31 Image size of job updated: 879
	879  -  MemoryUsage of job (MB)
	900868  -  ResidentSetSize of job (KB)
...
006 (15165475.070.000) 2022-02-28 01:35:32 Image size of job updated: 892
	892  -  MemoryUsage of job (MB)
	914376  -  ResidentSetSize of job (KB)
...
006 (15165475.070.000) 2022-02-28 01:38:15 Image size of job updated: 1146
	1146  -  MemoryUsage of job (MB)
	1173596  -  ResidentSetSize of job (KB)
...
040 (15165475.070.000) 2022-02-28 01:41:43 Entered queue to transfer output files
...
040 (15165475.070.000) 2022-02-28 01:44:09 Started transferring output files
...
040 (15165475.070.000) 2022-02-28 01:44:55 Finished transferring output files
...
005 (15165475.070.000) 2022-02-28 01:45:22 Job terminated.
	(1) Normal termination (return value 0)
		Usr 0 01:09:13, Sys 0 00:00:59  -  Run Remote Usage
		Usr 0 00:00:00, Sys 0 00:00:00  -  Run Local Usage
		Usr 0 01:09:13, Sys 0 00:00:59  -  Total Remote Usage
		Usr 0 00:00:00, Sys 0 00:00:00  -  Total Local Usage
	50812  -  Run Bytes Sent By Job
	131040256  -  Run Bytes Received By Job
	50812  -  Total Bytes Sent By Job
	131040256  -  Total Bytes Received By Job
	Partitionable Resources :    Usage  Request Allocated 
	   Cpus                 :        0        1         1 
	   Disk (KB)            :   163845   419431   1593325 
	   IoHeavy              :                           0 
	   Memory (MB)          :     1146     2151      2176 

	Job terminated of its own accord at 2022-02-28T07:38:15Z with exit-code 0.
...
