000 (15165475.073.000) 2022-02-28 00:26:02 Job submitted from host: <128.105.244.191:9618?addrs=128.105.244.191-9618&alias=submit-1.chtc.wisc.edu&noUDP&sock=schedd_3562897_9248>
...
040 (15165475.073.000) 2022-02-28 00:40:02 Started transferring input files
	Transferring to host: <128.104.58.165:9618?addrs=128.104.58.165-9618+[2607-f388-1086-0-d267-e5ff-fefb-eefc]-9618&alias=e1017.chtc.wisc.edu&noUDP&sock=slot1_8_30452_f04f_26685>
...
040 (15165475.073.000) 2022-02-28 00:40:06 Finished transferring input files
...
001 (15165475.073.000) 2022-02-28 00:40:13 Job executing on host: <128.104.58.165:9618?addrs=128.104.58.165-9618+[2607-f388-1086-0-d267-e5ff-fefb-eefc]-9618&alias=e1017.chtc.wisc.edu&noUDP&sock=startd_5085_772c>
...
006 (15165475.073.000) 2022-02-28 00:51:33 Image size of job updated: 188
	188  -  MemoryUsage of job (MB)
	193248  -  ResidentSetSize of job (KB)
...
006 (15165475.073.000) 2022-02-28 00:56:34 Image size of job updated: 403
	403  -  MemoryUsage of job (MB)
	413508  -  ResidentSetSize of job (KB)
...
006 (15165475.073.000) 2022-02-28 01:01:35 Image size of job updated: 674
	674  -  MemoryUsage of job (MB)
	690232  -  ResidentSetSize of job (KB)
...
006 (15165475.073.000) 2022-02-28 01:06:35 Image size of job updated: 756
	756  -  MemoryUsage of job (MB)
	774732  -  ResidentSetSize of job (KB)
...
006 (15165475.073.000) 2022-02-28 01:16:36 Image size of job updated: 762
	762  -  MemoryUsage of job (MB)
	780824  -  ResidentSetSize of job (KB)
...
006 (15165475.073.000) 2022-02-28 01:21:36 Image size of job updated: 775
	775  -  MemoryUsage of job (MB)
	794276  -  ResidentSetSize of job (KB)
...
006 (15165475.073.000) 2022-02-28 01:26:36 Image size of job updated: 794
	794  -  MemoryUsage of job (MB)
	813520  -  ResidentSetSize of job (KB)
...
006 (15165475.073.000) 2022-02-28 01:31:37 Image size of job updated: 809
	809  -  MemoryUsage of job (MB)
	828764  -  ResidentSetSize of job (KB)
...
006 (15165475.073.000) 2022-02-28 01:36:38 Image size of job updated: 823
	823  -  MemoryUsage of job (MB)
	842944  -  ResidentSetSize of job (KB)
...
006 (15165475.073.000) 2022-02-28 01:42:31 Image size of job updated: 1116
	1116  -  MemoryUsage of job (MB)
	1143504  -  ResidentSetSize of job (KB)
...
040 (15165475.073.000) 2022-02-28 01:42:53 Entered queue to transfer output files
...
040 (15165475.073.000) 2022-02-28 01:47:21 Started transferring output files
...
040 (15165475.073.000) 2022-02-28 01:47:49 Finished transferring output files
...
005 (15165475.073.000) 2022-02-28 01:48:07 Job terminated.
	(1) Normal termination (return value 0)
		Usr 0 00:00:00, Sys 0 00:00:00  -  Run Remote Usage
		Usr 0 00:00:00, Sys 0 00:00:00  -  Run Local Usage
		Usr 0 01:21:55, Sys 0 00:01:43  -  Total Remote Usage
		Usr 0 00:00:00, Sys 0 00:00:00  -  Total Local Usage
	37639  -  Run Bytes Sent By Job
	131040256  -  Run Bytes Received By Job
	37639  -  Total Bytes Sent By Job
	131040256  -  Total Bytes Received By Job
	Partitionable Resources :    Usage  Request Allocated 
	   Cpus                 :        0        1         1 
	   Disk (KB)            :   163854   419431    656991 
	   IoHeavy              :                           0 
	   Memory (MB)          :     1116     2151      2176 

	Job terminated of its own accord at 2022-02-28T07:42:32Z with exit-code 0.
...
