000 (15165475.075.000) 2022-02-28 00:26:02 Job submitted from host: <128.105.244.191:9618?addrs=128.105.244.191-9618&alias=submit-1.chtc.wisc.edu&noUDP&sock=schedd_3562897_9248>
...
040 (15165475.075.000) 2022-02-28 00:40:03 Started transferring input files
	Transferring to host: <128.104.58.180:9618?addrs=128.104.58.180-9618+[2607-f388-1086-0-16fe-b5ff-fec6-779e]-9618&alias=e1036.chtc.wisc.edu&noUDP&sock=slot1_36_11533_caae_23999>
...
040 (15165475.075.000) 2022-02-28 00:40:07 Finished transferring input files
...
001 (15165475.075.000) 2022-02-28 00:40:14 Job executing on host: <128.104.58.180:9618?addrs=128.104.58.180-9618+[2607-f388-1086-0-16fe-b5ff-fec6-779e]-9618&alias=e1036.chtc.wisc.edu&noUDP&sock=startd_4773_75a0>
...
006 (15165475.075.000) 2022-02-28 00:51:41 Image size of job updated: 201
	201  -  MemoryUsage of job (MB)
	206584  -  ResidentSetSize of job (KB)
...
006 (15165475.075.000) 2022-02-28 00:56:42 Image size of job updated: 418
	418  -  MemoryUsage of job (MB)
	428184  -  ResidentSetSize of job (KB)
...
006 (15165475.075.000) 2022-02-28 01:01:42 Image size of job updated: 688
	688  -  MemoryUsage of job (MB)
	705504  -  ResidentSetSize of job (KB)
...
006 (15165475.075.000) 2022-02-28 01:06:42 Image size of job updated: 750
	750  -  MemoryUsage of job (MB)
	768292  -  ResidentSetSize of job (KB)
...
006 (15165475.075.000) 2022-02-28 01:16:44 Image size of job updated: 759
	759  -  MemoryUsage of job (MB)
	777332  -  ResidentSetSize of job (KB)
...
006 (15165475.075.000) 2022-02-28 01:21:44 Image size of job updated: 773
	773  -  MemoryUsage of job (MB)
	791672  -  ResidentSetSize of job (KB)
...
006 (15165475.075.000) 2022-02-28 01:26:45 Image size of job updated: 788
	788  -  MemoryUsage of job (MB)
	807864  -  ResidentSetSize of job (KB)
...
006 (15165475.075.000) 2022-02-28 01:31:46 Image size of job updated: 802
	802  -  MemoryUsage of job (MB)
	821744  -  ResidentSetSize of job (KB)
...
006 (15165475.075.000) 2022-02-28 01:36:47 Image size of job updated: 816
	816  -  MemoryUsage of job (MB)
	836032  -  ResidentSetSize of job (KB)
...
006 (15165475.075.000) 2022-02-28 01:45:26 Image size of job updated: 1131
	1131  -  MemoryUsage of job (MB)
	1158740  -  ResidentSetSize of job (KB)
...
040 (15165475.075.000) 2022-02-28 01:46:38 Entered queue to transfer output files
...
040 (15165475.075.000) 2022-02-28 01:46:52 Started transferring output files
...
040 (15165475.075.000) 2022-02-28 01:47:27 Finished transferring output files
...
005 (15165475.075.000) 2022-02-28 01:47:46 Job terminated.
	(1) Normal termination (return value 0)
		Usr 0 00:00:00, Sys 0 00:00:00  -  Run Remote Usage
		Usr 0 00:00:00, Sys 0 00:00:00  -  Run Local Usage
		Usr 0 01:23:39, Sys 0 00:01:28  -  Total Remote Usage
		Usr 0 00:00:00, Sys 0 00:00:00  -  Total Local Usage
	37396  -  Run Bytes Sent By Job
	131040256  -  Run Bytes Received By Job
	37396  -  Total Bytes Sent By Job
	131040256  -  Total Bytes Received By Job
	Partitionable Resources :    Usage  Request Allocated 
	   Cpus                 :        0        1         1 
	   Disk (KB)            :   163855   419431    656636 
	   IoHeavy              :                           0 
	   Memory (MB)          :     1131     2151      2176 

	Job terminated of its own accord at 2022-02-28T07:45:26Z with exit-code 0.
...
