000 (15165475.077.000) 2022-02-28 00:26:02 Job submitted from host: <128.105.244.191:9618?addrs=128.105.244.191-9618&alias=submit-1.chtc.wisc.edu&noUDP&sock=schedd_3562897_9248>
...
040 (15165475.077.000) 2022-02-28 00:40:04 Started transferring input files
	Transferring to host: <128.104.58.202:9618?addrs=128.104.58.202-9618+[2607-f388-1086-0-5287-89ff-feb7-2cc2]-9618&alias=e458.chtc.wisc.edu&noUDP&sock=slot1_21_40348_90e2_24903>
...
001 (15165475.077.000) 2022-02-28 00:40:11 Job executing on host: <128.104.58.202:9618?addrs=128.104.58.202-9618+[2607-f388-1086-0-5287-89ff-feb7-2cc2]-9618&alias=e458.chtc.wisc.edu&noUDP&sock=startd_1851_35e4>
...
040 (15165475.077.000) 2022-02-28 00:40:11 Finished transferring input files
...
006 (15165475.077.000) 2022-02-28 00:51:51 Image size of job updated: 194
	194  -  MemoryUsage of job (MB)
	198664  -  ResidentSetSize of job (KB)
...
006 (15165475.077.000) 2022-02-28 00:56:52 Image size of job updated: 380
	380  -  MemoryUsage of job (MB)
	389244  -  ResidentSetSize of job (KB)
...
006 (15165475.077.000) 2022-02-28 01:01:52 Image size of job updated: 670
	670  -  MemoryUsage of job (MB)
	686844  -  ResidentSetSize of job (KB)
...
006 (15165475.077.000) 2022-02-28 01:06:52 Image size of job updated: 739
	739  -  MemoryUsage of job (MB)
	757556  -  ResidentSetSize of job (KB)
...
006 (15165475.077.000) 2022-02-28 01:11:53 Image size of job updated: 750
	750  -  MemoryUsage of job (MB)
	768284  -  ResidentSetSize of job (KB)
...
006 (15165475.077.000) 2022-02-28 01:16:53 Image size of job updated: 763
	763  -  MemoryUsage of job (MB)
	781708  -  ResidentSetSize of job (KB)
...
006 (15165475.077.000) 2022-02-28 01:21:53 Image size of job updated: 776
	776  -  MemoryUsage of job (MB)
	795180  -  ResidentSetSize of job (KB)
...
006 (15165475.077.000) 2022-02-28 01:26:53 Image size of job updated: 794
	794  -  MemoryUsage of job (MB)
	813968  -  ResidentSetSize of job (KB)
...
006 (15165475.077.000) 2022-02-28 01:31:53 Image size of job updated: 803
	803  -  MemoryUsage of job (MB)
	823012  -  ResidentSetSize of job (KB)
...
006 (15165475.077.000) 2022-02-28 01:36:53 Image size of job updated: 816
	816  -  MemoryUsage of job (MB)
	836172  -  ResidentSetSize of job (KB)
...
006 (15165475.077.000) 2022-02-28 01:41:54 Image size of job updated: 824
	824  -  MemoryUsage of job (MB)
	843864  -  ResidentSetSize of job (KB)
...
006 (15165475.077.000) 2022-02-28 01:46:39 Image size of job updated: 1142
	1142  -  MemoryUsage of job (MB)
	1170012  -  ResidentSetSize of job (KB)
...
040 (15165475.077.000) 2022-02-28 01:46:59 Entered queue to transfer output files
...
040 (15165475.077.000) 2022-02-28 01:49:16 Started transferring output files
...
040 (15165475.077.000) 2022-02-28 01:49:43 Finished transferring output files
...
005 (15165475.077.000) 2022-02-28 01:49:56 Job terminated.
	(1) Normal termination (return value 0)
		Usr 0 01:29:24, Sys 0 00:01:10  -  Run Remote Usage
		Usr 0 00:00:00, Sys 0 00:00:00  -  Run Local Usage
		Usr 0 01:29:24, Sys 0 00:01:10  -  Total Remote Usage
		Usr 0 00:00:00, Sys 0 00:00:00  -  Total Local Usage
	36762  -  Run Bytes Sent By Job
	131040256  -  Run Bytes Received By Job
	36762  -  Total Bytes Sent By Job
	131040256  -  Total Bytes Received By Job
	Partitionable Resources :     Usage  Request Allocated 
	   Cpus                 :      0.00        1         1 
	   Disk (KB)            : 163730      419431    669719 
	   IoHeavy              :                            0 
	   Memory (MB)          :   1142        2151      2176 

	Job terminated of its own accord at 2022-02-28T07:46:39Z with exit-code 0.
...
