000 (15165475.079.000) 2022-02-28 00:26:02 Job submitted from host: <128.105.244.191:9618?addrs=128.105.244.191-9618&alias=submit-1.chtc.wisc.edu&noUDP&sock=schedd_3562897_9248>
...
040 (15165475.079.000) 2022-02-28 00:40:05 Started transferring input files
	Transferring to host: <128.104.100.90:9618?addrs=128.104.100.90-9618+[2607-f388-107c-501-62eb-69ff-fe82-47ae]-9618&alias=e0017.chtc.wisc.edu&noUDP&sock=slot1_10_13402_abda_27607>
...
040 (15165475.079.000) 2022-02-28 00:40:09 Finished transferring input files
...
001 (15165475.079.000) 2022-02-28 00:40:16 Job executing on host: <128.104.100.90:9618?addrs=128.104.100.90-9618+[2607-f388-107c-501-62eb-69ff-fe82-47ae]-9618&alias=e0017.chtc.wisc.edu&noUDP&sock=startd_4007_0c14>
...
006 (15165475.079.000) 2022-02-28 00:51:10 Image size of job updated: 188
	188  -  MemoryUsage of job (MB)
	192800  -  ResidentSetSize of job (KB)
...
006 (15165475.079.000) 2022-02-28 00:56:11 Image size of job updated: 406
	406  -  MemoryUsage of job (MB)
	416344  -  ResidentSetSize of job (KB)
...
006 (15165475.079.000) 2022-02-28 01:01:12 Image size of job updated: 692
	692  -  MemoryUsage of job (MB)
	708784  -  ResidentSetSize of job (KB)
...
006 (15165475.079.000) 2022-02-28 01:06:14 Image size of job updated: 750
	750  -  MemoryUsage of job (MB)
	768428  -  ResidentSetSize of job (KB)
...
006 (15165475.079.000) 2022-02-28 01:11:14 Image size of job updated: 765
	765  -  MemoryUsage of job (MB)
	784280  -  ResidentSetSize of job (KB)
...
006 (15165475.079.000) 2022-02-28 01:16:14 Image size of job updated: 782
	782  -  MemoryUsage of job (MB)
	801408  -  ResidentSetSize of job (KB)
...
006 (15165475.079.000) 2022-02-28 01:21:14 Image size of job updated: 804
	804  -  MemoryUsage of job (MB)
	824056  -  ResidentSetSize of job (KB)
...
006 (15165475.079.000) 2022-02-28 01:26:56 Image size of job updated: 821
	821  -  MemoryUsage of job (MB)
	841724  -  ResidentSetSize of job (KB)
...
006 (15165475.079.000) 2022-02-28 01:31:14 Image size of job updated: 832
	832  -  MemoryUsage of job (MB)
	852936  -  ResidentSetSize of job (KB)
...
006 (15165475.079.000) 2022-02-28 01:33:43 Image size of job updated: 1144
	1144  -  MemoryUsage of job (MB)
	1172124  -  ResidentSetSize of job (KB)
...
040 (15165475.079.000) 2022-02-28 01:34:36 Entered queue to transfer output files
...
040 (15165475.079.000) 2022-02-28 01:35:00 Started transferring output files
...
040 (15165475.079.000) 2022-02-28 01:40:43 Finished transferring output files
...
005 (15165475.079.000) 2022-02-28 01:41:24 Job terminated.
	(1) Normal termination (return value 0)
		Usr 0 01:10:16, Sys 0 00:01:09  -  Run Remote Usage
		Usr 0 00:00:00, Sys 0 00:00:00  -  Run Local Usage
		Usr 0 01:10:16, Sys 0 00:01:09  -  Total Remote Usage
		Usr 0 00:00:00, Sys 0 00:00:00  -  Total Local Usage
	37549  -  Run Bytes Sent By Job
	131040256  -  Run Bytes Received By Job
	37549  -  Total Bytes Sent By Job
	131040256  -  Total Bytes Received By Job
	Partitionable Resources :     Usage  Request Allocated 
	   Cpus                 :      0.00        1         1 
	   Disk (KB)            : 163833      419431    907732 
	   IoHeavy              :                            0 
	   Memory (MB)          :   1144        2151      2176 

	Job terminated of its own accord at 2022-02-28T07:33:43Z with exit-code 0.
...
