000 (15165475.007.000) 2022-02-28 00:26:02 Job submitted from host: <128.105.244.191:9618?addrs=128.105.244.191-9618&alias=submit-1.chtc.wisc.edu&noUDP&sock=schedd_3562897_9248>
...
040 (15165475.007.000) 2022-02-28 00:39:38 Started transferring input files
	Transferring to host: <128.105.68.115:9618?addrs=128.105.68.115-9618&alias=e2453.chtc.wisc.edu&noUDP&sock=slot1_5_20753_1da5_25664>
...
040 (15165475.007.000) 2022-02-28 00:39:39 Finished transferring input files
...
001 (15165475.007.000) 2022-02-28 00:39:41 Job executing on host: <128.105.68.115:9618?addrs=128.105.68.115-9618&alias=e2453.chtc.wisc.edu&noUDP&sock=startd_3089_6023>
...
006 (15165475.007.000) 2022-02-28 01:00:14 Image size of job updated: 124
	124  -  MemoryUsage of job (MB)
	127424  -  ResidentSetSize of job (KB)
...
006 (15165475.007.000) 2022-02-28 01:05:15 Image size of job updated: 423
	423  -  MemoryUsage of job (MB)
	434172  -  ResidentSetSize of job (KB)
...
006 (15165475.007.000) 2022-02-28 01:10:15 Image size of job updated: 652
	652  -  MemoryUsage of job (MB)
	668200  -  ResidentSetSize of job (KB)
...
006 (15165475.007.000) 2022-02-28 01:15:15 Image size of job updated: 739
	739  -  MemoryUsage of job (MB)
	757568  -  ResidentSetSize of job (KB)
...
006 (15165475.007.000) 2022-02-28 01:20:16 Image size of job updated: 757
	757  -  MemoryUsage of job (MB)
	775828  -  ResidentSetSize of job (KB)
...
006 (15165475.007.000) 2022-02-28 01:25:16 Image size of job updated: 768
	768  -  MemoryUsage of job (MB)
	786672  -  ResidentSetSize of job (KB)
...
006 (15165475.007.000) 2022-02-28 01:30:16 Image size of job updated: 784
	784  -  MemoryUsage of job (MB)
	803804  -  ResidentSetSize of job (KB)
...
006 (15165475.007.000) 2022-02-28 01:35:17 Image size of job updated: 801
	801  -  MemoryUsage of job (MB)
	821216  -  ResidentSetSize of job (KB)
...
006 (15165475.007.000) 2022-02-28 01:44:51 Image size of job updated: 814
	814  -  MemoryUsage of job (MB)
	834144  -  ResidentSetSize of job (KB)
...
006 (15165475.007.000) 2022-02-28 01:48:53 Image size of job updated: 1139
	1139  -  MemoryUsage of job (MB)
	1166388  -  ResidentSetSize of job (KB)
...
040 (15165475.007.000) 2022-02-28 01:49:15 Entered queue to transfer output files
...
040 (15165475.007.000) 2022-02-28 01:49:22 Started transferring output files
...
040 (15165475.007.000) 2022-02-28 01:49:47 Finished transferring output files
...
005 (15165475.007.000) 2022-02-28 01:50:02 Job terminated.
	(1) Normal termination (return value 0)
		Usr 0 00:00:00, Sys 0 00:00:00  -  Run Remote Usage
		Usr 0 00:00:00, Sys 0 00:00:00  -  Run Local Usage
		Usr 0 01:07:00, Sys 0 00:01:03  -  Total Remote Usage
		Usr 0 00:00:00, Sys 0 00:00:00  -  Total Local Usage
	50403  -  Run Bytes Sent By Job
	131040256  -  Run Bytes Received By Job
	50403  -  Total Bytes Sent By Job
	131040256  -  Total Bytes Received By Job
	Partitionable Resources :    Usage  Request Allocated 
	   Cpus                 :        0        1         1 
	   Disk (KB)            :   163743   419431    592569 
	   IoHeavy              :                           0 
	   Memory (MB)          :     1139     2151      2176 

	Job terminated of its own accord at 2022-02-28T07:48:53Z with exit-code 0.
...
