000 (15165475.078.000) 2022-02-28 00:26:02 Job submitted from host: <128.105.244.191:9618?addrs=128.105.244.191-9618&alias=submit-1.chtc.wisc.edu&noUDP&sock=schedd_3562897_9248>
...
040 (15165475.078.000) 2022-02-28 00:40:04 Started transferring input files
	Transferring to host: <128.104.58.193:9618?addrs=128.104.58.193-9618+[2607-f388-1086-0-16fe-b5ff-fec6-7060]-9618&alias=e1051.chtc.wisc.edu&noUDP&sock=slot1_26_5421_55b6_25749>
...
040 (15165475.078.000) 2022-02-28 00:40:09 Finished transferring input files
...
001 (15165475.078.000) 2022-02-28 00:40:16 Job executing on host: <128.104.58.193:9618?addrs=128.104.58.193-9618+[2607-f388-1086-0-16fe-b5ff-fec6-7060]-9618&alias=e1051.chtc.wisc.edu&noUDP&sock=startd_4959_0a3d>
...
006 (15165475.078.000) 2022-02-28 00:51:54 Image size of job updated: 128
	128  -  MemoryUsage of job (MB)
	131484  -  ResidentSetSize of job (KB)
...
006 (15165475.078.000) 2022-02-28 00:56:55 Image size of job updated: 378
	378  -  MemoryUsage of job (MB)
	387648  -  ResidentSetSize of job (KB)
...
006 (15165475.078.000) 2022-02-28 01:01:55 Image size of job updated: 648
	648  -  MemoryUsage of job (MB)
	664044  -  ResidentSetSize of job (KB)
...
006 (15165475.078.000) 2022-02-28 01:06:55 Image size of job updated: 757
	757  -  MemoryUsage of job (MB)
	775812  -  ResidentSetSize of job (KB)
...
006 (15165475.078.000) 2022-02-28 01:21:56 Image size of job updated: 769
	769  -  MemoryUsage of job (MB)
	788184  -  ResidentSetSize of job (KB)
...
006 (15165475.078.000) 2022-02-28 01:26:56 Image size of job updated: 788
	788  -  MemoryUsage of job (MB)
	807112  -  ResidentSetSize of job (KB)
...
006 (15165475.078.000) 2022-02-28 01:31:56 Image size of job updated: 803
	803  -  MemoryUsage of job (MB)
	822828  -  ResidentSetSize of job (KB)
...
006 (15165475.078.000) 2022-02-28 01:36:56 Image size of job updated: 817
	817  -  MemoryUsage of job (MB)
	837048  -  ResidentSetSize of job (KB)
...
006 (15165475.078.000) 2022-02-28 01:41:57 Image size of job updated: 871
	871  -  MemoryUsage of job (MB)
	892640  -  ResidentSetSize of job (KB)
...
006 (15165475.078.000) 2022-02-28 01:44:14 Image size of job updated: 1144
	1144  -  MemoryUsage of job (MB)
	1172132  -  ResidentSetSize of job (KB)
...
040 (15165475.078.000) 2022-02-28 01:46:10 Entered queue to transfer output files
...
040 (15165475.078.000) 2022-02-28 01:46:24 Started transferring output files
...
040 (15165475.078.000) 2022-02-28 01:47:56 Finished transferring output files
...
005 (15165475.078.000) 2022-02-28 01:48:16 Job terminated.
	(1) Normal termination (return value 0)
		Usr 0 01:23:28, Sys 0 00:01:28  -  Run Remote Usage
		Usr 0 00:00:00, Sys 0 00:00:00  -  Run Local Usage
		Usr 0 01:23:28, Sys 0 00:01:28  -  Total Remote Usage
		Usr 0 00:00:00, Sys 0 00:00:00  -  Total Local Usage
	37330  -  Run Bytes Sent By Job
	131040256  -  Run Bytes Received By Job
	37330  -  Total Bytes Sent By Job
	131040256  -  Total Bytes Received By Job
	Partitionable Resources :    Usage  Request Allocated 
	   Cpus                 :        0        1         1 
	   Disk (KB)            :   163826   419431    665078 
	   IoHeavy              :                           0 
	   Memory (MB)          :     1144     2151      2176 

	Job terminated of its own accord at 2022-02-28T07:44:14Z with exit-code 0.
...
