000 (15165475.076.000) 2022-02-28 00:26:02 Job submitted from host: <128.105.244.191:9618?addrs=128.105.244.191-9618&alias=submit-1.chtc.wisc.edu&noUDP&sock=schedd_3562897_9248>
...
040 (15165475.076.000) 2022-02-28 00:40:03 Started transferring input files
	Transferring to host: <128.104.58.205:9618?addrs=128.104.58.205-9618+[2607-f388-1086-0-16fe-b5ff-fec6-824e]-9618&alias=e1059.chtc.wisc.edu&noUDP&sock=slot1_19_40559_3c0a_26396>
...
040 (15165475.076.000) 2022-02-28 00:40:08 Finished transferring input files
...
001 (15165475.076.000) 2022-02-28 00:40:15 Job executing on host: <128.104.58.205:9618?addrs=128.104.58.205-9618+[2607-f388-1086-0-16fe-b5ff-fec6-824e]-9618&alias=e1059.chtc.wisc.edu&noUDP&sock=startd_4769_b73f>
...
006 (15165475.076.000) 2022-02-28 00:51:44 Image size of job updated: 197
	197  -  MemoryUsage of job (MB)
	202228  -  ResidentSetSize of job (KB)
...
006 (15165475.076.000) 2022-02-28 00:56:45 Image size of job updated: 418
	418  -  MemoryUsage of job (MB)
	428992  -  ResidentSetSize of job (KB)
...
006 (15165475.076.000) 2022-02-28 01:01:45 Image size of job updated: 671
	671  -  MemoryUsage of job (MB)
	687968  -  ResidentSetSize of job (KB)
...
006 (15165475.076.000) 2022-02-28 01:06:45 Image size of job updated: 767
	767  -  MemoryUsage of job (MB)
	786140  -  ResidentSetSize of job (KB)
...
006 (15165475.076.000) 2022-02-28 01:21:47 Image size of job updated: 776
	776  -  MemoryUsage of job (MB)
	795556  -  ResidentSetSize of job (KB)
...
006 (15165475.076.000) 2022-02-28 01:26:48 Image size of job updated: 796
	796  -  MemoryUsage of job (MB)
	815876  -  ResidentSetSize of job (KB)
...
006 (15165475.076.000) 2022-02-28 01:31:48 Image size of job updated: 811
	811  -  MemoryUsage of job (MB)
	830832  -  ResidentSetSize of job (KB)
...
006 (15165475.076.000) 2022-02-28 01:36:49 Image size of job updated: 825
	825  -  MemoryUsage of job (MB)
	845456  -  ResidentSetSize of job (KB)
...
006 (15165475.076.000) 2022-02-28 01:45:29 Image size of job updated: 1144
	1144  -  MemoryUsage of job (MB)
	1172076  -  ResidentSetSize of job (KB)
...
040 (15165475.076.000) 2022-02-28 01:45:55 Entered queue to transfer output files
...
040 (15165475.076.000) 2022-02-28 01:47:15 Started transferring output files
...
040 (15165475.076.000) 2022-02-28 01:47:43 Finished transferring output files
...
005 (15165475.076.000) 2022-02-28 01:48:01 Job terminated.
	(1) Normal termination (return value 0)
		Usr 0 00:00:00, Sys 0 00:00:00  -  Run Remote Usage
		Usr 0 00:00:00, Sys 0 00:00:00  -  Run Local Usage
		Usr 0 01:22:22, Sys 0 00:01:38  -  Total Remote Usage
		Usr 0 00:00:00, Sys 0 00:00:00  -  Total Local Usage
	36214  -  Run Bytes Sent By Job
	131040256  -  Run Bytes Received By Job
	36214  -  Total Bytes Sent By Job
	131040256  -  Total Bytes Received By Job
	Partitionable Resources :    Usage  Request Allocated 
	   Cpus                 :        0        1         1 
	   Disk (KB)            :   163825   419431    658439 
	   IoHeavy              :                           0 
	   Memory (MB)          :     1144     2151      2176 

	Job terminated of its own accord at 2022-02-28T07:45:29Z with exit-code 0.
...
