000 (15165481.000.000) 2022-02-28 00:26:13 Job submitted from host: <128.105.244.191:9618?addrs=128.105.244.191-9618&alias=submit-1.chtc.wisc.edu&noUDP&sock=schedd_3562897_9248>
...
040 (15165481.000.000) 2022-02-28 01:16:12 Entered queue to transfer input files
	Transferring to host: <128.105.68.117:9618?addrs=128.105.68.117-9618&alias=e2451.chtc.wisc.edu&noUDP&sock=slot1_14_39324_10b8_26517>
...
040 (15165481.000.000) 2022-02-28 01:17:01 Started transferring input files
	Seconds spent in queue: 49
...
001 (15165481.000.000) 2022-02-28 01:17:19 Job executing on host: <128.105.68.117:9618?addrs=128.105.68.117-9618&alias=e2451.chtc.wisc.edu&noUDP&sock=startd_3000_5435>
...
040 (15165481.000.000) 2022-02-28 01:17:37 Finished transferring input files
...
006 (15165481.000.000) 2022-02-28 01:17:54 Image size of job updated: 61
	61  -  MemoryUsage of job (MB)
	63220  -  ResidentSetSize of job (KB)
...
006 (15165481.000.000) 2022-02-28 01:22:50 Image size of job updated: 407
	407  -  MemoryUsage of job (MB)
	417204  -  ResidentSetSize of job (KB)
...
006 (15165481.000.000) 2022-02-28 01:27:51 Image size of job updated: 691
	691  -  MemoryUsage of job (MB)
	707664  -  ResidentSetSize of job (KB)
...
006 (15165481.000.000) 2022-02-28 01:32:52 Image size of job updated: 959
	959  -  MemoryUsage of job (MB)
	982764  -  ResidentSetSize of job (KB)
...
006 (15165481.000.000) 2022-02-28 01:37:53 Image size of job updated: 1416
	1416  -  MemoryUsage of job (MB)
	1450544  -  ResidentSetSize of job (KB)
...
006 (15165481.000.000) 2022-02-28 01:42:26 Image size of job updated: 1689
	1689  -  MemoryUsage of job (MB)
	1729724  -  ResidentSetSize of job (KB)
...
040 (15165481.000.000) 2022-02-28 01:47:27 Entered queue to transfer output files
...
040 (15165481.000.000) 2022-02-28 01:47:43 Started transferring output files
	Seconds spent in queue: 1891
...
040 (15165481.000.000) 2022-02-28 01:48:09 Finished transferring output files
...
005 (15165481.000.000) 2022-02-28 01:48:29 Job terminated.
	(1) Normal termination (return value 0)
		Usr 0 00:34:29, Sys 0 00:00:46  -  Run Remote Usage
		Usr 0 00:00:00, Sys 0 00:00:00  -  Run Local Usage
		Usr 0 00:34:29, Sys 0 00:00:46  -  Total Remote Usage
		Usr 0 00:00:00, Sys 0 00:00:00  -  Total Local Usage
	208333  -  Run Bytes Sent By Job
	131040256  -  Run Bytes Received By Job
	208333  -  Total Bytes Sent By Job
	131040256  -  Total Bytes Received By Job
	Partitionable Resources :    Usage  Request Allocated 
	   Cpus                 :        0        1         1 
	   Disk (KB)            :   159481   419431    588730 
	   IoHeavy              :                           0 
	   Memory (MB)          :     1689     2151      2176 

	Job terminated of its own accord at 2022-02-28T07:42:26Z with exit-code 0.
...
