000 (15165481.001.000) 2022-02-28 00:26:13 Job submitted from host: <128.105.244.191:9618?addrs=128.105.244.191-9618&alias=submit-1.chtc.wisc.edu&noUDP&sock=schedd_3562897_9248>
...
040 (15165481.001.000) 2022-02-28 01:16:12 Entered queue to transfer input files
	Transferring to host: <128.105.245.33:9618?addrs=128.105.245.33-9618&alias=e3233.chtc.wisc.edu&noUDP&sock=slot1_4_17325_c79a_24648>
...
040 (15165481.001.000) 2022-02-28 01:16:43 Started transferring input files
	Seconds spent in queue: 31
...
001 (15165481.001.000) 2022-02-28 01:17:02 Job executing on host: <128.105.245.33:9618?addrs=128.105.245.33-9618&alias=e3233.chtc.wisc.edu&noUDP&sock=startd_5425_ad5f>
...
006 (15165481.001.000) 2022-02-28 01:17:19 Image size of job updated: 85
	85  -  MemoryUsage of job (MB)
	87672  -  ResidentSetSize of job (KB)
...
040 (15165481.001.000) 2022-02-28 01:17:19 Finished transferring input files
...
006 (15165481.001.000) 2022-02-28 01:22:18 Image size of job updated: 656
	656  -  MemoryUsage of job (MB)
	671924  -  ResidentSetSize of job (KB)
...
006 (15165481.001.000) 2022-02-28 01:27:19 Image size of job updated: 926
	926  -  MemoryUsage of job (MB)
	948628  -  ResidentSetSize of job (KB)
...
006 (15165481.001.000) 2022-02-28 01:32:19 Image size of job updated: 1555
	1555  -  MemoryUsage of job (MB)
	1593244  -  ResidentSetSize of job (KB)
...
006 (15165481.001.000) 2022-02-28 01:34:43 Image size of job updated: 1690
	1690  -  MemoryUsage of job (MB)
	1731580  -  ResidentSetSize of job (KB)
...
040 (15165481.001.000) 2022-02-28 01:35:13 Entered queue to transfer output files
...
040 (15165481.001.000) 2022-02-28 01:35:33 Started transferring output files
	Seconds spent in queue: 1161
...
040 (15165481.001.000) 2022-02-28 01:36:51 Finished transferring output files
...
005 (15165481.001.000) 2022-02-28 01:37:40 Job terminated.
	(1) Normal termination (return value 0)
		Usr 0 00:25:01, Sys 0 00:00:28  -  Run Remote Usage
		Usr 0 00:00:00, Sys 0 00:00:00  -  Run Local Usage
		Usr 0 00:25:01, Sys 0 00:00:28  -  Total Remote Usage
		Usr 0 00:00:00, Sys 0 00:00:00  -  Total Local Usage
	208312  -  Run Bytes Sent By Job
	131040256  -  Run Bytes Received By Job
	208312  -  Total Bytes Sent By Job
	131040256  -  Total Bytes Received By Job
	Partitionable Resources :     Usage  Request Allocated 
	   Cpus                 :      0.00        1         1 
	   Disk (KB)            : 159736      419431    896704 
	   IoHeavy              :                            0 
	   Memory (MB)          :   1690        2151      2176 

	Job terminated of its own accord at 2022-02-28T07:34:43Z with exit-code 0.
...
