000 (15165481.019.000) 2022-02-28 00:26:13 Job submitted from host: <128.105.244.191:9618?addrs=128.105.244.191-9618&alias=submit-1.chtc.wisc.edu&noUDP&sock=schedd_3562897_9248>
...
040 (15165481.019.000) 2022-02-28 01:26:20 Entered queue to transfer input files
	Transferring to host: <128.104.58.172:9618?addrs=128.104.58.172-9618+[2607-f388-1086-0-16fe-b5ff-fec6-7984]-9618&alias=e1026.chtc.wisc.edu&noUDP&sock=slot1_23_46014_c688_26124>
...
040 (15165481.019.000) 2022-02-28 01:26:43 Started transferring input files
	Seconds spent in queue: 23
...
001 (15165481.019.000) 2022-02-28 01:27:24 Job executing on host: <128.104.58.172:9618?addrs=128.104.58.172-9618+[2607-f388-1086-0-16fe-b5ff-fec6-7984]-9618&alias=e1026.chtc.wisc.edu&noUDP&sock=startd_4968_3697>
...
040 (15165481.019.000) 2022-02-28 01:27:24 Finished transferring input files
...
006 (15165481.019.000) 2022-02-28 01:28:27 Image size of job updated: 51
	51  -  MemoryUsage of job (MB)
	52320  -  ResidentSetSize of job (KB)
...
006 (15165481.019.000) 2022-02-28 01:33:28 Image size of job updated: 419
	419  -  MemoryUsage of job (MB)
	429088  -  ResidentSetSize of job (KB)
...
006 (15165481.019.000) 2022-02-28 01:38:30 Image size of job updated: 667
	667  -  MemoryUsage of job (MB)
	683736  -  ResidentSetSize of job (KB)
...
006 (15165481.019.000) 2022-02-28 01:45:10 Image size of job updated: 848
	848  -  MemoryUsage of job (MB)
	868832  -  ResidentSetSize of job (KB)
...
006 (15165481.019.000) 2022-02-28 01:50:10 Image size of job updated: 1213
	1213  -  MemoryUsage of job (MB)
	1243088  -  ResidentSetSize of job (KB)
...
006 (15165481.019.000) 2022-02-28 01:55:10 Image size of job updated: 1671
	1671  -  MemoryUsage of job (MB)
	1711232  -  ResidentSetSize of job (KB)
...
006 (15165481.019.000) 2022-02-28 01:56:34 Image size of job updated: 1687
	1687  -  MemoryUsage of job (MB)
	1727640  -  ResidentSetSize of job (KB)
...
040 (15165481.019.000) 2022-02-28 01:56:48 Entered queue to transfer output files
...
040 (15165481.019.000) 2022-02-28 01:56:51 Started transferring output files
	Seconds spent in queue: 1831
...
040 (15165481.019.000) 2022-02-28 01:57:04 Finished transferring output files
...
005 (15165481.019.000) 2022-02-28 01:57:12 Job terminated.
	(1) Normal termination (return value 0)
		Usr 0 00:39:00, Sys 0 00:01:19  -  Run Remote Usage
		Usr 0 00:00:00, Sys 0 00:00:00  -  Run Local Usage
		Usr 0 00:39:00, Sys 0 00:01:19  -  Total Remote Usage
		Usr 0 00:00:00, Sys 0 00:00:00  -  Total Local Usage
	208269  -  Run Bytes Sent By Job
	131040256  -  Run Bytes Received By Job
	208269  -  Total Bytes Sent By Job
	131040256  -  Total Bytes Received By Job
	Partitionable Resources :    Usage  Request Allocated 
	   Cpus                 :        0        1         1 
	   Disk (KB)            :   159874   419431   1515776 
	   IoHeavy              :                           0 
	   Memory (MB)          :     1687     2151      2176 

	Job terminated of its own accord at 2022-02-28T07:56:34Z with exit-code 0.
...
