000 (15165481.017.000) 2022-02-28 00:26:13 Job submitted from host: <128.105.244.191:9618?addrs=128.105.244.191-9618&alias=submit-1.chtc.wisc.edu&noUDP&sock=schedd_3562897_9248>
...
040 (15165481.017.000) 2022-02-28 01:26:04 Entered queue to transfer input files
	Transferring to host: <128.105.245.32:9618?addrs=128.105.245.32-9618&alias=e3232.chtc.wisc.edu&noUDP&sock=slot1_8_2316_94d7_24218>
...
040 (15165481.017.000) 2022-02-28 01:27:29 Started transferring input files
	Seconds spent in queue: 85
...
001 (15165481.017.000) 2022-02-28 01:27:42 Job executing on host: <128.105.245.32:9618?addrs=128.105.245.32-9618&alias=e3232.chtc.wisc.edu&noUDP&sock=startd_1647_4892>
...
006 (15165481.017.000) 2022-02-28 01:30:10 Image size of job updated: 85
	85  -  MemoryUsage of job (MB)
	87928  -  ResidentSetSize of job (KB)
...
040 (15165481.017.000) 2022-02-28 01:30:10 Finished transferring input files
...
006 (15165481.017.000) 2022-02-28 01:45:22 Image size of job updated: 1690
	1690  -  MemoryUsage of job (MB)
	1731532  -  ResidentSetSize of job (KB)
...
040 (15165481.017.000) 2022-02-28 01:46:34 Entered queue to transfer output files
...
040 (15165481.017.000) 2022-02-28 01:46:43 Started transferring output files
	Seconds spent in queue: 1239
...
040 (15165481.017.000) 2022-02-28 01:47:21 Finished transferring output files
...
005 (15165481.017.000) 2022-02-28 01:47:40 Job terminated.
	(1) Normal termination (return value 0)
		Usr 0 00:25:00, Sys 0 00:00:29  -  Run Remote Usage
		Usr 0 00:00:00, Sys 0 00:00:00  -  Run Local Usage
		Usr 0 00:25:00, Sys 0 00:00:29  -  Total Remote Usage
		Usr 0 00:00:00, Sys 0 00:00:00  -  Total Local Usage
	208231  -  Run Bytes Sent By Job
	131040256  -  Run Bytes Received By Job
	208231  -  Total Bytes Sent By Job
	131040256  -  Total Bytes Received By Job
	Partitionable Resources :    Usage  Request Allocated 
	   Cpus                 :        0        1         1 
	   Disk (KB)            :   159347   419431    899424 
	   IoHeavy              :                           0 
	   Memory (MB)          :     1690     2151      2176 

	Job terminated of its own accord at 2022-02-28T07:45:22Z with exit-code 0.
...
