000 (15165481.012.000) 2022-02-28 00:26:13 Job submitted from host: <128.105.244.191:9618?addrs=128.105.244.191-9618&alias=submit-1.chtc.wisc.edu&noUDP&sock=schedd_3562897_9248>
...
040 (15165481.012.000) 2022-02-28 01:22:27 Entered queue to transfer input files
	Transferring to host: <128.104.100.62:9618?addrs=128.104.100.62-9618+[2607-f388-107c-501-62eb-69ff-fe82-4844]-9618&alias=e0002.chtc.wisc.edu&noUDP&sock=slot1_6_30260_a848_27822>
...
040 (15165481.012.000) 2022-02-28 01:23:18 Started transferring input files
	Seconds spent in queue: 51
...
001 (15165481.012.000) 2022-02-28 01:23:33 Job executing on host: <128.104.100.62:9618?addrs=128.104.100.62-9618+[2607-f388-107c-501-62eb-69ff-fe82-4844]-9618&alias=e0002.chtc.wisc.edu&noUDP&sock=startd_4046_cc46>
...
006 (15165481.012.000) 2022-02-28 01:23:48 Image size of job updated: 78
	78  -  MemoryUsage of job (MB)
	80432  -  ResidentSetSize of job (KB)
...
040 (15165481.012.000) 2022-02-28 01:23:48 Finished transferring input files
...
006 (15165481.012.000) 2022-02-28 01:28:43 Image size of job updated: 494
	494  -  MemoryUsage of job (MB)
	506640  -  ResidentSetSize of job (KB)
...
006 (15165481.012.000) 2022-02-28 01:33:44 Image size of job updated: 701
	701  -  MemoryUsage of job (MB)
	718252  -  ResidentSetSize of job (KB)
...
006 (15165481.012.000) 2022-02-28 01:38:44 Image size of job updated: 983
	983  -  MemoryUsage of job (MB)
	1007068  -  ResidentSetSize of job (KB)
...
006 (15165481.012.000) 2022-02-28 01:43:44 Image size of job updated: 1480
	1480  -  MemoryUsage of job (MB)
	1515528  -  ResidentSetSize of job (KB)
...
006 (15165481.012.000) 2022-02-28 01:48:06 Image size of job updated: 1683
	1683  -  MemoryUsage of job (MB)
	1724124  -  ResidentSetSize of job (KB)
...
040 (15165481.012.000) 2022-02-28 01:48:28 Entered queue to transfer output files
...
040 (15165481.012.000) 2022-02-28 01:48:42 Started transferring output files
	Seconds spent in queue: 1575
...
040 (15165481.012.000) 2022-02-28 01:49:17 Finished transferring output files
...
005 (15165481.012.000) 2022-02-28 01:49:37 Job terminated.
	(1) Normal termination (return value 0)
		Usr 0 00:34:11, Sys 0 00:00:51  -  Run Remote Usage
		Usr 0 00:00:00, Sys 0 00:00:00  -  Run Local Usage
		Usr 0 00:34:11, Sys 0 00:00:51  -  Total Remote Usage
		Usr 0 00:00:00, Sys 0 00:00:00  -  Total Local Usage
	208149  -  Run Bytes Sent By Job
	131040256  -  Run Bytes Received By Job
	208149  -  Total Bytes Sent By Job
	131040256  -  Total Bytes Received By Job
	Partitionable Resources :     Usage  Request Allocated 
	   Cpus                 :      0.00        1         1 
	   Disk (KB)            : 159756      419431   1076882 
	   IoHeavy              :                            0 
	   Memory (MB)          :   1683        2151      2176 

	Job terminated of its own accord at 2022-02-28T07:48:06Z with exit-code 0.
...
