000 (15165481.010.000) 2022-02-28 00:26:13 Job submitted from host: <128.105.244.191:9618?addrs=128.105.244.191-9618&alias=submit-1.chtc.wisc.edu&noUDP&sock=schedd_3562897_9248>
...
040 (15165481.010.000) 2022-02-28 01:26:17 Entered queue to transfer input files
	Transferring to host: <128.104.58.203:9618?addrs=128.104.58.203-9618+[2607-f388-1086-0-8af0-31ff-feb3-dc28]-9618&alias=e459.chtc.wisc.edu&noUDP&sock=slot1_13_7253_2500_27525>
...
040 (15165481.010.000) 2022-02-28 01:26:43 Started transferring input files
	Seconds spent in queue: 26
...
001 (15165481.010.000) 2022-02-28 01:27:31 Job executing on host: <128.104.58.203:9618?addrs=128.104.58.203-9618+[2607-f388-1086-0-8af0-31ff-feb3-dc28]-9618&alias=e459.chtc.wisc.edu&noUDP&sock=startd_2013_543c>
...
040 (15165481.010.000) 2022-02-28 01:27:49 Finished transferring input files
...
006 (15165481.010.000) 2022-02-28 01:28:50 Image size of job updated: 58
	58  -  MemoryUsage of job (MB)
	60312  -  ResidentSetSize of job (KB)
...
006 (15165481.010.000) 2022-02-28 01:33:50 Image size of job updated: 355
	355  -  MemoryUsage of job (MB)
	363904  -  ResidentSetSize of job (KB)
...
006 (15165481.010.000) 2022-02-28 01:38:51 Image size of job updated: 685
	685  -  MemoryUsage of job (MB)
	702068  -  ResidentSetSize of job (KB)
...
006 (15165481.010.000) 2022-02-28 01:47:00 Image size of job updated: 910
	910  -  MemoryUsage of job (MB)
	932532  -  ResidentSetSize of job (KB)
...
006 (15165481.010.000) 2022-02-28 01:53:02 Image size of job updated: 1690
	1690  -  MemoryUsage of job (MB)
	1731312  -  ResidentSetSize of job (KB)
...
040 (15165481.010.000) 2022-02-28 01:53:09 Started transferring output files
	Seconds spent in queue: 1612
...
040 (15165481.010.000) 2022-02-28 01:53:12 Finished transferring output files
...
005 (15165481.010.000) 2022-02-28 01:53:26 Job terminated.
	(1) Normal termination (return value 0)
		Usr 0 00:00:00, Sys 0 00:00:00  -  Run Remote Usage
		Usr 0 00:00:00, Sys 0 00:00:00  -  Run Local Usage
		Usr 0 00:19:26, Sys 0 00:00:39  -  Total Remote Usage
		Usr 0 00:00:00, Sys 0 00:00:00  -  Total Local Usage
	208201  -  Run Bytes Sent By Job
	131040256  -  Run Bytes Received By Job
	208201  -  Total Bytes Sent By Job
	131040256  -  Total Bytes Received By Job
	Partitionable Resources :    Usage  Request Allocated 
	   Cpus                 :        0        1         1 
	   Disk (KB)            :   159386   419431    667055 
	   IoHeavy              :                           0 
	   Memory (MB)          :     1690     2151      2176 

	Job terminated of its own accord at 2022-02-28T07:53:02Z with exit-code 0.
...
