000 (15165481.014.000) 2022-02-28 00:26:13 Job submitted from host: <128.105.244.191:9618?addrs=128.105.244.191-9618&alias=submit-1.chtc.wisc.edu&noUDP&sock=schedd_3562897_9248>
...
040 (15165481.014.000) 2022-02-28 01:25:06 Entered queue to transfer input files
	Transferring to host: <128.104.58.56:9618?addrs=128.104.58.56-9618+[2607-f388-1086-0-a6ba-dbff-fe38-fd35]-9618&alias=e046.chtc.wisc.edu&noUDP&sock=slot1_5_32737_ed8c_23875>
...
040 (15165481.014.000) 2022-02-28 01:25:37 Started transferring input files
	Seconds spent in queue: 31
...
001 (15165481.014.000) 2022-02-28 01:25:58 Job executing on host: <128.104.58.56:9618?addrs=128.104.58.56-9618+[2607-f388-1086-0-a6ba-dbff-fe38-fd35]-9618&alias=e046.chtc.wisc.edu&noUDP&sock=startd_4957_ab0d>
...
006 (15165481.014.000) 2022-02-28 01:26:34 Image size of job updated: 70
	70  -  MemoryUsage of job (MB)
	72484  -  ResidentSetSize of job (KB)
...
040 (15165481.014.000) 2022-02-28 01:26:34 Finished transferring input files
...
006 (15165481.014.000) 2022-02-28 01:31:13 Image size of job updated: 667
	667  -  MemoryUsage of job (MB)
	683688  -  ResidentSetSize of job (KB)
...
006 (15165481.014.000) 2022-02-28 01:36:14 Image size of job updated: 921
	921  -  MemoryUsage of job (MB)
	943836  -  ResidentSetSize of job (KB)
...
006 (15165481.014.000) 2022-02-28 01:41:15 Image size of job updated: 1531
	1531  -  MemoryUsage of job (MB)
	1568172  -  ResidentSetSize of job (KB)
...
006 (15165481.014.000) 2022-02-28 01:43:54 Image size of job updated: 1685
	1685  -  MemoryUsage of job (MB)
	1725648  -  ResidentSetSize of job (KB)
...
040 (15165481.014.000) 2022-02-28 01:44:32 Entered queue to transfer output files
...
040 (15165481.014.000) 2022-02-28 01:44:46 Started transferring output files
	Seconds spent in queue: 1180
...
040 (15165481.014.000) 2022-02-28 01:47:37 Finished transferring output files
...
005 (15165481.014.000) 2022-02-28 01:47:56 Job terminated.
	(1) Normal termination (return value 0)
		Usr 0 00:25:10, Sys 0 00:00:34  -  Run Remote Usage
		Usr 0 00:00:00, Sys 0 00:00:00  -  Run Local Usage
		Usr 0 00:25:10, Sys 0 00:00:34  -  Total Remote Usage
		Usr 0 00:00:00, Sys 0 00:00:00  -  Total Local Usage
	208186  -  Run Bytes Sent By Job
	131040256  -  Run Bytes Received By Job
	208186  -  Total Bytes Sent By Job
	131040256  -  Total Bytes Received By Job
	Partitionable Resources :     Usage  Request Allocated 
	   Cpus                 :      0.00        1         1 
	   Disk (KB)            : 159709      419431   1361309 
	   IoHeavy              :                            0 
	   Memory (MB)          :   1685        2151      2176 

	Job terminated of its own accord at 2022-02-28T07:43:54Z with exit-code 0.
...
