000 (15165481.013.000) 2022-02-28 00:26:13 Job submitted from host: <128.105.244.191:9618?addrs=128.105.244.191-9618&alias=submit-1.chtc.wisc.edu&noUDP&sock=schedd_3562897_9248>
...
040 (15165481.013.000) 2022-02-28 01:24:37 Entered queue to transfer input files
	Transferring to host: <128.105.244.20:9618?addrs=128.105.244.20-9618&alias=e3151.chtc.wisc.edu&noUDP&sock=slot1_9_12704_ddfe_22459>
...
040 (15165481.013.000) 2022-02-28 01:25:07 Started transferring input files
	Seconds spent in queue: 30
...
001 (15165481.013.000) 2022-02-28 01:25:22 Job executing on host: <128.105.244.20:9618?addrs=128.105.244.20-9618&alias=e3151.chtc.wisc.edu&noUDP&sock=startd_1463_1325>
...
006 (15165481.013.000) 2022-02-28 01:25:39 Image size of job updated: 48
	48  -  MemoryUsage of job (MB)
	49832  -  ResidentSetSize of job (KB)
...
040 (15165481.013.000) 2022-02-28 01:25:39 Finished transferring input files
...
006 (15165481.013.000) 2022-02-28 01:30:32 Image size of job updated: 499
	499  -  MemoryUsage of job (MB)
	511536  -  ResidentSetSize of job (KB)
...
006 (15165481.013.000) 2022-02-28 01:35:33 Image size of job updated: 722
	722  -  MemoryUsage of job (MB)
	739892  -  ResidentSetSize of job (KB)
...
006 (15165481.013.000) 2022-02-28 01:40:33 Image size of job updated: 1017
	1017  -  MemoryUsage of job (MB)
	1042124  -  ResidentSetSize of job (KB)
...
006 (15165481.013.000) 2022-02-28 01:45:33 Image size of job updated: 1550
	1550  -  MemoryUsage of job (MB)
	1588000  -  ResidentSetSize of job (KB)
...
006 (15165481.013.000) 2022-02-28 01:48:51 Image size of job updated: 1686
	1686  -  MemoryUsage of job (MB)
	1726996  -  ResidentSetSize of job (KB)
...
040 (15165481.013.000) 2022-02-28 01:49:13 Entered queue to transfer output files
...
040 (15165481.013.000) 2022-02-28 01:49:20 Started transferring output files
	Seconds spent in queue: 1483
...
040 (15165481.013.000) 2022-02-28 01:49:46 Finished transferring output files
...
005 (15165481.013.000) 2022-02-28 01:50:01 Job terminated.
	(1) Normal termination (return value 0)
		Usr 0 00:32:39, Sys 0 00:00:54  -  Run Remote Usage
		Usr 0 00:00:00, Sys 0 00:00:00  -  Run Local Usage
		Usr 0 00:32:39, Sys 0 00:00:54  -  Total Remote Usage
		Usr 0 00:00:00, Sys 0 00:00:00  -  Total Local Usage
	208140  -  Run Bytes Sent By Job
	131040256  -  Run Bytes Received By Job
	208140  -  Total Bytes Sent By Job
	131040256  -  Total Bytes Received By Job
	Partitionable Resources :     Usage  Request Allocated 
	   Cpus                 :      0.00        1         1 
	   Disk (KB)            : 159878      419431   1593325 
	   IoHeavy              :                            0 
	   Memory (MB)          :   1686        2151      2176 

	Job terminated of its own accord at 2022-02-28T07:48:51Z with exit-code 0.
...
