000 (15165481.024.000) 2022-02-28 00:26:13 Job submitted from host: <128.105.244.191:9618?addrs=128.105.244.191-9618&alias=submit-1.chtc.wisc.edu&noUDP&sock=schedd_3562897_9248>
...
040 (15165481.024.000) 2022-02-28 01:27:56 Entered queue to transfer input files
	Transferring to host: <128.104.58.164:9618?addrs=128.104.58.164-9618+[2607-f388-1086-0-16fe-b5ff-fec6-7a89]-9618&alias=e1016.chtc.wisc.edu&noUDP&sock=slot1_5_17462_4eff_27896>
...
040 (15165481.024.000) 2022-02-28 01:29:14 Started transferring input files
	Seconds spent in queue: 78
...
001 (15165481.024.000) 2022-02-28 01:29:43 Job executing on host: <128.104.58.164:9618?addrs=128.104.58.164-9618+[2607-f388-1086-0-16fe-b5ff-fec6-7a89]-9618&alias=e1016.chtc.wisc.edu&noUDP&sock=startd_4670_cf5e>
...
040 (15165481.024.000) 2022-02-28 01:30:02 Finished transferring input files
...
006 (15165481.024.000) 2022-02-28 01:31:30 Image size of job updated: 49
	49  -  MemoryUsage of job (MB)
	50560  -  ResidentSetSize of job (KB)
...
006 (15165481.024.000) 2022-02-28 01:36:30 Image size of job updated: 394
	394  -  MemoryUsage of job (MB)
	404004  -  ResidentSetSize of job (KB)
...
006 (15165481.024.000) 2022-02-28 01:41:30 Image size of job updated: 693
	693  -  MemoryUsage of job (MB)
	709956  -  ResidentSetSize of job (KB)
...
006 (15165481.024.000) 2022-02-28 01:46:31 Image size of job updated: 808
	808  -  MemoryUsage of job (MB)
	827624  -  ResidentSetSize of job (KB)
...
006 (15165481.024.000) 2022-02-28 01:51:31 Image size of job updated: 1060
	1060  -  MemoryUsage of job (MB)
	1086328  -  ResidentSetSize of job (KB)
...
006 (15165481.024.000) 2022-02-28 01:56:31 Image size of job updated: 1514
	1514  -  MemoryUsage of job (MB)
	1550756  -  ResidentSetSize of job (KB)
...
006 (15165481.024.000) 2022-02-28 02:01:31 Image size of job updated: 1687
	1687  -  MemoryUsage of job (MB)
	1727648  -  ResidentSetSize of job (KB)
...
040 (15165481.024.000) 2022-02-28 02:01:45 Started transferring output files
	Seconds spent in queue: 2029
...
040 (15165481.024.000) 2022-02-28 02:01:45 Finished transferring output files
...
005 (15165481.024.000) 2022-02-28 02:01:51 Job terminated.
	(1) Normal termination (return value 0)
		Usr 0 00:00:00, Sys 0 00:00:00  -  Run Remote Usage
		Usr 0 00:00:00, Sys 0 00:00:00  -  Run Local Usage
		Usr 0 00:41:12, Sys 0 00:01:25  -  Total Remote Usage
		Usr 0 00:00:00, Sys 0 00:00:00  -  Total Local Usage
	208116  -  Run Bytes Sent By Job
	131040256  -  Run Bytes Received By Job
	208116  -  Total Bytes Sent By Job
	131040256  -  Total Bytes Received By Job
	Partitionable Resources :     Usage  Request Allocated 
	   Cpus                 :      0.00        1         1 
	   Disk (KB)            : 159875      419431    597348 
	   IoHeavy              :                            0 
	   Memory (MB)          :   1687        2151      2176 

	Job terminated of its own accord at 2022-02-28T08:01:45Z with exit-code 0.
...
