000 (15165481.029.000) 2022-02-28 00:26:13 Job submitted from host: <128.105.244.191:9618?addrs=128.105.244.191-9618&alias=submit-1.chtc.wisc.edu&noUDP&sock=schedd_3562897_9248>
...
040 (15165481.029.000) 2022-02-28 01:28:04 Entered queue to transfer input files
	Transferring to host: <128.105.245.26:9618?addrs=128.105.245.26-9618&alias=e3226.chtc.wisc.edu&noUDP&sock=slot1_3_16277_5e6f_21618>
...
040 (15165481.029.000) 2022-02-28 01:30:41 Started transferring input files
	Seconds spent in queue: 157
...
001 (15165481.029.000) 2022-02-28 01:31:08 Job executing on host: <128.105.245.26:9618?addrs=128.105.245.26-9618&alias=e3226.chtc.wisc.edu&noUDP&sock=startd_1584_121b>
...
006 (15165481.029.000) 2022-02-28 01:31:35 Image size of job updated: 87
	87  -  MemoryUsage of job (MB)
	89676  -  ResidentSetSize of job (KB)
...
040 (15165481.029.000) 2022-02-28 01:31:35 Finished transferring input files
...
006 (15165481.029.000) 2022-02-28 01:36:18 Image size of job updated: 593
	593  -  MemoryUsage of job (MB)
	608004  -  ResidentSetSize of job (KB)
...
006 (15165481.029.000) 2022-02-28 01:41:19 Image size of job updated: 877
	877  -  MemoryUsage of job (MB)
	898664  -  ResidentSetSize of job (KB)
...
006 (15165481.029.000) 2022-02-28 01:46:20 Image size of job updated: 1399
	1399  -  MemoryUsage of job (MB)
	1433084  -  ResidentSetSize of job (KB)
...
006 (15165481.029.000) 2022-02-28 01:49:34 Image size of job updated: 1688
	1688  -  MemoryUsage of job (MB)
	1729204  -  ResidentSetSize of job (KB)
...
040 (15165481.029.000) 2022-02-28 01:49:50 Entered queue to transfer output files
...
040 (15165481.029.000) 2022-02-28 01:49:57 Started transferring output files
	Seconds spent in queue: 1313
...
040 (15165481.029.000) 2022-02-28 01:50:23 Finished transferring output files
...
005 (15165481.029.000) 2022-02-28 01:50:37 Job terminated.
	(1) Normal termination (return value 0)
		Usr 0 00:25:26, Sys 0 00:00:33  -  Run Remote Usage
		Usr 0 00:00:00, Sys 0 00:00:00  -  Run Local Usage
		Usr 0 00:25:26, Sys 0 00:00:33  -  Total Remote Usage
		Usr 0 00:00:00, Sys 0 00:00:00  -  Total Local Usage
	208280  -  Run Bytes Sent By Job
	131040256  -  Run Bytes Received By Job
	208280  -  Total Bytes Sent By Job
	131040256  -  Total Bytes Received By Job
	Partitionable Resources :     Usage  Request Allocated 
	   Cpus                 :      0.00        1         1 
	   Disk (KB)            : 159431      419431   1051856 
	   IoHeavy              :                            0 
	   Memory (MB)          :   1688        2151      2176 

	Job terminated of its own accord at 2022-02-28T07:49:34Z with exit-code 0.
...
