000 (15165481.002.000) 2022-02-28 00:26:13 Job submitted from host: <128.105.244.191:9618?addrs=128.105.244.191-9618&alias=submit-1.chtc.wisc.edu&noUDP&sock=schedd_3562897_9248>
...
040 (15165481.002.000) 2022-02-28 01:16:13 Entered queue to transfer input files
	Transferring to host: <128.105.245.33:9618?addrs=128.105.245.33-9618&alias=e3233.chtc.wisc.edu&noUDP&sock=slot1_2_17325_c79a_24649>
...
040 (15165481.002.000) 2022-02-28 01:16:42 Started transferring input files
	Seconds spent in queue: 29
...
001 (15165481.002.000) 2022-02-28 01:17:02 Job executing on host: <128.105.245.33:9618?addrs=128.105.245.33-9618&alias=e3233.chtc.wisc.edu&noUDP&sock=startd_5425_ad5f>
...
006 (15165481.002.000) 2022-02-28 01:17:20 Image size of job updated: 48
	48  -  MemoryUsage of job (MB)
	50032  -  ResidentSetSize of job (KB)
...
040 (15165481.002.000) 2022-02-28 01:17:20 Finished transferring input files
...
006 (15165481.002.000) 2022-02-28 01:22:17 Image size of job updated: 639
	639  -  MemoryUsage of job (MB)
	655116  -  ResidentSetSize of job (KB)
...
006 (15165481.002.000) 2022-02-28 01:27:18 Image size of job updated: 913
	913  -  MemoryUsage of job (MB)
	935768  -  ResidentSetSize of job (KB)
...
006 (15165481.002.000) 2022-02-28 01:32:19 Image size of job updated: 1544
	1544  -  MemoryUsage of job (MB)
	1581064  -  ResidentSetSize of job (KB)
...
006 (15165481.002.000) 2022-02-28 01:34:53 Image size of job updated: 1691
	1691  -  MemoryUsage of job (MB)
	1732572  -  ResidentSetSize of job (KB)
...
040 (15165481.002.000) 2022-02-28 01:35:57 Entered queue to transfer output files
...
040 (15165481.002.000) 2022-02-28 01:38:35 Started transferring output files
	Seconds spent in queue: 1342
...
040 (15165481.002.000) 2022-02-28 01:39:45 Finished transferring output files
...
005 (15165481.002.000) 2022-02-28 01:42:27 Job terminated.
	(1) Normal termination (return value 0)
		Usr 0 00:25:11, Sys 0 00:00:30  -  Run Remote Usage
		Usr 0 00:00:00, Sys 0 00:00:00  -  Run Local Usage
		Usr 0 00:25:11, Sys 0 00:00:30  -  Total Remote Usage
		Usr 0 00:00:00, Sys 0 00:00:00  -  Total Local Usage
	208263  -  Run Bytes Sent By Job
	131040256  -  Run Bytes Received By Job
	208263  -  Total Bytes Sent By Job
	131040256  -  Total Bytes Received By Job
	Partitionable Resources :    Usage  Request Allocated 
	   Cpus                 :        0        1         1 
	   Disk (KB)            :   159736   419431    896704 
	   IoHeavy              :                           0 
	   Memory (MB)          :     1691     2151      2176 

	Job terminated of its own accord at 2022-02-28T07:34:53Z with exit-code 0.
...
