000 (15165481.034.000) 2022-02-28 00:26:13 Job submitted from host: <128.105.244.191:9618?addrs=128.105.244.191-9618&alias=submit-1.chtc.wisc.edu&noUDP&sock=schedd_3562897_9248>
...
040 (15165481.034.000) 2022-02-28 01:29:16 Entered queue to transfer input files
	Transferring to host: <128.105.245.158:9618?addrs=128.105.245.158-9618&alias=e2358.chtc.wisc.edu&noUDP&sock=slot1_16_8188_efc6_25685>
...
040 (15165481.034.000) 2022-02-28 01:30:04 Started transferring input files
	Seconds spent in queue: 48
...
001 (15165481.034.000) 2022-02-28 01:30:22 Job executing on host: <128.105.245.158:9618?addrs=128.105.245.158-9618&alias=e2358.chtc.wisc.edu&noUDP&sock=startd_2758_564a>
...
040 (15165481.034.000) 2022-02-28 01:30:45 Finished transferring input files
...
006 (15165481.034.000) 2022-02-28 01:31:14 Image size of job updated: 53
	53  -  MemoryUsage of job (MB)
	55156  -  ResidentSetSize of job (KB)
...
006 (15165481.034.000) 2022-02-28 01:35:53 Image size of job updated: 488
	488  -  MemoryUsage of job (MB)
	500116  -  ResidentSetSize of job (KB)
...
006 (15165481.034.000) 2022-02-28 01:40:53 Image size of job updated: 750
	750  -  MemoryUsage of job (MB)
	768560  -  ResidentSetSize of job (KB)
...
006 (15165481.034.000) 2022-02-28 01:45:53 Image size of job updated: 1039
	1039  -  MemoryUsage of job (MB)
	1064912  -  ResidentSetSize of job (KB)
...
006 (15165481.034.000) 2022-02-28 01:50:54 Image size of job updated: 1545
	1545  -  MemoryUsage of job (MB)
	1582664  -  ResidentSetSize of job (KB)
...
006 (15165481.034.000) 2022-02-28 01:53:50 Image size of job updated: 1685
	1685  -  MemoryUsage of job (MB)
	1725620  -  ResidentSetSize of job (KB)
...
040 (15165481.034.000) 2022-02-28 01:53:59 Started transferring output files
	Seconds spent in queue: 1483
...
040 (15165481.034.000) 2022-02-28 01:54:04 Finished transferring output files
...
005 (15165481.034.000) 2022-02-28 01:54:10 Job terminated.
	(1) Normal termination (return value 0)
		Usr 0 00:00:00, Sys 0 00:00:00  -  Run Remote Usage
		Usr 0 00:00:00, Sys 0 00:00:00  -  Run Local Usage
		Usr 0 00:29:43, Sys 0 00:00:45  -  Total Remote Usage
		Usr 0 00:00:00, Sys 0 00:00:00  -  Total Local Usage
	208185  -  Run Bytes Sent By Job
	131040256  -  Run Bytes Received By Job
	208185  -  Total Bytes Sent By Job
	131040256  -  Total Bytes Received By Job
	Partitionable Resources :     Usage  Request Allocated 
	   Cpus                 :      0.00        1         1 
	   Disk (KB)            : 159774      419431    670728 
	   IoHeavy              :                            0 
	   Memory (MB)          :   1685        2151      2176 

	Job terminated of its own accord at 2022-02-28T07:53:50Z with exit-code 0.
...
