000 (15165481.036.000) 2022-02-28 00:26:13 Job submitted from host: <128.105.244.191:9618?addrs=128.105.244.191-9618&alias=submit-1.chtc.wisc.edu&noUDP&sock=schedd_3562897_9248>
...
040 (15165481.036.000) 2022-02-28 01:30:02 Entered queue to transfer input files
	Transferring to host: <128.105.245.134:9618?addrs=128.105.245.134-9618&alias=e2334.chtc.wisc.edu&noUDP&sock=slot1_6_32017_9f6f_26986>
...
040 (15165481.036.000) 2022-02-28 01:30:24 Started transferring input files
	Seconds spent in queue: 22
...
001 (15165481.036.000) 2022-02-28 01:31:53 Job executing on host: <128.105.245.134:9618?addrs=128.105.245.134-9618&alias=e2334.chtc.wisc.edu&noUDP&sock=startd_2464_ad72>
...
006 (15165481.036.000) 2022-02-28 01:32:19 Image size of job updated: 58
	58  -  MemoryUsage of job (MB)
	60128  -  ResidentSetSize of job (KB)
...
040 (15165481.036.000) 2022-02-28 01:32:19 Finished transferring input files
...
006 (15165481.036.000) 2022-02-28 01:37:02 Image size of job updated: 496
	496  -  MemoryUsage of job (MB)
	508408  -  ResidentSetSize of job (KB)
...
006 (15165481.036.000) 2022-02-28 01:42:03 Image size of job updated: 790
	790  -  MemoryUsage of job (MB)
	809512  -  ResidentSetSize of job (KB)
...
006 (15165481.036.000) 2022-02-28 01:47:04 Image size of job updated: 1134
	1134  -  MemoryUsage of job (MB)
	1161728  -  ResidentSetSize of job (KB)
...
006 (15165481.036.000) 2022-02-28 01:52:00 Image size of job updated: 1684
	1684  -  MemoryUsage of job (MB)
	1725028  -  ResidentSetSize of job (KB)
...
040 (15165481.036.000) 2022-02-28 01:52:04 Started transferring output files
	Seconds spent in queue: 1322
...
040 (15165481.036.000) 2022-02-28 01:52:04 Finished transferring output files
...
005 (15165481.036.000) 2022-02-28 01:52:05 Job terminated.
	(1) Normal termination (return value 0)
		Usr 0 00:00:00, Sys 0 00:00:00  -  Run Remote Usage
		Usr 0 00:00:00, Sys 0 00:00:00  -  Run Local Usage
		Usr 0 00:22:04, Sys 0 00:00:37  -  Total Remote Usage
		Usr 0 00:00:00, Sys 0 00:00:00  -  Total Local Usage
	208133  -  Run Bytes Sent By Job
	131040256  -  Run Bytes Received By Job
	208133  -  Total Bytes Sent By Job
	131040256  -  Total Bytes Received By Job
	Partitionable Resources :     Usage  Request Allocated 
	   Cpus                 :      0.00        1         1 
	   Disk (KB)            : 159385      419431    777347 
	   IoHeavy              :                            0 
	   Memory (MB)          :   1684        2151      2176 

	Job terminated of its own accord at 2022-02-28T07:52:00Z with exit-code 0.
...
