000 (15165481.038.000) 2022-02-28 00:26:13 Job submitted from host: <128.105.244.191:9618?addrs=128.105.244.191-9618&alias=submit-1.chtc.wisc.edu&noUDP&sock=schedd_3562897_9248>
...
040 (15165481.038.000) 2022-02-28 01:30:42 Entered queue to transfer input files
	Transferring to host: <128.105.245.35:9618?addrs=128.105.245.35-9618&alias=e3235.chtc.wisc.edu&noUDP&sock=slot1_4_27592_cf5b_22602>
...
040 (15165481.038.000) 2022-02-28 01:34:20 Started transferring input files
	Seconds spent in queue: 218
...
001 (15165481.038.000) 2022-02-28 01:37:35 Job executing on host: <128.105.245.35:9618?addrs=128.105.245.35-9618&alias=e3235.chtc.wisc.edu&noUDP&sock=startd_1621_731c>
...
006 (15165481.038.000) 2022-02-28 01:38:03 Image size of job updated: 52
	52  -  MemoryUsage of job (MB)
	53660  -  ResidentSetSize of job (KB)
...
040 (15165481.038.000) 2022-02-28 01:38:03 Finished transferring input files
...
007 (15165481.038.000) 2022-02-28 01:38:30 Shadow exception!
	Assertion ERROR on (result)
	0  -  Run Bytes Sent By Job
	131040256  -  Run Bytes Received By Job
...
040 (15165481.038.000) 2022-02-28 01:41:11 Entered queue to transfer input files
	Transferring to host: <128.104.101.115:9618?addrs=128.104.101.115-9618+[2607-f388-107c-501-22a-6aff-fedf-c721]-9618&alias=e0455.chtc.wisc.edu&noUDP&sock=slot1_7_24765_eec8_33037>
...
040 (15165481.038.000) 2022-02-28 01:44:41 Started transferring input files
	Seconds spent in queue: 210
...
001 (15165481.038.000) 2022-02-28 01:44:57 Job executing on host: <128.104.101.115:9618?addrs=128.104.101.115-9618+[2607-f388-107c-501-22a-6aff-fedf-c721]-9618&alias=e0455.chtc.wisc.edu&noUDP&sock=startd_2643_74e6>
...
040 (15165481.038.000) 2022-02-28 01:45:13 Finished transferring input files
...
006 (15165481.038.000) 2022-02-28 01:45:25 Image size of job updated: 75
	59  -  MemoryUsage of job (MB)
	75000  -  ResidentSetSize of job (KB)
...
006 (15165481.038.000) 2022-02-28 01:50:20 Image size of job updated: 472
	472  -  MemoryUsage of job (MB)
	484252  -  ResidentSetSize of job (KB)
...
006 (15165481.038.000) 2022-02-28 01:55:21 Image size of job updated: 725
	725  -  MemoryUsage of job (MB)
	742844  -  ResidentSetSize of job (KB)
...
006 (15165481.038.000) 2022-02-28 02:00:22 Image size of job updated: 1028
	1028  -  MemoryUsage of job (MB)
	1052780  -  ResidentSetSize of job (KB)
...
006 (15165481.038.000) 2022-02-28 02:05:22 Image size of job updated: 1542
	1542  -  MemoryUsage of job (MB)
	1579968  -  ResidentSetSize of job (KB)
...
006 (15165481.038.000) 2022-02-28 02:08:29 Image size of job updated: 1686
	1686  -  MemoryUsage of job (MB)
	1727016  -  ResidentSetSize of job (KB)
...
040 (15165481.038.000) 2022-02-28 02:08:33 Started transferring output files
	Seconds spent in queue: 1642
...
040 (15165481.038.000) 2022-02-28 02:08:35 Finished transferring output files
...
005 (15165481.038.000) 2022-02-28 02:08:39 Job terminated.
	(1) Normal termination (return value 0)
		Usr 0 00:00:00, Sys 0 00:00:00  -  Run Remote Usage
		Usr 0 00:00:00, Sys 0 00:00:00  -  Run Local Usage
		Usr 0 00:29:16, Sys 0 00:00:49  -  Total Remote Usage
		Usr 0 00:00:00, Sys 0 00:00:00  -  Total Local Usage
	208180  -  Run Bytes Sent By Job
	131040256  -  Run Bytes Received By Job
	208180  -  Total Bytes Sent By Job
	262080512  -  Total Bytes Received By Job
	Partitionable Resources :     Usage  Request Allocated 
	   Cpus                 :      0.00        1         1 
	   Disk (KB)            : 159776      419431    587763 
	   IoHeavy              :                            0 
	   Memory (MB)          :   1686        2151      2176 

	Job terminated of its own accord at 2022-02-28T08:08:29Z with exit-code 0.
...
