000 (15165481.030.000) 2022-02-28 00:26:13 Job submitted from host: <128.105.244.191:9618?addrs=128.105.244.191-9618&alias=submit-1.chtc.wisc.edu&noUDP&sock=schedd_3562897_9248>
...
040 (15165481.030.000) 2022-02-28 01:28:15 Entered queue to transfer input files
	Transferring to host: <128.105.68.124:9618?addrs=128.105.68.124-9618&alias=e2444.chtc.wisc.edu&noUDP&sock=slot1_23_19843_f040_30633>
...
040 (15165481.030.000) 2022-02-28 01:28:45 Started transferring input files
	Seconds spent in queue: 30
...
001 (15165481.030.000) 2022-02-28 01:29:07 Job executing on host: <128.105.68.124:9618?addrs=128.105.68.124-9618&alias=e2444.chtc.wisc.edu&noUDP&sock=startd_2356_9938>
...
006 (15165481.030.000) 2022-02-28 01:29:31 Image size of job updated: 62
	62  -  MemoryUsage of job (MB)
	63744  -  ResidentSetSize of job (KB)
...
040 (15165481.030.000) 2022-02-28 01:29:31 Finished transferring input files
...
006 (15165481.030.000) 2022-02-28 01:34:16 Image size of job updated: 497
	497  -  MemoryUsage of job (MB)
	509300  -  ResidentSetSize of job (KB)
...
006 (15165481.030.000) 2022-02-28 01:39:17 Image size of job updated: 783
	783  -  MemoryUsage of job (MB)
	802136  -  ResidentSetSize of job (KB)
...
006 (15165481.030.000) 2022-02-28 01:44:17 Image size of job updated: 1113
	1113  -  MemoryUsage of job (MB)
	1139860  -  ResidentSetSize of job (KB)
...
006 (15165481.030.000) 2022-02-28 01:49:17 Image size of job updated: 1668
	1668  -  MemoryUsage of job (MB)
	1708344  -  ResidentSetSize of job (KB)
...
006 (15165481.030.000) 2022-02-28 01:50:23 Image size of job updated: 1688
	1688  -  MemoryUsage of job (MB)
	1729464  -  ResidentSetSize of job (KB)
...
040 (15165481.030.000) 2022-02-28 01:50:37 Entered queue to transfer output files
...
040 (15165481.030.000) 2022-02-28 01:50:41 Started transferring output files
	Seconds spent in queue: 1346
...
040 (15165481.030.000) 2022-02-28 01:50:52 Finished transferring output files
...
005 (15165481.030.000) 2022-02-28 01:50:56 Job terminated.
	(1) Normal termination (return value 0)
		Usr 0 00:00:00, Sys 0 00:00:00  -  Run Remote Usage
		Usr 0 00:00:00, Sys 0 00:00:00  -  Run Local Usage
		Usr 0 00:28:22, Sys 0 00:00:39  -  Total Remote Usage
		Usr 0 00:00:00, Sys 0 00:00:00  -  Total Local Usage
	208215  -  Run Bytes Sent By Job
	131040256  -  Run Bytes Received By Job
	208215  -  Total Bytes Sent By Job
	131040256  -  Total Bytes Received By Job
	Partitionable Resources :     Usage  Request Allocated 
	   Cpus                 :      0.00        1         1 
	   Disk (KB)            : 159769      419431    591274 
	   IoHeavy              :                            0 
	   Memory (MB)          :   1688        2151      2176 

	Job terminated of its own accord at 2022-02-28T07:50:23Z with exit-code 0.
...
