000 (15165481.047.000) 2022-02-28 00:26:13 Job submitted from host: <128.105.244.191:9618?addrs=128.105.244.191-9618&alias=submit-1.chtc.wisc.edu&noUDP&sock=schedd_3562897_9248>
...
040 (15165481.047.000) 2022-02-28 01:33:23 Entered queue to transfer input files
	Transferring to host: <128.105.245.120:9618?addrs=128.105.245.120-9618&alias=e320.chtc.wisc.edu&noUDP&sock=slot1_18_31634_c3bf_25940>
...
040 (15165481.047.000) 2022-02-28 01:33:44 Started transferring input files
	Seconds spent in queue: 21
...
001 (15165481.047.000) 2022-02-28 01:34:13 Job executing on host: <128.105.245.120:9618?addrs=128.105.245.120-9618&alias=e320.chtc.wisc.edu&noUDP&sock=startd_2848_11d0>
...
040 (15165481.047.000) 2022-02-28 01:34:39 Finished transferring input files
...
006 (15165481.047.000) 2022-02-28 01:35:08 Image size of job updated: 48
	48  -  MemoryUsage of job (MB)
	49488  -  ResidentSetSize of job (KB)
...
006 (15165481.047.000) 2022-02-28 01:39:42 Image size of job updated: 516
	516  -  MemoryUsage of job (MB)
	529112  -  ResidentSetSize of job (KB)
...
006 (15165481.047.000) 2022-02-28 01:44:43 Image size of job updated: 746
	746  -  MemoryUsage of job (MB)
	764028  -  ResidentSetSize of job (KB)
...
006 (15165481.047.000) 2022-02-28 01:49:44 Image size of job updated: 1129
	1129  -  MemoryUsage of job (MB)
	1157032  -  ResidentSetSize of job (KB)
...
006 (15165481.047.000) 2022-02-28 01:54:45 Image size of job updated: 1661
	1661  -  MemoryUsage of job (MB)
	1701068  -  ResidentSetSize of job (KB)
...
006 (15165481.047.000) 2022-02-28 01:56:13 Image size of job updated: 1690
	1690  -  MemoryUsage of job (MB)
	1730768  -  ResidentSetSize of job (KB)
...
040 (15165481.047.000) 2022-02-28 01:56:23 Entered queue to transfer output files
...
040 (15165481.047.000) 2022-02-28 01:56:30 Started transferring output files
	Seconds spent in queue: 1387
...
040 (15165481.047.000) 2022-02-28 01:56:50 Finished transferring output files
...
005 (15165481.047.000) 2022-02-28 01:56:57 Job terminated.
	(1) Normal termination (return value 0)
		Usr 0 00:00:00, Sys 0 00:00:00  -  Run Remote Usage
		Usr 0 00:00:00, Sys 0 00:00:00  -  Run Local Usage
		Usr 0 00:28:35, Sys 0 00:00:42  -  Total Remote Usage
		Usr 0 00:00:00, Sys 0 00:00:00  -  Total Local Usage
	208150  -  Run Bytes Sent By Job
	131040256  -  Run Bytes Received By Job
	208150  -  Total Bytes Sent By Job
	131040256  -  Total Bytes Received By Job
	Partitionable Resources :     Usage  Request Allocated 
	   Cpus                 :      0.00        1         1 
	   Disk (KB)            : 159774      419431    599246 
	   IoHeavy              :                            0 
	   Memory (MB)          :   1690        2151      2176 

	Job terminated of its own accord at 2022-02-28T07:56:13Z with exit-code 0.
...
