000 (15165481.041.000) 2022-02-28 00:26:13 Job submitted from host: <128.105.244.191:9618?addrs=128.105.244.191-9618&alias=submit-1.chtc.wisc.edu&noUDP&sock=schedd_3562897_9248>
...
040 (15165481.041.000) 2022-02-28 01:32:22 Entered queue to transfer input files
	Transferring to host: <128.105.244.34:9618?addrs=128.105.244.34-9618&alias=e3165.chtc.wisc.edu&noUDP&sock=slot1_2_17730_238a_23722>
...
040 (15165481.041.000) 2022-02-28 01:34:45 Started transferring input files
	Seconds spent in queue: 143
...
001 (15165481.041.000) 2022-02-28 01:37:43 Job executing on host: <128.105.244.34:9618?addrs=128.105.244.34-9618&alias=e3165.chtc.wisc.edu&noUDP&sock=startd_2904_7b1e>
...
040 (15165481.041.000) 2022-02-28 01:38:14 Finished transferring input files
...
006 (15165481.041.000) 2022-02-28 01:38:57 Image size of job updated: 45
	45  -  MemoryUsage of job (MB)
	46632  -  ResidentSetSize of job (KB)
...
006 (15165481.041.000) 2022-02-28 01:43:57 Image size of job updated: 432
	432  -  MemoryUsage of job (MB)
	443244  -  ResidentSetSize of job (KB)
...
006 (15165481.041.000) 2022-02-28 01:48:57 Image size of job updated: 720
	720  -  MemoryUsage of job (MB)
	738128  -  ResidentSetSize of job (KB)
...
006 (15165481.041.000) 2022-02-28 01:53:57 Image size of job updated: 1028
	1028  -  MemoryUsage of job (MB)
	1052684  -  ResidentSetSize of job (KB)
...
006 (15165481.041.000) 2022-02-28 01:58:57 Image size of job updated: 1560
	1560  -  MemoryUsage of job (MB)
	1598160  -  ResidentSetSize of job (KB)
...
006 (15165481.041.000) 2022-02-28 02:02:22 Image size of job updated: 1683
	1683  -  MemoryUsage of job (MB)
	1724088  -  ResidentSetSize of job (KB)
...
040 (15165481.041.000) 2022-02-28 02:02:22 Started transferring output files
	Seconds spent in queue: 1800
...
040 (15165481.041.000) 2022-02-28 02:02:22 Finished transferring output files
...
005 (15165481.041.000) 2022-02-28 02:02:23 Job terminated.
	(1) Normal termination (return value 0)
		Usr 0 00:00:00, Sys 0 00:00:00  -  Run Remote Usage
		Usr 0 00:00:00, Sys 0 00:00:00  -  Run Local Usage
		Usr 0 00:28:47, Sys 0 00:00:50  -  Total Remote Usage
		Usr 0 00:00:00, Sys 0 00:00:00  -  Total Local Usage
	208193  -  Run Bytes Sent By Job
	131040256  -  Run Bytes Received By Job
	208193  -  Total Bytes Sent By Job
	131040256  -  Total Bytes Received By Job
	Partitionable Resources :     Usage  Request Allocated 
	   Cpus                 :      0.00        1         1 
	   Disk (KB)            : 159879      419431   1820831 
	   IoHeavy              :                            0 
	   Memory (MB)          :   1683        2151      2176 

	Job terminated of its own accord at 2022-02-28T08:02:22Z with exit-code 0.
...
