000 (15165481.043.000) 2022-02-28 00:26:13 Job submitted from host: <128.105.244.191:9618?addrs=128.105.244.191-9618&alias=submit-1.chtc.wisc.edu&noUDP&sock=schedd_3562897_9248>
...
040 (15165481.043.000) 2022-02-28 01:34:41 Entered queue to transfer input files
	Transferring to host: <128.105.245.198:9618?addrs=128.105.245.198-9618&alias=e2398.chtc.wisc.edu&noUDP&sock=slot1_24_19764_469d_29313>
...
040 (15165481.043.000) 2022-02-28 01:35:07 Started transferring input files
	Seconds spent in queue: 26
...
001 (15165481.043.000) 2022-02-28 01:35:26 Job executing on host: <128.105.245.198:9618?addrs=128.105.245.198-9618&alias=e2398.chtc.wisc.edu&noUDP&sock=startd_2358_f868>
...
006 (15165481.043.000) 2022-02-28 01:35:52 Image size of job updated: 77
	77  -  MemoryUsage of job (MB)
	79096  -  ResidentSetSize of job (KB)
...
040 (15165481.043.000) 2022-02-28 01:35:52 Finished transferring input files
...
006 (15165481.043.000) 2022-02-28 01:40:35 Image size of job updated: 399
	399  -  MemoryUsage of job (MB)
	409484  -  ResidentSetSize of job (KB)
...
006 (15165481.043.000) 2022-02-28 01:45:36 Image size of job updated: 696
	696  -  MemoryUsage of job (MB)
	713460  -  ResidentSetSize of job (KB)
...
006 (15165481.043.000) 2022-02-28 01:50:36 Image size of job updated: 930
	930  -  MemoryUsage of job (MB)
	952396  -  ResidentSetSize of job (KB)
...
006 (15165481.043.000) 2022-02-28 01:55:36 Image size of job updated: 1218
	1218  -  MemoryUsage of job (MB)
	1247272  -  ResidentSetSize of job (KB)
...
006 (15165481.043.000) 2022-02-28 02:00:36 Image size of job updated: 1684
	1684  -  MemoryUsage of job (MB)
	1725084  -  ResidentSetSize of job (KB)
...
040 (15165481.043.000) 2022-02-28 02:00:50 Started transferring output files
	Seconds spent in queue: 1569
...
040 (15165481.043.000) 2022-02-28 02:00:50 Finished transferring output files
...
005 (15165481.043.000) 2022-02-28 02:00:53 Job terminated.
	(1) Normal termination (return value 0)
		Usr 0 00:34:56, Sys 0 00:01:01  -  Run Remote Usage
		Usr 0 00:00:00, Sys 0 00:00:00  -  Run Local Usage
		Usr 0 00:34:56, Sys 0 00:01:01  -  Total Remote Usage
		Usr 0 00:00:00, Sys 0 00:00:00  -  Total Local Usage
	208253  -  Run Bytes Sent By Job
	131040256  -  Run Bytes Received By Job
	208253  -  Total Bytes Sent By Job
	131040256  -  Total Bytes Received By Job
	Partitionable Resources :     Usage  Request Allocated 
	   Cpus                 :      0.00        1         1 
	   Disk (KB)            : 159774      419431    593318 
	   IoHeavy              :                            0 
	   Memory (MB)          :   1684        2151      2176 

	Job terminated of its own accord at 2022-02-28T08:00:47Z with exit-code 0.
...
