000 (15165481.042.000) 2022-02-28 00:26:13 Job submitted from host: <128.105.244.191:9618?addrs=128.105.244.191-9618&alias=submit-1.chtc.wisc.edu&noUDP&sock=schedd_3562897_9248>
...
040 (15165481.042.000) 2022-02-28 01:32:27 Entered queue to transfer input files
	Transferring to host: <128.104.58.234:9618?addrs=128.104.58.234-9618+[2607-f388-1086-0-226-9eff-fe2b-be5a]-9618&alias=e562.chtc.wisc.edu&noUDP&sock=slot1_2_1895_f2e6_22744>
...
040 (15165481.042.000) 2022-02-28 01:32:46 Started transferring input files
	Seconds spent in queue: 19
...
001 (15165481.042.000) 2022-02-28 01:33:22 Job executing on host: <128.104.58.234:9618?addrs=128.104.58.234-9618+[2607-f388-1086-0-226-9eff-fe2b-be5a]-9618&alias=e562.chtc.wisc.edu&noUDP&sock=startd_2019_71cd>
...
040 (15165481.042.000) 2022-02-28 01:33:22 Finished transferring input files
...
006 (15165481.042.000) 2022-02-28 01:33:41 Image size of job updated: 141
	141  -  MemoryUsage of job (MB)
	144448  -  ResidentSetSize of job (KB)
...
006 (15165481.042.000) 2022-02-28 01:38:32 Image size of job updated: 501
	501  -  MemoryUsage of job (MB)
	513780  -  ResidentSetSize of job (KB)
...
006 (15165481.042.000) 2022-02-28 01:43:33 Image size of job updated: 732
	732  -  MemoryUsage of job (MB)
	749964  -  ResidentSetSize of job (KB)
...
006 (15165481.042.000) 2022-02-28 01:48:34 Image size of job updated: 1027
	1027  -  MemoryUsage of job (MB)
	1051772  -  ResidentSetSize of job (KB)
...
006 (15165481.042.000) 2022-02-28 01:53:35 Image size of job updated: 1551
	1551  -  MemoryUsage of job (MB)
	1589072  -  ResidentSetSize of job (KB)
...
006 (15165481.042.000) 2022-02-28 01:57:10 Image size of job updated: 1690
	1690  -  MemoryUsage of job (MB)
	1731524  -  ResidentSetSize of job (KB)
...
040 (15165481.042.000) 2022-02-28 01:57:14 Started transferring output files
	Seconds spent in queue: 1487
...
040 (15165481.042.000) 2022-02-28 01:57:16 Finished transferring output files
...
005 (15165481.042.000) 2022-02-28 01:57:22 Job terminated.
	(1) Normal termination (return value 0)
		Usr 0 00:32:47, Sys 0 00:00:50  -  Run Remote Usage
		Usr 0 00:00:00, Sys 0 00:00:00  -  Run Local Usage
		Usr 0 00:32:47, Sys 0 00:00:50  -  Total Remote Usage
		Usr 0 00:00:00, Sys 0 00:00:00  -  Total Local Usage
	208223  -  Run Bytes Sent By Job
	131040256  -  Run Bytes Received By Job
	208223  -  Total Bytes Sent By Job
	131040256  -  Total Bytes Received By Job
	Partitionable Resources :     Usage  Request Allocated 
	   Cpus                 :      0.00        1         1 
	   Disk (KB)            : 159880      419431    903018 
	   IoHeavy              :                            0 
	   Memory (MB)          :   1690        2151      2176 

	Job terminated of its own accord at 2022-02-28T07:57:10Z with exit-code 0.
...
