000 (15165481.048.000) 2022-02-28 00:26:13 Job submitted from host: <128.105.244.191:9618?addrs=128.105.244.191-9618&alias=submit-1.chtc.wisc.edu&noUDP&sock=schedd_3562897_9248>
...
040 (15165481.048.000) 2022-02-28 01:33:47 Entered queue to transfer input files
	Transferring to host: <128.105.245.110:9618?addrs=128.105.245.110-9618&alias=e310.chtc.wisc.edu&noUDP&sock=slot1_22_20956_25cd_25384>
...
040 (15165481.048.000) 2022-02-28 01:34:32 Started transferring input files
	Seconds spent in queue: 45
...
001 (15165481.048.000) 2022-02-28 01:34:47 Job executing on host: <128.105.245.110:9618?addrs=128.105.245.110-9618&alias=e310.chtc.wisc.edu&noUDP&sock=startd_2776_aefe>
...
040 (15165481.048.000) 2022-02-28 01:35:13 Finished transferring input files
...
006 (15165481.048.000) 2022-02-28 01:37:07 Image size of job updated: 52
	52  -  MemoryUsage of job (MB)
	54000  -  ResidentSetSize of job (KB)
...
006 (15165481.048.000) 2022-02-28 01:42:07 Image size of job updated: 404
	404  -  MemoryUsage of job (MB)
	414548  -  ResidentSetSize of job (KB)
...
006 (15165481.048.000) 2022-02-28 01:47:08 Image size of job updated: 698
	698  -  MemoryUsage of job (MB)
	715232  -  ResidentSetSize of job (KB)
...
006 (15165481.048.000) 2022-02-28 01:52:09 Image size of job updated: 941
	941  -  MemoryUsage of job (MB)
	963608  -  ResidentSetSize of job (KB)
...
006 (15165481.048.000) 2022-02-28 01:57:09 Image size of job updated: 1213
	1213  -  MemoryUsage of job (MB)
	1243084  -  ResidentSetSize of job (KB)
...
006 (15165481.048.000) 2022-02-28 02:02:10 Image size of job updated: 1691
	1691  -  MemoryUsage of job (MB)
	1732296  -  ResidentSetSize of job (KB)
...
040 (15165481.048.000) 2022-02-28 02:02:11 Started transferring output files
	Seconds spent in queue: 1704
...
040 (15165481.048.000) 2022-02-28 02:02:11 Finished transferring output files
...
005 (15165481.048.000) 2022-02-28 02:02:13 Job terminated.
	(1) Normal termination (return value 0)
		Usr 0 00:34:45, Sys 0 00:00:48  -  Run Remote Usage
		Usr 0 00:00:00, Sys 0 00:00:00  -  Run Local Usage
		Usr 0 00:34:45, Sys 0 00:00:48  -  Total Remote Usage
		Usr 0 00:00:00, Sys 0 00:00:00  -  Total Local Usage
	208112  -  Run Bytes Sent By Job
	131040256  -  Run Bytes Received By Job
	208112  -  Total Bytes Sent By Job
	131040256  -  Total Bytes Received By Job
	Partitionable Resources :     Usage  Request Allocated 
	   Cpus                 :      0.00        1         1 
	   Disk (KB)            : 159385      419431    665853 
	   IoHeavy              :                            0 
	   Memory (MB)          :   1691        2151      2176 

	Job terminated of its own accord at 2022-02-28T08:02:11Z with exit-code 0.
...
