000 (15165481.044.000) 2022-02-28 00:26:13 Job submitted from host: <128.105.244.191:9618?addrs=128.105.244.191-9618&alias=submit-1.chtc.wisc.edu&noUDP&sock=schedd_3562897_9248>
...
040 (15165481.044.000) 2022-02-28 01:33:04 Entered queue to transfer input files
	Transferring to host: <128.105.245.43:9618?addrs=128.105.245.43-9618&alias=e3243.chtc.wisc.edu&noUDP&sock=slot1_3_28756_f40a_23706>
...
040 (15165481.044.000) 2022-02-28 01:37:49 Started transferring input files
	Seconds spent in queue: 285
...
001 (15165481.044.000) 2022-02-28 01:38:20 Job executing on host: <128.105.245.43:9618?addrs=128.105.245.43-9618&alias=e3243.chtc.wisc.edu&noUDP&sock=startd_4725_8914>
...
007 (15165481.044.000) 2022-02-28 01:38:43 Shadow exception!
	Assertion ERROR on (result)
	0  -  Run Bytes Sent By Job
	131040256  -  Run Bytes Received By Job
...
040 (15165481.044.000) 2022-02-28 01:39:13 Entered queue to transfer input files
	Transferring to host: <128.105.68.127:9618?addrs=128.105.68.127-9618&alias=e2441.chtc.wisc.edu&noUDP&sock=slot1_10_14623_f9ec_33031>
...
040 (15165481.044.000) 2022-02-28 01:40:23 Started transferring input files
	Seconds spent in queue: 70
...
001 (15165481.044.000) 2022-02-28 01:40:48 Job executing on host: <128.105.68.127:9618?addrs=128.105.68.127-9618&alias=e2441.chtc.wisc.edu&noUDP&sock=startd_2383_1e46>
...
006 (15165481.044.000) 2022-02-28 01:41:09 Image size of job updated: 45
	45  -  MemoryUsage of job (MB)
	46348  -  ResidentSetSize of job (KB)
...
040 (15165481.044.000) 2022-02-28 01:41:09 Finished transferring input files
...
006 (15165481.044.000) 2022-02-28 01:45:57 Image size of job updated: 428
	428  -  MemoryUsage of job (MB)
	438732  -  ResidentSetSize of job (KB)
...
006 (15165481.044.000) 2022-02-28 01:50:58 Image size of job updated: 699
	699  -  MemoryUsage of job (MB)
	716224  -  ResidentSetSize of job (KB)
...
006 (15165481.044.000) 2022-02-28 01:55:59 Image size of job updated: 964
	964  -  MemoryUsage of job (MB)
	987644  -  ResidentSetSize of job (KB)
...
006 (15165481.044.000) 2022-02-28 02:01:00 Image size of job updated: 1386
	1386  -  MemoryUsage of job (MB)
	1419648  -  ResidentSetSize of job (KB)
...
006 (15165481.044.000) 2022-02-28 02:05:36 Image size of job updated: 1689
	1689  -  MemoryUsage of job (MB)
	1730508  -  ResidentSetSize of job (KB)
...
040 (15165481.044.000) 2022-02-28 02:05:40 Started transferring output files
	Seconds spent in queue: 1587
...
040 (15165481.044.000) 2022-02-28 02:05:42 Finished transferring output files
...
005 (15165481.044.000) 2022-02-28 02:05:45 Job terminated.
	(1) Normal termination (return value 0)
		Usr 0 00:00:00, Sys 0 00:00:00  -  Run Remote Usage
		Usr 0 00:00:00, Sys 0 00:00:00  -  Run Local Usage
		Usr 0 00:28:58, Sys 0 00:00:48  -  Total Remote Usage
		Usr 0 00:00:00, Sys 0 00:00:00  -  Total Local Usage
	208162  -  Run Bytes Sent By Job
	131040256  -  Run Bytes Received By Job
	208162  -  Total Bytes Sent By Job
	131040256  -  Total Bytes Received By Job
	Partitionable Resources :    Usage  Request Allocated 
	   Cpus                 :        0        1         1 
	   Disk (KB)            :   159414   419431    589852 
	   IoHeavy              :                           0 
	   Memory (MB)          :     1689     2151      2176 

	Job terminated of its own accord at 2022-02-28T08:05:36Z with exit-code 0.
...
