000 (15165481.055.000) 2022-02-28 00:26:13 Job submitted from host: <128.105.244.191:9618?addrs=128.105.244.191-9618&alias=submit-1.chtc.wisc.edu&noUDP&sock=schedd_3562897_9248>
...
040 (15165481.055.000) 2022-02-28 01:36:12 Entered queue to transfer input files
	Transferring to host: <128.104.101.147:9618?addrs=128.104.101.147-9618+[2607-f388-107c-501-4603-a7ff-fe29-58cf]-9618&alias=e147.chtc.wisc.edu&noUDP&sock=slot1_3_13011_2d2a_33969>
...
040 (15165481.055.000) 2022-02-28 01:37:31 Finished transferring input files
...
007 (15165481.055.000) 2022-02-28 01:37:55 Shadow exception!
	Error from slot1_3@e147.chtc.wisc.edu: Failed to transfer files
	0  -  Run Bytes Sent By Job
	0  -  Run Bytes Received By Job
...
040 (15165481.055.000) 2022-02-28 01:38:33 Entered queue to transfer input files
	Transferring to host: <128.105.245.116:9618?addrs=128.105.245.116-9618&alias=e316.chtc.wisc.edu&noUDP&sock=slot1_14_34673_03db_23350>
...
040 (15165481.055.000) 2022-02-28 01:39:29 Started transferring input files
	Seconds spent in queue: 56
...
001 (15165481.055.000) 2022-02-28 01:40:05 Job executing on host: <128.105.245.116:9618?addrs=128.105.245.116-9618&alias=e316.chtc.wisc.edu&noUDP&sock=startd_36994_62ac>
...
040 (15165481.055.000) 2022-02-28 01:40:39 Finished transferring input files
...
006 (15165481.055.000) 2022-02-28 01:41:30 Image size of job updated: 45
	45  -  MemoryUsage of job (MB)
	46496  -  ResidentSetSize of job (KB)
...
006 (15165481.055.000) 2022-02-28 01:46:30 Image size of job updated: 498
	498  -  MemoryUsage of job (MB)
	510816  -  ResidentSetSize of job (KB)
...
006 (15165481.055.000) 2022-02-28 01:51:31 Image size of job updated: 693
	693  -  MemoryUsage of job (MB)
	709824  -  ResidentSetSize of job (KB)
...
006 (15165481.055.000) 2022-02-28 01:56:31 Image size of job updated: 966
	966  -  MemoryUsage of job (MB)
	989912  -  ResidentSetSize of job (KB)
...
006 (15165481.055.000) 2022-02-28 02:01:32 Image size of job updated: 1345
	1345  -  MemoryUsage of job (MB)
	1377740  -  ResidentSetSize of job (KB)
...
006 (15165481.055.000) 2022-02-28 02:06:32 Image size of job updated: 1687
	1687  -  MemoryUsage of job (MB)
	1727972  -  ResidentSetSize of job (KB)
...
040 (15165481.055.000) 2022-02-28 02:06:52 Started transferring output files
	Seconds spent in queue: 1699
...
040 (15165481.055.000) 2022-02-28 02:06:54 Finished transferring output files
...
005 (15165481.055.000) 2022-02-28 02:07:00 Job terminated.
	(1) Normal termination (return value 0)
		Usr 0 00:34:54, Sys 0 00:00:59  -  Run Remote Usage
		Usr 0 00:00:00, Sys 0 00:00:00  -  Run Local Usage
		Usr 0 00:34:54, Sys 0 00:00:59  -  Total Remote Usage
		Usr 0 00:00:00, Sys 0 00:00:00  -  Total Local Usage
	208121  -  Run Bytes Sent By Job
	131040256  -  Run Bytes Received By Job
	208121  -  Total Bytes Sent By Job
	131040256  -  Total Bytes Received By Job
	Partitionable Resources :     Usage  Request Allocated 
	   Cpus                 :      0.00        1         1 
	   Disk (KB)            : 159775      419431    661355 
	   IoHeavy              :                            0 
	   Memory (MB)          :   1687        2151      2176 

	Job terminated of its own accord at 2022-02-28T08:06:46Z with exit-code 0.
...
