000 (15165481.051.000) 2022-02-28 00:26:13 Job submitted from host: <128.105.244.191:9618?addrs=128.105.244.191-9618&alias=submit-1.chtc.wisc.edu&noUDP&sock=schedd_3562897_9248>
...
040 (15165481.051.000) 2022-02-28 01:34:37 Entered queue to transfer input files
	Transferring to host: <128.105.245.172:9618?addrs=128.105.245.172-9618&alias=e2372.chtc.wisc.edu&noUDP&sock=slot1_20_2041_d1ac_24685>
...
040 (15165481.051.000) 2022-02-28 01:35:04 Started transferring input files
	Seconds spent in queue: 27
...
001 (15165481.051.000) 2022-02-28 01:35:24 Job executing on host: <128.105.245.172:9618?addrs=128.105.245.172-9618&alias=e2372.chtc.wisc.edu&noUDP&sock=startd_27233_26bd>
...
006 (15165481.051.000) 2022-02-28 01:35:52 Image size of job updated: 53
	53  -  MemoryUsage of job (MB)
	54580  -  ResidentSetSize of job (KB)
...
040 (15165481.051.000) 2022-02-28 01:35:52 Finished transferring input files
...
006 (15165481.051.000) 2022-02-28 01:40:51 Image size of job updated: 409
	409  -  MemoryUsage of job (MB)
	418924  -  ResidentSetSize of job (KB)
...
006 (15165481.051.000) 2022-02-28 01:45:51 Image size of job updated: 780
	780  -  MemoryUsage of job (MB)
	799392  -  ResidentSetSize of job (KB)
...
006 (15165481.051.000) 2022-02-28 01:50:53 Image size of job updated: 1186
	1186  -  MemoryUsage of job (MB)
	1214532  -  ResidentSetSize of job (KB)
...
006 (15165481.051.000) 2022-02-28 01:55:53 Image size of job updated: 1686
	1686  -  MemoryUsage of job (MB)
	1726488  -  ResidentSetSize of job (KB)
...
040 (15165481.051.000) 2022-02-28 01:56:46 Entered queue to transfer output files
...
040 (15165481.051.000) 2022-02-28 01:56:49 Started transferring output files
	Seconds spent in queue: 1332
...
040 (15165481.051.000) 2022-02-28 01:57:00 Finished transferring output files
...
005 (15165481.051.000) 2022-02-28 01:57:11 Job terminated.
	(1) Normal termination (return value 0)
		Usr 0 00:00:00, Sys 0 00:00:00  -  Run Remote Usage
		Usr 0 00:00:00, Sys 0 00:00:00  -  Run Local Usage
		Usr 0 00:27:12, Sys 0 00:00:49  -  Total Remote Usage
		Usr 0 00:00:00, Sys 0 00:00:00  -  Total Local Usage
	208235  -  Run Bytes Sent By Job
	131040256  -  Run Bytes Received By Job
	208235  -  Total Bytes Sent By Job
	131040256  -  Total Bytes Received By Job
	Partitionable Resources :     Usage  Request Allocated 
	   Cpus                 :      0.00        1         1 
	   Disk (KB)            : 159769      419431    583381 
	   IoHeavy              :                            0 
	   Memory (MB)          :   1686        2151      2176 

	Job terminated of its own accord at 2022-02-28T07:56:32Z with exit-code 0.
...
