000 (15165481.052.000) 2022-02-28 00:26:13 Job submitted from host: <128.105.244.191:9618?addrs=128.105.244.191-9618&alias=submit-1.chtc.wisc.edu&noUDP&sock=schedd_3562897_9248>
...
040 (15165481.052.000) 2022-02-28 01:34:38 Entered queue to transfer input files
	Transferring to host: <128.105.68.130:9618?addrs=128.105.68.130-9618&alias=e2438.chtc.wisc.edu&noUDP&sock=slot1_14_4369_1b0b_29932>
...
040 (15165481.052.000) 2022-02-28 01:35:00 Started transferring input files
	Seconds spent in queue: 22
...
001 (15165481.052.000) 2022-02-28 01:35:19 Job executing on host: <128.105.68.130:9618?addrs=128.105.68.130-9618&alias=e2438.chtc.wisc.edu&noUDP&sock=startd_2380_0f7d>
...
006 (15165481.052.000) 2022-02-28 01:35:45 Image size of job updated: 51
	51  -  MemoryUsage of job (MB)
	52704  -  ResidentSetSize of job (KB)
...
040 (15165481.052.000) 2022-02-28 01:35:45 Finished transferring input files
...
006 (15165481.052.000) 2022-02-28 01:40:28 Image size of job updated: 494
	494  -  MemoryUsage of job (MB)
	506596  -  ResidentSetSize of job (KB)
...
006 (15165481.052.000) 2022-02-28 01:45:30 Image size of job updated: 707
	707  -  MemoryUsage of job (MB)
	724912  -  ResidentSetSize of job (KB)
...
006 (15165481.052.000) 2022-02-28 01:50:30 Image size of job updated: 1006
	1006  -  MemoryUsage of job (MB)
	1030420  -  ResidentSetSize of job (KB)
...
006 (15165481.052.000) 2022-02-28 01:55:31 Image size of job updated: 1497
	1497  -  MemoryUsage of job (MB)
	1533560  -  ResidentSetSize of job (KB)
...
006 (15165481.052.000) 2022-02-28 01:59:23 Image size of job updated: 1684
	1684  -  MemoryUsage of job (MB)
	1725052  -  ResidentSetSize of job (KB)
...
040 (15165481.052.000) 2022-02-28 01:59:26 Started transferring output files
	Seconds spent in queue: 1488
...
040 (15165481.052.000) 2022-02-28 01:59:28 Finished transferring output files
...
005 (15165481.052.000) 2022-02-28 01:59:29 Job terminated.
	(1) Normal termination (return value 0)
		Usr 0 00:00:00, Sys 0 00:00:00  -  Run Remote Usage
		Usr 0 00:00:00, Sys 0 00:00:00  -  Run Local Usage
		Usr 0 00:29:11, Sys 0 00:00:49  -  Total Remote Usage
		Usr 0 00:00:00, Sys 0 00:00:00  -  Total Local Usage
	208179  -  Run Bytes Sent By Job
	131040256  -  Run Bytes Received By Job
	208179  -  Total Bytes Sent By Job
	131040256  -  Total Bytes Received By Job
	Partitionable Resources :     Usage  Request Allocated 
	   Cpus                 :      0.00        1         1 
	   Disk (KB)            : 159656      419431    593148 
	   IoHeavy              :                            0 
	   Memory (MB)          :   1684        2151      2176 

	Job terminated of its own accord at 2022-02-28T07:59:23Z with exit-code 0.
...
