000 (15165481.059.000) 2022-02-28 00:26:13 Job submitted from host: <128.105.244.191:9618?addrs=128.105.244.191-9618&alias=submit-1.chtc.wisc.edu&noUDP&sock=schedd_3562897_9248>
...
040 (15165481.059.000) 2022-02-28 01:37:42 Entered queue to transfer input files
	Transferring to host: <128.105.245.94:9618?addrs=128.105.245.94-9618&alias=e2294.chtc.wisc.edu&noUDP&sock=slot1_28_31991_4dae_26393>
...
040 (15165481.059.000) 2022-02-28 01:38:14 Started transferring input files
	Seconds spent in queue: 32
...
001 (15165481.059.000) 2022-02-28 01:38:36 Job executing on host: <128.105.245.94:9618?addrs=128.105.245.94-9618&alias=e2294.chtc.wisc.edu&noUDP&sock=startd_2082_a845>
...
040 (15165481.059.000) 2022-02-28 01:38:56 Finished transferring input files
...
006 (15165481.059.000) 2022-02-28 01:39:55 Image size of job updated: 50
	50  -  MemoryUsage of job (MB)
	51632  -  ResidentSetSize of job (KB)
...
006 (15165481.059.000) 2022-02-28 01:44:56 Image size of job updated: 421
	421  -  MemoryUsage of job (MB)
	431428  -  ResidentSetSize of job (KB)
...
006 (15165481.059.000) 2022-02-28 01:49:56 Image size of job updated: 694
	694  -  MemoryUsage of job (MB)
	710656  -  ResidentSetSize of job (KB)
...
006 (15165481.059.000) 2022-02-28 01:54:57 Image size of job updated: 973
	973  -  MemoryUsage of job (MB)
	997148  -  ResidentSetSize of job (KB)
...
006 (15165481.059.000) 2022-02-28 01:59:58 Image size of job updated: 1497
	1497  -  MemoryUsage of job (MB)
	1533028  -  ResidentSetSize of job (KB)
...
006 (15165481.059.000) 2022-02-28 02:03:22 Image size of job updated: 1690
	1690  -  MemoryUsage of job (MB)
	1731240  -  ResidentSetSize of job (KB)
...
040 (15165481.059.000) 2022-02-28 02:03:22 Started transferring output files
	Seconds spent in queue: 1540
...
040 (15165481.059.000) 2022-02-28 02:03:22 Finished transferring output files
...
005 (15165481.059.000) 2022-02-28 02:03:23 Job terminated.
	(1) Normal termination (return value 0)
		Usr 0 00:32:31, Sys 0 00:00:53  -  Run Remote Usage
		Usr 0 00:00:00, Sys 0 00:00:00  -  Run Local Usage
		Usr 0 00:32:31, Sys 0 00:00:53  -  Total Remote Usage
		Usr 0 00:00:00, Sys 0 00:00:00  -  Total Local Usage
	208189  -  Run Bytes Sent By Job
	131040256  -  Run Bytes Received By Job
	208189  -  Total Bytes Sent By Job
	131040256  -  Total Bytes Received By Job
	Partitionable Resources :     Usage  Request Allocated 
	   Cpus                 :      0.00        1         1 
	   Disk (KB)            : 159650      419431    605808 
	   IoHeavy              :                            0 
	   Memory (MB)          :   1690        2151      2176 

	Job terminated of its own accord at 2022-02-28T08:03:22Z with exit-code 0.
...
