000 (15165481.057.000) 2022-02-28 00:26:13 Job submitted from host: <128.105.244.191:9618?addrs=128.105.244.191-9618&alias=submit-1.chtc.wisc.edu&noUDP&sock=schedd_3562897_9248>
...
040 (15165481.057.000) 2022-02-28 01:37:40 Entered queue to transfer input files
	Transferring to host: <128.105.245.196:9618?addrs=128.105.245.196-9618&alias=e2396.chtc.wisc.edu&noUDP&sock=slot1_13_8548_96d5_27682>
...
040 (15165481.057.000) 2022-02-28 01:38:14 Started transferring input files
	Seconds spent in queue: 34
...
001 (15165481.057.000) 2022-02-28 01:38:48 Job executing on host: <128.105.245.196:9618?addrs=128.105.245.196-9618&alias=e2396.chtc.wisc.edu&noUDP&sock=startd_3055_0deb>
...
040 (15165481.057.000) 2022-02-28 01:39:10 Finished transferring input files
...
006 (15165481.057.000) 2022-02-28 01:39:46 Image size of job updated: 63
	63  -  MemoryUsage of job (MB)
	65432  -  ResidentSetSize of job (KB)
...
006 (15165481.057.000) 2022-02-28 01:44:46 Image size of job updated: 399
	399  -  MemoryUsage of job (MB)
	408788  -  ResidentSetSize of job (KB)
...
006 (15165481.057.000) 2022-02-28 01:49:47 Image size of job updated: 685
	685  -  MemoryUsage of job (MB)
	701648  -  ResidentSetSize of job (KB)
...
006 (15165481.057.000) 2022-02-28 01:54:47 Image size of job updated: 971
	971  -  MemoryUsage of job (MB)
	994792  -  ResidentSetSize of job (KB)
...
006 (15165481.057.000) 2022-02-28 01:59:47 Image size of job updated: 1381
	1381  -  MemoryUsage of job (MB)
	1415096  -  ResidentSetSize of job (KB)
...
006 (15165481.057.000) 2022-02-28 02:03:52 Image size of job updated: 1691
	1691  -  MemoryUsage of job (MB)
	1732028  -  ResidentSetSize of job (KB)
...
040 (15165481.057.000) 2022-02-28 02:03:52 Started transferring output files
	Seconds spent in queue: 1572
...
040 (15165481.057.000) 2022-02-28 02:03:52 Finished transferring output files
...
005 (15165481.057.000) 2022-02-28 02:03:53 Job terminated.
	(1) Normal termination (return value 0)
		Usr 0 00:33:27, Sys 0 00:00:54  -  Run Remote Usage
		Usr 0 00:00:00, Sys 0 00:00:00  -  Run Local Usage
		Usr 0 00:33:27, Sys 0 00:00:54  -  Total Remote Usage
		Usr 0 00:00:00, Sys 0 00:00:00  -  Total Local Usage
	208224  -  Run Bytes Sent By Job
	131040256  -  Run Bytes Received By Job
	208224  -  Total Bytes Sent By Job
	131040256  -  Total Bytes Received By Job
	Partitionable Resources :     Usage  Request Allocated 
	   Cpus                 :      0.00        1         1 
	   Disk (KB)            : 159470      419431    586109 
	   IoHeavy              :                            0 
	   Memory (MB)          :   1691        2151      2176 

	Job terminated of its own accord at 2022-02-28T08:03:52Z with exit-code 0.
...
