000 (15165481.056.000) 2022-02-28 00:26:13 Job submitted from host: <128.105.244.191:9618?addrs=128.105.244.191-9618&alias=submit-1.chtc.wisc.edu&noUDP&sock=schedd_3562897_9248>
...
040 (15165481.056.000) 2022-02-28 01:39:21 Entered queue to transfer input files
	Transferring to host: <128.105.245.95:9618?addrs=128.105.245.95-9618&alias=e2295.chtc.wisc.edu&noUDP&sock=slot1_32_18947_a01c_26521>
...
040 (15165481.056.000) 2022-02-28 01:41:50 Started transferring input files
	Seconds spent in queue: 149
...
001 (15165481.056.000) 2022-02-28 01:42:08 Job executing on host: <128.105.245.95:9618?addrs=128.105.245.95-9618&alias=e2295.chtc.wisc.edu&noUDP&sock=startd_2580_3e6e>
...
006 (15165481.056.000) 2022-02-28 01:44:38 Image size of job updated: 48
	48  -  MemoryUsage of job (MB)
	49888  -  ResidentSetSize of job (KB)
...
040 (15165481.056.000) 2022-02-28 01:44:38 Finished transferring input files
...
006 (15165481.056.000) 2022-02-28 01:50:17 Image size of job updated: 501
	501  -  MemoryUsage of job (MB)
	513408  -  ResidentSetSize of job (KB)
...
006 (15165481.056.000) 2022-02-28 01:55:18 Image size of job updated: 701
	701  -  MemoryUsage of job (MB)
	718352  -  ResidentSetSize of job (KB)
...
006 (15165481.056.000) 2022-02-28 02:00:19 Image size of job updated: 952
	952  -  MemoryUsage of job (MB)
	975192  -  ResidentSetSize of job (KB)
...
006 (15165481.056.000) 2022-02-28 02:05:19 Image size of job updated: 1187
	1187  -  MemoryUsage of job (MB)
	1216176  -  ResidentSetSize of job (KB)
...
006 (15165481.056.000) 2022-02-28 02:10:20 Image size of job updated: 1627
	1627  -  MemoryUsage of job (MB)
	1666388  -  ResidentSetSize of job (KB)
...
006 (15165481.056.000) 2022-02-28 02:12:33 Image size of job updated: 1681
	1681  -  MemoryUsage of job (MB)
	1721828  -  ResidentSetSize of job (KB)
...
040 (15165481.056.000) 2022-02-28 02:12:41 Started transferring output files
	Seconds spent in queue: 2000
...
040 (15165481.056.000) 2022-02-28 02:12:49 Finished transferring output files
...
005 (15165481.056.000) 2022-02-28 02:13:51 Job terminated.
	(1) Normal termination (return value 0)
		Usr 0 00:36:55, Sys 0 00:01:13  -  Run Remote Usage
		Usr 0 00:00:00, Sys 0 00:00:00  -  Run Local Usage
		Usr 0 00:36:55, Sys 0 00:01:13  -  Total Remote Usage
		Usr 0 00:00:00, Sys 0 00:00:00  -  Total Local Usage
	208275  -  Run Bytes Sent By Job
	131040256  -  Run Bytes Received By Job
	208275  -  Total Bytes Sent By Job
	131040256  -  Total Bytes Received By Job
	Partitionable Resources :     Usage  Request Allocated 
	   Cpus                 :      0.00        1         1 
	   Disk (KB)            : 159774      419431    600169 
	   IoHeavy              :                            0 
	   Memory (MB)          :   1681        2151      2176 

	Job terminated of its own accord at 2022-02-28T08:12:33Z with exit-code 0.
...
