000 (15165481.061.000) 2022-02-28 00:26:13 Job submitted from host: <128.105.244.191:9618?addrs=128.105.244.191-9618&alias=submit-1.chtc.wisc.edu&noUDP&sock=schedd_3562897_9248>
...
040 (15165481.061.000) 2022-02-28 01:38:00 Entered queue to transfer input files
	Transferring to host: <128.105.245.142:9618?addrs=128.105.245.142-9618&alias=e342.chtc.wisc.edu&noUDP&sock=slot1_22_15139_8b81_26367>
...
040 (15165481.061.000) 2022-02-28 01:39:07 Started transferring input files
	Seconds spent in queue: 67
...
001 (15165481.061.000) 2022-02-28 01:44:07 Job executing on host: <128.105.245.142:9618?addrs=128.105.245.142-9618&alias=e342.chtc.wisc.edu&noUDP&sock=startd_2402_2693>
...
006 (15165481.061.000) 2022-02-28 01:44:34 Image size of job updated: 52
	52  -  MemoryUsage of job (MB)
	53748  -  ResidentSetSize of job (KB)
...
040 (15165481.061.000) 2022-02-28 01:44:34 Finished transferring input files
...
007 (15165481.061.000) 2022-02-28 01:44:51 Shadow exception!
	Assertion ERROR on (result)
	0  -  Run Bytes Sent By Job
	131040256  -  Run Bytes Received By Job
...
040 (15165481.061.000) 2022-02-28 01:45:07 Entered queue to transfer input files
	Transferring to host: <128.105.245.123:9618?addrs=128.105.245.123-9618&alias=e323.chtc.wisc.edu&noUDP&sock=slot1_8_14506_8a07_26704>
...
040 (15165481.061.000) 2022-02-28 01:45:22 Started transferring input files
	Seconds spent in queue: 15
...
001 (15165481.061.000) 2022-02-28 01:45:34 Job executing on host: <128.105.245.123:9618?addrs=128.105.245.123-9618&alias=e323.chtc.wisc.edu&noUDP&sock=startd_2500_5edb>
...
040 (15165481.061.000) 2022-02-28 01:45:48 Finished transferring input files
...
006 (15165481.061.000) 2022-02-28 01:51:22 Image size of job updated: 426
	426  -  MemoryUsage of job (MB)
	436924  -  ResidentSetSize of job (KB)
...
006 (15165481.061.000) 2022-02-28 01:56:23 Image size of job updated: 690
	690  -  MemoryUsage of job (MB)
	707292  -  ResidentSetSize of job (KB)
...
006 (15165481.061.000) 2022-02-28 02:01:23 Image size of job updated: 953
	953  -  MemoryUsage of job (MB)
	975972  -  ResidentSetSize of job (KB)
...
006 (15165481.061.000) 2022-02-28 02:06:24 Image size of job updated: 1406
	1406  -  MemoryUsage of job (MB)
	1440604  -  ResidentSetSize of job (KB)
...
006 (15165481.061.000) 2022-02-28 02:11:07 Image size of job updated: 1687
	1687  -  MemoryUsage of job (MB)
	1728016  -  ResidentSetSize of job (KB)
...
040 (15165481.061.000) 2022-02-28 02:11:13 Started transferring output files
	Seconds spent in queue: 1566
...
040 (15165481.061.000) 2022-02-28 02:11:18 Finished transferring output files
...
005 (15165481.061.000) 2022-02-28 02:11:44 Job terminated.
	(1) Normal termination (return value 0)
		Usr 0 00:33:50, Sys 0 00:00:58  -  Run Remote Usage
		Usr 0 00:00:00, Sys 0 00:00:00  -  Run Local Usage
		Usr 0 00:33:51, Sys 0 00:00:58  -  Total Remote Usage
		Usr 0 00:00:00, Sys 0 00:00:00  -  Total Local Usage
	208211  -  Run Bytes Sent By Job
	131040256  -  Run Bytes Received By Job
	208211  -  Total Bytes Sent By Job
	262080512  -  Total Bytes Received By Job
	Partitionable Resources :     Usage  Request Allocated 
	   Cpus                 :      0.00        1         1 
	   Disk (KB)            : 159381      419431    744058 
	   IoHeavy              :                            0 
	   Memory (MB)          :   1687        2151      2176 

	Job terminated of its own accord at 2022-02-28T08:11:07Z with exit-code 0.
...
