000 (15165481.065.000) 2022-02-28 00:26:13 Job submitted from host: <128.105.244.191:9618?addrs=128.105.244.191-9618&alias=submit-1.chtc.wisc.edu&noUDP&sock=schedd_3562897_9248>
...
040 (15165481.065.000) 2022-02-28 01:39:15 Entered queue to transfer input files
	Transferring to host: <128.104.101.138:9618?addrs=128.104.101.138-9618+[2607-f388-107c-501-206-f6ff-fe30-d31f]-9618&alias=e138.chtc.wisc.edu&noUDP&sock=slot1_15_921_ad7f_34736>
...
040 (15165481.065.000) 2022-02-28 01:40:25 Started transferring input files
	Seconds spent in queue: 70
...
001 (15165481.065.000) 2022-02-28 01:44:00 Job executing on host: <128.104.101.138:9618?addrs=128.104.101.138-9618+[2607-f388-107c-501-206-f6ff-fe30-d31f]-9618&alias=e138.chtc.wisc.edu&noUDP&sock=startd_1834_8cc8>
...
006 (15165481.065.000) 2022-02-28 01:46:22 Image size of job updated: 64
	64  -  MemoryUsage of job (MB)
	66132  -  ResidentSetSize of job (KB)
...
040 (15165481.065.000) 2022-02-28 01:46:22 Finished transferring input files
...
006 (15165481.065.000) 2022-02-28 02:00:41 Image size of job updated: 1061
	1061  -  MemoryUsage of job (MB)
	1086880  -  ResidentSetSize of job (KB)
...
006 (15165481.065.000) 2022-02-28 02:08:31 Image size of job updated: 1691
	1691  -  MemoryUsage of job (MB)
	1732140  -  ResidentSetSize of job (KB)
...
040 (15165481.065.000) 2022-02-28 02:08:37 Started transferring output files
	Seconds spent in queue: 1762
...
040 (15165481.065.000) 2022-02-28 02:08:38 Finished transferring output files
...
005 (15165481.065.000) 2022-02-28 02:08:47 Job terminated.
	(1) Normal termination (return value 0)
		Usr 0 00:32:30, Sys 0 00:00:41  -  Run Remote Usage
		Usr 0 00:00:00, Sys 0 00:00:00  -  Run Local Usage
		Usr 0 00:32:30, Sys 0 00:00:41  -  Total Remote Usage
		Usr 0 00:00:00, Sys 0 00:00:00  -  Total Local Usage
	208215  -  Run Bytes Sent By Job
	131040256  -  Run Bytes Received By Job
	208215  -  Total Bytes Sent By Job
	131040256  -  Total Bytes Received By Job
	Partitionable Resources :     Usage  Request Allocated 
	   Cpus                 :      0.00        1         1 
	   Disk (KB)            : 159381      419431   1700241 
	   IoHeavy              :                            0 
	   Memory (MB)          :   1691        2151      2176 

	Job terminated of its own accord at 2022-02-28T08:08:31Z with exit-code 0.
...
