000 (15165481.064.000) 2022-02-28 00:26:13 Job submitted from host: <128.105.244.191:9618?addrs=128.105.244.191-9618&alias=submit-1.chtc.wisc.edu&noUDP&sock=schedd_3562897_9248>
...
040 (15165481.064.000) 2022-02-28 01:39:17 Entered queue to transfer input files
	Transferring to host: <128.104.101.146:9618?addrs=128.104.101.146-9618+[2607-f388-107c-501-4603-a7ff-fe29-a50b]-9618&alias=e0146.chtc.wisc.edu&noUDP&sock=slot1_19_4050_575e_37949>
...
040 (15165481.064.000) 2022-02-28 01:44:17 Started transferring input files
	Seconds spent in queue: 300
...
001 (15165481.064.000) 2022-02-28 01:44:31 Job executing on host: <128.104.101.146:9618?addrs=128.104.101.146-9618+[2607-f388-107c-501-4603-a7ff-fe29-a50b]-9618&alias=e0146.chtc.wisc.edu&noUDP&sock=startd_2377_00b5>
...
006 (15165481.064.000) 2022-02-28 01:44:43 Image size of job updated: 85
	85  -  MemoryUsage of job (MB)
	87744  -  ResidentSetSize of job (KB)
...
040 (15165481.064.000) 2022-02-28 01:44:43 Finished transferring input files
...
006 (15165481.064.000) 2022-02-28 01:49:40 Image size of job updated: 506
	506  -  MemoryUsage of job (MB)
	518680  -  ResidentSetSize of job (KB)
...
006 (15165481.064.000) 2022-02-28 01:54:41 Image size of job updated: 709
	709  -  MemoryUsage of job (MB)
	726856  -  ResidentSetSize of job (KB)
...
006 (15165481.064.000) 2022-02-28 01:59:41 Image size of job updated: 1086
	1086  -  MemoryUsage of job (MB)
	1112560  -  ResidentSetSize of job (KB)
...
006 (15165481.064.000) 2022-02-28 02:04:41 Image size of job updated: 1683
	1683  -  MemoryUsage of job (MB)
	1724404  -  ResidentSetSize of job (KB)
...
006 (15165481.064.000) 2022-02-28 02:05:42 Image size of job updated: 1688
	1688  -  MemoryUsage of job (MB)
	1729156  -  ResidentSetSize of job (KB)
...
040 (15165481.064.000) 2022-02-28 02:05:45 Started transferring output files
	Seconds spent in queue: 1588
...
040 (15165481.064.000) 2022-02-28 02:05:45 Finished transferring output files
...
005 (15165481.064.000) 2022-02-28 02:05:46 Job terminated.
	(1) Normal termination (return value 0)
		Usr 0 00:28:30, Sys 0 00:00:52  -  Run Remote Usage
		Usr 0 00:00:00, Sys 0 00:00:00  -  Run Local Usage
		Usr 0 00:28:30, Sys 0 00:00:52  -  Total Remote Usage
		Usr 0 00:00:00, Sys 0 00:00:00  -  Total Local Usage
	208224  -  Run Bytes Sent By Job
	131040256  -  Run Bytes Received By Job
	208224  -  Total Bytes Sent By Job
	131040256  -  Total Bytes Received By Job
	Partitionable Resources :     Usage  Request Allocated 
	   Cpus                 :      0.00        1         1 
	   Disk (KB)            : 159780      419431   1661144 
	   IoHeavy              :                            0 
	   Memory (MB)          :   1688        2151      2176 

	Job terminated of its own accord at 2022-02-28T08:05:42Z with exit-code 0.
...
