000 (15165481.062.000) 2022-02-28 00:26:13 Job submitted from host: <128.105.244.191:9618?addrs=128.105.244.191-9618&alias=submit-1.chtc.wisc.edu&noUDP&sock=schedd_3562897_9248>
...
040 (15165481.062.000) 2022-02-28 01:42:27 Entered queue to transfer input files
	Transferring to host: <128.104.101.147:9618?addrs=128.104.101.147-9618+[2607-f388-107c-501-4603-a7ff-fe29-58cf]-9618&alias=e147.chtc.wisc.edu&noUDP&sock=slot1_3_13011_2d2a_33971>
...
040 (15165481.062.000) 2022-02-28 01:45:03 Started transferring input files
	Seconds spent in queue: 156
...
001 (15165481.062.000) 2022-02-28 01:45:28 Job executing on host: <128.104.101.147:9618?addrs=128.104.101.147-9618+[2607-f388-107c-501-4603-a7ff-fe29-58cf]-9618&alias=e147.chtc.wisc.edu&noUDP&sock=startd_1867_2f68>
...
040 (15165481.062.000) 2022-02-28 01:45:41 Finished transferring input files
...
006 (15165481.062.000) 2022-02-28 01:46:01 Image size of job updated: 86
	86  -  MemoryUsage of job (MB)
	88960  -  ResidentSetSize of job (KB)
...
006 (15165481.062.000) 2022-02-28 01:50:54 Image size of job updated: 609
	609  -  MemoryUsage of job (MB)
	624052  -  ResidentSetSize of job (KB)
...
006 (15165481.062.000) 2022-02-28 01:55:54 Image size of job updated: 848
	848  -  MemoryUsage of job (MB)
	868972  -  ResidentSetSize of job (KB)
...
006 (15165481.062.000) 2022-02-28 02:00:55 Image size of job updated: 1177
	1177  -  MemoryUsage of job (MB)
	1205940  -  ResidentSetSize of job (KB)
...
006 (15165481.062.000) 2022-02-28 02:05:17 Image size of job updated: 1691
	1691  -  MemoryUsage of job (MB)
	1732108  -  ResidentSetSize of job (KB)
...
040 (15165481.062.000) 2022-02-28 02:05:18 Started transferring output files
	Seconds spent in queue: 1371
...
040 (15165481.062.000) 2022-02-28 02:05:18 Finished transferring output files
...
005 (15165481.062.000) 2022-02-28 02:05:18 Job terminated.
	(1) Normal termination (return value 0)
		Usr 0 00:28:52, Sys 0 00:00:32  -  Run Remote Usage
		Usr 0 00:00:00, Sys 0 00:00:00  -  Run Local Usage
		Usr 0 00:28:52, Sys 0 00:00:32  -  Total Remote Usage
		Usr 0 00:00:00, Sys 0 00:00:00  -  Total Local Usage
	208279  -  Run Bytes Sent By Job
	131040256  -  Run Bytes Received By Job
	208279  -  Total Bytes Sent By Job
	131040256  -  Total Bytes Received By Job
	Partitionable Resources :     Usage  Request Allocated 
	   Cpus                 :      0.00        1         1 
	   Disk (KB)            : 159380      419431   1700656 
	   IoHeavy              :                            0 
	   Memory (MB)          :   1691        2151      2176 

	Job terminated of its own accord at 2022-02-28T08:05:17Z with exit-code 0.
...
