000 (15165481.067.000) 2022-02-28 00:26:13 Job submitted from host: <128.105.244.191:9618?addrs=128.105.244.191-9618&alias=submit-1.chtc.wisc.edu&noUDP&sock=schedd_3562897_9248>
...
040 (15165481.067.000) 2022-02-28 01:39:34 Entered queue to transfer input files
	Transferring to host: <128.105.245.94:9618?addrs=128.105.245.94-9618&alias=e2294.chtc.wisc.edu&noUDP&sock=slot1_26_31991_4dae_26407>
...
040 (15165481.067.000) 2022-02-28 01:40:38 Started transferring input files
	Seconds spent in queue: 64
...
001 (15165481.067.000) 2022-02-28 01:40:56 Job executing on host: <128.105.245.94:9618?addrs=128.105.245.94-9618&alias=e2294.chtc.wisc.edu&noUDP&sock=startd_2082_a845>
...
040 (15165481.067.000) 2022-02-28 01:41:15 Finished transferring input files
...
006 (15165481.067.000) 2022-02-28 01:45:47 Image size of job updated: 50
	50  -  MemoryUsage of job (MB)
	52068  -  ResidentSetSize of job (KB)
...
006 (15165481.067.000) 2022-02-28 02:06:47 Image size of job updated: 1685
	1685  -  MemoryUsage of job (MB)
	1726428  -  ResidentSetSize of job (KB)
...
040 (15165481.067.000) 2022-02-28 02:06:53 Started transferring output files
	Seconds spent in queue: 1639
...
040 (15165481.067.000) 2022-02-28 02:06:54 Finished transferring output files
...
005 (15165481.067.000) 2022-02-28 02:06:57 Job terminated.
	(1) Normal termination (return value 0)
		Usr 0 00:00:00, Sys 0 00:00:00  -  Run Remote Usage
		Usr 0 00:00:00, Sys 0 00:00:00  -  Run Local Usage
		Usr 0 00:00:01, Sys 0 00:00:00  -  Total Remote Usage
		Usr 0 00:00:00, Sys 0 00:00:00  -  Total Local Usage
	208133  -  Run Bytes Sent By Job
	131040256  -  Run Bytes Received By Job
	208133  -  Total Bytes Sent By Job
	131040256  -  Total Bytes Received By Job
	Partitionable Resources :     Usage  Request Allocated 
	   Cpus                 :      0.00        1         1 
	   Disk (KB)            : 159385      419431    605808 
	   IoHeavy              :                            0 
	   Memory (MB)          :   1685        2151      2176 

	Job terminated of its own accord at 2022-02-28T08:06:47Z with exit-code 0.
...
