000 (15165481.069.000) 2022-02-28 00:26:13 Job submitted from host: <128.105.244.191:9618?addrs=128.105.244.191-9618&alias=submit-1.chtc.wisc.edu&noUDP&sock=schedd_3562897_9248>
...
007 (15165481.069.000) 2022-02-28 01:49:18 Shadow exception!
	Assertion ERROR on (result)
	0  -  Run Bytes Sent By Job
	0  -  Run Bytes Received By Job
...
040 (15165481.069.000) 2022-02-28 01:49:24 Entered queue to transfer input files
	Transferring to host: <128.105.245.207:9618?addrs=128.105.245.207-9618&alias=e2407.chtc.wisc.edu&noUDP&sock=slot1_16_22645_3372_28283>
...
040 (15165481.069.000) 2022-02-28 01:49:36 Started transferring input files
	Seconds spent in queue: 12
...
001 (15165481.069.000) 2022-02-28 01:49:44 Job executing on host: <128.105.245.207:9618?addrs=128.105.245.207-9618&alias=e2407.chtc.wisc.edu&noUDP&sock=startd_2377_00b5>
...
040 (15165481.069.000) 2022-02-28 01:49:49 Finished transferring input files
...
006 (15165481.069.000) 2022-02-28 01:49:56 Image size of job updated: 85
	85  -  MemoryUsage of job (MB)
	87060  -  ResidentSetSize of job (KB)
...
006 (15165481.069.000) 2022-02-28 01:54:53 Image size of job updated: 356
	356  -  MemoryUsage of job (MB)
	364964  -  ResidentSetSize of job (KB)
...
006 (15165481.069.000) 2022-02-28 01:59:54 Image size of job updated: 569
	569  -  MemoryUsage of job (MB)
	583364  -  ResidentSetSize of job (KB)
...
006 (15165481.069.000) 2022-02-28 02:04:55 Image size of job updated: 684
	684  -  MemoryUsage of job (MB)
	701420  -  ResidentSetSize of job (KB)
...
006 (15165481.069.000) 2022-02-28 02:09:55 Image size of job updated: 916
	916  -  MemoryUsage of job (MB)
	938112  -  ResidentSetSize of job (KB)
...
006 (15165481.069.000) 2022-02-28 02:14:56 Image size of job updated: 1409
	1409  -  MemoryUsage of job (MB)
	1443436  -  ResidentSetSize of job (KB)
...
006 (15165481.069.000) 2022-02-28 02:19:56 Image size of job updated: 1687
	1687  -  MemoryUsage of job (MB)
	1727716  -  ResidentSetSize of job (KB)
...
040 (15165481.069.000) 2022-02-28 02:22:55 Entered queue to transfer output files
...
040 (15165481.069.000) 2022-02-28 02:24:13 Started transferring output files
	Seconds spent in queue: 2089
...
040 (15165481.069.000) 2022-02-28 02:26:09 Finished transferring output files
...
005 (15165481.069.000) 2022-02-28 02:26:33 Job terminated.
	(1) Normal termination (return value 0)
		Usr 0 00:00:00, Sys 0 00:00:00  -  Run Remote Usage
		Usr 0 00:00:00, Sys 0 00:00:00  -  Run Local Usage
		Usr 0 00:33:38, Sys 0 00:00:56  -  Total Remote Usage
		Usr 0 00:00:00, Sys 0 00:00:00  -  Total Local Usage
	208137  -  Run Bytes Sent By Job
	131040256  -  Run Bytes Received By Job
	208137  -  Total Bytes Sent By Job
	131040256  -  Total Bytes Received By Job
	Partitionable Resources :    Usage  Request Allocated 
	   Cpus                 :        0        1         1 
	   Disk (KB)            :   159774   419431    590145 
	   IoHeavy              :                           0 
	   Memory (MB)          :     1687     2151      2176 

	Job terminated of its own accord at 2022-02-28T08:20:16Z with exit-code 0.
...
