000 (15165481.006.000) 2022-02-28 00:26:13 Job submitted from host: <128.105.244.191:9618?addrs=128.105.244.191-9618&alias=submit-1.chtc.wisc.edu&noUDP&sock=schedd_3562897_9248>
...
040 (15165481.006.000) 2022-02-28 01:20:26 Entered queue to transfer input files
	Transferring to host: <128.104.101.127:9618?addrs=128.104.101.127-9618+[2607-f388-107c-501-4603-a7ff-fe29-9f83]-9618&alias=e127.chtc.wisc.edu&noUDP&sock=slot1_18_17503_3261_35254>
...
040 (15165481.006.000) 2022-02-28 01:20:57 Started transferring input files
	Seconds spent in queue: 31
...
001 (15165481.006.000) 2022-02-28 01:21:39 Job executing on host: <128.104.101.127:9618?addrs=128.104.101.127-9618+[2607-f388-107c-501-4603-a7ff-fe29-9f83]-9618&alias=e127.chtc.wisc.edu&noUDP&sock=startd_1880_1a23>
...
040 (15165481.006.000) 2022-02-28 01:21:39 Finished transferring input files
...
006 (15165481.006.000) 2022-02-28 01:22:08 Image size of job updated: 178
	178  -  MemoryUsage of job (MB)
	182672  -  ResidentSetSize of job (KB)
...
006 (15165481.006.000) 2022-02-28 01:27:08 Image size of job updated: 573
	573  -  MemoryUsage of job (MB)
	586796  -  ResidentSetSize of job (KB)
...
006 (15165481.006.000) 2022-02-28 01:32:08 Image size of job updated: 857
	857  -  MemoryUsage of job (MB)
	878060  -  ResidentSetSize of job (KB)
...
006 (15165481.006.000) 2022-02-28 01:41:59 Image size of job updated: 1171
	1171  -  MemoryUsage of job (MB)
	1199808  -  ResidentSetSize of job (KB)
...
006 (15165481.006.000) 2022-02-28 01:42:09 Image size of job updated: 1683
	1683  -  MemoryUsage of job (MB)
	1723680  -  ResidentSetSize of job (KB)
...
040 (15165481.006.000) 2022-02-28 01:47:03 Entered queue to transfer output files
...
040 (15165481.006.000) 2022-02-28 01:47:21 Started transferring output files
	Seconds spent in queue: 1615
...
040 (15165481.006.000) 2022-02-28 01:47:50 Finished transferring output files
...
005 (15165481.006.000) 2022-02-28 01:48:48 Job terminated.
	(1) Normal termination (return value 0)
		Usr 0 00:27:13, Sys 0 00:00:43  -  Run Remote Usage
		Usr 0 00:00:00, Sys 0 00:00:00  -  Run Local Usage
		Usr 0 00:27:13, Sys 0 00:00:43  -  Total Remote Usage
		Usr 0 00:00:00, Sys 0 00:00:00  -  Total Local Usage
	208290  -  Run Bytes Sent By Job
	131040256  -  Run Bytes Received By Job
	208290  -  Total Bytes Sent By Job
	131040256  -  Total Bytes Received By Job
	Partitionable Resources :    Usage  Request Allocated 
	   Cpus                 :        0        1         1 
	   Disk (KB)            :   159390   419431   1700998 
	   IoHeavy              :                           0 
	   Memory (MB)          :     1683     2151      2176 

	Job terminated of its own accord at 2022-02-28T07:42:09Z with exit-code 0.
...
