000 (15165481.060.000) 2022-02-28 00:26:13 Job submitted from host: <128.105.244.191:9618?addrs=128.105.244.191-9618&alias=submit-1.chtc.wisc.edu&noUDP&sock=schedd_3562897_9248>
...
040 (15165481.060.000) 2022-02-28 01:37:45 Entered queue to transfer input files
	Transferring to host: <128.105.245.61:9618?addrs=128.105.245.61-9618&alias=e261.chtc.wisc.edu&noUDP&sock=slot1_16_3528_8b89_23899>
...
040 (15165481.060.000) 2022-02-28 01:38:16 Started transferring input files
	Seconds spent in queue: 31
...
001 (15165481.060.000) 2022-02-28 01:38:36 Job executing on host: <128.105.245.61:9618?addrs=128.105.245.61-9618&alias=e261.chtc.wisc.edu&noUDP&sock=startd_2621_5dd1>
...
040 (15165481.060.000) 2022-02-28 01:38:57 Finished transferring input files
...
006 (15165481.060.000) 2022-02-28 01:39:22 Image size of job updated: 70
	70  -  MemoryUsage of job (MB)
	72336  -  ResidentSetSize of job (KB)
...
006 (15165481.060.000) 2022-02-28 01:44:11 Image size of job updated: 505
	505  -  MemoryUsage of job (MB)
	517760  -  ResidentSetSize of job (KB)
...
006 (15165481.060.000) 2022-02-28 01:49:11 Image size of job updated: 697
	697  -  MemoryUsage of job (MB)
	714160  -  ResidentSetSize of job (KB)
...
006 (15165481.060.000) 2022-02-28 01:54:12 Image size of job updated: 958
	958  -  MemoryUsage of job (MB)
	981816  -  ResidentSetSize of job (KB)
...
006 (15165481.060.000) 2022-02-28 01:59:13 Image size of job updated: 1214
	1214  -  MemoryUsage of job (MB)
	1243764  -  ResidentSetSize of job (KB)
...
006 (15165481.060.000) 2022-02-28 02:04:13 Image size of job updated: 1690
	1690  -  MemoryUsage of job (MB)
	1730768  -  ResidentSetSize of job (KB)
...
040 (15165481.060.000) 2022-02-28 02:04:18 Started transferring output files
	Seconds spent in queue: 1593
...
040 (15165481.060.000) 2022-02-28 02:04:18 Finished transferring output files
...
005 (15165481.060.000) 2022-02-28 02:04:19 Job terminated.
	(1) Normal termination (return value 0)
		Usr 0 00:00:00, Sys 0 00:00:00  -  Run Remote Usage
		Usr 0 00:00:00, Sys 0 00:00:00  -  Run Local Usage
		Usr 0 00:35:21, Sys 0 00:00:48  -  Total Remote Usage
		Usr 0 00:00:00, Sys 0 00:00:00  -  Total Local Usage
	208171  -  Run Bytes Sent By Job
	131040256  -  Run Bytes Received By Job
	208171  -  Total Bytes Sent By Job
	131040256  -  Total Bytes Received By Job
	Partitionable Resources :     Usage  Request Allocated 
	   Cpus                 :      0.00        1         1 
	   Disk (KB)            : 159385      419431    669685 
	   IoHeavy              :                            0 
	   Memory (MB)          :   1690        2151      2176 

	Job terminated of its own accord at 2022-02-28T08:04:16Z with exit-code 0.
...
