000 (15165481.076.000) 2022-02-28 00:26:13 Job submitted from host: <128.105.244.191:9618?addrs=128.105.244.191-9618&alias=submit-1.chtc.wisc.edu&noUDP&sock=schedd_3562897_9248>
...
040 (15165481.076.000) 2022-02-28 01:42:54 Entered queue to transfer input files
	Transferring to host: <128.105.245.6:9618?addrs=128.105.245.6-9618&alias=e206.chtc.wisc.edu&noUDP&sock=slot1_2_1877_4425_22856>
...
040 (15165481.076.000) 2022-02-28 01:45:18 Started transferring input files
	Seconds spent in queue: 144
...
001 (15165481.076.000) 2022-02-28 01:45:28 Job executing on host: <128.105.245.6:9618?addrs=128.105.245.6-9618&alias=e206.chtc.wisc.edu&noUDP&sock=startd_4678_4c20>
...
040 (15165481.076.000) 2022-02-28 01:45:41 Finished transferring input files
...
006 (15165481.076.000) 2022-02-28 01:46:14 Image size of job updated: 45
	45  -  MemoryUsage of job (MB)
	46884  -  ResidentSetSize of job (KB)
...
006 (15165481.076.000) 2022-02-28 01:51:15 Image size of job updated: 523
	523  -  MemoryUsage of job (MB)
	535696  -  ResidentSetSize of job (KB)
...
006 (15165481.076.000) 2022-02-28 01:56:16 Image size of job updated: 870
	870  -  MemoryUsage of job (MB)
	891144  -  ResidentSetSize of job (KB)
...
006 (15165481.076.000) 2022-02-28 02:01:17 Image size of job updated: 1210
	1210  -  MemoryUsage of job (MB)
	1239572  -  ResidentSetSize of job (KB)
...
006 (15165481.076.000) 2022-02-28 02:06:17 Image size of job updated: 1689
	1689  -  MemoryUsage of job (MB)
	1729732  -  ResidentSetSize of job (KB)
...
040 (15165481.076.000) 2022-02-28 02:06:56 Started transferring output files
	Seconds spent in queue: 1442
...
040 (15165481.076.000) 2022-02-28 02:06:57 Finished transferring output files
...
005 (15165481.076.000) 2022-02-28 02:07:05 Job terminated.
	(1) Normal termination (return value 0)
		Usr 0 00:00:00, Sys 0 00:00:00  -  Run Remote Usage
		Usr 0 00:00:00, Sys 0 00:00:00  -  Run Local Usage
		Usr 0 00:28:21, Sys 0 00:00:44  -  Total Remote Usage
		Usr 0 00:00:00, Sys 0 00:00:00  -  Total Local Usage
	208185  -  Run Bytes Sent By Job
	131040256  -  Run Bytes Received By Job
	208185  -  Total Bytes Sent By Job
	131040256  -  Total Bytes Received By Job
	Partitionable Resources :     Usage  Request Allocated 
	   Cpus                 :      0.00        1         1 
	   Disk (KB)            : 159761      419431    907958 
	   IoHeavy              :                            0 
	   Memory (MB)          :   1689        2151      2176 

	Job terminated of its own accord at 2022-02-28T08:06:55Z with exit-code 0.
...
