000 (15165481.075.000) 2022-02-28 00:26:13 Job submitted from host: <128.105.244.191:9618?addrs=128.105.244.191-9618&alias=submit-1.chtc.wisc.edu&noUDP&sock=schedd_3562897_9248>
...
040 (15165481.075.000) 2022-02-28 01:44:49 Entered queue to transfer input files
	Transferring to host: <128.105.245.33:9618?addrs=128.105.245.33-9618&alias=e3233.chtc.wisc.edu&noUDP&sock=slot1_2_17325_c79a_24691>
...
040 (15165481.075.000) 2022-02-28 01:47:12 Started transferring input files
	Seconds spent in queue: 143
...
001 (15165481.075.000) 2022-02-28 01:47:22 Job executing on host: <128.105.245.33:9618?addrs=128.105.245.33-9618&alias=e3233.chtc.wisc.edu&noUDP&sock=startd_5425_ad5f>
...
040 (15165481.075.000) 2022-02-28 01:47:32 Finished transferring input files
...
006 (15165481.075.000) 2022-02-28 01:47:41 Image size of job updated: 54
	54  -  MemoryUsage of job (MB)
	55892  -  ResidentSetSize of job (KB)
...
006 (15165481.075.000) 2022-02-28 01:52:36 Image size of job updated: 611
	611  -  MemoryUsage of job (MB)
	626604  -  ResidentSetSize of job (KB)
...
006 (15165481.075.000) 2022-02-28 01:57:37 Image size of job updated: 843
	843  -  MemoryUsage of job (MB)
	863948  -  ResidentSetSize of job (KB)
...
006 (15165481.075.000) 2022-02-28 02:02:37 Image size of job updated: 1217
	1217  -  MemoryUsage of job (MB)
	1246592  -  ResidentSetSize of job (KB)
...
006 (15165481.075.000) 2022-02-28 02:06:38 Image size of job updated: 1690
	1690  -  MemoryUsage of job (MB)
	1731256  -  ResidentSetSize of job (KB)
...
040 (15165481.075.000) 2022-02-28 02:06:40 Started transferring output files
	Seconds spent in queue: 1311
...
040 (15165481.075.000) 2022-02-28 02:06:41 Finished transferring output files
...
005 (15165481.075.000) 2022-02-28 02:06:45 Job terminated.
	(1) Normal termination (return value 0)
		Usr 0 00:00:00, Sys 0 00:00:00  -  Run Remote Usage
		Usr 0 00:00:00, Sys 0 00:00:00  -  Run Local Usage
		Usr 0 00:23:48, Sys 0 00:00:30  -  Total Remote Usage
		Usr 0 00:00:00, Sys 0 00:00:00  -  Total Local Usage
	208202  -  Run Bytes Sent By Job
	131040256  -  Run Bytes Received By Job
	208202  -  Total Bytes Sent By Job
	131040256  -  Total Bytes Received By Job
	Partitionable Resources :     Usage  Request Allocated 
	   Cpus                 :      0.00        1         1 
	   Disk (KB)            : 159347      419431    896704 
	   IoHeavy              :                            0 
	   Memory (MB)          :   1690        2151      2176 

	Job terminated of its own accord at 2022-02-28T08:06:38Z with exit-code 0.
...
