000 (15165481.071.000) 2022-02-28 00:26:13 Job submitted from host: <128.105.244.191:9618?addrs=128.105.244.191-9618&alias=submit-1.chtc.wisc.edu&noUDP&sock=schedd_3562897_9248>
...
040 (15165481.071.000) 2022-02-28 01:45:15 Entered queue to transfer input files
	Transferring to host: <128.104.58.113:9618?addrs=128.104.58.113-9618+[2607-f388-1086-0-ea9a-8fff-fe83-b4ee]-9618&alias=e473.chtc.wisc.edu&noUDP&sock=slot1_10_9439_6119_23166>
...
040 (15165481.071.000) 2022-02-28 01:45:27 Started transferring input files
	Seconds spent in queue: 12
...
001 (15165481.071.000) 2022-02-28 01:45:40 Job executing on host: <128.104.58.113:9618?addrs=128.104.58.113-9618+[2607-f388-1086-0-ea9a-8fff-fe83-b4ee]-9618&alias=e473.chtc.wisc.edu&noUDP&sock=startd_3838_2093>
...
040 (15165481.071.000) 2022-02-28 01:45:55 Finished transferring input files
...
006 (15165481.071.000) 2022-02-28 01:46:53 Image size of job updated: 125
	125  -  MemoryUsage of job (MB)
	128496  -  ResidentSetSize of job (KB)
...
006 (15165481.071.000) 2022-02-28 01:51:54 Image size of job updated: 429
	429  -  MemoryUsage of job (MB)
	440264  -  ResidentSetSize of job (KB)
...
006 (15165481.071.000) 2022-02-28 01:56:54 Image size of job updated: 701
	701  -  MemoryUsage of job (MB)
	718608  -  ResidentSetSize of job (KB)
...
006 (15165481.071.000) 2022-02-28 02:01:55 Image size of job updated: 972
	972  -  MemoryUsage of job (MB)
	995616  -  ResidentSetSize of job (KB)
...
006 (15165481.071.000) 2022-02-28 02:06:56 Image size of job updated: 1397
	1397  -  MemoryUsage of job (MB)
	1430868  -  ResidentSetSize of job (KB)
...
006 (15165481.071.000) 2022-02-28 02:11:54 Image size of job updated: 1686
	1686  -  MemoryUsage of job (MB)
	1726812  -  ResidentSetSize of job (KB)
...
040 (15165481.071.000) 2022-02-28 02:12:23 Entered queue to transfer output files
...
040 (15165481.071.000) 2022-02-28 02:12:31 Started transferring output files
	Seconds spent in queue: 1636
...
040 (15165481.071.000) 2022-02-28 02:12:42 Finished transferring output files
...
005 (15165481.071.000) 2022-02-28 02:12:59 Job terminated.
	(1) Normal termination (return value 0)
		Usr 0 00:00:00, Sys 0 00:00:00  -  Run Remote Usage
		Usr 0 00:00:00, Sys 0 00:00:00  -  Run Local Usage
		Usr 0 00:29:20, Sys 0 00:00:50  -  Total Remote Usage
		Usr 0 00:00:00, Sys 0 00:00:00  -  Total Local Usage
	208187  -  Run Bytes Sent By Job
	131040256  -  Run Bytes Received By Job
	208187  -  Total Bytes Sent By Job
	131040256  -  Total Bytes Received By Job
	Partitionable Resources :     Usage  Request Allocated 
	   Cpus                 :      0.00        1         1 
	   Disk (KB)            : 159592      419431   7353656 
	   IoHeavy              :                            0 
	   Memory (MB)          :   1686        2151      2176 

	Job terminated of its own accord at 2022-02-28T08:11:54Z with exit-code 0.
...
