000 (15165481.073.000) 2022-02-28 00:26:13 Job submitted from host: <128.105.244.191:9618?addrs=128.105.244.191-9618&alias=submit-1.chtc.wisc.edu&noUDP&sock=schedd_3562897_9248>
...
040 (15165481.073.000) 2022-02-28 01:46:46 Entered queue to transfer input files
	Transferring to host: <128.105.68.122:9618?addrs=128.105.68.122-9618&alias=e2446.chtc.wisc.edu&noUDP&sock=slot1_15_16419_6bb5_24719>
...
040 (15165481.073.000) 2022-02-28 01:46:58 Started transferring input files
	Seconds spent in queue: 12
...
001 (15165481.073.000) 2022-02-28 01:47:14 Job executing on host: <128.105.68.122:9618?addrs=128.105.68.122-9618&alias=e2446.chtc.wisc.edu&noUDP&sock=startd_2691_6172>
...
040 (15165481.073.000) 2022-02-28 01:47:23 Finished transferring input files
...
006 (15165481.073.000) 2022-02-28 01:47:41 Image size of job updated: 48
	48  -  MemoryUsage of job (MB)
	50024  -  ResidentSetSize of job (KB)
...
006 (15165481.073.000) 2022-02-28 01:52:42 Image size of job updated: 426
	426  -  MemoryUsage of job (MB)
	436648  -  ResidentSetSize of job (KB)
...
006 (15165481.073.000) 2022-02-28 01:57:42 Image size of job updated: 702
	702  -  MemoryUsage of job (MB)
	719200  -  ResidentSetSize of job (KB)
...
006 (15165481.073.000) 2022-02-28 02:02:43 Image size of job updated: 870
	870  -  MemoryUsage of job (MB)
	891796  -  ResidentSetSize of job (KB)
...
006 (15165481.073.000) 2022-02-28 02:07:43 Image size of job updated: 1195
	1195  -  MemoryUsage of job (MB)
	1224368  -  ResidentSetSize of job (KB)
...
006 (15165481.073.000) 2022-02-28 02:12:26 Image size of job updated: 1686
	1686  -  MemoryUsage of job (MB)
	1726896  -  ResidentSetSize of job (KB)
...
040 (15165481.073.000) 2022-02-28 02:12:35 Started transferring output files
	Seconds spent in queue: 1549
...
040 (15165481.073.000) 2022-02-28 02:12:40 Finished transferring output files
...
005 (15165481.073.000) 2022-02-28 02:13:19 Job terminated.
	(1) Normal termination (return value 0)
		Usr 0 00:31:18, Sys 0 00:00:46  -  Run Remote Usage
		Usr 0 00:00:00, Sys 0 00:00:00  -  Run Local Usage
		Usr 0 00:31:18, Sys 0 00:00:46  -  Total Remote Usage
		Usr 0 00:00:00, Sys 0 00:00:00  -  Total Local Usage
	208239  -  Run Bytes Sent By Job
	131040256  -  Run Bytes Received By Job
	208239  -  Total Bytes Sent By Job
	131040256  -  Total Bytes Received By Job
	Partitionable Resources :     Usage  Request Allocated 
	   Cpus                 :      0.00        1         1 
	   Disk (KB)            : 159385      419431    602495 
	   IoHeavy              :                            0 
	   Memory (MB)          :   1686        2151      2176 

	Job terminated of its own accord at 2022-02-28T08:12:26Z with exit-code 0.
...
