000 (15165481.074.000) 2022-02-28 00:26:13 Job submitted from host: <128.105.244.191:9618?addrs=128.105.244.191-9618&alias=submit-1.chtc.wisc.edu&noUDP&sock=schedd_3562897_9248>
...
040 (15165481.074.000) 2022-02-28 01:42:30 Entered queue to transfer input files
	Transferring to host: <128.104.100.62:9618?addrs=128.104.100.62-9618+[2607-f388-107c-501-62eb-69ff-fe82-4844]-9618&alias=e0002.chtc.wisc.edu&noUDP&sock=slot1_1_30260_a848_27856>
...
040 (15165481.074.000) 2022-02-28 01:42:44 Started transferring input files
	Seconds spent in queue: 14
...
001 (15165481.074.000) 2022-02-28 01:43:29 Job executing on host: <128.104.100.62:9618?addrs=128.104.100.62-9618+[2607-f388-107c-501-62eb-69ff-fe82-4844]-9618&alias=e0002.chtc.wisc.edu&noUDP&sock=startd_4046_cc46>
...
040 (15165481.074.000) 2022-02-28 01:43:29 Finished transferring input files
...
006 (15165481.074.000) 2022-02-28 01:43:50 Image size of job updated: 48
	48  -  MemoryUsage of job (MB)
	50128  -  ResidentSetSize of job (KB)
...
006 (15165481.074.000) 2022-02-28 01:48:38 Image size of job updated: 473
	473  -  MemoryUsage of job (MB)
	484648  -  ResidentSetSize of job (KB)
...
006 (15165481.074.000) 2022-02-28 01:53:38 Image size of job updated: 718
	718  -  MemoryUsage of job (MB)
	735416  -  ResidentSetSize of job (KB)
...
006 (15165481.074.000) 2022-02-28 01:58:39 Image size of job updated: 991
	991  -  MemoryUsage of job (MB)
	1014888  -  ResidentSetSize of job (KB)
...
006 (15165481.074.000) 2022-02-28 02:03:39 Image size of job updated: 1471
	1471  -  MemoryUsage of job (MB)
	1506344  -  ResidentSetSize of job (KB)
...
006 (15165481.074.000) 2022-02-28 02:08:07 Image size of job updated: 1686
	1686  -  MemoryUsage of job (MB)
	1726916  -  ResidentSetSize of job (KB)
...
040 (15165481.074.000) 2022-02-28 02:08:10 Started transferring output files
	Seconds spent in queue: 1540
...
040 (15165481.074.000) 2022-02-28 02:08:12 Finished transferring output files
...
005 (15165481.074.000) 2022-02-28 02:08:21 Job terminated.
	(1) Normal termination (return value 0)
		Usr 0 00:00:00, Sys 0 00:00:00  -  Run Remote Usage
		Usr 0 00:00:00, Sys 0 00:00:00  -  Run Local Usage
		Usr 0 00:29:53, Sys 0 00:01:00  -  Total Remote Usage
		Usr 0 00:00:00, Sys 0 00:00:00  -  Total Local Usage
	208152  -  Run Bytes Sent By Job
	131040256  -  Run Bytes Received By Job
	208152  -  Total Bytes Sent By Job
	131040256  -  Total Bytes Received By Job
	Partitionable Resources :     Usage  Request Allocated 
	   Cpus                 :      0.00        1         1 
	   Disk (KB)            : 159716      419431   1076882 
	   IoHeavy              :                            0 
	   Memory (MB)          :   1686        2151      2176 

	Job terminated of its own accord at 2022-02-28T08:08:07Z with exit-code 0.
...
