000 (15165481.080.000) 2022-02-28 00:26:13 Job submitted from host: <128.105.244.191:9618?addrs=128.105.244.191-9618&alias=submit-1.chtc.wisc.edu&noUDP&sock=schedd_3562897_9248>
...
040 (15165481.080.000) 2022-02-28 01:45:05 Entered queue to transfer input files
	Transferring to host: <128.104.58.83:9618?addrs=128.104.58.83-9618+[2607-f388-1086-0-a6ba-dbff-fe38-e833]-9618&alias=e1073.chtc.wisc.edu&noUDP&sock=slot1_4_22207_9720_22804>
...
040 (15165481.080.000) 2022-02-28 01:47:23 Started transferring input files
	Seconds spent in queue: 138
...
001 (15165481.080.000) 2022-02-28 01:47:34 Job executing on host: <128.104.58.83:9618?addrs=128.104.58.83-9618+[2607-f388-1086-0-a6ba-dbff-fe38-e833]-9618&alias=e1073.chtc.wisc.edu&noUDP&sock=startd_2942_8bb7>
...
040 (15165481.080.000) 2022-02-28 01:47:43 Finished transferring input files
...
006 (15165481.080.000) 2022-02-28 01:47:52 Image size of job updated: 75
	75  -  MemoryUsage of job (MB)
	76804  -  ResidentSetSize of job (KB)
...
006 (15165481.080.000) 2022-02-28 01:52:49 Image size of job updated: 668
	668  -  MemoryUsage of job (MB)
	685016  -  ResidentSetSize of job (KB)
...
006 (15165481.080.000) 2022-02-28 01:57:49 Image size of job updated: 936
	936  -  MemoryUsage of job (MB)
	958648  -  ResidentSetSize of job (KB)
...
006 (15165481.080.000) 2022-02-28 02:02:50 Image size of job updated: 1575
	1575  -  MemoryUsage of job (MB)
	1613104  -  ResidentSetSize of job (KB)
...
006 (15165481.080.000) 2022-02-28 02:04:57 Image size of job updated: 1686
	1686  -  MemoryUsage of job (MB)
	1727152  -  ResidentSetSize of job (KB)
...
040 (15165481.080.000) 2022-02-28 02:04:58 Started transferring output files
	Seconds spent in queue: 1193
...
040 (15165481.080.000) 2022-02-28 02:04:58 Finished transferring output files
...
005 (15165481.080.000) 2022-02-28 02:05:02 Job terminated.
	(1) Normal termination (return value 0)
		Usr 0 00:24:34, Sys 0 00:00:27  -  Run Remote Usage
		Usr 0 00:00:00, Sys 0 00:00:00  -  Run Local Usage
		Usr 0 00:24:34, Sys 0 00:00:27  -  Total Remote Usage
		Usr 0 00:00:00, Sys 0 00:00:00  -  Total Local Usage
	208253  -  Run Bytes Sent By Job
	131040256  -  Run Bytes Received By Job
	208253  -  Total Bytes Sent By Job
	131040256  -  Total Bytes Received By Job
	Partitionable Resources :     Usage  Request Allocated 
	   Cpus                 :      0.00        1         1 
	   Disk (KB)            : 159742      419431    612202 
	   IoHeavy              :                            0 
	   Memory (MB)          :   1686        2151      2176 

	Job terminated of its own accord at 2022-02-28T08:04:57Z with exit-code 0.
...
