000 (15165481.008.000) 2022-02-28 00:26:13 Job submitted from host: <128.105.244.191:9618?addrs=128.105.244.191-9618&alias=submit-1.chtc.wisc.edu&noUDP&sock=schedd_3562897_9248>
...
040 (15165481.008.000) 2022-02-28 01:21:16 Entered queue to transfer input files
	Transferring to host: <128.104.100.108:9618?addrs=128.104.100.108-9618+[2607-f388-107c-501-f24d-a2ff-fe75-dff3]-9618&alias=e0029.chtc.wisc.edu&noUDP&sock=slot1_13_24129_d02e_31431>
...
040 (15165481.008.000) 2022-02-28 01:21:30 Started transferring input files
	Seconds spent in queue: 14
...
001 (15165481.008.000) 2022-02-28 01:27:03 Job executing on host: <128.104.100.108:9618?addrs=128.104.100.108-9618+[2607-f388-107c-501-f24d-a2ff-fe75-dff3]-9618&alias=e0029.chtc.wisc.edu&noUDP&sock=startd_3512_84b3>
...
040 (15165481.008.000) 2022-02-28 01:27:03 Finished transferring input files
...
006 (15165481.008.000) 2022-02-28 01:27:21 Image size of job updated: 77
	77  -  MemoryUsage of job (MB)
	79840  -  ResidentSetSize of job (KB)
...
007 (15165481.008.000) 2022-02-28 01:27:21 Shadow exception!
	Assertion ERROR on (result)
	0  -  Run Bytes Sent By Job
	131040256  -  Run Bytes Received By Job
...
040 (15165481.008.000) 2022-02-28 01:27:42 Entered queue to transfer input files
	Transferring to host: <128.104.58.73:9618?addrs=128.104.58.73-9618+[2607-f388-1086-0-a6ba-dbff-fe38-ea88]-9618&alias=e1063.chtc.wisc.edu&noUDP&sock=slot1_3_14230_127c_23174>
...
040 (15165481.008.000) 2022-02-28 01:28:39 Started transferring input files
	Seconds spent in queue: 57
...
001 (15165481.008.000) 2022-02-28 01:29:03 Job executing on host: <128.104.58.73:9618?addrs=128.104.58.73-9618+[2607-f388-1086-0-a6ba-dbff-fe38-ea88]-9618&alias=e1063.chtc.wisc.edu&noUDP&sock=startd_27839_d122>
...
006 (15165481.008.000) 2022-02-28 01:29:18 Image size of job updated: 79
	79  -  MemoryUsage of job (MB)
	81432  -  ResidentSetSize of job (KB)
...
040 (15165481.008.000) 2022-02-28 01:29:18 Finished transferring input files
...
006 (15165481.008.000) 2022-02-28 01:34:12 Image size of job updated: 610
	610  -  MemoryUsage of job (MB)
	624672  -  ResidentSetSize of job (KB)
...
006 (15165481.008.000) 2022-02-28 01:39:12 Image size of job updated: 1098
	1098  -  MemoryUsage of job (MB)
	1124816  -  ResidentSetSize of job (KB)
...
006 (15165481.008.000) 2022-02-28 01:44:12 Image size of job updated: 1561
	1561  -  MemoryUsage of job (MB)
	1598880  -  ResidentSetSize of job (KB)
...
006 (15165481.008.000) 2022-02-28 01:46:25 Image size of job updated: 1687
	1687  -  MemoryUsage of job (MB)
	1727580  -  ResidentSetSize of job (KB)
...
040 (15165481.008.000) 2022-02-28 01:46:40 Entered queue to transfer output files
...
040 (15165481.008.000) 2022-02-28 01:49:58 Started transferring output files
	Seconds spent in queue: 1336
...
040 (15165481.008.000) 2022-02-28 01:50:23 Finished transferring output files
...
005 (15165481.008.000) 2022-02-28 01:50:38 Job terminated.
	(1) Normal termination (return value 0)
		Usr 0 00:24:43, Sys 0 00:00:29  -  Run Remote Usage
		Usr 0 00:00:00, Sys 0 00:00:00  -  Run Local Usage
		Usr 0 00:24:43, Sys 0 00:00:29  -  Total Remote Usage
		Usr 0 00:00:00, Sys 0 00:00:00  -  Total Local Usage
	208196  -  Run Bytes Sent By Job
	131040256  -  Run Bytes Received By Job
	208196  -  Total Bytes Sent By Job
	262080512  -  Total Bytes Received By Job
	Partitionable Resources :     Usage  Request Allocated 
	   Cpus                 :      0.00        1         1 
	   Disk (KB)            : 159743      419431    609449 
	   IoHeavy              :                            0 
	   Memory (MB)          :   1687        2151      2176 

	Job terminated of its own accord at 2022-02-28T07:46:25Z with exit-code 0.
...
