000 (15165481.009.000) 2022-02-28 00:26:13 Job submitted from host: <128.105.244.191:9618?addrs=128.105.244.191-9618&alias=submit-1.chtc.wisc.edu&noUDP&sock=schedd_3562897_9248>
...
040 (15165481.009.000) 2022-02-28 01:21:29 Entered queue to transfer input files
	Transferring to host: <128.104.100.62:9618?addrs=128.104.100.62-9618+[2607-f388-107c-501-62eb-69ff-fe82-4844]-9618&alias=e0002.chtc.wisc.edu&noUDP&sock=slot1_10_30260_a848_27821>
...
040 (15165481.009.000) 2022-02-28 01:22:53 Started transferring input files
	Seconds spent in queue: 84
...
001 (15165481.009.000) 2022-02-28 01:23:10 Job executing on host: <128.104.100.62:9618?addrs=128.104.100.62-9618+[2607-f388-107c-501-62eb-69ff-fe82-4844]-9618&alias=e0002.chtc.wisc.edu&noUDP&sock=startd_4046_cc46>
...
006 (15165481.009.000) 2022-02-28 01:23:25 Image size of job updated: 50
	50  -  MemoryUsage of job (MB)
	51344  -  ResidentSetSize of job (KB)
...
040 (15165481.009.000) 2022-02-28 01:23:25 Finished transferring input files
...
006 (15165481.009.000) 2022-02-28 01:28:19 Image size of job updated: 474
	474  -  MemoryUsage of job (MB)
	486048  -  ResidentSetSize of job (KB)
...
006 (15165481.009.000) 2022-02-28 01:33:20 Image size of job updated: 704
	704  -  MemoryUsage of job (MB)
	721620  -  ResidentSetSize of job (KB)
...
006 (15165481.009.000) 2022-02-28 01:38:20 Image size of job updated: 973
	973  -  MemoryUsage of job (MB)
	997108  -  ResidentSetSize of job (KB)
...
006 (15165481.009.000) 2022-02-28 01:43:20 Image size of job updated: 1387
	1387  -  MemoryUsage of job (MB)
	1420540  -  ResidentSetSize of job (KB)
...
006 (15165481.009.000) 2022-02-28 01:48:13 Image size of job updated: 1690
	1690  -  MemoryUsage of job (MB)
	1731400  -  ResidentSetSize of job (KB)
...
040 (15165481.009.000) 2022-02-28 01:48:28 Entered queue to transfer output files
...
040 (15165481.009.000) 2022-02-28 01:48:44 Started transferring output files
	Seconds spent in queue: 1635
...
040 (15165481.009.000) 2022-02-28 01:49:17 Finished transferring output files
...
005 (15165481.009.000) 2022-02-28 01:49:38 Job terminated.
	(1) Normal termination (return value 0)
		Usr 0 00:00:00, Sys 0 00:00:00  -  Run Remote Usage
		Usr 0 00:00:00, Sys 0 00:00:00  -  Run Local Usage
		Usr 0 00:30:09, Sys 0 00:00:55  -  Total Remote Usage
		Usr 0 00:00:00, Sys 0 00:00:00  -  Total Local Usage
	208252  -  Run Bytes Sent By Job
	131040256  -  Run Bytes Received By Job
	208252  -  Total Bytes Sent By Job
	131040256  -  Total Bytes Received By Job
	Partitionable Resources :     Usage  Request Allocated 
	   Cpus                 :      0.00        1         1 
	   Disk (KB)            : 159570      419431   1076882 
	   IoHeavy              :                            0 
	   Memory (MB)          :   1690        2151      2176 

	Job terminated of its own accord at 2022-02-28T07:48:13Z with exit-code 0.
...
