000 (15165476.000.000) 2022-02-28 00:26:04 Job submitted from host: <128.105.244.191:9618?addrs=128.105.244.191-9618&alias=submit-1.chtc.wisc.edu&noUDP&sock=schedd_3562897_9248>
...
040 (15165476.000.000) 2022-02-28 00:40:06 Started transferring input files
	Transferring to host: <128.105.245.142:9618?addrs=128.105.245.142-9618&alias=e342.chtc.wisc.edu&noUDP&sock=slot1_22_15139_8b81_26282>
...
001 (15165476.000.000) 2022-02-28 00:40:12 Job executing on host: <128.105.245.142:9618?addrs=128.105.245.142-9618&alias=e342.chtc.wisc.edu&noUDP&sock=startd_2402_2693>
...
040 (15165476.000.000) 2022-02-28 00:40:12 Finished transferring input files
...
006 (15165476.000.000) 2022-02-28 01:06:38 Image size of job updated: 394
	394  -  MemoryUsage of job (MB)
	403504  -  ResidentSetSize of job (KB)
...
006 (15165476.000.000) 2022-02-28 01:11:39 Image size of job updated: 693
	693  -  MemoryUsage of job (MB)
	710284  -  ResidentSetSize of job (KB)
...
006 (15165476.000.000) 2022-02-28 01:16:41 Image size of job updated: 739
	739  -  MemoryUsage of job (MB)
	757616  -  ResidentSetSize of job (KB)
...
006 (15165476.000.000) 2022-02-28 01:21:41 Image size of job updated: 931
	931  -  MemoryUsage of job (MB)
	953664  -  ResidentSetSize of job (KB)
...
006 (15165476.000.000) 2022-02-28 01:27:03 Image size of job updated: 1201
	1201  -  MemoryUsage of job (MB)
	1229908  -  ResidentSetSize of job (KB)
...
006 (15165476.000.000) 2022-02-28 01:31:41 Image size of job updated: 1687
	1687  -  MemoryUsage of job (MB)
	1727520  -  ResidentSetSize of job (KB)
...
006 (15165476.000.000) 2022-02-28 01:32:49 Image size of job updated: 1687
	1687  -  MemoryUsage of job (MB)
	1727684  -  ResidentSetSize of job (KB)
...
040 (15165476.000.000) 2022-02-28 01:34:07 Entered queue to transfer output files
...
040 (15165476.000.000) 2022-02-28 01:34:42 Started transferring output files
...
040 (15165476.000.000) 2022-02-28 01:35:53 Finished transferring output files
...
005 (15165476.000.000) 2022-02-28 01:37:15 Job terminated.
	(1) Normal termination (return value 0)
		Usr 0 00:41:45, Sys 0 00:00:53  -  Run Remote Usage
		Usr 0 00:00:00, Sys 0 00:00:00  -  Run Local Usage
		Usr 0 00:41:45, Sys 0 00:00:53  -  Total Remote Usage
		Usr 0 00:00:00, Sys 0 00:00:00  -  Total Local Usage
	226481  -  Run Bytes Sent By Job
	131040256  -  Run Bytes Received By Job
	226481  -  Total Bytes Sent By Job
	131040256  -  Total Bytes Received By Job
	Partitionable Resources :     Usage  Request Allocated 
	   Cpus                 :      0.00        1         1 
	   Disk (KB)            : 159784      419431    669358 
	   IoHeavy              :                            0 
	   Memory (MB)          :   1687        2151      2176 

	Job terminated of its own accord at 2022-02-28T07:32:49Z with exit-code 0.
...
