000 (15165476.018.000) 2022-02-28 00:26:04 Job submitted from host: <128.105.244.191:9618?addrs=128.105.244.191-9618&alias=submit-1.chtc.wisc.edu&noUDP&sock=schedd_3562897_9248>
...
040 (15165476.018.000) 2022-02-28 00:40:13 Started transferring input files
	Transferring to host: <128.104.58.164:9618?addrs=128.104.58.164-9618+[2607-f388-1086-0-16fe-b5ff-fec6-7a89]-9618&alias=e1016.chtc.wisc.edu&noUDP&sock=slot1_5_17462_4eff_27830>
...
040 (15165476.018.000) 2022-02-28 00:40:18 Finished transferring input files
...
001 (15165476.018.000) 2022-02-28 00:40:26 Job executing on host: <128.104.58.164:9618?addrs=128.104.58.164-9618+[2607-f388-1086-0-16fe-b5ff-fec6-7a89]-9618&alias=e1016.chtc.wisc.edu&noUDP&sock=startd_4670_cf5e>
...
006 (15165476.018.000) 2022-02-28 00:51:57 Image size of job updated: 212
	212  -  MemoryUsage of job (MB)
	217324  -  ResidentSetSize of job (KB)
...
006 (15165476.018.000) 2022-02-28 00:56:57 Image size of job updated: 484
	484  -  MemoryUsage of job (MB)
	495792  -  ResidentSetSize of job (KB)
...
006 (15165476.018.000) 2022-02-28 01:01:57 Image size of job updated: 698
	698  -  MemoryUsage of job (MB)
	715720  -  ResidentSetSize of job (KB)
...
006 (15165476.018.000) 2022-02-28 01:06:58 Image size of job updated: 769
	769  -  MemoryUsage of job (MB)
	788012  -  ResidentSetSize of job (KB)
...
006 (15165476.018.000) 2022-02-28 01:11:59 Image size of job updated: 947
	947  -  MemoryUsage of job (MB)
	970624  -  ResidentSetSize of job (KB)
...
006 (15165476.018.000) 2022-02-28 01:16:59 Image size of job updated: 1183
	1183  -  MemoryUsage of job (MB)
	1212156  -  ResidentSetSize of job (KB)
...
006 (15165476.018.000) 2022-02-28 01:22:01 Image size of job updated: 1616
	1616  -  MemoryUsage of job (MB)
	1655536  -  ResidentSetSize of job (KB)
...
006 (15165476.018.000) 2022-02-28 01:24:59 Image size of job updated: 1689
	1689  -  MemoryUsage of job (MB)
	1729756  -  ResidentSetSize of job (KB)
...
040 (15165476.018.000) 2022-02-28 01:25:23 Entered queue to transfer output files
...
040 (15165476.018.000) 2022-02-28 01:25:44 Started transferring output files
...
040 (15165476.018.000) 2022-02-28 01:26:55 Finished transferring output files
...
005 (15165476.018.000) 2022-02-28 01:27:32 Job terminated.
	(1) Normal termination (return value 0)
		Usr 0 00:47:55, Sys 0 00:01:23  -  Run Remote Usage
		Usr 0 00:00:00, Sys 0 00:00:00  -  Run Local Usage
		Usr 0 00:47:55, Sys 0 00:01:23  -  Total Remote Usage
		Usr 0 00:00:00, Sys 0 00:00:00  -  Total Local Usage
	213643  -  Run Bytes Sent By Job
	131040256  -  Run Bytes Received By Job
	213643  -  Total Bytes Sent By Job
	131040256  -  Total Bytes Received By Job
	Partitionable Resources :     Usage  Request Allocated 
	   Cpus                 :      0.00        1         1 
	   Disk (KB)            : 159877      419431    597348 
	   IoHeavy              :                            0 
	   Memory (MB)          :   1689        2151      2176 

	Job terminated of its own accord at 2022-02-28T07:24:59Z with exit-code 0.
...
