000 (15165476.012.000) 2022-02-28 00:26:04 Job submitted from host: <128.105.244.191:9618?addrs=128.105.244.191-9618&alias=submit-1.chtc.wisc.edu&noUDP&sock=schedd_3562897_9248>
...
040 (15165476.012.000) 2022-02-28 00:40:11 Started transferring input files
	Transferring to host: <128.104.58.165:9618?addrs=128.104.58.165-9618+[2607-f388-1086-0-d267-e5ff-fefb-eefc]-9618&alias=e1017.chtc.wisc.edu&noUDP&sock=slot1_18_30452_f04f_26686>
...
040 (15165476.012.000) 2022-02-28 00:40:15 Finished transferring input files
...
001 (15165476.012.000) 2022-02-28 00:40:22 Job executing on host: <128.104.58.165:9618?addrs=128.104.58.165-9618+[2607-f388-1086-0-d267-e5ff-fefb-eefc]-9618&alias=e1017.chtc.wisc.edu&noUDP&sock=startd_5085_772c>
...
006 (15165476.012.000) 2022-02-28 00:51:36 Image size of job updated: 198
	198  -  MemoryUsage of job (MB)
	203032  -  ResidentSetSize of job (KB)
...
006 (15165476.012.000) 2022-02-28 00:56:37 Image size of job updated: 522
	522  -  MemoryUsage of job (MB)
	535032  -  ResidentSetSize of job (KB)
...
006 (15165476.012.000) 2022-02-28 01:01:38 Image size of job updated: 699
	699  -  MemoryUsage of job (MB)
	716604  -  ResidentSetSize of job (KB)
...
006 (15165476.012.000) 2022-02-28 01:06:38 Image size of job updated: 784
	784  -  MemoryUsage of job (MB)
	803224  -  ResidentSetSize of job (KB)
...
006 (15165476.012.000) 2022-02-28 01:11:39 Image size of job updated: 980
	980  -  MemoryUsage of job (MB)
	1003848  -  ResidentSetSize of job (KB)
...
006 (15165476.012.000) 2022-02-28 01:16:39 Image size of job updated: 1222
	1222  -  MemoryUsage of job (MB)
	1251608  -  ResidentSetSize of job (KB)
...
006 (15165476.012.000) 2022-02-28 01:21:39 Image size of job updated: 1675
	1675  -  MemoryUsage of job (MB)
	1715936  -  ResidentSetSize of job (KB)
...
006 (15165476.012.000) 2022-02-28 01:23:05 Image size of job updated: 1687
	1687  -  MemoryUsage of job (MB)
	1727656  -  ResidentSetSize of job (KB)
...
040 (15165476.012.000) 2022-02-28 01:26:17 Entered queue to transfer output files
...
040 (15165476.012.000) 2022-02-28 01:26:43 Started transferring output files
...
040 (15165476.012.000) 2022-02-28 01:27:37 Finished transferring output files
...
005 (15165476.012.000) 2022-02-28 01:28:22 Job terminated.
	(1) Normal termination (return value 0)
		Usr 0 00:46:09, Sys 0 00:01:15  -  Run Remote Usage
		Usr 0 00:00:00, Sys 0 00:00:00  -  Run Local Usage
		Usr 0 00:46:09, Sys 0 00:01:15  -  Total Remote Usage
		Usr 0 00:00:00, Sys 0 00:00:00  -  Total Local Usage
	213144  -  Run Bytes Sent By Job
	131040256  -  Run Bytes Received By Job
	213144  -  Total Bytes Sent By Job
	131040256  -  Total Bytes Received By Job
	Partitionable Resources :    Usage  Request Allocated 
	   Cpus                 :        0        1         1 
	   Disk (KB)            :   159876   419431    656991 
	   IoHeavy              :                           0 
	   Memory (MB)          :     1687     2151      2176 

	Job terminated of its own accord at 2022-02-28T07:23:05Z with exit-code 0.
...
