000 (15165476.016.000) 2022-02-28 00:26:04 Job submitted from host: <128.105.244.191:9618?addrs=128.105.244.191-9618&alias=submit-1.chtc.wisc.edu&noUDP&sock=schedd_3562897_9248>
...
040 (15165476.016.000) 2022-02-28 00:40:11 Started transferring input files
	Transferring to host: <128.105.245.133:9618?addrs=128.105.245.133-9618&alias=e2333.chtc.wisc.edu&noUDP&sock=slot1_21_10536_50a6_25116>
...
001 (15165476.016.000) 2022-02-28 00:40:18 Job executing on host: <128.105.245.133:9618?addrs=128.105.245.133-9618&alias=e2333.chtc.wisc.edu&noUDP&sock=startd_2901_6c55>
...
040 (15165476.016.000) 2022-02-28 00:40:18 Finished transferring input files
...
006 (15165476.016.000) 2022-02-28 01:00:56 Image size of job updated: 167
	167  -  MemoryUsage of job (MB)
	171880  -  ResidentSetSize of job (KB)
...
006 (15165476.016.000) 2022-02-28 01:05:56 Image size of job updated: 436
	436  -  MemoryUsage of job (MB)
	446888  -  ResidentSetSize of job (KB)
...
006 (15165476.016.000) 2022-02-28 01:10:56 Image size of job updated: 691
	691  -  MemoryUsage of job (MB)
	707796  -  ResidentSetSize of job (KB)
...
006 (15165476.016.000) 2022-02-28 01:15:57 Image size of job updated: 849
	849  -  MemoryUsage of job (MB)
	870112  -  ResidentSetSize of job (KB)
...
006 (15165476.016.000) 2022-02-28 01:20:57 Image size of job updated: 1140
	1140  -  MemoryUsage of job (MB)
	1167640  -  ResidentSetSize of job (KB)
...
006 (15165476.016.000) 2022-02-28 01:28:34 Image size of job updated: 1684
	1684  -  MemoryUsage of job (MB)
	1725152  -  ResidentSetSize of job (KB)
...
040 (15165476.016.000) 2022-02-28 01:29:05 Entered queue to transfer output files
...
040 (15165476.016.000) 2022-02-28 01:29:36 Started transferring output files
...
040 (15165476.016.000) 2022-02-28 01:30:08 Finished transferring output files
...
005 (15165476.016.000) 2022-02-28 01:31:45 Job terminated.
	(1) Normal termination (return value 0)
		Usr 0 00:00:00, Sys 0 00:00:00  -  Run Remote Usage
		Usr 0 00:00:00, Sys 0 00:00:00  -  Run Local Usage
		Usr 0 00:37:01, Sys 0 00:00:53  -  Total Remote Usage
		Usr 0 00:00:00, Sys 0 00:00:00  -  Total Local Usage
	224134  -  Run Bytes Sent By Job
	131040256  -  Run Bytes Received By Job
	224134  -  Total Bytes Sent By Job
	131040256  -  Total Bytes Received By Job
	Partitionable Resources :    Usage  Request Allocated 
	   Cpus                 :        0        1         1 
	   Disk (KB)            :   159787   419431    668611 
	   IoHeavy              :                           0 
	   Memory (MB)          :     1684     2151      2176 

	Job terminated of its own accord at 2022-02-28T07:28:34Z with exit-code 0.
...
