000 (15165476.011.000) 2022-02-28 00:26:04 Job submitted from host: <128.105.244.191:9618?addrs=128.105.244.191-9618&alias=submit-1.chtc.wisc.edu&noUDP&sock=schedd_3562897_9248>
...
040 (15165476.011.000) 2022-02-28 00:40:09 Started transferring input files
	Transferring to host: <128.104.100.62:9618?addrs=128.104.100.62-9618+[2607-f388-107c-501-62eb-69ff-fe82-4844]-9618&alias=e0002.chtc.wisc.edu&noUDP&sock=slot1_6_30260_a848_27766>
...
040 (15165476.011.000) 2022-02-28 00:40:12 Finished transferring input files
...
001 (15165476.011.000) 2022-02-28 00:40:19 Job executing on host: <128.104.100.62:9618?addrs=128.104.100.62-9618+[2607-f388-107c-501-62eb-69ff-fe82-4844]-9618&alias=e0002.chtc.wisc.edu&noUDP&sock=startd_4046_cc46>
...
006 (15165476.011.000) 2022-02-28 00:50:29 Image size of job updated: 205
	205  -  MemoryUsage of job (MB)
	209984  -  ResidentSetSize of job (KB)
...
006 (15165476.011.000) 2022-02-28 00:55:29 Image size of job updated: 616
	616  -  MemoryUsage of job (MB)
	631140  -  ResidentSetSize of job (KB)
...
006 (15165476.011.000) 2022-02-28 01:00:29 Image size of job updated: 696
	696  -  MemoryUsage of job (MB)
	712880  -  ResidentSetSize of job (KB)
...
006 (15165476.011.000) 2022-02-28 01:05:29 Image size of job updated: 887
	887  -  MemoryUsage of job (MB)
	908912  -  ResidentSetSize of job (KB)
...
006 (15165476.011.000) 2022-02-28 01:10:44 Image size of job updated: 1142
	1142  -  MemoryUsage of job (MB)
	1170216  -  ResidentSetSize of job (KB)
...
006 (15165476.011.000) 2022-02-28 01:15:31 Image size of job updated: 1619
	1619  -  MemoryUsage of job (MB)
	1658392  -  ResidentSetSize of job (KB)
...
006 (15165476.011.000) 2022-02-28 01:17:52 Image size of job updated: 1686
	1686  -  MemoryUsage of job (MB)
	1727164  -  ResidentSetSize of job (KB)
...
040 (15165476.011.000) 2022-02-28 01:18:14 Entered queue to transfer output files
...
040 (15165476.011.000) 2022-02-28 01:19:38 Started transferring output files
...
040 (15165476.011.000) 2022-02-28 01:21:22 Finished transferring output files
...
005 (15165476.011.000) 2022-02-28 01:21:59 Job terminated.
	(1) Normal termination (return value 0)
		Usr 0 00:40:51, Sys 0 00:00:50  -  Run Remote Usage
		Usr 0 00:00:00, Sys 0 00:00:00  -  Run Local Usage
		Usr 0 00:40:51, Sys 0 00:00:50  -  Total Remote Usage
		Usr 0 00:00:00, Sys 0 00:00:00  -  Total Local Usage
	213473  -  Run Bytes Sent By Job
	131040256  -  Run Bytes Received By Job
	213473  -  Total Bytes Sent By Job
	131040256  -  Total Bytes Received By Job
	Partitionable Resources :    Usage  Request Allocated 
	   Cpus                 :        0        1         1 
	   Disk (KB)            :   159881   419431   1076882 
	   IoHeavy              :                           0 
	   Memory (MB)          :     1686     2151      2176 

	Job terminated of its own accord at 2022-02-28T07:17:52Z with exit-code 0.
...
