000 (15165476.015.000) 2022-02-28 00:26:04 Job submitted from host: <128.105.244.191:9618?addrs=128.105.244.191-9618&alias=submit-1.chtc.wisc.edu&noUDP&sock=schedd_3562897_9248>
...
040 (15165476.015.000) 2022-02-28 00:40:11 Started transferring input files
	Transferring to host: <128.105.245.120:9618?addrs=128.105.245.120-9618&alias=e320.chtc.wisc.edu&noUDP&sock=slot1_18_31634_c3bf_25853>
...
001 (15165476.015.000) 2022-02-28 00:40:17 Job executing on host: <128.105.245.120:9618?addrs=128.105.245.120-9618&alias=e320.chtc.wisc.edu&noUDP&sock=startd_2848_11d0>
...
040 (15165476.015.000) 2022-02-28 00:40:17 Finished transferring input files
...
006 (15165476.015.000) 2022-02-28 01:00:46 Image size of job updated: 198
	198  -  MemoryUsage of job (MB)
	202956  -  ResidentSetSize of job (KB)
...
006 (15165476.015.000) 2022-02-28 01:05:46 Image size of job updated: 529
	529  -  MemoryUsage of job (MB)
	542084  -  ResidentSetSize of job (KB)
...
006 (15165476.015.000) 2022-02-28 01:10:47 Image size of job updated: 692
	692  -  MemoryUsage of job (MB)
	709160  -  ResidentSetSize of job (KB)
...
006 (15165476.015.000) 2022-02-28 01:15:46 Image size of job updated: 915
	915  -  MemoryUsage of job (MB)
	937172  -  ResidentSetSize of job (KB)
...
006 (15165476.015.000) 2022-02-28 01:20:47 Image size of job updated: 1350
	1350  -  MemoryUsage of job (MB)
	1383028  -  ResidentSetSize of job (KB)
...
006 (15165476.015.000) 2022-02-28 01:24:54 Image size of job updated: 1689
	1689  -  MemoryUsage of job (MB)
	1730320  -  ResidentSetSize of job (KB)
...
040 (15165476.015.000) 2022-02-28 01:30:25 Entered queue to transfer output files
...
040 (15165476.015.000) 2022-02-28 01:30:50 Started transferring output files
...
040 (15165476.015.000) 2022-02-28 01:32:23 Finished transferring output files
...
005 (15165476.015.000) 2022-02-28 01:32:59 Job terminated.
	(1) Normal termination (return value 0)
		Usr 0 00:36:13, Sys 0 00:00:44  -  Run Remote Usage
		Usr 0 00:00:00, Sys 0 00:00:00  -  Run Local Usage
		Usr 0 00:36:13, Sys 0 00:00:44  -  Total Remote Usage
		Usr 0 00:00:00, Sys 0 00:00:00  -  Total Local Usage
	224885  -  Run Bytes Sent By Job
	131040256  -  Run Bytes Received By Job
	224885  -  Total Bytes Sent By Job
	131040256  -  Total Bytes Received By Job
	Partitionable Resources :    Usage  Request Allocated 
	   Cpus                 :        0        1         1 
	   Disk (KB)            :   159401   419431    599246 
	   IoHeavy              :                           0 
	   Memory (MB)          :     1689     2151      2176 

	Job terminated of its own accord at 2022-02-28T07:24:54Z with exit-code 0.
...
