000 (15165476.001.000) 2022-02-28 00:26:04 Job submitted from host: <128.105.244.191:9618?addrs=128.105.244.191-9618&alias=submit-1.chtc.wisc.edu&noUDP&sock=schedd_3562897_9248>
...
040 (15165476.001.000) 2022-02-28 00:40:06 Started transferring input files
	Transferring to host: <128.105.245.178:9618?addrs=128.105.245.178-9618&alias=e2378.chtc.wisc.edu&noUDP&sock=slot1_31_30042_0e7f_26358>
...
001 (15165476.001.000) 2022-02-28 00:40:12 Job executing on host: <128.105.245.178:9618?addrs=128.105.245.178-9618&alias=e2378.chtc.wisc.edu&noUDP&sock=startd_22926_e856>
...
040 (15165476.001.000) 2022-02-28 00:40:12 Finished transferring input files
...
006 (15165476.001.000) 2022-02-28 01:06:40 Image size of job updated: 394
	394  -  MemoryUsage of job (MB)
	404388  -  ResidentSetSize of job (KB)
...
006 (15165476.001.000) 2022-02-28 01:11:40 Image size of job updated: 689
	689  -  MemoryUsage of job (MB)
	706168  -  ResidentSetSize of job (KB)
...
006 (15165476.001.000) 2022-02-28 01:16:41 Image size of job updated: 786
	786  -  MemoryUsage of job (MB)
	805244  -  ResidentSetSize of job (KB)
...
006 (15165476.001.000) 2022-02-28 01:21:41 Image size of job updated: 1022
	1022  -  MemoryUsage of job (MB)
	1046568  -  ResidentSetSize of job (KB)
...
006 (15165476.001.000) 2022-02-28 01:27:03 Image size of job updated: 1510
	1510  -  MemoryUsage of job (MB)
	1547088  -  ResidentSetSize of job (KB)
...
006 (15165476.001.000) 2022-02-28 01:30:50 Image size of job updated: 1685
	1685  -  MemoryUsage of job (MB)
	1726140  -  ResidentSetSize of job (KB)
...
040 (15165476.001.000) 2022-02-28 01:33:21 Entered queue to transfer output files
...
040 (15165476.001.000) 2022-02-28 01:35:55 Started transferring output files
...
040 (15165476.001.000) 2022-02-28 01:41:38 Finished transferring output files
...
005 (15165476.001.000) 2022-02-28 01:42:14 Job terminated.
	(1) Normal termination (return value 0)
		Usr 0 00:40:26, Sys 0 00:00:57  -  Run Remote Usage
		Usr 0 00:00:00, Sys 0 00:00:00  -  Run Local Usage
		Usr 0 00:40:26, Sys 0 00:00:57  -  Total Remote Usage
		Usr 0 00:00:00, Sys 0 00:00:00  -  Total Local Usage
	226019  -  Run Bytes Sent By Job
	131040256  -  Run Bytes Received By Job
	226019  -  Total Bytes Sent By Job
	131040256  -  Total Bytes Received By Job
	Partitionable Resources :    Usage  Request Allocated 
	   Cpus                 :        0        1         1 
	   Disk (KB)            :   159711   419431    591600 
	   IoHeavy              :                           0 
	   Memory (MB)          :     1685     2151      2176 

	Job terminated of its own accord at 2022-02-28T07:30:50Z with exit-code 0.
...
