000 (15165476.017.000) 2022-02-28 00:26:04 Job submitted from host: <128.105.244.191:9618?addrs=128.105.244.191-9618&alias=submit-1.chtc.wisc.edu&noUDP&sock=schedd_3562897_9248>
...
040 (15165476.017.000) 2022-02-28 00:40:11 Started transferring input files
	Transferring to host: <128.104.100.62:9618?addrs=128.104.100.62-9618+[2607-f388-107c-501-62eb-69ff-fe82-4844]-9618&alias=e0002.chtc.wisc.edu&noUDP&sock=slot1_10_30260_a848_27767>
...
040 (15165476.017.000) 2022-02-28 00:40:15 Finished transferring input files
...
001 (15165476.017.000) 2022-02-28 00:40:22 Job executing on host: <128.104.100.62:9618?addrs=128.104.100.62-9618+[2607-f388-107c-501-62eb-69ff-fe82-4844]-9618&alias=e0002.chtc.wisc.edu&noUDP&sock=startd_4046_cc46>
...
006 (15165476.017.000) 2022-02-28 00:50:31 Image size of job updated: 210
	210  -  MemoryUsage of job (MB)
	215696  -  ResidentSetSize of job (KB)
...
006 (15165476.017.000) 2022-02-28 00:55:31 Image size of job updated: 623
	623  -  MemoryUsage of job (MB)
	638328  -  ResidentSetSize of job (KB)
...
006 (15165476.017.000) 2022-02-28 01:00:31 Image size of job updated: 697
	697  -  MemoryUsage of job (MB)
	714136  -  ResidentSetSize of job (KB)
...
006 (15165476.017.000) 2022-02-28 01:05:32 Image size of job updated: 878
	878  -  MemoryUsage of job (MB)
	900088  -  ResidentSetSize of job (KB)
...
006 (15165476.017.000) 2022-02-28 01:10:46 Image size of job updated: 1127
	1127  -  MemoryUsage of job (MB)
	1154488  -  ResidentSetSize of job (KB)
...
006 (15165476.017.000) 2022-02-28 01:15:33 Image size of job updated: 1619
	1619  -  MemoryUsage of job (MB)
	1658436  -  ResidentSetSize of job (KB)
...
006 (15165476.017.000) 2022-02-28 01:17:48 Image size of job updated: 1684
	1684  -  MemoryUsage of job (MB)
	1724700  -  ResidentSetSize of job (KB)
...
040 (15165476.017.000) 2022-02-28 01:18:30 Entered queue to transfer output files
...
040 (15165476.017.000) 2022-02-28 01:19:03 Started transferring output files
...
040 (15165476.017.000) 2022-02-28 01:20:07 Finished transferring output files
...
005 (15165476.017.000) 2022-02-28 01:20:57 Job terminated.
	(1) Normal termination (return value 0)
		Usr 0 00:41:14, Sys 0 00:00:53  -  Run Remote Usage
		Usr 0 00:00:00, Sys 0 00:00:00  -  Run Local Usage
		Usr 0 00:41:14, Sys 0 00:00:53  -  Total Remote Usage
		Usr 0 00:00:00, Sys 0 00:00:00  -  Total Local Usage
	213127  -  Run Bytes Sent By Job
	131040256  -  Run Bytes Received By Job
	213127  -  Total Bytes Sent By Job
	131040256  -  Total Bytes Received By Job
	Partitionable Resources :    Usage  Request Allocated 
	   Cpus                 :        0        1         1 
	   Disk (KB)            :   159881   419431   1076882 
	   IoHeavy              :                           0 
	   Memory (MB)          :     1684     2151      2176 

	Job terminated of its own accord at 2022-02-28T07:17:48Z with exit-code 0.
...
