000 (15165476.029.000) 2022-02-28 00:26:04 Job submitted from host: <128.105.244.191:9618?addrs=128.105.244.191-9618&alias=submit-1.chtc.wisc.edu&noUDP&sock=schedd_3562897_9248>
...
040 (15165476.029.000) 2022-02-28 00:40:17 Started transferring input files
	Transferring to host: <128.105.245.61:9618?addrs=128.105.245.61-9618&alias=e261.chtc.wisc.edu&noUDP&sock=slot1_16_3528_8b89_23804>
...
001 (15165476.029.000) 2022-02-28 00:40:25 Job executing on host: <128.105.245.61:9618?addrs=128.105.245.61-9618&alias=e261.chtc.wisc.edu&noUDP&sock=startd_2621_5dd1>
...
040 (15165476.029.000) 2022-02-28 00:40:25 Finished transferring input files
...
006 (15165476.029.000) 2022-02-28 01:06:42 Image size of job updated: 420
	420  -  MemoryUsage of job (MB)
	430924  -  ResidentSetSize of job (KB)
...
006 (15165476.029.000) 2022-02-28 01:11:42 Image size of job updated: 666
	666  -  MemoryUsage of job (MB)
	682964  -  ResidentSetSize of job (KB)
...
006 (15165476.029.000) 2022-02-28 01:16:42 Image size of job updated: 802
	802  -  MemoryUsage of job (MB)
	821624  -  ResidentSetSize of job (KB)
...
006 (15165476.029.000) 2022-02-28 01:21:42 Image size of job updated: 1046
	1046  -  MemoryUsage of job (MB)
	1071912  -  ResidentSetSize of job (KB)
...
006 (15165476.029.000) 2022-02-28 01:26:44 Image size of job updated: 1561
	1561  -  MemoryUsage of job (MB)
	1599060  -  ResidentSetSize of job (KB)
...
006 (15165476.029.000) 2022-02-28 01:29:09 Image size of job updated: 1688
	1688  -  MemoryUsage of job (MB)
	1728684  -  ResidentSetSize of job (KB)
...
040 (15165476.029.000) 2022-02-28 01:29:44 Entered queue to transfer output files
...
040 (15165476.029.000) 2022-02-28 01:33:14 Started transferring output files
...
040 (15165476.029.000) 2022-02-28 01:35:20 Finished transferring output files
...
005 (15165476.029.000) 2022-02-28 01:36:11 Job terminated.
	(1) Normal termination (return value 0)
		Usr 0 00:00:00, Sys 0 00:00:00  -  Run Remote Usage
		Usr 0 00:00:00, Sys 0 00:00:00  -  Run Local Usage
		Usr 0 00:37:15, Sys 0 00:00:58  -  Total Remote Usage
		Usr 0 00:00:00, Sys 0 00:00:00  -  Total Local Usage
	226523  -  Run Bytes Sent By Job
	131040256  -  Run Bytes Received By Job
	226523  -  Total Bytes Sent By Job
	131040256  -  Total Bytes Received By Job
	Partitionable Resources :     Usage  Request Allocated 
	   Cpus                 :      0.00        1         1 
	   Disk (KB)            : 159789      419431    669685 
	   IoHeavy              :                            0 
	   Memory (MB)          :   1688        2151      2176 

	Job terminated of its own accord at 2022-02-28T07:29:09Z with exit-code 0.
...
