000 (15165476.022.000) 2022-02-28 00:26:04 Job submitted from host: <128.105.244.191:9618?addrs=128.105.244.191-9618&alias=submit-1.chtc.wisc.edu&noUDP&sock=schedd_3562897_9248>
...
040 (15165476.022.000) 2022-02-28 00:40:15 Started transferring input files
	Transferring to host: <128.104.101.127:9618?addrs=128.104.101.127-9618+[2607-f388-107c-501-4603-a7ff-fe29-9f83]-9618&alias=e127.chtc.wisc.edu&noUDP&sock=slot1_6_17503_3261_35189>
...
001 (15165476.022.000) 2022-02-28 00:40:22 Job executing on host: <128.104.101.127:9618?addrs=128.104.101.127-9618+[2607-f388-107c-501-4603-a7ff-fe29-9f83]-9618&alias=e127.chtc.wisc.edu&noUDP&sock=startd_1880_1a23>
...
040 (15165476.022.000) 2022-02-28 00:40:22 Finished transferring input files
...
006 (15165476.022.000) 2022-02-28 00:50:52 Image size of job updated: 204
	204  -  MemoryUsage of job (MB)
	208996  -  ResidentSetSize of job (KB)
...
006 (15165476.022.000) 2022-02-28 00:55:53 Image size of job updated: 600
	600  -  MemoryUsage of job (MB)
	615108  -  ResidentSetSize of job (KB)
...
006 (15165476.022.000) 2022-02-28 01:00:53 Image size of job updated: 738
	738  -  MemoryUsage of job (MB)
	755984  -  ResidentSetSize of job (KB)
...
006 (15165476.022.000) 2022-02-28 01:05:53 Image size of job updated: 991
	991  -  MemoryUsage of job (MB)
	1015380  -  ResidentSetSize of job (KB)
...
006 (15165476.022.000) 2022-02-28 01:10:54 Image size of job updated: 1515
	1515  -  MemoryUsage of job (MB)
	1551644  -  ResidentSetSize of job (KB)
...
006 (15165476.022.000) 2022-02-28 01:14:17 Image size of job updated: 1690
	1690  -  MemoryUsage of job (MB)
	1730788  -  ResidentSetSize of job (KB)
...
040 (15165476.022.000) 2022-02-28 01:14:42 Entered queue to transfer output files
...
040 (15165476.022.000) 2022-02-28 01:15:01 Started transferring output files
...
040 (15165476.022.000) 2022-02-28 01:16:11 Finished transferring output files
...
005 (15165476.022.000) 2022-02-28 01:16:53 Job terminated.
	(1) Normal termination (return value 0)
		Usr 0 00:00:00, Sys 0 00:00:00  -  Run Remote Usage
		Usr 0 00:00:00, Sys 0 00:00:00  -  Run Local Usage
		Usr 0 00:32:54, Sys 0 00:00:41  -  Total Remote Usage
		Usr 0 00:00:00, Sys 0 00:00:00  -  Total Local Usage
	213468  -  Run Bytes Sent By Job
	131040256  -  Run Bytes Received By Job
	213468  -  Total Bytes Sent By Job
	131040256  -  Total Bytes Received By Job
	Partitionable Resources :     Usage  Request Allocated 
	   Cpus                 :      0.00        1         1 
	   Disk (KB)            : 159732      419431   1700998 
	   IoHeavy              :                            0 
	   Memory (MB)          :   1690        2151      2176 

	Job terminated of its own accord at 2022-02-28T07:14:17Z with exit-code 0.
...
