000 (15165476.028.000) 2022-02-28 00:26:04 Job submitted from host: <128.105.244.191:9618?addrs=128.105.244.191-9618&alias=submit-1.chtc.wisc.edu&noUDP&sock=schedd_3562897_9248>
...
040 (15165476.028.000) 2022-02-28 00:40:16 Started transferring input files
	Transferring to host: <128.105.245.134:9618?addrs=128.105.245.134-9618&alias=e2334.chtc.wisc.edu&noUDP&sock=slot1_6_32017_9f6f_26916>
...
001 (15165476.028.000) 2022-02-28 00:40:24 Job executing on host: <128.105.245.134:9618?addrs=128.105.245.134-9618&alias=e2334.chtc.wisc.edu&noUDP&sock=startd_2464_ad72>
...
040 (15165476.028.000) 2022-02-28 00:40:24 Finished transferring input files
...
006 (15165476.028.000) 2022-02-28 01:00:34 Image size of job updated: 182
	182  -  MemoryUsage of job (MB)
	186404  -  ResidentSetSize of job (KB)
...
006 (15165476.028.000) 2022-02-28 01:05:35 Image size of job updated: 491
	491  -  MemoryUsage of job (MB)
	502848  -  ResidentSetSize of job (KB)
...
006 (15165476.028.000) 2022-02-28 01:10:52 Image size of job updated: 711
	711  -  MemoryUsage of job (MB)
	728632  -  ResidentSetSize of job (KB)
...
006 (15165476.028.000) 2022-02-28 01:15:36 Image size of job updated: 972
	972  -  MemoryUsage of job (MB)
	996232  -  ResidentSetSize of job (KB)
...
006 (15165476.028.000) 2022-02-28 01:20:37 Image size of job updated: 1423
	1423  -  MemoryUsage of job (MB)
	1457964  -  ResidentSetSize of job (KB)
...
006 (15165476.028.000) 2022-02-28 01:24:13 Image size of job updated: 1685
	1685  -  MemoryUsage of job (MB)
	1726104  -  ResidentSetSize of job (KB)
...
040 (15165476.028.000) 2022-02-28 01:24:45 Entered queue to transfer output files
...
040 (15165476.028.000) 2022-02-28 01:25:30 Started transferring output files
...
040 (15165476.028.000) 2022-02-28 01:28:49 Finished transferring output files
...
005 (15165476.028.000) 2022-02-28 01:29:33 Job terminated.
	(1) Normal termination (return value 0)
		Usr 0 00:00:00, Sys 0 00:00:00  -  Run Remote Usage
		Usr 0 00:00:00, Sys 0 00:00:00  -  Run Local Usage
		Usr 0 00:31:35, Sys 0 00:00:53  -  Total Remote Usage
		Usr 0 00:00:00, Sys 0 00:00:00  -  Total Local Usage
	223622  -  Run Bytes Sent By Job
	131040256  -  Run Bytes Received By Job
	223622  -  Total Bytes Sent By Job
	131040256  -  Total Bytes Received By Job
	Partitionable Resources :     Usage  Request Allocated 
	   Cpus                 :      0.00        1         1 
	   Disk (KB)            : 159511      419431    777347 
	   IoHeavy              :                            0 
	   Memory (MB)          :   1685        2151      2176 

	Job terminated of its own accord at 2022-02-28T07:24:13Z with exit-code 0.
...
