000 (15165476.027.000) 2022-02-28 00:26:04 Job submitted from host: <128.105.244.191:9618?addrs=128.105.244.191-9618&alias=submit-1.chtc.wisc.edu&noUDP&sock=schedd_3562897_9248>
...
040 (15165476.027.000) 2022-02-28 00:40:16 Started transferring input files
	Transferring to host: <128.105.68.117:9618?addrs=128.105.68.117-9618&alias=e2451.chtc.wisc.edu&noUDP&sock=slot1_14_39324_10b8_26456>
...
001 (15165476.027.000) 2022-02-28 00:40:24 Job executing on host: <128.105.68.117:9618?addrs=128.105.68.117-9618&alias=e2451.chtc.wisc.edu&noUDP&sock=startd_3000_5435>
...
040 (15165476.027.000) 2022-02-28 00:40:24 Finished transferring input files
...
006 (15165476.027.000) 2022-02-28 00:46:10 Image size of job updated: 174
	174  -  MemoryUsage of job (MB)
	178728  -  ResidentSetSize of job (KB)
...
006 (15165476.027.000) 2022-02-28 00:51:11 Image size of job updated: 499
	499  -  MemoryUsage of job (MB)
	511100  -  ResidentSetSize of job (KB)
...
006 (15165476.027.000) 2022-02-28 00:56:12 Image size of job updated: 684
	684  -  MemoryUsage of job (MB)
	700540  -  ResidentSetSize of job (KB)
...
006 (15165476.027.000) 2022-02-28 01:01:12 Image size of job updated: 842
	842  -  MemoryUsage of job (MB)
	862344  -  ResidentSetSize of job (KB)
...
006 (15165476.027.000) 2022-02-28 01:06:12 Image size of job updated: 1110
	1110  -  MemoryUsage of job (MB)
	1137036  -  ResidentSetSize of job (KB)
...
006 (15165476.027.000) 2022-02-28 01:11:12 Image size of job updated: 1627
	1627  -  MemoryUsage of job (MB)
	1666964  -  ResidentSetSize of job (KB)
...
006 (15165476.027.000) 2022-02-28 01:12:37 Image size of job updated: 1685
	1685  -  MemoryUsage of job (MB)
	1725572  -  ResidentSetSize of job (KB)
...
040 (15165476.027.000) 2022-02-28 01:13:18 Entered queue to transfer output files
...
040 (15165476.027.000) 2022-02-28 01:13:45 Started transferring output files
...
040 (15165476.027.000) 2022-02-28 01:14:51 Finished transferring output files
...
005 (15165476.027.000) 2022-02-28 01:15:29 Job terminated.
	(1) Normal termination (return value 0)
		Usr 0 00:00:00, Sys 0 00:00:00  -  Run Remote Usage
		Usr 0 00:00:00, Sys 0 00:00:00  -  Run Local Usage
		Usr 0 00:37:44, Sys 0 00:00:52  -  Total Remote Usage
		Usr 0 00:00:00, Sys 0 00:00:00  -  Total Local Usage
	222746  -  Run Bytes Sent By Job
	131040256  -  Run Bytes Received By Job
	222746  -  Total Bytes Sent By Job
	131040256  -  Total Bytes Received By Job
	Partitionable Resources :    Usage  Request Allocated 
	   Cpus                 :        0        1         1 
	   Disk (KB)            :   159786   419431    588730 
	   IoHeavy              :                           0 
	   Memory (MB)          :     1685     2151      2176 

	Job terminated of its own accord at 2022-02-28T07:12:37Z with exit-code 0.
...
