000 (15165476.025.000) 2022-02-28 00:26:04 Job submitted from host: <128.105.244.191:9618?addrs=128.105.244.191-9618&alias=submit-1.chtc.wisc.edu&noUDP&sock=schedd_3562897_9248>
...
040 (15165476.025.000) 2022-02-28 00:40:16 Started transferring input files
	Transferring to host: <128.105.245.84:9618?addrs=128.105.245.84-9618&alias=e284.chtc.wisc.edu&noUDP&sock=slot1_8_40551_990a_25453>
...
001 (15165476.025.000) 2022-02-28 00:40:23 Job executing on host: <128.105.245.84:9618?addrs=128.105.245.84-9618&alias=e284.chtc.wisc.edu&noUDP&sock=startd_21497_bb80>
...
040 (15165476.025.000) 2022-02-28 00:40:23 Finished transferring input files
...
006 (15165476.025.000) 2022-02-28 00:45:57 Image size of job updated: 187
	187  -  MemoryUsage of job (MB)
	191880  -  ResidentSetSize of job (KB)
...
006 (15165476.025.000) 2022-02-28 00:50:58 Image size of job updated: 643
	643  -  MemoryUsage of job (MB)
	658436  -  ResidentSetSize of job (KB)
...
006 (15165476.025.000) 2022-02-28 00:56:00 Image size of job updated: 764
	764  -  MemoryUsage of job (MB)
	782824  -  ResidentSetSize of job (KB)
...
006 (15165476.025.000) 2022-02-28 01:01:00 Image size of job updated: 1008
	1008  -  MemoryUsage of job (MB)
	1032200  -  ResidentSetSize of job (KB)
...
006 (15165476.025.000) 2022-02-28 01:06:00 Image size of job updated: 1442
	1442  -  MemoryUsage of job (MB)
	1476912  -  ResidentSetSize of job (KB)
...
006 (15165476.025.000) 2022-02-28 01:10:07 Image size of job updated: 1687
	1687  -  MemoryUsage of job (MB)
	1727704  -  ResidentSetSize of job (KB)
...
040 (15165476.025.000) 2022-02-28 01:10:56 Entered queue to transfer output files
...
040 (15165476.025.000) 2022-02-28 01:11:15 Started transferring output files
...
040 (15165476.025.000) 2022-02-28 01:12:03 Finished transferring output files
...
005 (15165476.025.000) 2022-02-28 01:12:46 Job terminated.
	(1) Normal termination (return value 0)
		Usr 0 00:00:00, Sys 0 00:00:00  -  Run Remote Usage
		Usr 0 00:00:00, Sys 0 00:00:00  -  Run Local Usage
		Usr 0 00:32:41, Sys 0 00:00:37  -  Total Remote Usage
		Usr 0 00:00:00, Sys 0 00:00:00  -  Total Local Usage
	222867  -  Run Bytes Sent By Job
	131040256  -  Run Bytes Received By Job
	222867  -  Total Bytes Sent By Job
	131040256  -  Total Bytes Received By Job
	Partitionable Resources :     Usage  Request Allocated 
	   Cpus                 :      0.00        1         1 
	   Disk (KB)            : 159557      419431    660779 
	   IoHeavy              :                            0 
	   Memory (MB)          :   1687        2151      2151 

	Job terminated of its own accord at 2022-02-28T07:10:07Z with exit-code 0.
...
