000 (15165476.024.000) 2022-02-28 00:26:04 Job submitted from host: <128.105.244.191:9618?addrs=128.105.244.191-9618&alias=submit-1.chtc.wisc.edu&noUDP&sock=schedd_3562897_9248>
...
040 (15165476.024.000) 2022-02-28 00:40:15 Started transferring input files
	Transferring to host: <128.105.245.198:9618?addrs=128.105.245.198-9618&alias=e2398.chtc.wisc.edu&noUDP&sock=slot1_13_19764_469d_29233>
...
001 (15165476.024.000) 2022-02-28 00:40:23 Job executing on host: <128.105.245.198:9618?addrs=128.105.245.198-9618&alias=e2398.chtc.wisc.edu&noUDP&sock=startd_2358_f868>
...
040 (15165476.024.000) 2022-02-28 00:40:23 Finished transferring input files
...
006 (15165476.024.000) 2022-02-28 01:05:36 Image size of job updated: 411
	411  -  MemoryUsage of job (MB)
	420996  -  ResidentSetSize of job (KB)
...
006 (15165476.024.000) 2022-02-28 01:10:52 Image size of job updated: 687
	687  -  MemoryUsage of job (MB)
	704216  -  ResidentSetSize of job (KB)
...
006 (15165476.024.000) 2022-02-28 01:15:36 Image size of job updated: 870
	870  -  MemoryUsage of job (MB)
	891532  -  ResidentSetSize of job (KB)
...
006 (15165476.024.000) 2022-02-28 01:20:36 Image size of job updated: 1165
	1165  -  MemoryUsage of job (MB)
	1193412  -  ResidentSetSize of job (KB)
...
006 (15165476.024.000) 2022-02-28 01:25:36 Image size of job updated: 1634
	1634  -  MemoryUsage of job (MB)
	1674040  -  ResidentSetSize of job (KB)
...
006 (15165476.024.000) 2022-02-28 01:27:22 Image size of job updated: 1691
	1691  -  MemoryUsage of job (MB)
	1731856  -  ResidentSetSize of job (KB)
...
040 (15165476.024.000) 2022-02-28 01:27:46 Entered queue to transfer output files
...
040 (15165476.024.000) 2022-02-28 01:28:41 Started transferring output files
...
040 (15165476.024.000) 2022-02-28 01:34:02 Finished transferring output files
...
005 (15165476.024.000) 2022-02-28 01:34:48 Job terminated.
	(1) Normal termination (return value 0)
		Usr 0 00:37:01, Sys 0 00:00:48  -  Run Remote Usage
		Usr 0 00:00:00, Sys 0 00:00:00  -  Run Local Usage
		Usr 0 00:37:01, Sys 0 00:00:48  -  Total Remote Usage
		Usr 0 00:00:00, Sys 0 00:00:00  -  Total Local Usage
	226304  -  Run Bytes Sent By Job
	131040256  -  Run Bytes Received By Job
	226304  -  Total Bytes Sent By Job
	131040256  -  Total Bytes Received By Job
	Partitionable Resources :    Usage  Request Allocated 
	   Cpus                 :        0        1         1 
	   Disk (KB)            :   159790   419431    593318 
	   IoHeavy              :                           0 
	   Memory (MB)          :     1691     2151      2176 

	Job terminated of its own accord at 2022-02-28T07:27:22Z with exit-code 0.
...
