000 (15165476.002.000) 2022-02-28 00:26:04 Job submitted from host: <128.105.244.191:9618?addrs=128.105.244.191-9618&alias=submit-1.chtc.wisc.edu&noUDP&sock=schedd_3562897_9248>
...
040 (15165476.002.000) 2022-02-28 00:40:06 Started transferring input files
	Transferring to host: <128.104.58.172:9618?addrs=128.104.58.172-9618+[2607-f388-1086-0-16fe-b5ff-fec6-7984]-9618&alias=e1026.chtc.wisc.edu&noUDP&sock=slot1_23_46014_c688_26057>
...
040 (15165476.002.000) 2022-02-28 00:40:11 Finished transferring input files
...
001 (15165476.002.000) 2022-02-28 00:40:18 Job executing on host: <128.104.58.172:9618?addrs=128.104.58.172-9618+[2607-f388-1086-0-16fe-b5ff-fec6-7984]-9618&alias=e1026.chtc.wisc.edu&noUDP&sock=startd_4968_3697>
...
006 (15165476.002.000) 2022-02-28 00:51:34 Image size of job updated: 185
	185  -  MemoryUsage of job (MB)
	190224  -  ResidentSetSize of job (KB)
...
006 (15165476.002.000) 2022-02-28 00:56:35 Image size of job updated: 418
	418  -  MemoryUsage of job (MB)
	428932  -  ResidentSetSize of job (KB)
...
006 (15165476.002.000) 2022-02-28 01:01:35 Image size of job updated: 702
	702  -  MemoryUsage of job (MB)
	719192  -  ResidentSetSize of job (KB)
...
006 (15165476.002.000) 2022-02-28 01:06:36 Image size of job updated: 759
	759  -  MemoryUsage of job (MB)
	777540  -  ResidentSetSize of job (KB)
...
006 (15165476.002.000) 2022-02-28 01:11:36 Image size of job updated: 972
	972  -  MemoryUsage of job (MB)
	995524  -  ResidentSetSize of job (KB)
...
006 (15165476.002.000) 2022-02-28 01:16:36 Image size of job updated: 1211
	1211  -  MemoryUsage of job (MB)
	1240384  -  ResidentSetSize of job (KB)
...
006 (15165476.002.000) 2022-02-28 01:21:37 Image size of job updated: 1683
	1683  -  MemoryUsage of job (MB)
	1724284  -  ResidentSetSize of job (KB)
...
006 (15165476.002.000) 2022-02-28 01:22:54 Image size of job updated: 1691
	1691  -  MemoryUsage of job (MB)
	1732100  -  ResidentSetSize of job (KB)
...
040 (15165476.002.000) 2022-02-28 01:23:24 Entered queue to transfer output files
...
040 (15165476.002.000) 2022-02-28 01:24:20 Started transferring output files
...
040 (15165476.002.000) 2022-02-28 01:25:16 Finished transferring output files
...
005 (15165476.002.000) 2022-02-28 01:25:52 Job terminated.
	(1) Normal termination (return value 0)
		Usr 0 00:00:00, Sys 0 00:00:00  -  Run Remote Usage
		Usr 0 00:00:00, Sys 0 00:00:00  -  Run Local Usage
		Usr 0 00:44:42, Sys 0 00:01:11  -  Total Remote Usage
		Usr 0 00:00:00, Sys 0 00:00:00  -  Total Local Usage
	212194  -  Run Bytes Sent By Job
	131040256  -  Run Bytes Received By Job
	212194  -  Total Bytes Sent By Job
	131040256  -  Total Bytes Received By Job
	Partitionable Resources :     Usage  Request Allocated 
	   Cpus                 :      0.00        1         1 
	   Disk (KB)            : 159875      419431   1515776 
	   IoHeavy              :                            0 
	   Memory (MB)          :   1691        2151      2176 

	Job terminated of its own accord at 2022-02-28T07:22:54Z with exit-code 0.
...
