000 (15165476.020.000) 2022-02-28 00:26:04 Job submitted from host: <128.105.244.191:9618?addrs=128.105.244.191-9618&alias=submit-1.chtc.wisc.edu&noUDP&sock=schedd_3562897_9248>
...
040 (15165476.020.000) 2022-02-28 00:40:14 Started transferring input files
	Transferring to host: <128.105.245.102:9618?addrs=128.105.245.102-9618&alias=e302.chtc.wisc.edu&noUDP&sock=slot1_19_28284_62f7_25265>
...
001 (15165476.020.000) 2022-02-28 00:40:22 Job executing on host: <128.105.245.102:9618?addrs=128.105.245.102-9618&alias=e302.chtc.wisc.edu&noUDP&sock=startd_2113_ebb4>
...
040 (15165476.020.000) 2022-02-28 00:40:22 Finished transferring input files
...
006 (15165476.020.000) 2022-02-28 00:45:52 Image size of job updated: 187
	187  -  MemoryUsage of job (MB)
	192216  -  ResidentSetSize of job (KB)
...
006 (15165476.020.000) 2022-02-28 00:50:53 Image size of job updated: 599
	599  -  MemoryUsage of job (MB)
	613912  -  ResidentSetSize of job (KB)
...
006 (15165476.020.000) 2022-02-28 00:55:53 Image size of job updated: 736
	736  -  MemoryUsage of job (MB)
	753776  -  ResidentSetSize of job (KB)
...
006 (15165476.020.000) 2022-02-28 01:00:54 Image size of job updated: 1029
	1029  -  MemoryUsage of job (MB)
	1054260  -  ResidentSetSize of job (KB)
...
006 (15165476.020.000) 2022-02-28 01:05:55 Image size of job updated: 1413
	1413  -  MemoryUsage of job (MB)
	1447276  -  ResidentSetSize of job (KB)
...
006 (15165476.020.000) 2022-02-28 01:09:08 Image size of job updated: 1687
	1687  -  MemoryUsage of job (MB)
	1727960  -  ResidentSetSize of job (KB)
...
040 (15165476.020.000) 2022-02-28 01:09:28 Entered queue to transfer output files
...
040 (15165476.020.000) 2022-02-28 01:09:36 Started transferring output files
...
040 (15165476.020.000) 2022-02-28 01:10:11 Finished transferring output files
...
005 (15165476.020.000) 2022-02-28 01:10:53 Job terminated.
	(1) Normal termination (return value 0)
		Usr 0 00:33:15, Sys 0 00:00:44  -  Run Remote Usage
		Usr 0 00:00:00, Sys 0 00:00:00  -  Run Local Usage
		Usr 0 00:33:15, Sys 0 00:00:44  -  Total Remote Usage
		Usr 0 00:00:00, Sys 0 00:00:00  -  Total Local Usage
	222837  -  Run Bytes Sent By Job
	131040256  -  Run Bytes Received By Job
	222837  -  Total Bytes Sent By Job
	131040256  -  Total Bytes Received By Job
	Partitionable Resources :     Usage  Request Allocated 
	   Cpus                 :      0.00        1         1 
	   Disk (KB)            : 159505      419431    666038 
	   IoHeavy              :                            0 
	   Memory (MB)          :   1687        2151      2176 

	Job terminated of its own accord at 2022-02-28T07:09:08Z with exit-code 0.
...
