000 (15165476.039.000) 2022-02-28 00:26:04 Job submitted from host: <128.105.244.191:9618?addrs=128.105.244.191-9618&alias=submit-1.chtc.wisc.edu&noUDP&sock=schedd_3562897_9248>
...
040 (15165476.039.000) 2022-02-28 00:40:20 Started transferring input files
	Transferring to host: <128.104.101.11:9618?addrs=128.104.101.11-9618+[2607-f388-107c-501-a6ba-dbff-fe38-fcc5]-9618&alias=e0057.chtc.wisc.edu&noUDP&sock=slot1_4_22840_989a_27720>
...
001 (15165476.039.000) 2022-02-28 00:40:28 Job executing on host: <128.104.101.11:9618?addrs=128.104.101.11-9618+[2607-f388-107c-501-a6ba-dbff-fe38-fcc5]-9618&alias=e0057.chtc.wisc.edu&noUDP&sock=startd_3565_df38>
...
040 (15165476.039.000) 2022-02-28 00:40:28 Finished transferring input files
...
006 (15165476.039.000) 2022-02-28 00:50:46 Image size of job updated: 213
	213  -  MemoryUsage of job (MB)
	218688  -  ResidentSetSize of job (KB)
...
006 (15165476.039.000) 2022-02-28 00:55:46 Image size of job updated: 690
	690  -  MemoryUsage of job (MB)
	707240  -  ResidentSetSize of job (KB)
...
006 (15165476.039.000) 2022-02-28 01:00:47 Image size of job updated: 900
	900  -  MemoryUsage of job (MB)
	921700  -  ResidentSetSize of job (KB)
...
006 (15165476.039.000) 2022-02-28 01:05:48 Image size of job updated: 1457
	1457  -  MemoryUsage of job (MB)
	1492684  -  ResidentSetSize of job (KB)
...
006 (15165476.039.000) 2022-02-28 01:08:50 Image size of job updated: 1687
	1687  -  MemoryUsage of job (MB)
	1727644  -  ResidentSetSize of job (KB)
...
040 (15165476.039.000) 2022-02-28 01:09:09 Entered queue to transfer output files
...
040 (15165476.039.000) 2022-02-28 01:09:23 Started transferring output files
...
040 (15165476.039.000) 2022-02-28 01:09:51 Finished transferring output files
...
005 (15165476.039.000) 2022-02-28 01:10:20 Job terminated.
	(1) Normal termination (return value 0)
		Usr 0 00:29:03, Sys 0 00:00:37  -  Run Remote Usage
		Usr 0 00:00:00, Sys 0 00:00:00  -  Run Local Usage
		Usr 0 00:29:03, Sys 0 00:00:37  -  Total Remote Usage
		Usr 0 00:00:00, Sys 0 00:00:00  -  Total Local Usage
	213458  -  Run Bytes Sent By Job
	131040256  -  Run Bytes Received By Job
	213458  -  Total Bytes Sent By Job
	131040256  -  Total Bytes Received By Job
	Partitionable Resources :    Usage  Request Allocated 
	   Cpus                 :        0        1         1 
	   Disk (KB)            :   159525   419431   1518275 
	   IoHeavy              :                           0 
	   Memory (MB)          :     1687     2151      2176 

	Job terminated of its own accord at 2022-02-28T07:08:50Z with exit-code 0.
...
