000 (15165476.036.000) 2022-02-28 00:26:04 Job submitted from host: <128.105.244.191:9618?addrs=128.105.244.191-9618&alias=submit-1.chtc.wisc.edu&noUDP&sock=schedd_3562897_9248>
...
040 (15165476.036.000) 2022-02-28 00:40:19 Started transferring input files
	Transferring to host: <128.105.245.157:9618?addrs=128.105.245.157-9618&alias=e2357.chtc.wisc.edu&noUDP&sock=slot1_12_9537_6ddd_26081>
...
001 (15165476.036.000) 2022-02-28 00:40:27 Job executing on host: <128.105.245.157:9618?addrs=128.105.245.157-9618&alias=e2357.chtc.wisc.edu&noUDP&sock=startd_2933_5f5d>
...
040 (15165476.036.000) 2022-02-28 00:40:27 Finished transferring input files
...
006 (15165476.036.000) 2022-02-28 00:45:54 Image size of job updated: 172
	172  -  MemoryUsage of job (MB)
	176408  -  ResidentSetSize of job (KB)
...
006 (15165476.036.000) 2022-02-28 00:50:55 Image size of job updated: 577
	577  -  MemoryUsage of job (MB)
	591784  -  ResidentSetSize of job (KB)
...
006 (15165476.036.000) 2022-02-28 00:55:56 Image size of job updated: 710
	710  -  MemoryUsage of job (MB)
	728044  -  ResidentSetSize of job (KB)
...
006 (15165476.036.000) 2022-02-28 01:00:56 Image size of job updated: 954
	954  -  MemoryUsage of job (MB)
	976992  -  ResidentSetSize of job (KB)
...
006 (15165476.036.000) 2022-02-28 01:05:57 Image size of job updated: 1398
	1398  -  MemoryUsage of job (MB)
	1432216  -  ResidentSetSize of job (KB)
...
006 (15165476.036.000) 2022-02-28 01:09:34 Image size of job updated: 1687
	1687  -  MemoryUsage of job (MB)
	1728204  -  ResidentSetSize of job (KB)
...
040 (15165476.036.000) 2022-02-28 01:09:51 Entered queue to transfer output files
...
040 (15165476.036.000) 2022-02-28 01:10:01 Started transferring output files
...
040 (15165476.036.000) 2022-02-28 01:11:03 Finished transferring output files
...
005 (15165476.036.000) 2022-02-28 01:11:41 Job terminated.
	(1) Normal termination (return value 0)
		Usr 0 00:36:12, Sys 0 00:00:45  -  Run Remote Usage
		Usr 0 00:00:00, Sys 0 00:00:00  -  Run Local Usage
		Usr 0 00:36:12, Sys 0 00:00:45  -  Total Remote Usage
		Usr 0 00:00:00, Sys 0 00:00:00  -  Total Local Usage
	222969  -  Run Bytes Sent By Job
	131040256  -  Run Bytes Received By Job
	222969  -  Total Bytes Sent By Job
	131040256  -  Total Bytes Received By Job
	Partitionable Resources :     Usage  Request Allocated 
	   Cpus                 :      0.00        1         1 
	   Disk (KB)            : 159493      419431    669464 
	   IoHeavy              :                            0 
	   Memory (MB)          :   1687        2151      2176 

	Job terminated of its own accord at 2022-02-28T07:09:34Z with exit-code 0.
...
