000 (15165476.034.000) 2022-02-28 00:26:04 Job submitted from host: <128.105.244.191:9618?addrs=128.105.244.191-9618&alias=submit-1.chtc.wisc.edu&noUDP&sock=schedd_3562897_9248>
...
040 (15165476.034.000) 2022-02-28 00:40:18 Started transferring input files
	Transferring to host: <128.105.245.87:9618?addrs=128.105.245.87-9618&alias=e287.chtc.wisc.edu&noUDP&sock=slot1_22_22794_2f58_26490>
...
001 (15165476.034.000) 2022-02-28 00:40:26 Job executing on host: <128.105.245.87:9618?addrs=128.105.245.87-9618&alias=e287.chtc.wisc.edu&noUDP&sock=startd_10999_fa45>
...
040 (15165476.034.000) 2022-02-28 00:40:26 Finished transferring input files
...
006 (15165476.034.000) 2022-02-28 00:46:18 Image size of job updated: 185
	185  -  MemoryUsage of job (MB)
	190236  -  ResidentSetSize of job (KB)
...
006 (15165476.034.000) 2022-02-28 00:51:19 Image size of job updated: 631
	631  -  MemoryUsage of job (MB)
	646456  -  ResidentSetSize of job (KB)
...
006 (15165476.034.000) 2022-02-28 00:56:19 Image size of job updated: 781
	781  -  MemoryUsage of job (MB)
	799792  -  ResidentSetSize of job (KB)
...
006 (15165476.034.000) 2022-02-28 01:01:19 Image size of job updated: 1110
	1110  -  MemoryUsage of job (MB)
	1136664  -  ResidentSetSize of job (KB)
...
006 (15165476.034.000) 2022-02-28 01:06:20 Image size of job updated: 1687
	1687  -  MemoryUsage of job (MB)
	1727696  -  ResidentSetSize of job (KB)
...
040 (15165476.034.000) 2022-02-28 01:06:47 Entered queue to transfer output files
...
040 (15165476.034.000) 2022-02-28 01:06:55 Started transferring output files
...
040 (15165476.034.000) 2022-02-28 01:07:11 Finished transferring output files
...
005 (15165476.034.000) 2022-02-28 01:07:38 Job terminated.
	(1) Normal termination (return value 0)
		Usr 0 00:31:19, Sys 0 00:00:38  -  Run Remote Usage
		Usr 0 00:00:00, Sys 0 00:00:00  -  Run Local Usage
		Usr 0 00:31:19, Sys 0 00:00:38  -  Total Remote Usage
		Usr 0 00:00:00, Sys 0 00:00:00  -  Total Local Usage
	222769  -  Run Bytes Sent By Job
	131040256  -  Run Bytes Received By Job
	222769  -  Total Bytes Sent By Job
	131040256  -  Total Bytes Received By Job
	Partitionable Resources :     Usage  Request Allocated 
	   Cpus                 :      0.00        1         1 
	   Disk (KB)            : 159776      419431    663700 
	   IoHeavy              :                            0 
	   Memory (MB)          :   1687        2151      2176 

	Job terminated of its own accord at 2022-02-28T07:06:34Z with exit-code 0.
...
