000 (15165476.037.000) 2022-02-28 00:26:04 Job submitted from host: <128.105.244.191:9618?addrs=128.105.244.191-9618&alias=submit-1.chtc.wisc.edu&noUDP&sock=schedd_3562897_9248>
...
040 (15165476.037.000) 2022-02-28 00:40:19 Started transferring input files
	Transferring to host: <128.104.58.32:9618?addrs=128.104.58.32-9618+[2607-f388-1086-0-a6ba-dbff-fe38-e59d]-9618&alias=e1022.chtc.wisc.edu&noUDP&sock=slot1_3_11503_a76d_21606>
...
001 (15165476.037.000) 2022-02-28 00:40:27 Job executing on host: <128.104.58.32:9618?addrs=128.104.58.32-9618+[2607-f388-1086-0-a6ba-dbff-fe38-e59d]-9618&alias=e1022.chtc.wisc.edu&noUDP&sock=startd_2377_00b5>
...
040 (15165476.037.000) 2022-02-28 00:40:27 Finished transferring input files
...
006 (15165476.037.000) 2022-02-28 00:50:40 Image size of job updated: 428
	428  -  MemoryUsage of job (MB)
	439272  -  ResidentSetSize of job (KB)
...
006 (15165476.037.000) 2022-02-28 00:55:41 Image size of job updated: 797
	797  -  MemoryUsage of job (MB)
	816376  -  ResidentSetSize of job (KB)
...
006 (15165476.037.000) 2022-02-28 01:00:42 Image size of job updated: 1118
	1118  -  MemoryUsage of job (MB)
	1145168  -  ResidentSetSize of job (KB)
...
006 (15165476.037.000) 2022-02-28 01:05:42 Image size of job updated: 1654
	1654  -  MemoryUsage of job (MB)
	1693872  -  ResidentSetSize of job (KB)
...
006 (15165476.037.000) 2022-02-28 01:06:46 Image size of job updated: 1685
	1685  -  MemoryUsage of job (MB)
	1725948  -  ResidentSetSize of job (KB)
...
040 (15165476.037.000) 2022-02-28 01:07:00 Entered queue to transfer output files
...
040 (15165476.037.000) 2022-02-28 01:07:06 Started transferring output files
...
040 (15165476.037.000) 2022-02-28 01:07:37 Finished transferring output files
...
005 (15165476.037.000) 2022-02-28 01:07:56 Job terminated.
	(1) Normal termination (return value 0)
		Usr 0 00:29:04, Sys 0 00:00:29  -  Run Remote Usage
		Usr 0 00:00:00, Sys 0 00:00:00  -  Run Local Usage
		Usr 0 00:29:04, Sys 0 00:00:29  -  Total Remote Usage
		Usr 0 00:00:00, Sys 0 00:00:00  -  Total Local Usage
	213380  -  Run Bytes Sent By Job
	131040256  -  Run Bytes Received By Job
	213380  -  Total Bytes Sent By Job
	131040256  -  Total Bytes Received By Job
	Partitionable Resources :     Usage  Request Allocated 
	   Cpus                 :      0.00        1         1 
	   Disk (KB)            : 159745      419431    905797 
	   IoHeavy              :                            0 
	   Memory (MB)          :   1685        2151      2176 

	Job terminated of its own accord at 2022-02-28T07:06:46Z with exit-code 0.
...
