000 (15165476.033.000) 2022-02-28 00:26:04 Job submitted from host: <128.105.244.191:9618?addrs=128.105.244.191-9618&alias=submit-1.chtc.wisc.edu&noUDP&sock=schedd_3562897_9248>
...
040 (15165476.033.000) 2022-02-28 00:40:18 Started transferring input files
	Transferring to host: <128.104.58.178:9618?addrs=128.104.58.178-9618+[2607-f388-1086-0-a6ba-dbff-fe38-fc39]-9618&alias=e1048.chtc.wisc.edu&noUDP&sock=slot1_9_23071_5b43_24590>
...
001 (15165476.033.000) 2022-02-28 00:40:26 Job executing on host: <128.104.58.178:9618?addrs=128.104.58.178-9618+[2607-f388-1086-0-a6ba-dbff-fe38-fc39]-9618&alias=e1048.chtc.wisc.edu&noUDP&sock=startd_5063_6017>
...
040 (15165476.033.000) 2022-02-28 00:40:26 Finished transferring input files
...
006 (15165476.033.000) 2022-02-28 00:50:46 Image size of job updated: 178
	178  -  MemoryUsage of job (MB)
	182376  -  ResidentSetSize of job (KB)
...
006 (15165476.033.000) 2022-02-28 00:55:47 Image size of job updated: 585
	585  -  MemoryUsage of job (MB)
	599180  -  ResidentSetSize of job (KB)
...
006 (15165476.033.000) 2022-02-28 01:00:48 Image size of job updated: 759
	759  -  MemoryUsage of job (MB)
	778188  -  ResidentSetSize of job (KB)
...
006 (15165476.033.000) 2022-02-28 01:05:49 Image size of job updated: 1076
	1076  -  MemoryUsage of job (MB)
	1102608  -  ResidentSetSize of job (KB)
...
006 (15165476.033.000) 2022-02-28 01:10:51 Image size of job updated: 1658
	1658  -  MemoryUsage of job (MB)
	1698800  -  ResidentSetSize of job (KB)
...
006 (15165476.033.000) 2022-02-28 01:12:01 Image size of job updated: 1690
	1690  -  MemoryUsage of job (MB)
	1731404  -  ResidentSetSize of job (KB)
...
040 (15165476.033.000) 2022-02-28 01:12:21 Entered queue to transfer output files
...
040 (15165476.033.000) 2022-02-28 01:12:51 Started transferring output files
...
040 (15165476.033.000) 2022-02-28 01:14:21 Finished transferring output files
...
005 (15165476.033.000) 2022-02-28 01:14:54 Job terminated.
	(1) Normal termination (return value 0)
		Usr 0 00:00:00, Sys 0 00:00:00  -  Run Remote Usage
		Usr 0 00:00:00, Sys 0 00:00:00  -  Run Local Usage
		Usr 0 00:30:21, Sys 0 00:00:35  -  Total Remote Usage
		Usr 0 00:00:00, Sys 0 00:00:00  -  Total Local Usage
	213461  -  Run Bytes Sent By Job
	131040256  -  Run Bytes Received By Job
	213461  -  Total Bytes Sent By Job
	131040256  -  Total Bytes Received By Job
	Partitionable Resources :     Usage  Request Allocated 
	   Cpus                 :      0.00        1         1 
	   Disk (KB)            : 159745      419431    902285 
	   IoHeavy              :                            0 
	   Memory (MB)          :   1690        2151      2176 

	Job terminated of its own accord at 2022-02-28T07:12:01Z with exit-code 0.
...
