000 (15165476.030.000) 2022-02-28 00:26:04 Job submitted from host: <128.105.244.191:9618?addrs=128.105.244.191-9618&alias=submit-1.chtc.wisc.edu&noUDP&sock=schedd_3562897_9248>
...
040 (15165476.030.000) 2022-02-28 00:40:17 Started transferring input files
	Transferring to host: <128.105.245.158:9618?addrs=128.105.245.158-9618&alias=e2358.chtc.wisc.edu&noUDP&sock=slot1_16_8188_efc6_25627>
...
001 (15165476.030.000) 2022-02-28 00:40:25 Job executing on host: <128.105.245.158:9618?addrs=128.105.245.158-9618&alias=e2358.chtc.wisc.edu&noUDP&sock=startd_2758_564a>
...
040 (15165476.030.000) 2022-02-28 00:40:25 Finished transferring input files
...
006 (15165476.030.000) 2022-02-28 01:06:00 Image size of job updated: 419
	419  -  MemoryUsage of job (MB)
	429704  -  ResidentSetSize of job (KB)
...
006 (15165476.030.000) 2022-02-28 01:11:01 Image size of job updated: 696
	696  -  MemoryUsage of job (MB)
	713056  -  ResidentSetSize of job (KB)
...
006 (15165476.030.000) 2022-02-28 01:16:01 Image size of job updated: 850
	850  -  MemoryUsage of job (MB)
	871192  -  ResidentSetSize of job (KB)
...
006 (15165476.030.000) 2022-02-28 01:21:01 Image size of job updated: 1154
	1154  -  MemoryUsage of job (MB)
	1182152  -  ResidentSetSize of job (KB)
...
006 (15165476.030.000) 2022-02-28 01:26:15 Image size of job updated: 1690
	1690  -  MemoryUsage of job (MB)
	1730848  -  ResidentSetSize of job (KB)
...
040 (15165476.030.000) 2022-02-28 01:26:46 Entered queue to transfer output files
...
040 (15165476.030.000) 2022-02-28 01:27:05 Started transferring output files
...
040 (15165476.030.000) 2022-02-28 01:27:23 Finished transferring output files
...
005 (15165476.030.000) 2022-02-28 01:28:49 Job terminated.
	(1) Normal termination (return value 0)
		Usr 0 00:00:00, Sys 0 00:00:00  -  Run Remote Usage
		Usr 0 00:00:00, Sys 0 00:00:00  -  Run Local Usage
		Usr 0 00:36:33, Sys 0 00:00:54  -  Total Remote Usage
		Usr 0 00:00:00, Sys 0 00:00:00  -  Total Local Usage
	226438  -  Run Bytes Sent By Job
	131040256  -  Run Bytes Received By Job
	226438  -  Total Bytes Sent By Job
	131040256  -  Total Bytes Received By Job
	Partitionable Resources :     Usage  Request Allocated 
	   Cpus                 :      0.00        1         1 
	   Disk (KB)            : 159790      419431    670728 
	   IoHeavy              :                            0 
	   Memory (MB)          :   1690        2151      2176 

	Job terminated of its own accord at 2022-02-28T07:26:15Z with exit-code 0.
...
