000 (15165476.045.000) 2022-02-28 00:26:04 Job submitted from host: <128.105.244.191:9618?addrs=128.105.244.191-9618&alias=submit-1.chtc.wisc.edu&noUDP&sock=schedd_3562897_9248>
...
040 (15165476.045.000) 2022-02-28 00:40:22 Started transferring input files
	Transferring to host: <128.105.245.26:9618?addrs=128.105.245.26-9618&alias=e3226.chtc.wisc.edu&noUDP&sock=slot1_2_16277_5e6f_21557>
...
001 (15165476.045.000) 2022-02-28 00:40:29 Job executing on host: <128.105.245.26:9618?addrs=128.105.245.26-9618&alias=e3226.chtc.wisc.edu&noUDP&sock=startd_1584_121b>
...
040 (15165476.045.000) 2022-02-28 00:40:29 Finished transferring input files
...
006 (15165476.045.000) 2022-02-28 00:55:48 Image size of job updated: 434
	434  -  MemoryUsage of job (MB)
	445332  -  ResidentSetSize of job (KB)
...
006 (15165476.045.000) 2022-02-28 01:00:50 Image size of job updated: 700
	700  -  MemoryUsage of job (MB)
	717268  -  ResidentSetSize of job (KB)
...
006 (15165476.045.000) 2022-02-28 01:05:50 Image size of job updated: 1008
	1008  -  MemoryUsage of job (MB)
	1032880  -  ResidentSetSize of job (KB)
...
006 (15165476.045.000) 2022-02-28 01:10:53 Image size of job updated: 1623
	1623  -  MemoryUsage of job (MB)
	1661976  -  ResidentSetSize of job (KB)
...
006 (15165476.045.000) 2022-02-28 01:12:20 Image size of job updated: 1688
	1688  -  MemoryUsage of job (MB)
	1729164  -  ResidentSetSize of job (KB)
...
040 (15165476.045.000) 2022-02-28 01:12:55 Entered queue to transfer output files
...
040 (15165476.045.000) 2022-02-28 01:13:27 Started transferring output files
...
040 (15165476.045.000) 2022-02-28 01:14:42 Finished transferring output files
...
005 (15165476.045.000) 2022-02-28 01:15:17 Job terminated.
	(1) Normal termination (return value 0)
		Usr 0 00:00:00, Sys 0 00:00:00  -  Run Remote Usage
		Usr 0 00:00:00, Sys 0 00:00:00  -  Run Local Usage
		Usr 0 00:28:32, Sys 0 00:00:28  -  Total Remote Usage
		Usr 0 00:00:00, Sys 0 00:00:00  -  Total Local Usage
	226614  -  Run Bytes Sent By Job
	131040256  -  Run Bytes Received By Job
	226614  -  Total Bytes Sent By Job
	131040256  -  Total Bytes Received By Job
	Partitionable Resources :     Usage  Request Allocated 
	   Cpus                 :      0.00        1         1 
	   Disk (KB)            : 159757      419431   1051856 
	   IoHeavy              :                            0 
	   Memory (MB)          :   1688        2151      2176 

	Job terminated of its own accord at 2022-02-28T07:12:20Z with exit-code 0.
...
