000 (15165476.041.000) 2022-02-28 00:26:04 Job submitted from host: <128.105.244.191:9618?addrs=128.105.244.191-9618&alias=submit-1.chtc.wisc.edu&noUDP&sock=schedd_3562897_9248>
...
040 (15165476.041.000) 2022-02-28 00:40:21 Started transferring input files
	Transferring to host: <128.105.245.124:9618?addrs=128.105.245.124-9618&alias=e324.chtc.wisc.edu&noUDP&sock=slot1_13_17708_a349_20983>
...
001 (15165476.041.000) 2022-02-28 00:40:28 Job executing on host: <128.105.245.124:9618?addrs=128.105.245.124-9618&alias=e324.chtc.wisc.edu&noUDP&sock=startd_2484_6557>
...
040 (15165476.041.000) 2022-02-28 00:40:28 Finished transferring input files
...
006 (15165476.041.000) 2022-02-28 00:45:57 Image size of job updated: 186
	186  -  MemoryUsage of job (MB)
	191472  -  ResidentSetSize of job (KB)
...
006 (15165476.041.000) 2022-02-28 00:50:57 Image size of job updated: 664
	664  -  MemoryUsage of job (MB)
	680500  -  ResidentSetSize of job (KB)
...
006 (15165476.041.000) 2022-02-28 00:55:57 Image size of job updated: 820
	820  -  MemoryUsage of job (MB)
	840512  -  ResidentSetSize of job (KB)
...
006 (15165476.041.000) 2022-02-28 01:00:57 Image size of job updated: 1191
	1191  -  MemoryUsage of job (MB)
	1220356  -  ResidentSetSize of job (KB)
...
006 (15165476.041.000) 2022-02-28 01:05:54 Image size of job updated: 1689
	1689  -  MemoryUsage of job (MB)
	1730008  -  ResidentSetSize of job (KB)
...
040 (15165476.041.000) 2022-02-28 01:06:04 Started transferring output files
...
040 (15165476.041.000) 2022-02-28 01:06:11 Finished transferring output files
...
005 (15165476.041.000) 2022-02-28 01:06:45 Job terminated.
	(1) Normal termination (return value 0)
		Usr 0 00:00:00, Sys 0 00:00:00  -  Run Remote Usage
		Usr 0 00:00:00, Sys 0 00:00:00  -  Run Local Usage
		Usr 0 00:24:10, Sys 0 00:00:44  -  Total Remote Usage
		Usr 0 00:00:00, Sys 0 00:00:00  -  Total Local Usage
	222769  -  Run Bytes Sent By Job
	131040256  -  Run Bytes Received By Job
	222769  -  Total Bytes Sent By Job
	131040256  -  Total Bytes Received By Job
	Partitionable Resources :     Usage  Request Allocated 
	   Cpus                 :      0.00        1         1 
	   Disk (KB)            : 159399      419431    670691 
	   IoHeavy              :                            0 
	   Memory (MB)          :   1689        2151      2176 

	Job terminated of its own accord at 2022-02-28T07:05:54Z with exit-code 0.
...
