000 (15165476.048.000) 2022-02-28 00:26:04 Job submitted from host: <128.105.244.191:9618?addrs=128.105.244.191-9618&alias=submit-1.chtc.wisc.edu&noUDP&sock=schedd_3562897_9248>
...
040 (15165476.048.000) 2022-02-28 00:40:22 Started transferring input files
	Transferring to host: <128.104.58.23:9618?addrs=128.104.58.23-9618+[2607-f388-1086-0-a6ba-dbff-fe38-e928]-9618&alias=e013.chtc.wisc.edu&noUDP&sock=slot1_2_12270_132c_22517>
...
001 (15165476.048.000) 2022-02-28 00:40:30 Job executing on host: <128.104.58.23:9618?addrs=128.104.58.23-9618+[2607-f388-1086-0-a6ba-dbff-fe38-e928]-9618&alias=e013.chtc.wisc.edu&noUDP&sock=startd_2979_ecb8>
...
040 (15165476.048.000) 2022-02-28 00:40:30 Finished transferring input files
...
006 (15165476.048.000) 2022-02-28 00:50:47 Image size of job updated: 202
	202  -  MemoryUsage of job (MB)
	207708  -  ResidentSetSize of job (KB)
...
006 (15165476.048.000) 2022-02-28 00:55:48 Image size of job updated: 688
	688  -  MemoryUsage of job (MB)
	705380  -  ResidentSetSize of job (KB)
...
006 (15165476.048.000) 2022-02-28 01:00:49 Image size of job updated: 856
	856  -  MemoryUsage of job (MB)
	877144  -  ResidentSetSize of job (KB)
...
006 (15165476.048.000) 2022-02-28 01:05:50 Image size of job updated: 1226
	1226  -  MemoryUsage of job (MB)
	1255568  -  ResidentSetSize of job (KB)
...
006 (15165476.048.000) 2022-02-28 01:09:38 Image size of job updated: 1690
	1690  -  MemoryUsage of job (MB)
	1731052  -  ResidentSetSize of job (KB)
...
040 (15165476.048.000) 2022-02-28 01:09:54 Entered queue to transfer output files
...
040 (15165476.048.000) 2022-02-28 01:10:08 Started transferring output files
...
040 (15165476.048.000) 2022-02-28 01:11:07 Finished transferring output files
...
005 (15165476.048.000) 2022-02-28 01:11:46 Job terminated.
	(1) Normal termination (return value 0)
		Usr 0 00:29:57, Sys 0 00:00:39  -  Run Remote Usage
		Usr 0 00:00:00, Sys 0 00:00:00  -  Run Local Usage
		Usr 0 00:29:57, Sys 0 00:00:39  -  Total Remote Usage
		Usr 0 00:00:00, Sys 0 00:00:00  -  Total Local Usage
	213375  -  Run Bytes Sent By Job
	131040256  -  Run Bytes Received By Job
	213375  -  Total Bytes Sent By Job
	131040256  -  Total Bytes Received By Job
	Partitionable Resources :     Usage  Request Allocated 
	   Cpus                 :      0.00        1         1 
	   Disk (KB)            : 159358      419431   1818019 
	   IoHeavy              :                            0 
	   Memory (MB)          :   1690        2151      2176 

	Job terminated of its own accord at 2022-02-28T07:09:38Z with exit-code 0.
...
