000 (15165476.044.000) 2022-02-28 00:26:04 Job submitted from host: <128.105.244.191:9618?addrs=128.105.244.191-9618&alias=submit-1.chtc.wisc.edu&noUDP&sock=schedd_3562897_9248>
...
040 (15165476.044.000) 2022-02-28 00:40:22 Started transferring input files
	Transferring to host: <128.105.245.33:9618?addrs=128.105.245.33-9618&alias=e3233.chtc.wisc.edu&noUDP&sock=slot1_2_17325_c79a_24586>
...
001 (15165476.044.000) 2022-02-28 00:40:29 Job executing on host: <128.105.245.33:9618?addrs=128.105.245.33-9618&alias=e3233.chtc.wisc.edu&noUDP&sock=startd_5425_ad5f>
...
040 (15165476.044.000) 2022-02-28 00:40:29 Finished transferring input files
...
006 (15165476.044.000) 2022-02-28 00:55:46 Image size of job updated: 405
	405  -  MemoryUsage of job (MB)
	415700  -  ResidentSetSize of job (KB)
...
006 (15165476.044.000) 2022-02-28 01:00:47 Image size of job updated: 696
	696  -  MemoryUsage of job (MB)
	713708  -  ResidentSetSize of job (KB)
...
006 (15165476.044.000) 2022-02-28 01:05:48 Image size of job updated: 1004
	1004  -  MemoryUsage of job (MB)
	1028220  -  ResidentSetSize of job (KB)
...
006 (15165476.044.000) 2022-02-28 01:10:53 Image size of job updated: 1627
	1627  -  MemoryUsage of job (MB)
	1666256  -  ResidentSetSize of job (KB)
...
006 (15165476.044.000) 2022-02-28 01:12:19 Image size of job updated: 1688
	1688  -  MemoryUsage of job (MB)
	1729484  -  ResidentSetSize of job (KB)
...
040 (15165476.044.000) 2022-02-28 01:12:55 Entered queue to transfer output files
...
040 (15165476.044.000) 2022-02-28 01:13:23 Started transferring output files
...
040 (15165476.044.000) 2022-02-28 01:14:59 Finished transferring output files
...
005 (15165476.044.000) 2022-02-28 01:15:49 Job terminated.
	(1) Normal termination (return value 0)
		Usr 0 00:00:00, Sys 0 00:00:00  -  Run Remote Usage
		Usr 0 00:00:00, Sys 0 00:00:00  -  Run Local Usage
		Usr 0 00:27:47, Sys 0 00:00:30  -  Total Remote Usage
		Usr 0 00:00:00, Sys 0 00:00:00  -  Total Local Usage
	226183  -  Run Bytes Sent By Job
	131040256  -  Run Bytes Received By Job
	226183  -  Total Bytes Sent By Job
	131040256  -  Total Bytes Received By Job
	Partitionable Resources :     Usage  Request Allocated 
	   Cpus                 :      0.00        1         1 
	   Disk (KB)            : 159756      419431    896704 
	   IoHeavy              :                            0 
	   Memory (MB)          :   1688        2151      2176 

	Job terminated of its own accord at 2022-02-28T07:12:19Z with exit-code 0.
...
