000 (15165476.049.000) 2022-02-28 00:26:04 Job submitted from host: <128.105.244.191:9618?addrs=128.105.244.191-9618&alias=submit-1.chtc.wisc.edu&noUDP&sock=schedd_3562897_9248>
...
040 (15165476.049.000) 2022-02-28 00:40:22 Started transferring input files
	Transferring to host: <128.104.58.35:9618?addrs=128.104.58.35-9618+[2607-f388-1086-0-a6ba-dbff-fe38-e86f]-9618&alias=e025.chtc.wisc.edu&noUDP&sock=slot1_7_11077_7f9c_23748>
...
001 (15165476.049.000) 2022-02-28 00:40:30 Job executing on host: <128.104.58.35:9618?addrs=128.104.58.35-9618+[2607-f388-1086-0-a6ba-dbff-fe38-e86f]-9618&alias=e025.chtc.wisc.edu&noUDP&sock=startd_4895_242e>
...
040 (15165476.049.000) 2022-02-28 00:40:30 Finished transferring input files
...
006 (15165476.049.000) 2022-02-28 00:50:49 Image size of job updated: 200
	200  -  MemoryUsage of job (MB)
	205380  -  ResidentSetSize of job (KB)
...
006 (15165476.049.000) 2022-02-28 00:55:50 Image size of job updated: 696
	696  -  MemoryUsage of job (MB)
	713096  -  ResidentSetSize of job (KB)
...
006 (15165476.049.000) 2022-02-28 01:00:50 Image size of job updated: 888
	888  -  MemoryUsage of job (MB)
	909564  -  ResidentSetSize of job (KB)
...
006 (15165476.049.000) 2022-02-28 01:05:50 Image size of job updated: 1478
	1478  -  MemoryUsage of job (MB)
	1514164  -  ResidentSetSize of job (KB)
...
006 (15165476.049.000) 2022-02-28 01:08:46 Image size of job updated: 1688
	1688  -  MemoryUsage of job (MB)
	1728736  -  ResidentSetSize of job (KB)
...
040 (15165476.049.000) 2022-02-28 01:09:08 Entered queue to transfer output files
...
040 (15165476.049.000) 2022-02-28 01:09:23 Started transferring output files
...
040 (15165476.049.000) 2022-02-28 01:09:51 Finished transferring output files
...
005 (15165476.049.000) 2022-02-28 01:10:16 Job terminated.
	(1) Normal termination (return value 0)
		Usr 0 00:00:00, Sys 0 00:00:00  -  Run Remote Usage
		Usr 0 00:00:00, Sys 0 00:00:00  -  Run Local Usage
		Usr 0 00:26:15, Sys 0 00:00:28  -  Total Remote Usage
		Usr 0 00:00:00, Sys 0 00:00:00  -  Total Local Usage
	213498  -  Run Bytes Sent By Job
	131040256  -  Run Bytes Received By Job
	213498  -  Total Bytes Sent By Job
	131040256  -  Total Bytes Received By Job
	Partitionable Resources :     Usage  Request Allocated 
	   Cpus                 :      0.00        1         1 
	   Disk (KB)            : 159610      419431    898574 
	   IoHeavy              :                            0 
	   Memory (MB)          :   1688        2151      2176 

	Job terminated of its own accord at 2022-02-28T07:08:46Z with exit-code 0.
...
