000 (15165476.043.000) 2022-02-28 00:26:04 Job submitted from host: <128.105.244.191:9618?addrs=128.105.244.191-9618&alias=submit-1.chtc.wisc.edu&noUDP&sock=schedd_3562897_9248>
...
040 (15165476.043.000) 2022-02-28 00:40:21 Started transferring input files
	Transferring to host: <128.104.100.25:9618?addrs=128.104.100.25-9618+[2607-f388-107c-501-7a2b-cbff-fe0a-3d36]-9618&alias=e0037.chtc.wisc.edu&noUDP&sock=slot1_1_30501_76b1_26250>
...
001 (15165476.043.000) 2022-02-28 00:40:29 Job executing on host: <128.104.100.25:9618?addrs=128.104.100.25-9618+[2607-f388-107c-501-7a2b-cbff-fe0a-3d36]-9618&alias=e0037.chtc.wisc.edu&noUDP&sock=startd_4842_c9a9>
...
040 (15165476.043.000) 2022-02-28 00:40:29 Finished transferring input files
...
006 (15165476.043.000) 2022-02-28 00:50:47 Image size of job updated: 198
	198  -  MemoryUsage of job (MB)
	203200  -  ResidentSetSize of job (KB)
...
006 (15165476.043.000) 2022-02-28 00:55:48 Image size of job updated: 697
	697  -  MemoryUsage of job (MB)
	714464  -  ResidentSetSize of job (KB)
...
006 (15165476.043.000) 2022-02-28 01:00:48 Image size of job updated: 813
	813  -  MemoryUsage of job (MB)
	833148  -  ResidentSetSize of job (KB)
...
006 (15165476.043.000) 2022-02-28 01:05:48 Image size of job updated: 1137
	1137  -  MemoryUsage of job (MB)
	1164996  -  ResidentSetSize of job (KB)
...
006 (15165476.043.000) 2022-02-28 01:10:52 Image size of job updated: 1688
	1688  -  MemoryUsage of job (MB)
	1729432  -  ResidentSetSize of job (KB)
...
006 (15165476.043.000) 2022-02-28 01:11:41 Image size of job updated: 1691
	1691  -  MemoryUsage of job (MB)
	1731808  -  ResidentSetSize of job (KB)
...
040 (15165476.043.000) 2022-02-28 01:12:01 Entered queue to transfer output files
...
040 (15165476.043.000) 2022-02-28 01:12:15 Started transferring output files
...
040 (15165476.043.000) 2022-02-28 01:13:40 Finished transferring output files
...
005 (15165476.043.000) 2022-02-28 01:14:33 Job terminated.
	(1) Normal termination (return value 0)
		Usr 0 00:00:00, Sys 0 00:00:00  -  Run Remote Usage
		Usr 0 00:00:00, Sys 0 00:00:00  -  Run Local Usage
		Usr 0 00:32:17, Sys 0 00:00:33  -  Total Remote Usage
		Usr 0 00:00:00, Sys 0 00:00:00  -  Total Local Usage
	213418  -  Run Bytes Sent By Job
	131040256  -  Run Bytes Received By Job
	213418  -  Total Bytes Sent By Job
	131040256  -  Total Bytes Received By Job
	Partitionable Resources :     Usage  Request Allocated 
	   Cpus                 :      0.00        1         1 
	   Disk (KB)            : 159745      419431   3642872 
	   IoHeavy              :                            0 
	   Memory (MB)          :   1691        2151      2176 

	Job terminated of its own accord at 2022-02-28T07:11:41Z with exit-code 0.
...
