000 (15165476.042.000) 2022-02-28 00:26:04 Job submitted from host: <128.105.244.191:9618?addrs=128.105.244.191-9618&alias=submit-1.chtc.wisc.edu&noUDP&sock=schedd_3562897_9248>
...
040 (15165476.042.000) 2022-02-28 00:40:21 Started transferring input files
	Transferring to host: <128.104.58.88:9618?addrs=128.104.58.88-9618+[2607-f388-1086-0-a6ba-dbff-fe38-fc9f]-9618&alias=e078.chtc.wisc.edu&noUDP&sock=slot1_3_15187_5d83_26434>
...
001 (15165476.042.000) 2022-02-28 00:40:28 Job executing on host: <128.104.58.88:9618?addrs=128.104.58.88-9618+[2607-f388-1086-0-a6ba-dbff-fe38-fc9f]-9618&alias=e078.chtc.wisc.edu&noUDP&sock=startd_4926_679d>
...
040 (15165476.042.000) 2022-02-28 00:40:28 Finished transferring input files
...
006 (15165476.042.000) 2022-02-28 00:50:49 Image size of job updated: 396
	396  -  MemoryUsage of job (MB)
	406216  -  ResidentSetSize of job (KB)
...
006 (15165476.042.000) 2022-02-28 00:55:50 Image size of job updated: 697
	697  -  MemoryUsage of job (MB)
	713792  -  ResidentSetSize of job (KB)
...
006 (15165476.042.000) 2022-02-28 01:00:51 Image size of job updated: 923
	923  -  MemoryUsage of job (MB)
	945632  -  ResidentSetSize of job (KB)
...
006 (15165476.042.000) 2022-02-28 01:05:52 Image size of job updated: 1537
	1537  -  MemoryUsage of job (MB)
	1574236  -  ResidentSetSize of job (KB)
...
006 (15165476.042.000) 2022-02-28 01:08:26 Image size of job updated: 1688
	1688  -  MemoryUsage of job (MB)
	1728948  -  ResidentSetSize of job (KB)
...
040 (15165476.042.000) 2022-02-28 01:08:43 Entered queue to transfer output files
...
040 (15165476.042.000) 2022-02-28 01:08:59 Started transferring output files
...
040 (15165476.042.000) 2022-02-28 01:09:34 Finished transferring output files
...
005 (15165476.042.000) 2022-02-28 01:09:53 Job terminated.
	(1) Normal termination (return value 0)
		Usr 0 00:29:17, Sys 0 00:00:30  -  Run Remote Usage
		Usr 0 00:00:00, Sys 0 00:00:00  -  Run Local Usage
		Usr 0 00:29:17, Sys 0 00:00:30  -  Total Remote Usage
		Usr 0 00:00:00, Sys 0 00:00:00  -  Total Local Usage
	213296  -  Run Bytes Sent By Job
	131040256  -  Run Bytes Received By Job
	213296  -  Total Bytes Sent By Job
	131040256  -  Total Bytes Received By Job
	Partitionable Resources :     Usage  Request Allocated 
	   Cpus                 :      0.00        1         1 
	   Disk (KB)            : 159740      419431   2732512 
	   IoHeavy              :                            0 
	   Memory (MB)          :   1688        2151      2176 

	Job terminated of its own accord at 2022-02-28T07:08:26Z with exit-code 0.
...
