000 (15165476.040.000) 2022-02-28 00:26:04 Job submitted from host: <128.105.244.191:9618?addrs=128.105.244.191-9618&alias=submit-1.chtc.wisc.edu&noUDP&sock=schedd_3562897_9248>
...
040 (15165476.040.000) 2022-02-28 00:40:21 Started transferring input files
	Transferring to host: <128.105.68.130:9618?addrs=128.105.68.130-9618&alias=e2438.chtc.wisc.edu&noUDP&sock=slot1_14_4369_1b0b_29836>
...
001 (15165476.040.000) 2022-02-28 00:40:28 Job executing on host: <128.105.68.130:9618?addrs=128.105.68.130-9618&alias=e2438.chtc.wisc.edu&noUDP&sock=startd_2380_0f7d>
...
040 (15165476.040.000) 2022-02-28 00:40:28 Finished transferring input files
...
006 (15165476.040.000) 2022-02-28 01:05:39 Image size of job updated: 356
	356  -  MemoryUsage of job (MB)
	365416  -  ResidentSetSize of job (KB)
...
006 (15165476.040.000) 2022-02-28 01:10:53 Image size of job updated: 693
	693  -  MemoryUsage of job (MB)
	710496  -  ResidentSetSize of job (KB)
...
006 (15165476.040.000) 2022-02-28 01:15:40 Image size of job updated: 811
	811  -  MemoryUsage of job (MB)
	831248  -  ResidentSetSize of job (KB)
...
006 (15165476.040.000) 2022-02-28 01:20:40 Image size of job updated: 1100
	1100  -  MemoryUsage of job (MB)
	1126904  -  ResidentSetSize of job (KB)
...
006 (15165476.040.000) 2022-02-28 01:25:40 Image size of job updated: 1690
	1690  -  MemoryUsage of job (MB)
	1731540  -  ResidentSetSize of job (KB)
...
040 (15165476.040.000) 2022-02-28 01:28:08 Entered queue to transfer output files
...
040 (15165476.040.000) 2022-02-28 01:29:02 Started transferring output files
...
040 (15165476.040.000) 2022-02-28 01:30:04 Finished transferring output files
...
005 (15165476.040.000) 2022-02-28 01:34:04 Job terminated.
	(1) Normal termination (return value 0)
		Usr 0 00:35:14, Sys 0 00:00:37  -  Run Remote Usage
		Usr 0 00:00:00, Sys 0 00:00:00  -  Run Local Usage
		Usr 0 00:35:14, Sys 0 00:00:37  -  Total Remote Usage
		Usr 0 00:00:00, Sys 0 00:00:00  -  Total Local Usage
	226458  -  Run Bytes Sent By Job
	131040256  -  Run Bytes Received By Job
	226458  -  Total Bytes Sent By Job
	131040256  -  Total Bytes Received By Job
	Partitionable Resources :     Usage  Request Allocated 
	   Cpus                 :      0.00        1         1 
	   Disk (KB)            : 159790      419431    593148 
	   IoHeavy              :                            0 
	   Memory (MB)          :   1690        2151      2176 

	Job terminated of its own accord at 2022-02-28T07:26:24Z with exit-code 0.
...
