000 (15165476.052.000) 2022-02-28 00:26:04 Job submitted from host: <128.105.244.191:9618?addrs=128.105.244.191-9618&alias=submit-1.chtc.wisc.edu&noUDP&sock=schedd_3562897_9248>
...
040 (15165476.052.000) 2022-02-28 00:40:24 Started transferring input files
	Transferring to host: <128.104.58.56:9618?addrs=128.104.58.56-9618+[2607-f388-1086-0-a6ba-dbff-fe38-fd35]-9618&alias=e046.chtc.wisc.edu&noUDP&sock=slot1_1_32737_ed8c_23805>
...
001 (15165476.052.000) 2022-02-28 00:40:31 Job executing on host: <128.104.58.56:9618?addrs=128.104.58.56-9618+[2607-f388-1086-0-a6ba-dbff-fe38-fd35]-9618&alias=e046.chtc.wisc.edu&noUDP&sock=startd_4957_ab0d>
...
040 (15165476.052.000) 2022-02-28 00:40:31 Finished transferring input files
...
006 (15165476.052.000) 2022-02-28 00:50:51 Image size of job updated: 357
	357  -  MemoryUsage of job (MB)
	366216  -  ResidentSetSize of job (KB)
...
006 (15165476.052.000) 2022-02-28 00:55:52 Image size of job updated: 698
	698  -  MemoryUsage of job (MB)
	714848  -  ResidentSetSize of job (KB)
...
006 (15165476.052.000) 2022-02-28 01:00:53 Image size of job updated: 932
	932  -  MemoryUsage of job (MB)
	954788  -  ResidentSetSize of job (KB)
...
006 (15165476.052.000) 2022-02-28 01:05:54 Image size of job updated: 1561
	1561  -  MemoryUsage of job (MB)
	1598824  -  ResidentSetSize of job (KB)
...
006 (15165476.052.000) 2022-02-28 01:08:08 Image size of job updated: 1686
	1686  -  MemoryUsage of job (MB)
	1726996  -  ResidentSetSize of job (KB)
...
040 (15165476.052.000) 2022-02-28 01:08:19 Entered queue to transfer output files
...
040 (15165476.052.000) 2022-02-28 01:08:29 Started transferring output files
...
040 (15165476.052.000) 2022-02-28 01:09:12 Finished transferring output files
...
005 (15165476.052.000) 2022-02-28 01:09:32 Job terminated.
	(1) Normal termination (return value 0)
		Usr 0 00:00:00, Sys 0 00:00:00  -  Run Remote Usage
		Usr 0 00:00:00, Sys 0 00:00:00  -  Run Local Usage
		Usr 0 00:26:23, Sys 0 00:00:30  -  Total Remote Usage
		Usr 0 00:00:00, Sys 0 00:00:00  -  Total Local Usage
	213519  -  Run Bytes Sent By Job
	131040256  -  Run Bytes Received By Job
	213519  -  Total Bytes Sent By Job
	131040256  -  Total Bytes Received By Job
	Partitionable Resources :     Usage  Request Allocated 
	   Cpus                 :      0.00        1         1 
	   Disk (KB)            : 159745      419431   1361309 
	   IoHeavy              :                            0 
	   Memory (MB)          :   1686        2151      2176 

	Job terminated of its own accord at 2022-02-28T07:08:08Z with exit-code 0.
...
