000 (15165476.056.000) 2022-02-28 00:26:04 Job submitted from host: <128.105.244.191:9618?addrs=128.105.244.191-9618&alias=submit-1.chtc.wisc.edu&noUDP&sock=schedd_3562897_9248>
...
040 (15165476.056.000) 2022-02-28 00:40:25 Started transferring input files
	Transferring to host: <128.105.245.23:9618?addrs=128.105.245.23-9618&alias=e3223.chtc.wisc.edu&noUDP&sock=slot1_6_12728_c6ff_22337>
...
001 (15165476.056.000) 2022-02-28 00:40:32 Job executing on host: <128.105.245.23:9618?addrs=128.105.245.23-9618&alias=e3223.chtc.wisc.edu&noUDP&sock=startd_4910_6e19>
...
040 (15165476.056.000) 2022-02-28 00:40:32 Finished transferring input files
...
006 (15165476.056.000) 2022-02-28 00:55:50 Image size of job updated: 465
	465  -  MemoryUsage of job (MB)
	476196  -  ResidentSetSize of job (KB)
...
006 (15165476.056.000) 2022-02-28 01:00:51 Image size of job updated: 720
	720  -  MemoryUsage of job (MB)
	738288  -  ResidentSetSize of job (KB)
...
006 (15165476.056.000) 2022-02-28 01:05:52 Image size of job updated: 1058
	1058  -  MemoryUsage of job (MB)
	1083784  -  ResidentSetSize of job (KB)
...
006 (15165476.056.000) 2022-02-28 01:11:02 Image size of job updated: 1676
	1676  -  MemoryUsage of job (MB)
	1716928  -  ResidentSetSize of job (KB)
...
006 (15165476.056.000) 2022-02-28 01:11:49 Image size of job updated: 1688
	1688  -  MemoryUsage of job (MB)
	1728676  -  ResidentSetSize of job (KB)
...
040 (15165476.056.000) 2022-02-28 01:12:05 Entered queue to transfer output files
...
040 (15165476.056.000) 2022-02-28 01:12:20 Started transferring output files
...
040 (15165476.056.000) 2022-02-28 01:13:52 Finished transferring output files
...
005 (15165476.056.000) 2022-02-28 01:14:53 Job terminated.
	(1) Normal termination (return value 0)
		Usr 0 00:29:16, Sys 0 00:00:29  -  Run Remote Usage
		Usr 0 00:00:00, Sys 0 00:00:00  -  Run Local Usage
		Usr 0 00:29:16, Sys 0 00:00:29  -  Total Remote Usage
		Usr 0 00:00:00, Sys 0 00:00:00  -  Total Local Usage
	226463  -  Run Bytes Sent By Job
	131040256  -  Run Bytes Received By Job
	226463  -  Total Bytes Sent By Job
	131040256  -  Total Bytes Received By Job
	Partitionable Resources :     Usage  Request Allocated 
	   Cpus                 :      0.00        1         1 
	   Disk (KB)            : 159757      419431    900737 
	   IoHeavy              :                            0 
	   Memory (MB)          :   1688        2151      2176 

	Job terminated of its own accord at 2022-02-28T07:11:49Z with exit-code 0.
...
