000 (15165476.053.000) 2022-02-28 00:26:04 Job submitted from host: <128.105.244.191:9618?addrs=128.105.244.191-9618&alias=submit-1.chtc.wisc.edu&noUDP&sock=schedd_3562897_9248>
...
040 (15165476.053.000) 2022-02-28 00:40:24 Started transferring input files
	Transferring to host: <128.105.245.38:9618?addrs=128.105.245.38-9618&alias=e3238.chtc.wisc.edu&noUDP&sock=slot1_5_9303_8e13_24251>
...
001 (15165476.053.000) 2022-02-28 00:40:32 Job executing on host: <128.105.245.38:9618?addrs=128.105.245.38-9618&alias=e3238.chtc.wisc.edu&noUDP&sock=startd_4714_fd89>
...
040 (15165476.053.000) 2022-02-28 00:40:32 Finished transferring input files
...
006 (15165476.053.000) 2022-02-28 00:55:51 Image size of job updated: 499
	499  -  MemoryUsage of job (MB)
	511276  -  ResidentSetSize of job (KB)
...
006 (15165476.053.000) 2022-02-28 01:00:52 Image size of job updated: 711
	711  -  MemoryUsage of job (MB)
	728820  -  ResidentSetSize of job (KB)
...
006 (15165476.053.000) 2022-02-28 01:05:52 Image size of job updated: 1030
	1030  -  MemoryUsage of job (MB)
	1055112  -  ResidentSetSize of job (KB)
...
006 (15165476.053.000) 2022-02-28 01:10:55 Image size of job updated: 1656
	1656  -  MemoryUsage of job (MB)
	1696756  -  ResidentSetSize of job (KB)
...
006 (15165476.053.000) 2022-02-28 01:12:04 Image size of job updated: 1690
	1690  -  MemoryUsage of job (MB)
	1730944  -  ResidentSetSize of job (KB)
...
040 (15165476.053.000) 2022-02-28 01:12:22 Entered queue to transfer output files
...
040 (15165476.053.000) 2022-02-28 01:12:52 Started transferring output files
...
040 (15165476.053.000) 2022-02-28 01:16:45 Finished transferring output files
...
005 (15165476.053.000) 2022-02-28 01:17:37 Job terminated.
	(1) Normal termination (return value 0)
		Usr 0 00:00:00, Sys 0 00:00:00  -  Run Remote Usage
		Usr 0 00:00:00, Sys 0 00:00:00  -  Run Local Usage
		Usr 0 00:28:17, Sys 0 00:00:29  -  Total Remote Usage
		Usr 0 00:00:00, Sys 0 00:00:00  -  Total Local Usage
	226406  -  Run Bytes Sent By Job
	131040256  -  Run Bytes Received By Job
	226406  -  Total Bytes Sent By Job
	131040256  -  Total Bytes Received By Job
	Partitionable Resources :     Usage  Request Allocated 
	   Cpus                 :      0.00        1         1 
	   Disk (KB)            : 159757      419431    666602 
	   IoHeavy              :                            0 
	   Memory (MB)          :   1690        2151      2176 

	Job terminated of its own accord at 2022-02-28T07:12:04Z with exit-code 0.
...
