000 (15165476.050.000) 2022-02-28 00:26:04 Job submitted from host: <128.105.244.191:9618?addrs=128.105.244.191-9618&alias=submit-1.chtc.wisc.edu&noUDP&sock=schedd_3562897_9248>
...
040 (15165476.050.000) 2022-02-28 00:40:23 Started transferring input files
	Transferring to host: <128.105.245.27:9618?addrs=128.105.245.27-9618&alias=e3227.chtc.wisc.edu&noUDP&sock=slot1_1_4185_7603_24240>
...
001 (15165476.050.000) 2022-02-28 00:40:30 Job executing on host: <128.105.245.27:9618?addrs=128.105.245.27-9618&alias=e3227.chtc.wisc.edu&noUDP&sock=startd_4871_ade8>
...
040 (15165476.050.000) 2022-02-28 00:40:30 Finished transferring input files
...
006 (15165476.050.000) 2022-02-28 00:45:44 Image size of job updated: 178
	178  -  MemoryUsage of job (MB)
	182348  -  ResidentSetSize of job (KB)
...
006 (15165476.050.000) 2022-02-28 00:50:45 Image size of job updated: 692
	692  -  MemoryUsage of job (MB)
	709480  -  ResidentSetSize of job (KB)
...
006 (15165476.050.000) 2022-02-28 00:55:46 Image size of job updated: 846
	846  -  MemoryUsage of job (MB)
	866948  -  ResidentSetSize of job (KB)
...
006 (15165476.050.000) 2022-02-28 01:00:46 Image size of job updated: 1218
	1218  -  MemoryUsage of job (MB)
	1247504  -  ResidentSetSize of job (KB)
...
006 (15165476.050.000) 2022-02-28 01:04:48 Image size of job updated: 1691
	1691  -  MemoryUsage of job (MB)
	1732136  -  ResidentSetSize of job (KB)
...
040 (15165476.050.000) 2022-02-28 01:05:00 Entered queue to transfer output files
...
040 (15165476.050.000) 2022-02-28 01:05:06 Started transferring output files
...
040 (15165476.050.000) 2022-02-28 01:05:19 Finished transferring output files
...
005 (15165476.050.000) 2022-02-28 01:05:23 Job terminated.
	(1) Normal termination (return value 0)
		Usr 0 00:29:54, Sys 0 00:00:30  -  Run Remote Usage
		Usr 0 00:00:00, Sys 0 00:00:00  -  Run Local Usage
		Usr 0 00:29:54, Sys 0 00:00:30  -  Total Remote Usage
		Usr 0 00:00:00, Sys 0 00:00:00  -  Total Local Usage
	222710  -  Run Bytes Sent By Job
	131040256  -  Run Bytes Received By Job
	222710  -  Total Bytes Sent By Job
	131040256  -  Total Bytes Received By Job
	Partitionable Resources :     Usage  Request Allocated 
	   Cpus                 :      0.00        1         1 
	   Disk (KB)            : 159366      419431    899439 
	   IoHeavy              :                            0 
	   Memory (MB)          :   1691        2151      2176 

	Job terminated of its own accord at 2022-02-28T07:04:48Z with exit-code 0.
...
