000 (15165476.054.000) 2022-02-28 00:26:04 Job submitted from host: <128.105.244.191:9618?addrs=128.105.244.191-9618&alias=submit-1.chtc.wisc.edu&noUDP&sock=schedd_3562897_9248>
...
040 (15165476.054.000) 2022-02-28 00:40:24 Started transferring input files
	Transferring to host: <128.104.58.78:9618?addrs=128.104.58.78-9618+[2607-f388-1086-0-a6ba-dbff-fe38-ebdd]-9618&alias=e068.chtc.wisc.edu&noUDP&sock=slot1_8_3320_fd80_23689>
...
001 (15165476.054.000) 2022-02-28 00:40:32 Job executing on host: <128.104.58.78:9618?addrs=128.104.58.78-9618+[2607-f388-1086-0-a6ba-dbff-fe38-ebdd]-9618&alias=e068.chtc.wisc.edu&noUDP&sock=startd_4757_7c1c>
...
040 (15165476.054.000) 2022-02-28 00:40:32 Finished transferring input files
...
006 (15165476.054.000) 2022-02-28 00:50:50 Image size of job updated: 357
	357  -  MemoryUsage of job (MB)
	366140  -  ResidentSetSize of job (KB)
...
006 (15165476.054.000) 2022-02-28 00:55:51 Image size of job updated: 692
	692  -  MemoryUsage of job (MB)
	709448  -  ResidentSetSize of job (KB)
...
006 (15165476.054.000) 2022-02-28 01:00:51 Image size of job updated: 923
	923  -  MemoryUsage of job (MB)
	946140  -  ResidentSetSize of job (KB)
...
006 (15165476.054.000) 2022-02-28 01:05:51 Image size of job updated: 1527
	1527  -  MemoryUsage of job (MB)
	1564600  -  ResidentSetSize of job (KB)
...
006 (15165476.054.000) 2022-02-28 01:08:30 Image size of job updated: 1690
	1690  -  MemoryUsage of job (MB)
	1731052  -  ResidentSetSize of job (KB)
...
040 (15165476.054.000) 2022-02-28 01:08:50 Entered queue to transfer output files
...
040 (15165476.054.000) 2022-02-28 01:09:04 Started transferring output files
...
040 (15165476.054.000) 2022-02-28 01:09:37 Finished transferring output files
...
005 (15165476.054.000) 2022-02-28 01:09:57 Job terminated.
	(1) Normal termination (return value 0)
		Usr 0 00:00:00, Sys 0 00:00:00  -  Run Remote Usage
		Usr 0 00:00:00, Sys 0 00:00:00  -  Run Local Usage
		Usr 0 00:26:51, Sys 0 00:00:30  -  Total Remote Usage
		Usr 0 00:00:00, Sys 0 00:00:00  -  Total Local Usage
	213472  -  Run Bytes Sent By Job
	131040256  -  Run Bytes Received By Job
	213472  -  Total Bytes Sent By Job
	131040256  -  Total Bytes Received By Job
	Partitionable Resources :     Usage  Request Allocated 
	   Cpus                 :      0.00        1         1 
	   Disk (KB)            : 159739      419431    907190 
	   IoHeavy              :                            0 
	   Memory (MB)          :   1690        2151      2176 

	Job terminated of its own accord at 2022-02-28T07:08:30Z with exit-code 0.
...
