000 (15165476.005.000) 2022-02-28 00:26:04 Job submitted from host: <128.105.244.191:9618?addrs=128.105.244.191-9618&alias=submit-1.chtc.wisc.edu&noUDP&sock=schedd_3562897_9248>
...
040 (15165476.005.000) 2022-02-28 00:40:07 Started transferring input files
	Transferring to host: <128.104.58.171:9618?addrs=128.104.58.171-9618+[2607-f388-1086-0-16fe-b5ff-fec6-79de]-9618&alias=e1025.chtc.wisc.edu&noUDP&sock=slot1_32_13998_9b72_28630>
...
040 (15165476.005.000) 2022-02-28 00:40:12 Finished transferring input files
...
001 (15165476.005.000) 2022-02-28 00:40:19 Job executing on host: <128.104.58.171:9618?addrs=128.104.58.171-9618+[2607-f388-1086-0-16fe-b5ff-fec6-79de]-9618&alias=e1025.chtc.wisc.edu&noUDP&sock=startd_4914_2c7a>
...
006 (15165476.005.000) 2022-02-28 00:51:16 Image size of job updated: 173
	173  -  MemoryUsage of job (MB)
	177644  -  ResidentSetSize of job (KB)
...
006 (15165476.005.000) 2022-02-28 00:56:16 Image size of job updated: 397
	397  -  MemoryUsage of job (MB)
	407144  -  ResidentSetSize of job (KB)
...
006 (15165476.005.000) 2022-02-28 01:01:16 Image size of job updated: 699
	699  -  MemoryUsage of job (MB)
	716324  -  ResidentSetSize of job (KB)
...
006 (15165476.005.000) 2022-02-28 01:06:16 Image size of job updated: 750
	750  -  MemoryUsage of job (MB)
	768700  -  ResidentSetSize of job (KB)
...
006 (15165476.005.000) 2022-02-28 01:11:17 Image size of job updated: 945
	945  -  MemoryUsage of job (MB)
	968680  -  ResidentSetSize of job (KB)
...
006 (15165476.005.000) 2022-02-28 01:16:17 Image size of job updated: 1208
	1208  -  MemoryUsage of job (MB)
	1237436  -  ResidentSetSize of job (KB)
...
006 (15165476.005.000) 2022-02-28 01:21:17 Image size of job updated: 1649
	1649  -  MemoryUsage of job (MB)
	1689360  -  ResidentSetSize of job (KB)
...
006 (15165476.005.000) 2022-02-28 01:23:14 Image size of job updated: 1687
	1687  -  MemoryUsage of job (MB)
	1727644  -  ResidentSetSize of job (KB)
...
040 (15165476.005.000) 2022-02-28 01:23:51 Entered queue to transfer output files
...
040 (15165476.005.000) 2022-02-28 01:24:16 Started transferring output files
...
040 (15165476.005.000) 2022-02-28 01:25:49 Finished transferring output files
...
005 (15165476.005.000) 2022-02-28 01:27:07 Job terminated.
	(1) Normal termination (return value 0)
		Usr 0 00:00:00, Sys 0 00:00:00  -  Run Remote Usage
		Usr 0 00:00:00, Sys 0 00:00:00  -  Run Local Usage
		Usr 0 00:44:19, Sys 0 00:01:18  -  Total Remote Usage
		Usr 0 00:00:00, Sys 0 00:00:00  -  Total Local Usage
	212458  -  Run Bytes Sent By Job
	131040256  -  Run Bytes Received By Job
	212458  -  Total Bytes Sent By Job
	131040256  -  Total Bytes Received By Job
	Partitionable Resources :     Usage  Request Allocated 
	   Cpus                 :      0.00        1         1 
	   Disk (KB)            : 159876      419431    595349 
	   IoHeavy              :                            0 
	   Memory (MB)          :   1687        2151      2176 

	Job terminated of its own accord at 2022-02-28T07:23:14Z with exit-code 0.
...
