000 (15165476.006.000) 2022-02-28 00:26:04 Job submitted from host: <128.105.244.191:9618?addrs=128.105.244.191-9618&alias=submit-1.chtc.wisc.edu&noUDP&sock=schedd_3562897_9248>
...
040 (15165476.006.000) 2022-02-28 00:40:07 Started transferring input files
	Transferring to host: <128.105.245.120:9618?addrs=128.105.245.120-9618&alias=e320.chtc.wisc.edu&noUDP&sock=slot1_15_31634_c3bf_25852>
...
001 (15165476.006.000) 2022-02-28 00:40:14 Job executing on host: <128.105.245.120:9618?addrs=128.105.245.120-9618&alias=e320.chtc.wisc.edu&noUDP&sock=startd_2848_11d0>
...
040 (15165476.006.000) 2022-02-28 00:40:14 Finished transferring input files
...
006 (15165476.006.000) 2022-02-28 01:00:44 Image size of job updated: 184
	184  -  MemoryUsage of job (MB)
	189412  -  ResidentSetSize of job (KB)
...
006 (15165476.006.000) 2022-02-28 01:05:44 Image size of job updated: 504
	504  -  MemoryUsage of job (MB)
	517048  -  ResidentSetSize of job (KB)
...
006 (15165476.006.000) 2022-02-28 01:10:45 Image size of job updated: 683
	683  -  MemoryUsage of job (MB)
	700228  -  ResidentSetSize of job (KB)
...
006 (15165476.006.000) 2022-02-28 01:15:44 Image size of job updated: 906
	906  -  MemoryUsage of job (MB)
	927820  -  ResidentSetSize of job (KB)
...
006 (15165476.006.000) 2022-02-28 01:20:45 Image size of job updated: 1341
	1341  -  MemoryUsage of job (MB)
	1373244  -  ResidentSetSize of job (KB)
...
006 (15165476.006.000) 2022-02-28 01:24:31 Image size of job updated: 1685
	1685  -  MemoryUsage of job (MB)
	1725552  -  ResidentSetSize of job (KB)
...
040 (15165476.006.000) 2022-02-28 01:25:03 Entered queue to transfer output files
...
040 (15165476.006.000) 2022-02-28 01:25:24 Started transferring output files
...
040 (15165476.006.000) 2022-02-28 01:26:31 Finished transferring output files
...
005 (15165476.006.000) 2022-02-28 01:27:08 Job terminated.
	(1) Normal termination (return value 0)
		Usr 0 00:35:40, Sys 0 00:00:53  -  Run Remote Usage
		Usr 0 00:00:00, Sys 0 00:00:00  -  Run Local Usage
		Usr 0 00:35:40, Sys 0 00:00:53  -  Total Remote Usage
		Usr 0 00:00:00, Sys 0 00:00:00  -  Total Local Usage
	225201  -  Run Bytes Sent By Job
	131040256  -  Run Bytes Received By Job
	225201  -  Total Bytes Sent By Job
	131040256  -  Total Bytes Received By Job
	Partitionable Resources :     Usage  Request Allocated 
	   Cpus                 :      0.00        1         1 
	   Disk (KB)            : 159401      419431    599246 
	   IoHeavy              :                            0 
	   Memory (MB)          :   1685        2151      2176 

	Job terminated of its own accord at 2022-02-28T07:24:31Z with exit-code 0.
...
