000 (15165476.061.000) 2022-02-28 00:26:04 Job submitted from host: <128.105.244.191:9618?addrs=128.105.244.191-9618&alias=submit-1.chtc.wisc.edu&noUDP&sock=schedd_3562897_9248>
...
040 (15165476.061.000) 2022-02-28 00:40:26 Started transferring input files
	Transferring to host: <128.104.58.75:9618?addrs=128.104.58.75-9618+[2607-f388-1086-0-a6ba-dbff-fe38-fc8c]-9618&alias=e065.chtc.wisc.edu&noUDP&sock=slot1_6_6267_6b18_24137>
...
001 (15165476.061.000) 2022-02-28 00:40:34 Job executing on host: <128.104.58.75:9618?addrs=128.104.58.75-9618+[2607-f388-1086-0-a6ba-dbff-fe38-fc8c]-9618&alias=e065.chtc.wisc.edu&noUDP&sock=startd_4759_db4c>
...
040 (15165476.061.000) 2022-02-28 00:40:34 Finished transferring input files
...
006 (15165476.061.000) 2022-02-28 00:50:51 Image size of job updated: 203
	203  -  MemoryUsage of job (MB)
	208660  -  ResidentSetSize of job (KB)
...
006 (15165476.061.000) 2022-02-28 00:55:52 Image size of job updated: 698
	698  -  MemoryUsage of job (MB)
	715692  -  ResidentSetSize of job (KB)
...
006 (15165476.061.000) 2022-02-28 01:00:53 Image size of job updated: 864
	864  -  MemoryUsage of job (MB)
	885468  -  ResidentSetSize of job (KB)
...
006 (15165476.061.000) 2022-02-28 01:05:54 Image size of job updated: 1220
	1220  -  MemoryUsage of job (MB)
	1250052  -  ResidentSetSize of job (KB)
...
006 (15165476.061.000) 2022-02-28 01:09:54 Image size of job updated: 1692
	1692  -  MemoryUsage of job (MB)
	1733148  -  ResidentSetSize of job (KB)
...
040 (15165476.061.000) 2022-02-28 01:10:14 Entered queue to transfer output files
...
040 (15165476.061.000) 2022-02-28 01:10:39 Started transferring output files
...
040 (15165476.061.000) 2022-02-28 01:11:40 Finished transferring output files
...
005 (15165476.061.000) 2022-02-28 01:12:05 Job terminated.
	(1) Normal termination (return value 0)
		Usr 0 00:30:32, Sys 0 00:00:31  -  Run Remote Usage
		Usr 0 00:00:00, Sys 0 00:00:00  -  Run Local Usage
		Usr 0 00:30:32, Sys 0 00:00:31  -  Total Remote Usage
		Usr 0 00:00:00, Sys 0 00:00:00  -  Total Local Usage
	213500  -  Run Bytes Sent By Job
	131040256  -  Run Bytes Received By Job
	213500  -  Total Bytes Sent By Job
	131040256  -  Total Bytes Received By Job
	Partitionable Resources :     Usage  Request Allocated 
	   Cpus                 :      0.00        1         1 
	   Disk (KB)            : 159358      419431    907701 
	   IoHeavy              :                            0 
	   Memory (MB)          :   1692        2151      2176 

	Job terminated of its own accord at 2022-02-28T07:09:54Z with exit-code 0.
...
