000 (15165476.066.000) 2022-02-28 00:26:04 Job submitted from host: <128.105.244.191:9618?addrs=128.105.244.191-9618&alias=submit-1.chtc.wisc.edu&noUDP&sock=schedd_3562897_9248>
...
040 (15165476.066.000) 2022-02-28 00:40:27 Started transferring input files
	Transferring to host: <128.104.58.203:9618?addrs=128.104.58.203-9618+[2607-f388-1086-0-8af0-31ff-feb3-dc28]-9618&alias=e459.chtc.wisc.edu&noUDP&sock=slot1_13_7253_2500_27455>
...
001 (15165476.066.000) 2022-02-28 00:40:35 Job executing on host: <128.104.58.203:9618?addrs=128.104.58.203-9618+[2607-f388-1086-0-8af0-31ff-feb3-dc28]-9618&alias=e459.chtc.wisc.edu&noUDP&sock=startd_2013_543c>
...
040 (15165476.066.000) 2022-02-28 00:40:35 Finished transferring input files
...
006 (15165476.066.000) 2022-02-28 00:51:06 Image size of job updated: 208
	208  -  MemoryUsage of job (MB)
	213772  -  ResidentSetSize of job (KB)
...
006 (15165476.066.000) 2022-02-28 00:56:06 Image size of job updated: 678
	678  -  MemoryUsage of job (MB)
	694424  -  ResidentSetSize of job (KB)
...
006 (15165476.066.000) 2022-02-28 01:01:06 Image size of job updated: 725
	725  -  MemoryUsage of job (MB)
	742552  -  ResidentSetSize of job (KB)
...
006 (15165476.066.000) 2022-02-28 01:06:07 Image size of job updated: 939
	939  -  MemoryUsage of job (MB)
	962320  -  ResidentSetSize of job (KB)
...
006 (15165476.066.000) 2022-02-28 01:11:08 Image size of job updated: 1218
	1218  -  MemoryUsage of job (MB)
	1247548  -  ResidentSetSize of job (KB)
...
006 (15165476.066.000) 2022-02-28 01:16:03 Image size of job updated: 1684
	1684  -  MemoryUsage of job (MB)
	1724956  -  ResidentSetSize of job (KB)
...
040 (15165476.066.000) 2022-02-28 01:16:35 Entered queue to transfer output files
...
040 (15165476.066.000) 2022-02-28 01:19:07 Started transferring output files
...
040 (15165476.066.000) 2022-02-28 01:20:16 Finished transferring output files
...
005 (15165476.066.000) 2022-02-28 01:21:02 Job terminated.
	(1) Normal termination (return value 0)
		Usr 0 00:39:52, Sys 0 00:00:45  -  Run Remote Usage
		Usr 0 00:00:00, Sys 0 00:00:00  -  Run Local Usage
		Usr 0 00:39:52, Sys 0 00:00:45  -  Total Remote Usage
		Usr 0 00:00:00, Sys 0 00:00:00  -  Total Local Usage
	212213  -  Run Bytes Sent By Job
	131040256  -  Run Bytes Received By Job
	212213  -  Total Bytes Sent By Job
	131040256  -  Total Bytes Received By Job
	Partitionable Resources :    Usage  Request Allocated 
	   Cpus                 :        0        1         1 
	   Disk (KB)            :   159389   419431    667055 
	   IoHeavy              :                           0 
	   Memory (MB)          :     1684     2151      2176 

	Job terminated of its own accord at 2022-02-28T07:16:03Z with exit-code 0.
...
