000 (15165476.069.000) 2022-02-28 00:26:04 Job submitted from host: <128.105.244.191:9618?addrs=128.105.244.191-9618&alias=submit-1.chtc.wisc.edu&noUDP&sock=schedd_3562897_9248>
...
040 (15165476.069.000) 2022-02-28 00:40:28 Started transferring input files
	Transferring to host: <128.105.245.198:9618?addrs=128.105.245.198-9618&alias=e2398.chtc.wisc.edu&noUDP&sock=slot1_24_19764_469d_29234>
...
001 (15165476.069.000) 2022-02-28 00:40:35 Job executing on host: <128.105.245.198:9618?addrs=128.105.245.198-9618&alias=e2398.chtc.wisc.edu&noUDP&sock=startd_2358_f868>
...
040 (15165476.069.000) 2022-02-28 00:40:35 Finished transferring input files
...
006 (15165476.069.000) 2022-02-28 01:05:46 Image size of job updated: 416
	416  -  MemoryUsage of job (MB)
	427000  -  ResidentSetSize of job (KB)
...
006 (15165476.069.000) 2022-02-28 01:11:03 Image size of job updated: 701
	701  -  MemoryUsage of job (MB)
	718124  -  ResidentSetSize of job (KB)
...
006 (15165476.069.000) 2022-02-28 01:15:46 Image size of job updated: 801
	801  -  MemoryUsage of job (MB)
	820884  -  ResidentSetSize of job (KB)
...
006 (15165476.069.000) 2022-02-28 01:20:46 Image size of job updated: 1056
	1056  -  MemoryUsage of job (MB)
	1081844  -  ResidentSetSize of job (KB)
...
006 (15165476.069.000) 2022-02-28 01:25:46 Image size of job updated: 1547
	1547  -  MemoryUsage of job (MB)
	1584304  -  ResidentSetSize of job (KB)
...
006 (15165476.069.000) 2022-02-28 01:29:03 Image size of job updated: 1681
	1681  -  MemoryUsage of job (MB)
	1722016  -  ResidentSetSize of job (KB)
...
040 (15165476.069.000) 2022-02-28 01:29:38 Entered queue to transfer output files
...
040 (15165476.069.000) 2022-02-28 01:30:01 Started transferring output files
...
040 (15165476.069.000) 2022-02-28 01:31:08 Finished transferring output files
...
005 (15165476.069.000) 2022-02-28 01:32:03 Job terminated.
	(1) Normal termination (return value 0)
		Usr 0 00:39:49, Sys 0 00:00:56  -  Run Remote Usage
		Usr 0 00:00:00, Sys 0 00:00:00  -  Run Local Usage
		Usr 0 00:39:49, Sys 0 00:00:56  -  Total Remote Usage
		Usr 0 00:00:00, Sys 0 00:00:00  -  Total Local Usage
	225453  -  Run Bytes Sent By Job
	131040256  -  Run Bytes Received By Job
	225453  -  Total Bytes Sent By Job
	131040256  -  Total Bytes Received By Job
	Partitionable Resources :     Usage  Request Allocated 
	   Cpus                 :      0.00        1         1 
	   Disk (KB)            : 159789      419431    593318 
	   IoHeavy              :                            0 
	   Memory (MB)          :   1681        2151      2176 

	Job terminated of its own accord at 2022-02-28T07:29:03Z with exit-code 0.
...
