000 (15165476.067.000) 2022-02-28 00:26:04 Job submitted from host: <128.105.244.191:9618?addrs=128.105.244.191-9618&alias=submit-1.chtc.wisc.edu&noUDP&sock=schedd_3562897_9248>
...
040 (15165476.067.000) 2022-02-28 00:40:28 Started transferring input files
	Transferring to host: <128.104.101.127:9618?addrs=128.104.101.127-9618+[2607-f388-107c-501-4603-a7ff-fe29-9f83]-9618&alias=e127.chtc.wisc.edu&noUDP&sock=slot1_18_17503_3261_35190>
...
001 (15165476.067.000) 2022-02-28 00:40:35 Job executing on host: <128.104.101.127:9618?addrs=128.104.101.127-9618+[2607-f388-107c-501-4603-a7ff-fe29-9f83]-9618&alias=e127.chtc.wisc.edu&noUDP&sock=startd_1880_1a23>
...
040 (15165476.067.000) 2022-02-28 00:40:35 Finished transferring input files
...
006 (15165476.067.000) 2022-02-28 00:51:00 Image size of job updated: 199
	199  -  MemoryUsage of job (MB)
	203832  -  ResidentSetSize of job (KB)
...
006 (15165476.067.000) 2022-02-28 00:56:00 Image size of job updated: 676
	676  -  MemoryUsage of job (MB)
	692512  -  ResidentSetSize of job (KB)
...
006 (15165476.067.000) 2022-02-28 01:01:00 Image size of job updated: 794
	794  -  MemoryUsage of job (MB)
	813372  -  ResidentSetSize of job (KB)
...
006 (15165476.067.000) 2022-02-28 01:06:00 Image size of job updated: 1075
	1075  -  MemoryUsage of job (MB)
	1101660  -  ResidentSetSize of job (KB)
...
006 (15165476.067.000) 2022-02-28 01:11:01 Image size of job updated: 1596
	1596  -  MemoryUsage of job (MB)
	1634964  -  ResidentSetSize of job (KB)
...
006 (15165476.067.000) 2022-02-28 01:12:35 Image size of job updated: 1690
	1690  -  MemoryUsage of job (MB)
	1731068  -  ResidentSetSize of job (KB)
...
040 (15165476.067.000) 2022-02-28 01:13:17 Entered queue to transfer output files
...
040 (15165476.067.000) 2022-02-28 01:13:40 Started transferring output files
...
040 (15165476.067.000) 2022-02-28 01:17:09 Finished transferring output files
...
005 (15165476.067.000) 2022-02-28 01:17:43 Job terminated.
	(1) Normal termination (return value 0)
		Usr 0 00:33:33, Sys 0 00:00:44  -  Run Remote Usage
		Usr 0 00:00:00, Sys 0 00:00:00  -  Run Local Usage
		Usr 0 00:33:33, Sys 0 00:00:44  -  Total Remote Usage
		Usr 0 00:00:00, Sys 0 00:00:00  -  Total Local Usage
	212596  -  Run Bytes Sent By Job
	131040256  -  Run Bytes Received By Job
	212596  -  Total Bytes Sent By Job
	131040256  -  Total Bytes Received By Job
	Partitionable Resources :    Usage  Request Allocated 
	   Cpus                 :        0        1         1 
	   Disk (KB)            :   159776   419431   1700998 
	   IoHeavy              :                           0 
	   Memory (MB)          :     1690     2151      2176 

	Job terminated of its own accord at 2022-02-28T07:12:35Z with exit-code 0.
...
