000 (15165476.064.000) 2022-02-28 00:26:04 Job submitted from host: <128.105.244.191:9618?addrs=128.105.244.191-9618&alias=submit-1.chtc.wisc.edu&noUDP&sock=schedd_3562897_9248>
...
040 (15165476.064.000) 2022-02-28 00:40:30 Started transferring input files
	Transferring to host: <128.104.58.185:9618?addrs=128.104.58.185-9618+[2607-f388-1086-0-16fe-b5ff-fec6-80a7]-9618&alias=e1040.chtc.wisc.edu&noUDP&sock=slot1_13_37834_39bc_27196>
...
040 (15165476.064.000) 2022-02-28 00:40:34 Finished transferring input files
...
001 (15165476.064.000) 2022-02-28 00:40:43 Job executing on host: <128.104.58.185:9618?addrs=128.104.58.185-9618+[2607-f388-1086-0-16fe-b5ff-fec6-80a7]-9618&alias=e1040.chtc.wisc.edu&noUDP&sock=startd_5154_cb35>
...
006 (15165476.064.000) 2022-02-28 00:51:14 Image size of job updated: 163
	163  -  MemoryUsage of job (MB)
	167136  -  ResidentSetSize of job (KB)
...
006 (15165476.064.000) 2022-02-28 00:56:15 Image size of job updated: 415
	415  -  MemoryUsage of job (MB)
	425472  -  ResidentSetSize of job (KB)
...
006 (15165476.064.000) 2022-02-28 01:01:15 Image size of job updated: 691
	691  -  MemoryUsage of job (MB)
	707836  -  ResidentSetSize of job (KB)
...
006 (15165476.064.000) 2022-02-28 01:06:15 Image size of job updated: 817
	817  -  MemoryUsage of job (MB)
	837468  -  ResidentSetSize of job (KB)
...
006 (15165476.064.000) 2022-02-28 01:11:15 Image size of job updated: 1074
	1074  -  MemoryUsage of job (MB)
	1100456  -  ResidentSetSize of job (KB)
...
006 (15165476.064.000) 2022-02-28 01:16:15 Image size of job updated: 1548
	1548  -  MemoryUsage of job (MB)
	1585512  -  ResidentSetSize of job (KB)
...
006 (15165476.064.000) 2022-02-28 01:20:10 Image size of job updated: 1687
	1687  -  MemoryUsage of job (MB)
	1727704  -  ResidentSetSize of job (KB)
...
040 (15165476.064.000) 2022-02-28 01:22:55 Entered queue to transfer output files
...
040 (15165476.064.000) 2022-02-28 01:25:28 Started transferring output files
...
040 (15165476.064.000) 2022-02-28 01:26:38 Finished transferring output files
...
005 (15165476.064.000) 2022-02-28 01:27:12 Job terminated.
	(1) Normal termination (return value 0)
		Usr 0 00:41:23, Sys 0 00:01:02  -  Run Remote Usage
		Usr 0 00:00:00, Sys 0 00:00:00  -  Run Local Usage
		Usr 0 00:41:23, Sys 0 00:01:02  -  Total Remote Usage
		Usr 0 00:00:00, Sys 0 00:00:00  -  Total Local Usage
	213444  -  Run Bytes Sent By Job
	131040256  -  Run Bytes Received By Job
	213444  -  Total Bytes Sent By Job
	131040256  -  Total Bytes Received By Job
	Partitionable Resources :    Usage  Request Allocated 
	   Cpus                 :        0        1         1 
	   Disk (KB)            :   159876   419431    650255 
	   IoHeavy              :                           0 
	   Memory (MB)          :     1687     2151      2176 

	Job terminated of its own accord at 2022-02-28T07:20:10Z with exit-code 0.
...
