000 (15165476.065.000) 2022-02-28 00:26:04 Job submitted from host: <128.105.244.191:9618?addrs=128.105.244.191-9618&alias=submit-1.chtc.wisc.edu&noUDP&sock=schedd_3562897_9248>
...
040 (15165476.065.000) 2022-02-28 00:40:27 Started transferring input files
	Transferring to host: <128.104.58.164:9618?addrs=128.104.58.164-9618+[2607-f388-1086-0-16fe-b5ff-fec6-7a89]-9618&alias=e1016.chtc.wisc.edu&noUDP&sock=slot1_29_17462_4eff_27831>
...
040 (15165476.065.000) 2022-02-28 00:40:34 Finished transferring input files
...
001 (15165476.065.000) 2022-02-28 00:40:41 Job executing on host: <128.104.58.164:9618?addrs=128.104.58.164-9618+[2607-f388-1086-0-16fe-b5ff-fec6-7a89]-9618&alias=e1016.chtc.wisc.edu&noUDP&sock=startd_4670_cf5e>
...
006 (15165476.065.000) 2022-02-28 00:52:09 Image size of job updated: 213
	213  -  MemoryUsage of job (MB)
	218724  -  ResidentSetSize of job (KB)
...
006 (15165476.065.000) 2022-02-28 00:57:10 Image size of job updated: 499
	499  -  MemoryUsage of job (MB)
	511944  -  ResidentSetSize of job (KB)
...
006 (15165476.065.000) 2022-02-28 01:02:11 Image size of job updated: 698
	698  -  MemoryUsage of job (MB)
	715584  -  ResidentSetSize of job (KB)
...
006 (15165476.065.000) 2022-02-28 01:07:11 Image size of job updated: 809
	809  -  MemoryUsage of job (MB)
	828752  -  ResidentSetSize of job (KB)
...
006 (15165476.065.000) 2022-02-28 01:12:12 Image size of job updated: 1000
	1000  -  MemoryUsage of job (MB)
	1024812  -  ResidentSetSize of job (KB)
...
006 (15165476.065.000) 2022-02-28 01:17:13 Image size of job updated: 1351
	1351  -  MemoryUsage of job (MB)
	1383648  -  ResidentSetSize of job (KB)
...
006 (15165476.065.000) 2022-02-28 01:22:13 Image size of job updated: 1681
	1681  -  MemoryUsage of job (MB)
	1722252  -  ResidentSetSize of job (KB)
...
006 (15165476.065.000) 2022-02-28 01:23:31 Image size of job updated: 1687
	1687  -  MemoryUsage of job (MB)
	1727720  -  ResidentSetSize of job (KB)
...
040 (15165476.065.000) 2022-02-28 01:23:52 Entered queue to transfer output files
...
040 (15165476.065.000) 2022-02-28 01:24:17 Started transferring output files
...
040 (15165476.065.000) 2022-02-28 01:25:51 Finished transferring output files
...
005 (15165476.065.000) 2022-02-28 01:26:40 Job terminated.
	(1) Normal termination (return value 0)
		Usr 0 00:00:00, Sys 0 00:00:00  -  Run Remote Usage
		Usr 0 00:00:00, Sys 0 00:00:00  -  Run Local Usage
		Usr 0 00:44:55, Sys 0 00:01:08  -  Total Remote Usage
		Usr 0 00:00:00, Sys 0 00:00:00  -  Total Local Usage
	212885  -  Run Bytes Sent By Job
	131040256  -  Run Bytes Received By Job
	212885  -  Total Bytes Sent By Job
	131040256  -  Total Bytes Received By Job
	Partitionable Resources :     Usage  Request Allocated 
	   Cpus                 :      0.00        1         1 
	   Disk (KB)            : 159876      419431    597348 
	   IoHeavy              :                            0 
	   Memory (MB)          :   1687        2151      2176 

	Job terminated of its own accord at 2022-02-28T07:23:31Z with exit-code 0.
...
