000 (15165476.063.000) 2022-02-28 00:26:04 Job submitted from host: <128.105.244.191:9618?addrs=128.105.244.191-9618&alias=submit-1.chtc.wisc.edu&noUDP&sock=schedd_3562897_9248>
...
040 (15165476.063.000) 2022-02-28 00:40:27 Started transferring input files
	Transferring to host: <128.104.58.81:9618?addrs=128.104.58.81-9618+[2607-f388-1086-0-a6ba-dbff-fe38-fc5d]-9618&alias=e1071.chtc.wisc.edu&noUDP&sock=slot1_2_8262_1389_23443>
...
001 (15165476.063.000) 2022-02-28 00:40:34 Job executing on host: <128.104.58.81:9618?addrs=128.104.58.81-9618+[2607-f388-1086-0-a6ba-dbff-fe38-fc5d]-9618&alias=e1071.chtc.wisc.edu&noUDP&sock=startd_1821_a20d>
...
040 (15165476.063.000) 2022-02-28 00:40:34 Finished transferring input files
...
006 (15165476.063.000) 2022-02-28 00:50:50 Image size of job updated: 355
	355  -  MemoryUsage of job (MB)
	363792  -  ResidentSetSize of job (KB)
...
006 (15165476.063.000) 2022-02-28 00:55:50 Image size of job updated: 691
	691  -  MemoryUsage of job (MB)
	708316  -  ResidentSetSize of job (KB)
...
006 (15165476.063.000) 2022-02-28 01:00:50 Image size of job updated: 887
	887  -  MemoryUsage of job (MB)
	909256  -  ResidentSetSize of job (KB)
...
006 (15165476.063.000) 2022-02-28 01:05:50 Image size of job updated: 1456
	1456  -  MemoryUsage of job (MB)
	1491940  -  ResidentSetSize of job (KB)
...
006 (15165476.063.000) 2022-02-28 01:08:52 Image size of job updated: 1685
	1685  -  MemoryUsage of job (MB)
	1726372  -  ResidentSetSize of job (KB)
...
040 (15165476.063.000) 2022-02-28 01:09:10 Entered queue to transfer output files
...
040 (15165476.063.000) 2022-02-28 01:09:24 Started transferring output files
...
040 (15165476.063.000) 2022-02-28 01:09:51 Finished transferring output files
...
005 (15165476.063.000) 2022-02-28 01:10:21 Job terminated.
	(1) Normal termination (return value 0)
		Usr 0 00:00:00, Sys 0 00:00:00  -  Run Remote Usage
		Usr 0 00:00:00, Sys 0 00:00:00  -  Run Local Usage
		Usr 0 00:26:32, Sys 0 00:00:33  -  Total Remote Usage
		Usr 0 00:00:00, Sys 0 00:00:00  -  Total Local Usage
	213459  -  Run Bytes Sent By Job
	131040256  -  Run Bytes Received By Job
	213459  -  Total Bytes Sent By Job
	131040256  -  Total Bytes Received By Job
	Partitionable Resources :     Usage  Request Allocated 
	   Cpus                 :      0.00        1         1 
	   Disk (KB)            : 159358      419431    901687 
	   IoHeavy              :                            0 
	   Memory (MB)          :   1685        2151      2176 

	Job terminated of its own accord at 2022-02-28T07:08:52Z with exit-code 0.
...
