000 (15165476.068.000) 2022-02-28 00:26:04 Job submitted from host: <128.105.244.191:9618?addrs=128.105.244.191-9618&alias=submit-1.chtc.wisc.edu&noUDP&sock=schedd_3562897_9248>
...
040 (15165476.068.000) 2022-02-28 00:40:28 Started transferring input files
	Transferring to host: <128.105.245.95:9618?addrs=128.105.245.95-9618&alias=e2295.chtc.wisc.edu&noUDP&sock=slot1_32_18947_a01c_26428>
...
001 (15165476.068.000) 2022-02-28 00:40:35 Job executing on host: <128.105.245.95:9618?addrs=128.105.245.95-9618&alias=e2295.chtc.wisc.edu&noUDP&sock=startd_2580_3e6e>
...
040 (15165476.068.000) 2022-02-28 00:40:35 Finished transferring input files
...
006 (15165476.068.000) 2022-02-28 01:06:52 Image size of job updated: 418
	418  -  MemoryUsage of job (MB)
	428316  -  ResidentSetSize of job (KB)
...
006 (15165476.068.000) 2022-02-28 01:11:53 Image size of job updated: 693
	693  -  MemoryUsage of job (MB)
	709796  -  ResidentSetSize of job (KB)
...
006 (15165476.068.000) 2022-02-28 01:16:53 Image size of job updated: 737
	737  -  MemoryUsage of job (MB)
	754828  -  ResidentSetSize of job (KB)
...
006 (15165476.068.000) 2022-02-28 01:21:55 Image size of job updated: 936
	936  -  MemoryUsage of job (MB)
	959164  -  ResidentSetSize of job (KB)
...
006 (15165476.068.000) 2022-02-28 01:26:55 Image size of job updated: 1205
	1205  -  MemoryUsage of job (MB)
	1234912  -  ResidentSetSize of job (KB)
...
006 (15165476.068.000) 2022-02-28 01:31:56 Image size of job updated: 1688
	1688  -  MemoryUsage of job (MB)
	1729472  -  ResidentSetSize of job (KB)
...
040 (15165476.068.000) 2022-02-28 01:33:56 Entered queue to transfer output files
...
040 (15165476.068.000) 2022-02-28 01:34:45 Started transferring output files
...
040 (15165476.068.000) 2022-02-28 01:36:00 Finished transferring output files
...
005 (15165476.068.000) 2022-02-28 01:36:43 Job terminated.
	(1) Normal termination (return value 0)
		Usr 0 00:00:00, Sys 0 00:00:00  -  Run Remote Usage
		Usr 0 00:00:00, Sys 0 00:00:00  -  Run Local Usage
		Usr 0 00:41:34, Sys 0 00:00:55  -  Total Remote Usage
		Usr 0 00:00:00, Sys 0 00:00:00  -  Total Local Usage
	224717  -  Run Bytes Sent By Job
	131040256  -  Run Bytes Received By Job
	224717  -  Total Bytes Sent By Job
	131040256  -  Total Bytes Received By Job
	Partitionable Resources :    Usage  Request Allocated 
	   Cpus                 :        0        1         1 
	   Disk (KB)            :   159788   419431    600169 
	   IoHeavy              :                           0 
	   Memory (MB)          :     1688     2151      2176 

	Job terminated of its own accord at 2022-02-28T07:32:45Z with exit-code 0.
...
