000 (15165476.079.000) 2022-02-28 00:26:04 Job submitted from host: <128.105.244.191:9618?addrs=128.105.244.191-9618&alias=submit-1.chtc.wisc.edu&noUDP&sock=schedd_3562897_9248>
...
040 (15165476.079.000) 2022-02-28 00:40:36 Started transferring input files
	Transferring to host: <128.104.58.81:9618?addrs=128.104.58.81-9618+[2607-f388-1086-0-a6ba-dbff-fe38-fc5d]-9618&alias=e1071.chtc.wisc.edu&noUDP&sock=slot1_3_8262_1389_23444>
...
001 (15165476.079.000) 2022-02-28 00:40:47 Job executing on host: <128.104.58.81:9618?addrs=128.104.58.81-9618+[2607-f388-1086-0-a6ba-dbff-fe38-fc5d]-9618&alias=e1071.chtc.wisc.edu&noUDP&sock=startd_1821_a20d>
...
040 (15165476.079.000) 2022-02-28 00:40:47 Finished transferring input files
...
006 (15165476.079.000) 2022-02-28 00:50:58 Image size of job updated: 379
	379  -  MemoryUsage of job (MB)
	388744  -  ResidentSetSize of job (KB)
...
006 (15165476.079.000) 2022-02-28 00:55:58 Image size of job updated: 696
	696  -  MemoryUsage of job (MB)
	712812  -  ResidentSetSize of job (KB)
...
006 (15165476.079.000) 2022-02-28 01:00:58 Image size of job updated: 925
	925  -  MemoryUsage of job (MB)
	947996  -  ResidentSetSize of job (KB)
...
006 (15165476.079.000) 2022-02-28 01:05:58 Image size of job updated: 1534
	1534  -  MemoryUsage of job (MB)
	1570976  -  ResidentSetSize of job (KB)
...
006 (15165476.079.000) 2022-02-28 01:08:32 Image size of job updated: 1686
	1686  -  MemoryUsage of job (MB)
	1726736  -  ResidentSetSize of job (KB)
...
040 (15165476.079.000) 2022-02-28 01:08:54 Entered queue to transfer output files
...
040 (15165476.079.000) 2022-02-28 01:09:06 Started transferring output files
...
040 (15165476.079.000) 2022-02-28 01:09:42 Finished transferring output files
...
005 (15165476.079.000) 2022-02-28 01:09:59 Job terminated.
	(1) Normal termination (return value 0)
		Usr 0 00:00:00, Sys 0 00:00:00  -  Run Remote Usage
		Usr 0 00:00:00, Sys 0 00:00:00  -  Run Local Usage
		Usr 0 00:26:19, Sys 0 00:00:29  -  Total Remote Usage
		Usr 0 00:00:00, Sys 0 00:00:00  -  Total Local Usage
	212241  -  Run Bytes Sent By Job
	131040256  -  Run Bytes Received By Job
	212241  -  Total Bytes Sent By Job
	131040256  -  Total Bytes Received By Job
	Partitionable Resources :     Usage  Request Allocated 
	   Cpus                 :      0.00        1         1 
	   Disk (KB)            : 159743      419431    901687 
	   IoHeavy              :                            0 
	   Memory (MB)          :   1686        2151      2176 

	Job terminated of its own accord at 2022-02-28T07:08:32Z with exit-code 0.
...
