000 (15165476.076.000) 2022-02-28 00:26:04 Job submitted from host: <128.105.244.191:9618?addrs=128.105.244.191-9618&alias=submit-1.chtc.wisc.edu&noUDP&sock=schedd_3562897_9248>
...
040 (15165476.076.000) 2022-02-28 00:40:30 Started transferring input files
	Transferring to host: <128.105.68.130:9618?addrs=128.105.68.130-9618&alias=e2438.chtc.wisc.edu&noUDP&sock=slot1_15_4369_1b0b_29837>
...
001 (15165476.076.000) 2022-02-28 00:40:37 Job executing on host: <128.105.68.130:9618?addrs=128.105.68.130-9618&alias=e2438.chtc.wisc.edu&noUDP&sock=startd_2380_0f7d>
...
040 (15165476.076.000) 2022-02-28 00:40:37 Finished transferring input files
...
006 (15165476.076.000) 2022-02-28 01:05:49 Image size of job updated: 301
	301  -  MemoryUsage of job (MB)
	308612  -  ResidentSetSize of job (KB)
...
006 (15165476.076.000) 2022-02-28 01:11:03 Image size of job updated: 687
	687  -  MemoryUsage of job (MB)
	704208  -  ResidentSetSize of job (KB)
...
006 (15165476.076.000) 2022-02-28 01:15:50 Image size of job updated: 799
	799  -  MemoryUsage of job (MB)
	818652  -  ResidentSetSize of job (KB)
...
006 (15165476.076.000) 2022-02-28 01:20:50 Image size of job updated: 1087
	1087  -  MemoryUsage of job (MB)
	1114056  -  ResidentSetSize of job (KB)
...
006 (15165476.076.000) 2022-02-28 01:25:50 Image size of job updated: 1641
	1641  -  MemoryUsage of job (MB)
	1681080  -  ResidentSetSize of job (KB)
...
006 (15165476.076.000) 2022-02-28 01:27:20 Image size of job updated: 1689
	1689  -  MemoryUsage of job (MB)
	1729596  -  ResidentSetSize of job (KB)
...
040 (15165476.076.000) 2022-02-28 01:27:43 Entered queue to transfer output files
...
040 (15165476.076.000) 2022-02-28 01:30:09 Started transferring output files
...
040 (15165476.076.000) 2022-02-28 01:31:47 Finished transferring output files
...
005 (15165476.076.000) 2022-02-28 01:32:36 Job terminated.
	(1) Normal termination (return value 0)
		Usr 0 00:36:09, Sys 0 00:00:42  -  Run Remote Usage
		Usr 0 00:00:00, Sys 0 00:00:00  -  Run Local Usage
		Usr 0 00:36:09, Sys 0 00:00:42  -  Total Remote Usage
		Usr 0 00:00:00, Sys 0 00:00:00  -  Total Local Usage
	225690  -  Run Bytes Sent By Job
	131040256  -  Run Bytes Received By Job
	225690  -  Total Bytes Sent By Job
	131040256  -  Total Bytes Received By Job
	Partitionable Resources :    Usage  Request Allocated 
	   Cpus                 :        0        1         1 
	   Disk (KB)            :   159789   419431    593148 
	   IoHeavy              :                           0 
	   Memory (MB)          :     1689     2151      2176 

	Job terminated of its own accord at 2022-02-28T07:27:20Z with exit-code 0.
...
