000 (15165476.007.000) 2022-02-28 00:26:04 Job submitted from host: <128.105.244.191:9618?addrs=128.105.244.191-9618&alias=submit-1.chtc.wisc.edu&noUDP&sock=schedd_3562897_9248>
...
040 (15165476.007.000) 2022-02-28 00:40:08 Started transferring input files
	Transferring to host: <128.105.245.133:9618?addrs=128.105.245.133-9618&alias=e2333.chtc.wisc.edu&noUDP&sock=slot1_7_10536_50a6_25115>
...
001 (15165476.007.000) 2022-02-28 00:40:15 Job executing on host: <128.105.245.133:9618?addrs=128.105.245.133-9618&alias=e2333.chtc.wisc.edu&noUDP&sock=startd_2901_6c55>
...
040 (15165476.007.000) 2022-02-28 00:40:15 Finished transferring input files
...
006 (15165476.007.000) 2022-02-28 01:00:54 Image size of job updated: 139
	139  -  MemoryUsage of job (MB)
	143280  -  ResidentSetSize of job (KB)
...
006 (15165476.007.000) 2022-02-28 01:05:54 Image size of job updated: 474
	474  -  MemoryUsage of job (MB)
	485608  -  ResidentSetSize of job (KB)
...
006 (15165476.007.000) 2022-02-28 01:10:54 Image size of job updated: 693
	693  -  MemoryUsage of job (MB)
	710232  -  ResidentSetSize of job (KB)
...
006 (15165476.007.000) 2022-02-28 01:15:55 Image size of job updated: 866
	866  -  MemoryUsage of job (MB)
	887080  -  ResidentSetSize of job (KB)
...
006 (15165476.007.000) 2022-02-28 01:20:55 Image size of job updated: 1163
	1163  -  MemoryUsage of job (MB)
	1191572  -  ResidentSetSize of job (KB)
...
006 (15165476.007.000) 2022-02-28 01:26:46 Image size of job updated: 1667
	1667  -  MemoryUsage of job (MB)
	1707020  -  ResidentSetSize of job (KB)
...
006 (15165476.007.000) 2022-02-28 01:27:20 Image size of job updated: 1687
	1687  -  MemoryUsage of job (MB)
	1728140  -  ResidentSetSize of job (KB)
...
040 (15165476.007.000) 2022-02-28 01:27:44 Entered queue to transfer output files
...
040 (15165476.007.000) 2022-02-28 01:28:13 Started transferring output files
...
040 (15165476.007.000) 2022-02-28 01:29:16 Finished transferring output files
...
005 (15165476.007.000) 2022-02-28 01:30:04 Job terminated.
	(1) Normal termination (return value 0)
		Usr 0 00:37:56, Sys 0 00:00:48  -  Run Remote Usage
		Usr 0 00:00:00, Sys 0 00:00:00  -  Run Local Usage
		Usr 0 00:37:56, Sys 0 00:00:48  -  Total Remote Usage
		Usr 0 00:00:00, Sys 0 00:00:00  -  Total Local Usage
	224734  -  Run Bytes Sent By Job
	131040256  -  Run Bytes Received By Job
	224734  -  Total Bytes Sent By Job
	131040256  -  Total Bytes Received By Job
	Partitionable Resources :    Usage  Request Allocated 
	   Cpus                 :        0        1         1 
	   Disk (KB)            :   159788   419431    668611 
	   IoHeavy              :                           0 
	   Memory (MB)          :     1687     2151      2176 

	Job terminated of its own accord at 2022-02-28T07:27:20Z with exit-code 0.
...
