000 (15165476.072.000) 2022-02-28 00:26:04 Job submitted from host: <128.105.244.191:9618?addrs=128.105.244.191-9618&alias=submit-1.chtc.wisc.edu&noUDP&sock=schedd_3562897_9248>
...
040 (15165476.072.000) 2022-02-28 00:40:29 Started transferring input files
	Transferring to host: <128.105.245.61:9618?addrs=128.105.245.61-9618&alias=e261.chtc.wisc.edu&noUDP&sock=slot1_19_3528_8b89_23805>
...
001 (15165476.072.000) 2022-02-28 00:40:36 Job executing on host: <128.105.245.61:9618?addrs=128.105.245.61-9618&alias=e261.chtc.wisc.edu&noUDP&sock=startd_2621_5dd1>
...
040 (15165476.072.000) 2022-02-28 00:40:36 Finished transferring input files
...
006 (15165476.072.000) 2022-02-28 01:06:43 Image size of job updated: 380
	380  -  MemoryUsage of job (MB)
	389544  -  ResidentSetSize of job (KB)
...
006 (15165476.072.000) 2022-02-28 01:11:43 Image size of job updated: 692
	692  -  MemoryUsage of job (MB)
	708660  -  ResidentSetSize of job (KB)
...
006 (15165476.072.000) 2022-02-28 01:16:43 Image size of job updated: 759
	759  -  MemoryUsage of job (MB)
	777824  -  ResidentSetSize of job (KB)
...
006 (15165476.072.000) 2022-02-28 01:21:43 Image size of job updated: 981
	981  -  MemoryUsage of job (MB)
	1005456  -  ResidentSetSize of job (KB)
...
006 (15165476.072.000) 2022-02-28 01:28:39 Image size of job updated: 1348
	1348  -  MemoryUsage of job (MB)
	1381124  -  ResidentSetSize of job (KB)
...
006 (15165476.072.000) 2022-02-28 01:31:16 Image size of job updated: 1692
	1692  -  MemoryUsage of job (MB)
	1732828  -  ResidentSetSize of job (KB)
...
040 (15165476.072.000) 2022-02-28 01:32:46 Entered queue to transfer output files
...
040 (15165476.072.000) 2022-02-28 01:33:05 Started transferring output files
...
040 (15165476.072.000) 2022-02-28 01:34:09 Finished transferring output files
...
005 (15165476.072.000) 2022-02-28 01:34:56 Job terminated.
	(1) Normal termination (return value 0)
		Usr 0 00:42:13, Sys 0 00:00:53  -  Run Remote Usage
		Usr 0 00:00:00, Sys 0 00:00:00  -  Run Local Usage
		Usr 0 00:42:13, Sys 0 00:00:53  -  Total Remote Usage
		Usr 0 00:00:00, Sys 0 00:00:00  -  Total Local Usage
	226480  -  Run Bytes Sent By Job
	131040256  -  Run Bytes Received By Job
	226480  -  Total Bytes Sent By Job
	131040256  -  Total Bytes Received By Job
	Partitionable Resources :    Usage  Request Allocated 
	   Cpus                 :        0        1         1 
	   Disk (KB)            :   159402   419431    669685 
	   IoHeavy              :                           0 
	   Memory (MB)          :     1692     2151      2176 

	Job terminated of its own accord at 2022-02-28T07:31:16Z with exit-code 0.
...
