000 (15165476.078.000) 2022-02-28 00:26:04 Job submitted from host: <128.105.244.191:9618?addrs=128.105.244.191-9618&alias=submit-1.chtc.wisc.edu&noUDP&sock=schedd_3562897_9248>
...
040 (15165476.078.000) 2022-02-28 00:40:34 Started transferring input files
	Transferring to host: <128.104.58.75:9618?addrs=128.104.58.75-9618+[2607-f388-1086-0-a6ba-dbff-fe38-fc8c]-9618&alias=e065.chtc.wisc.edu&noUDP&sock=slot1_7_6267_6b18_24138>
...
001 (15165476.078.000) 2022-02-28 00:40:44 Job executing on host: <128.104.58.75:9618?addrs=128.104.58.75-9618+[2607-f388-1086-0-a6ba-dbff-fe38-fc8c]-9618&alias=e065.chtc.wisc.edu&noUDP&sock=startd_4759_db4c>
...
040 (15165476.078.000) 2022-02-28 00:40:44 Finished transferring input files
...
006 (15165476.078.000) 2022-02-28 00:50:58 Image size of job updated: 211
	211  -  MemoryUsage of job (MB)
	216452  -  ResidentSetSize of job (KB)
...
006 (15165476.078.000) 2022-02-28 00:55:59 Image size of job updated: 687
	687  -  MemoryUsage of job (MB)
	703932  -  ResidentSetSize of job (KB)
...
006 (15165476.078.000) 2022-02-28 01:01:00 Image size of job updated: 860
	860  -  MemoryUsage of job (MB)
	881168  -  ResidentSetSize of job (KB)
...
006 (15165476.078.000) 2022-02-28 01:06:01 Image size of job updated: 1341
	1341  -  MemoryUsage of job (MB)
	1373968  -  ResidentSetSize of job (KB)
...
006 (15165476.078.000) 2022-02-28 01:09:40 Image size of job updated: 1686
	1686  -  MemoryUsage of job (MB)
	1726672  -  ResidentSetSize of job (KB)
...
040 (15165476.078.000) 2022-02-28 01:09:54 Entered queue to transfer output files
...
040 (15165476.078.000) 2022-02-28 01:10:09 Started transferring output files
...
040 (15165476.078.000) 2022-02-28 01:11:09 Finished transferring output files
...
005 (15165476.078.000) 2022-02-28 01:11:46 Job terminated.
	(1) Normal termination (return value 0)
		Usr 0 00:30:02, Sys 0 00:00:34  -  Run Remote Usage
		Usr 0 00:00:00, Sys 0 00:00:00  -  Run Local Usage
		Usr 0 00:30:02, Sys 0 00:00:34  -  Total Remote Usage
		Usr 0 00:00:00, Sys 0 00:00:00  -  Total Local Usage
	212807  -  Run Bytes Sent By Job
	131040256  -  Run Bytes Received By Job
	212807  -  Total Bytes Sent By Job
	131040256  -  Total Bytes Received By Job
	Partitionable Resources :     Usage  Request Allocated 
	   Cpus                 :      0.00        1         1 
	   Disk (KB)            : 159357      419431    907701 
	   IoHeavy              :                            0 
	   Memory (MB)          :   1686        2151      2176 

	Job terminated of its own accord at 2022-02-28T07:09:40Z with exit-code 0.
...
