000 (15165476.073.000) 2022-02-28 00:26:04 Job submitted from host: <128.105.244.191:9618?addrs=128.105.244.191-9618&alias=submit-1.chtc.wisc.edu&noUDP&sock=schedd_3562897_9248>
...
040 (15165476.073.000) 2022-02-28 00:40:29 Started transferring input files
	Transferring to host: <128.104.58.190:9618?addrs=128.104.58.190-9618+[2607-f388-1086-0-16fe-b5ff-fec6-7c4b]-9618&alias=e1045.chtc.wisc.edu&noUDP&sock=slot1_26_17449_261f_25647>
...
040 (15165476.073.000) 2022-02-28 00:40:33 Finished transferring input files
...
001 (15165476.073.000) 2022-02-28 00:40:41 Job executing on host: <128.104.58.190:9618?addrs=128.104.58.190-9618+[2607-f388-1086-0-16fe-b5ff-fec6-7c4b]-9618&alias=e1045.chtc.wisc.edu&noUDP&sock=startd_4852_a59b>
...
006 (15165476.073.000) 2022-02-28 00:51:39 Image size of job updated: 190
	190  -  MemoryUsage of job (MB)
	195484  -  ResidentSetSize of job (KB)
...
006 (15165476.073.000) 2022-02-28 00:56:40 Image size of job updated: 419
	419  -  MemoryUsage of job (MB)
	429248  -  ResidentSetSize of job (KB)
...
006 (15165476.073.000) 2022-02-28 01:01:40 Image size of job updated: 688
	688  -  MemoryUsage of job (MB)
	705112  -  ResidentSetSize of job (KB)
...
006 (15165476.073.000) 2022-02-28 01:06:41 Image size of job updated: 771
	771  -  MemoryUsage of job (MB)
	789540  -  ResidentSetSize of job (KB)
...
006 (15165476.073.000) 2022-02-28 01:11:41 Image size of job updated: 976
	976  -  MemoryUsage of job (MB)
	999648  -  ResidentSetSize of job (KB)
...
006 (15165476.073.000) 2022-02-28 01:16:42 Image size of job updated: 1410
	1410  -  MemoryUsage of job (MB)
	1443868  -  ResidentSetSize of job (KB)
...
006 (15165476.073.000) 2022-02-28 01:21:43 Image size of job updated: 1684
	1684  -  MemoryUsage of job (MB)
	1725420  -  ResidentSetSize of job (KB)
...
040 (15165476.073.000) 2022-02-28 01:23:10 Entered queue to transfer output files
...
040 (15165476.073.000) 2022-02-28 01:25:32 Started transferring output files
...
040 (15165476.073.000) 2022-02-28 01:27:08 Finished transferring output files
...
005 (15165476.073.000) 2022-02-28 01:28:03 Job terminated.
	(1) Normal termination (return value 0)
		Usr 0 00:00:00, Sys 0 00:00:00  -  Run Remote Usage
		Usr 0 00:00:00, Sys 0 00:00:00  -  Run Local Usage
		Usr 0 00:44:00, Sys 0 00:01:19  -  Total Remote Usage
		Usr 0 00:00:00, Sys 0 00:00:00  -  Total Local Usage
	212685  -  Run Bytes Sent By Job
	131040256  -  Run Bytes Received By Job
	212685  -  Total Bytes Sent By Job
	131040256  -  Total Bytes Received By Job
	Partitionable Resources :    Usage  Request Allocated 
	   Cpus                 :        0        1         1 
	   Disk (KB)            :   159876   419431    595945 
	   IoHeavy              :                           0 
	   Memory (MB)          :     1684     2151      2176 

	Job terminated of its own accord at 2022-02-28T07:22:48Z with exit-code 0.
...
