000 (15165476.071.000) 2022-02-28 00:26:04 Job submitted from host: <128.105.244.191:9618?addrs=128.105.244.191-9618&alias=submit-1.chtc.wisc.edu&noUDP&sock=schedd_3562897_9248>
...
040 (15165476.071.000) 2022-02-28 00:40:28 Started transferring input files
	Transferring to host: <128.105.68.117:9618?addrs=128.105.68.117-9618&alias=e2451.chtc.wisc.edu&noUDP&sock=slot1_15_39324_10b8_26457>
...
001 (15165476.071.000) 2022-02-28 00:40:36 Job executing on host: <128.105.68.117:9618?addrs=128.105.68.117-9618&alias=e2451.chtc.wisc.edu&noUDP&sock=startd_3000_5435>
...
040 (15165476.071.000) 2022-02-28 00:40:36 Finished transferring input files
...
006 (15165476.071.000) 2022-02-28 00:46:22 Image size of job updated: 174
	174  -  MemoryUsage of job (MB)
	178936  -  ResidentSetSize of job (KB)
...
006 (15165476.071.000) 2022-02-28 00:51:23 Image size of job updated: 474
	474  -  MemoryUsage of job (MB)
	485816  -  ResidentSetSize of job (KB)
...
006 (15165476.071.000) 2022-02-28 00:56:23 Image size of job updated: 664
	664  -  MemoryUsage of job (MB)
	680932  -  ResidentSetSize of job (KB)
...
006 (15165476.071.000) 2022-02-28 01:01:23 Image size of job updated: 833
	833  -  MemoryUsage of job (MB)
	853680  -  ResidentSetSize of job (KB)
...
006 (15165476.071.000) 2022-02-28 01:06:23 Image size of job updated: 1100
	1100  -  MemoryUsage of job (MB)
	1126788  -  ResidentSetSize of job (KB)
...
006 (15165476.071.000) 2022-02-28 01:11:23 Image size of job updated: 1595
	1595  -  MemoryUsage of job (MB)
	1633932  -  ResidentSetSize of job (KB)
...
006 (15165476.071.000) 2022-02-28 01:13:51 Image size of job updated: 1687
	1687  -  MemoryUsage of job (MB)
	1727772  -  ResidentSetSize of job (KB)
...
040 (15165476.071.000) 2022-02-28 01:14:46 Entered queue to transfer output files
...
040 (15165476.071.000) 2022-02-28 01:15:10 Started transferring output files
...
040 (15165476.071.000) 2022-02-28 01:16:40 Finished transferring output files
...
005 (15165476.071.000) 2022-02-28 01:17:16 Job terminated.
	(1) Normal termination (return value 0)
		Usr 0 00:40:30, Sys 0 00:01:00  -  Run Remote Usage
		Usr 0 00:00:00, Sys 0 00:00:00  -  Run Local Usage
		Usr 0 00:40:30, Sys 0 00:01:00  -  Total Remote Usage
		Usr 0 00:00:00, Sys 0 00:00:00  -  Total Local Usage
	221462  -  Run Bytes Sent By Job
	131040256  -  Run Bytes Received By Job
	221462  -  Total Bytes Sent By Job
	131040256  -  Total Bytes Received By Job
	Partitionable Resources :    Usage  Request Allocated 
	   Cpus                 :        0        1         1 
	   Disk (KB)            :   159785   419431    588730 
	   IoHeavy              :                           0 
	   Memory (MB)          :     1687     2151      2176 

	Job terminated of its own accord at 2022-02-28T07:13:51Z with exit-code 0.
...
