000 (15165476.008.000) 2022-02-28 00:26:04 Job submitted from host: <128.105.244.191:9618?addrs=128.105.244.191-9618&alias=submit-1.chtc.wisc.edu&noUDP&sock=schedd_3562897_9248>
...
040 (15165476.008.000) 2022-02-28 00:40:08 Started transferring input files
	Transferring to host: <128.105.244.20:9618?addrs=128.105.244.20-9618&alias=e3151.chtc.wisc.edu&noUDP&sock=slot1_9_12704_ddfe_22400>
...
040 (15165476.008.000) 2022-02-28 00:40:12 Finished transferring input files
...
001 (15165476.008.000) 2022-02-28 00:40:18 Job executing on host: <128.105.244.20:9618?addrs=128.105.244.20-9618&alias=e3151.chtc.wisc.edu&noUDP&sock=startd_1463_1325>
...
006 (15165476.008.000) 2022-02-28 01:00:29 Image size of job updated: 493
	493  -  MemoryUsage of job (MB)
	505764  -  ResidentSetSize of job (KB)
...
006 (15165476.008.000) 2022-02-28 01:05:30 Image size of job updated: 692
	692  -  MemoryUsage of job (MB)
	708800  -  ResidentSetSize of job (KB)
...
006 (15165476.008.000) 2022-02-28 01:10:40 Image size of job updated: 857
	857  -  MemoryUsage of job (MB)
	877864  -  ResidentSetSize of job (KB)
...
006 (15165476.008.000) 2022-02-28 01:15:30 Image size of job updated: 1168
	1168  -  MemoryUsage of job (MB)
	1196104  -  ResidentSetSize of job (KB)
...
006 (15165476.008.000) 2022-02-28 01:20:31 Image size of job updated: 1667
	1667  -  MemoryUsage of job (MB)
	1707800  -  ResidentSetSize of job (KB)
...
006 (15165476.008.000) 2022-02-28 01:21:47 Image size of job updated: 1690
	1690  -  MemoryUsage of job (MB)
	1731296  -  ResidentSetSize of job (KB)
...
040 (15165476.008.000) 2022-02-28 01:22:17 Entered queue to transfer output files
...
040 (15165476.008.000) 2022-02-28 01:22:42 Started transferring output files
...
040 (15165476.008.000) 2022-02-28 01:23:35 Finished transferring output files
...
005 (15165476.008.000) 2022-02-28 01:24:10 Job terminated.
	(1) Normal termination (return value 0)
		Usr 0 00:37:40, Sys 0 00:00:53  -  Run Remote Usage
		Usr 0 00:00:00, Sys 0 00:00:00  -  Run Local Usage
		Usr 0 00:37:40, Sys 0 00:00:53  -  Total Remote Usage
		Usr 0 00:00:00, Sys 0 00:00:00  -  Total Local Usage
	226496  -  Run Bytes Sent By Job
	131040256  -  Run Bytes Received By Job
	226496  -  Total Bytes Sent By Job
	131040256  -  Total Bytes Received By Job
	Partitionable Resources :     Usage  Request Allocated 
	   Cpus                 :      0.00        1         1 
	   Disk (KB)            : 159894      419431   1593325 
	   IoHeavy              :                            0 
	   Memory (MB)          :   1690        2151      2176 

	Job terminated of its own accord at 2022-02-28T07:21:47Z with exit-code 0.
...
