000 (15165476.080.000) 2022-02-28 00:26:04 Job submitted from host: <128.105.244.191:9618?addrs=128.105.244.191-9618&alias=submit-1.chtc.wisc.edu&noUDP&sock=schedd_3562897_9248>
...
040 (15165476.080.000) 2022-02-28 00:40:35 Started transferring input files
	Transferring to host: <128.104.58.164:9618?addrs=128.104.58.164-9618+[2607-f388-1086-0-16fe-b5ff-fec6-7a89]-9618&alias=e1016.chtc.wisc.edu&noUDP&sock=slot1_43_17462_4eff_27832>
...
040 (15165476.080.000) 2022-02-28 00:40:39 Finished transferring input files
...
001 (15165476.080.000) 2022-02-28 00:40:52 Job executing on host: <128.104.58.164:9618?addrs=128.104.58.164-9618+[2607-f388-1086-0-16fe-b5ff-fec6-7a89]-9618&alias=e1016.chtc.wisc.edu&noUDP&sock=startd_4670_cf5e>
...
006 (15165476.080.000) 2022-02-28 00:52:31 Image size of job updated: 201
	201  -  MemoryUsage of job (MB)
	206676  -  ResidentSetSize of job (KB)
...
006 (15165476.080.000) 2022-02-28 00:57:30 Image size of job updated: 531
	531  -  MemoryUsage of job (MB)
	544764  -  ResidentSetSize of job (KB)
...
006 (15165476.080.000) 2022-02-28 01:02:31 Image size of job updated: 699
	699  -  MemoryUsage of job (MB)
	716000  -  ResidentSetSize of job (KB)
...
006 (15165476.080.000) 2022-02-28 01:07:32 Image size of job updated: 792
	792  -  MemoryUsage of job (MB)
	812008  -  ResidentSetSize of job (KB)
...
006 (15165476.080.000) 2022-02-28 01:12:33 Image size of job updated: 972
	972  -  MemoryUsage of job (MB)
	995808  -  ResidentSetSize of job (KB)
...
006 (15165476.080.000) 2022-02-28 01:17:34 Image size of job updated: 1221
	1221  -  MemoryUsage of job (MB)
	1250672  -  ResidentSetSize of job (KB)
...
006 (15165476.080.000) 2022-02-28 01:22:34 Image size of job updated: 1657
	1657  -  MemoryUsage of job (MB)
	1697224  -  ResidentSetSize of job (KB)
...
006 (15165476.080.000) 2022-02-28 01:24:23 Image size of job updated: 1687
	1687  -  MemoryUsage of job (MB)
	1727692  -  ResidentSetSize of job (KB)
...
040 (15165476.080.000) 2022-02-28 01:24:48 Entered queue to transfer output files
...
040 (15165476.080.000) 2022-02-28 01:25:12 Started transferring output files
...
040 (15165476.080.000) 2022-02-28 01:26:07 Finished transferring output files
...
005 (15165476.080.000) 2022-02-28 01:26:52 Job terminated.
	(1) Normal termination (return value 0)
		Usr 0 00:00:00, Sys 0 00:00:00  -  Run Remote Usage
		Usr 0 00:00:00, Sys 0 00:00:00  -  Run Local Usage
		Usr 0 00:44:59, Sys 0 00:01:12  -  Total Remote Usage
		Usr 0 00:00:00, Sys 0 00:00:00  -  Total Local Usage
	212343  -  Run Bytes Sent By Job
	131040256  -  Run Bytes Received By Job
	212343  -  Total Bytes Sent By Job
	131040256  -  Total Bytes Received By Job
	Partitionable Resources :     Usage  Request Allocated 
	   Cpus                 :      0.00        1         1 
	   Disk (KB)            : 159876      419431    597348 
	   IoHeavy              :                            0 
	   Memory (MB)          :   1687        2151      2176 

	Job terminated of its own accord at 2022-02-28T07:24:23Z with exit-code 0.
...
