000 (15165476.009.000) 2022-02-28 00:26:04 Job submitted from host: <128.105.244.191:9618?addrs=128.105.244.191-9618&alias=submit-1.chtc.wisc.edu&noUDP&sock=schedd_3562897_9248>
...
040 (15165476.009.000) 2022-02-28 00:40:08 Started transferring input files
	Transferring to host: <128.105.245.116:9618?addrs=128.105.245.116-9618&alias=e316.chtc.wisc.edu&noUDP&sock=slot1_14_34673_03db_23268>
...
001 (15165476.009.000) 2022-02-28 00:40:15 Job executing on host: <128.105.245.116:9618?addrs=128.105.245.116-9618&alias=e316.chtc.wisc.edu&noUDP&sock=startd_36994_62ac>
...
040 (15165476.009.000) 2022-02-28 00:40:15 Finished transferring input files
...
006 (15165476.009.000) 2022-02-28 01:06:36 Image size of job updated: 418
	418  -  MemoryUsage of job (MB)
	428412  -  ResidentSetSize of job (KB)
...
006 (15165476.009.000) 2022-02-28 01:11:36 Image size of job updated: 700
	700  -  MemoryUsage of job (MB)
	717368  -  ResidentSetSize of job (KB)
...
006 (15165476.009.000) 2022-02-28 01:16:37 Image size of job updated: 769
	769  -  MemoryUsage of job (MB)
	788264  -  ResidentSetSize of job (KB)
...
006 (15165476.009.000) 2022-02-28 01:21:38 Image size of job updated: 999
	999  -  MemoryUsage of job (MB)
	1023848  -  ResidentSetSize of job (KB)
...
006 (15165476.009.000) 2022-02-28 01:26:38 Image size of job updated: 1526
	1526  -  MemoryUsage of job (MB)
	1563120  -  ResidentSetSize of job (KB)
...
006 (15165476.009.000) 2022-02-28 01:30:21 Image size of job updated: 1689
	1689  -  MemoryUsage of job (MB)
	1729704  -  ResidentSetSize of job (KB)
...
040 (15165476.009.000) 2022-02-28 01:36:01 Entered queue to transfer output files
...
040 (15165476.009.000) 2022-02-28 01:36:47 Started transferring output files
...
007 (15165476.009.000) 2022-02-28 01:38:12 Shadow exception!
	Assertion ERROR on (result)
	226312  -  Run Bytes Sent By Job
	131040256  -  Run Bytes Received By Job
...
040 (15165476.009.000) 2022-02-28 01:40:23 Entered queue to transfer input files
	Transferring to host: <128.104.100.90:9618?addrs=128.104.100.90-9618+[2607-f388-107c-501-62eb-69ff-fe82-47ae]-9618&alias=e0017.chtc.wisc.edu&noUDP&sock=slot1_9_13402_abda_27697>
...
040 (15165476.009.000) 2022-02-28 01:40:48 Started transferring input files
	Seconds spent in queue: 25
...
001 (15165476.009.000) 2022-02-28 01:41:30 Job executing on host: <128.104.100.90:9618?addrs=128.104.100.90-9618+[2607-f388-107c-501-62eb-69ff-fe82-47ae]-9618&alias=e0017.chtc.wisc.edu&noUDP&sock=startd_4007_0c14>
...
040 (15165476.009.000) 2022-02-28 01:41:30 Finished transferring input files
...
006 (15165476.009.000) 2022-02-28 02:09:12 Image size of job updated: 1750
	1690  -  MemoryUsage of job (MB)
	1750000  -  ResidentSetSize of job (KB)
...
040 (15165476.009.000) 2022-02-28 02:09:23 Entered queue to transfer output files
...
040 (15165476.009.000) 2022-02-28 02:09:32 Started transferring output files
	Seconds spent in queue: 1749
...
040 (15165476.009.000) 2022-02-28 02:09:40 Finished transferring output files
...
005 (15165476.009.000) 2022-02-28 02:09:42 Job terminated.
	(1) Normal termination (return value 0)
		Usr 0 00:39:35, Sys 0 00:00:45  -  Run Remote Usage
		Usr 0 00:00:00, Sys 0 00:00:00  -  Run Local Usage
		Usr 0 01:15:58, Sys 0 00:01:39  -  Total Remote Usage
		Usr 0 00:00:00, Sys 0 00:00:00  -  Total Local Usage
	210325  -  Run Bytes Sent By Job
	131040256  -  Run Bytes Received By Job
	436637  -  Total Bytes Sent By Job
	262080512  -  Total Bytes Received By Job
	Partitionable Resources :     Usage  Request Allocated 
	   Cpus                 :      0.00        1         1 
	   Disk (KB)            : 159880      419431    907732 
	   IoHeavy              :                            0 
	   Memory (MB)          :   1690        2151      2176 

	Job terminated of its own accord at 2022-02-28T08:09:12Z with exit-code 0.
...
