000 (15165482.019.000) 2022-02-28 00:26:16 Job submitted from host: <128.105.244.191:9618?addrs=128.105.244.191-9618&alias=submit-1.chtc.wisc.edu&noUDP&sock=schedd_3562897_9248>
...
040 (15165482.019.000) 2022-02-28 01:52:38 Started transferring input files
	Transferring to host: <128.105.245.174:9618?addrs=128.105.245.174-9618&alias=e374.chtc.wisc.edu&noUDP&sock=slot1_3_9938_f84d_23492>
...
040 (15165482.019.000) 2022-02-28 01:52:40 Finished transferring input files
...
001 (15165482.019.000) 2022-02-28 01:52:46 Job executing on host: <128.105.245.174:9618?addrs=128.105.245.174-9618&alias=e374.chtc.wisc.edu&noUDP&sock=startd_11796_a740>
...
006 (15165482.019.000) 2022-02-28 02:13:21 Image size of job updated: 227
	227  -  MemoryUsage of job (MB)
	233036  -  ResidentSetSize of job (KB)
...
006 (15165482.019.000) 2022-02-28 02:18:22 Image size of job updated: 1170
	1170  -  MemoryUsage of job (MB)
	1198748  -  ResidentSetSize of job (KB)
...
006 (15165482.019.000) 2022-02-28 02:27:30 Image size of job updated: 1466
	1466  -  MemoryUsage of job (MB)
	1502192  -  ResidentSetSize of job (KB)
...
006 (15165482.019.000) 2022-02-28 02:39:56 Image size of job updated: 2155
	2155  -  MemoryUsage of job (MB)
	2207420  -  ResidentSetSize of job (KB)
...
006 (15165482.019.000) 2022-02-28 02:49:52 Image size of job updated: 2559
	2559  -  MemoryUsage of job (MB)
	2620428  -  ResidentSetSize of job (KB)
...
006 (15165482.019.000) 2022-02-28 02:55:51 Image size of job updated: 2799
	2799  -  MemoryUsage of job (MB)
	2866740  -  ResidentSetSize of job (KB)
...
006 (15165482.019.000) 2022-02-28 03:00:52 Image size of job updated: 3037
	3037  -  MemoryUsage of job (MB)
	3110168  -  ResidentSetSize of job (KB)
...
006 (15165482.019.000) 2022-02-28 03:05:53 Image size of job updated: 3294
	3294  -  MemoryUsage of job (MB)
	3373132  -  ResidentSetSize of job (KB)
...
006 (15165482.019.000) 2022-02-28 03:10:54 Image size of job updated: 3532
	3532  -  MemoryUsage of job (MB)
	3617176  -  ResidentSetSize of job (KB)
...
006 (15165482.019.000) 2022-02-28 03:15:54 Image size of job updated: 3540
	3540  -  MemoryUsage of job (MB)
	3625536  -  ResidentSetSize of job (KB)
...
007 (15165482.019.000) 2022-03-03 01:52:37 Shadow exception!
	Error from slot1_3@e374.chtc.wisc.edu: Job failed to complete in 72 hrs
	0  -  Run Bytes Sent By Job
	131040256  -  Run Bytes Received By Job
...
012 (15165482.019.000) 2022-03-03 01:52:39 Job was held.
	Error from slot1_3@e374.chtc.wisc.edu: Job failed to complete in 72 hrs
	Code 21 Subcode 0
...
