000 (15165482.018.000) 2022-02-28 00:26:16 Job submitted from host: <128.105.244.191:9618?addrs=128.105.244.191-9618&alias=submit-1.chtc.wisc.edu&noUDP&sock=schedd_3562897_9248>
...
040 (15165482.018.000) 2022-02-28 01:52:38 Started transferring input files
	Transferring to host: <128.105.245.126:9618?addrs=128.105.245.126-9618&alias=e2326.chtc.wisc.edu&noUDP&sock=slot1_6_17723_34ea_30625>
...
040 (15165482.018.000) 2022-02-28 01:52:44 Finished transferring input files
...
001 (15165482.018.000) 2022-02-28 01:52:50 Job executing on host: <128.105.245.126:9618?addrs=128.105.245.126-9618&alias=e2326.chtc.wisc.edu&noUDP&sock=startd_2387_dca7>
...
006 (15165482.018.000) 2022-02-28 02:13:00 Image size of job updated: 222
	222  -  MemoryUsage of job (MB)
	227688  -  ResidentSetSize of job (KB)
...
006 (15165482.018.000) 2022-02-28 02:18:01 Image size of job updated: 1168
	1168  -  MemoryUsage of job (MB)
	1196696  -  ResidentSetSize of job (KB)
...
006 (15165482.018.000) 2022-02-28 02:23:02 Image size of job updated: 1397
	1397  -  MemoryUsage of job (MB)
	1431132  -  ResidentSetSize of job (KB)
...
006 (15165482.018.000) 2022-02-28 02:28:03 Image size of job updated: 1617
	1617  -  MemoryUsage of job (MB)
	1656828  -  ResidentSetSize of job (KB)
...
006 (15165482.018.000) 2022-02-28 02:33:03 Image size of job updated: 1914
	1914  -  MemoryUsage of job (MB)
	1960256  -  ResidentSetSize of job (KB)
...
006 (15165482.018.000) 2022-02-28 02:38:17 Image size of job updated: 2008
	2008  -  MemoryUsage of job (MB)
	2056432  -  ResidentSetSize of job (KB)
...
006 (15165482.018.000) 2022-02-28 02:43:05 Image size of job updated: 2084
	2084  -  MemoryUsage of job (MB)
	2135020  -  ResidentSetSize of job (KB)
...
006 (15165482.018.000) 2022-02-28 02:48:05 Image size of job updated: 2289
	2289  -  MemoryUsage of job (MB)
	2344464  -  ResidentSetSize of job (KB)
...
006 (15165482.018.000) 2022-02-28 02:53:06 Image size of job updated: 2515
	2515  -  MemoryUsage of job (MB)
	2575796  -  ResidentSetSize of job (KB)
...
006 (15165482.018.000) 2022-02-28 02:58:06 Image size of job updated: 2767
	2767  -  MemoryUsage of job (MB)
	2833608  -  ResidentSetSize of job (KB)
...
006 (15165482.018.000) 2022-02-28 03:03:06 Image size of job updated: 3035
	3035  -  MemoryUsage of job (MB)
	3108060  -  ResidentSetSize of job (KB)
...
006 (15165482.018.000) 2022-02-28 03:08:07 Image size of job updated: 3310
	3310  -  MemoryUsage of job (MB)
	3389536  -  ResidentSetSize of job (KB)
...
006 (15165482.018.000) 2022-02-28 03:13:08 Image size of job updated: 3523
	3523  -  MemoryUsage of job (MB)
	3608140  -  ResidentSetSize of job (KB)
...
006 (15165482.018.000) 2022-02-28 03:18:09 Image size of job updated: 3531
	3531  -  MemoryUsage of job (MB)
	3616764  -  ResidentSetSize of job (KB)
...
007 (15165482.018.000) 2022-03-03 01:52:38 Shadow exception!
	Error from slot1_6@e2326.chtc.wisc.edu: Job failed to complete in 72 hrs
	0  -  Run Bytes Sent By Job
	131040256  -  Run Bytes Received By Job
...
012 (15165482.018.000) 2022-03-03 01:52:41 Job was held.
	Error from slot1_6@e2326.chtc.wisc.edu: Job failed to complete in 72 hrs
	Code 21 Subcode 0
...
