000 (15165482.016.000) 2022-02-28 00:26:16 Job submitted from host: <128.105.244.191:9618?addrs=128.105.244.191-9618&alias=submit-1.chtc.wisc.edu&noUDP&sock=schedd_3562897_9248>
...
040 (15165482.016.000) 2022-02-28 01:52:37 Started transferring input files
	Transferring to host: <128.105.245.177:9618?addrs=128.105.245.177-9618&alias=e2377.chtc.wisc.edu&noUDP&sock=slot1_8_36363_c5e0_28016>
...
040 (15165482.016.000) 2022-02-28 01:52:42 Finished transferring input files
...
001 (15165482.016.000) 2022-02-28 01:52:48 Job executing on host: <128.105.245.177:9618?addrs=128.105.245.177-9618&alias=e2377.chtc.wisc.edu&noUDP&sock=startd_2888_819a>
...
006 (15165482.016.000) 2022-02-28 01:54:01 Image size of job updated: 52
	52  -  MemoryUsage of job (MB)
	53624  -  ResidentSetSize of job (KB)
...
006 (15165482.016.000) 2022-02-28 01:59:02 Image size of job updated: 1167
	1167  -  MemoryUsage of job (MB)
	1195960  -  ResidentSetSize of job (KB)
...
006 (15165482.016.000) 2022-02-28 02:04:04 Image size of job updated: 1216
	1216  -  MemoryUsage of job (MB)
	1245304  -  ResidentSetSize of job (KB)
...
006 (15165482.016.000) 2022-02-28 02:09:04 Image size of job updated: 1562
	1562  -  MemoryUsage of job (MB)
	1600176  -  ResidentSetSize of job (KB)
...
006 (15165482.016.000) 2022-02-28 02:14:05 Image size of job updated: 1909
	1909  -  MemoryUsage of job (MB)
	1954864  -  ResidentSetSize of job (KB)
...
006 (15165482.016.000) 2022-02-28 02:19:06 Image size of job updated: 1957
	1957  -  MemoryUsage of job (MB)
	2004476  -  ResidentSetSize of job (KB)
...
006 (15165482.016.000) 2022-02-28 02:24:07 Image size of job updated: 2049
	2049  -  MemoryUsage of job (MB)
	2098496  -  ResidentSetSize of job (KB)
...
006 (15165482.016.000) 2022-02-28 02:29:08 Image size of job updated: 2238
	2238  -  MemoryUsage of job (MB)
	2291996  -  ResidentSetSize of job (KB)
...
006 (15165482.016.000) 2022-02-28 02:34:09 Image size of job updated: 2477
	2477  -  MemoryUsage of job (MB)
	2536528  -  ResidentSetSize of job (KB)
...
006 (15165482.016.000) 2022-02-28 02:39:11 Image size of job updated: 2722
	2722  -  MemoryUsage of job (MB)
	2788056  -  ResidentSetSize of job (KB)
...
006 (15165482.016.000) 2022-02-28 02:44:11 Image size of job updated: 3010
	3010  -  MemoryUsage of job (MB)
	3082496  -  ResidentSetSize of job (KB)
...
006 (15165482.016.000) 2022-02-28 02:49:12 Image size of job updated: 3312
	3312  -  MemoryUsage of job (MB)
	3391512  -  ResidentSetSize of job (KB)
...
006 (15165482.016.000) 2022-02-28 02:54:13 Image size of job updated: 3532
	3532  -  MemoryUsage of job (MB)
	3617116  -  ResidentSetSize of job (KB)
...
006 (15165482.016.000) 2022-02-28 02:59:13 Image size of job updated: 3536
	3536  -  MemoryUsage of job (MB)
	3621452  -  ResidentSetSize of job (KB)
...
007 (15165482.016.000) 2022-03-03 01:52:38 Shadow exception!
	Error from slot1_8@e2377.chtc.wisc.edu: Job failed to complete in 72 hrs
	0  -  Run Bytes Sent By Job
	131040256  -  Run Bytes Received By Job
...
012 (15165482.016.000) 2022-03-03 01:52:40 Job was held.
	Error from slot1_8@e2377.chtc.wisc.edu: Job failed to complete in 72 hrs
	Code 21 Subcode 0
...
