000 (15165482.017.000) 2022-02-28 00:26:16 Job submitted from host: <128.105.244.191:9618?addrs=128.105.244.191-9618&alias=submit-1.chtc.wisc.edu&noUDP&sock=schedd_3562897_9248>
...
040 (15165482.017.000) 2022-02-28 01:52:37 Started transferring input files
	Transferring to host: <128.104.101.142:9618?addrs=128.104.101.142-9618+[2607-f388-107c-501-206-f6ff-fe30-a5a5]-9618&alias=e142.chtc.wisc.edu&noUDP&sock=slot1_11_3196_9efb_31434>
...
040 (15165482.017.000) 2022-02-28 01:52:39 Finished transferring input files
...
001 (15165482.017.000) 2022-02-28 01:52:45 Job executing on host: <128.104.101.142:9618?addrs=128.104.101.142-9618+[2607-f388-107c-501-206-f6ff-fe30-a5a5]-9618&alias=e142.chtc.wisc.edu&noUDP&sock=startd_1858_030e>
...
006 (15165482.017.000) 2022-02-28 01:53:36 Image size of job updated: 85
	85  -  MemoryUsage of job (MB)
	87928  -  ResidentSetSize of job (KB)
...
006 (15165482.017.000) 2022-02-28 01:58:36 Image size of job updated: 1170
	1170  -  MemoryUsage of job (MB)
	1198964  -  ResidentSetSize of job (KB)
...
006 (15165482.017.000) 2022-02-28 02:03:37 Image size of job updated: 1199
	1199  -  MemoryUsage of job (MB)
	1227788  -  ResidentSetSize of job (KB)
...
006 (15165482.017.000) 2022-02-28 02:08:37 Image size of job updated: 1617
	1617  -  MemoryUsage of job (MB)
	1656340  -  ResidentSetSize of job (KB)
...
006 (15165482.017.000) 2022-02-28 02:13:37 Image size of job updated: 1892
	1892  -  MemoryUsage of job (MB)
	1938156  -  ResidentSetSize of job (KB)
...
006 (15165482.017.000) 2022-02-28 02:18:37 Image size of job updated: 2010
	2010  -  MemoryUsage of job (MB)
	2058296  -  ResidentSetSize of job (KB)
...
006 (15165482.017.000) 2022-02-28 02:23:38 Image size of job updated: 2084
	2084  -  MemoryUsage of job (MB)
	2134252  -  ResidentSetSize of job (KB)
...
006 (15165482.017.000) 2022-02-28 02:28:38 Image size of job updated: 2291
	2291  -  MemoryUsage of job (MB)
	2346612  -  ResidentSetSize of job (KB)
...
006 (15165482.017.000) 2022-02-28 02:33:39 Image size of job updated: 2530
	2530  -  MemoryUsage of job (MB)
	2591052  -  ResidentSetSize of job (KB)
...
006 (15165482.017.000) 2022-02-28 02:38:43 Image size of job updated: 2802
	2802  -  MemoryUsage of job (MB)
	2869336  -  ResidentSetSize of job (KB)
...
006 (15165482.017.000) 2022-02-28 02:43:41 Image size of job updated: 3090
	3090  -  MemoryUsage of job (MB)
	3165052  -  ResidentSetSize of job (KB)
...
006 (15165482.017.000) 2022-02-28 02:48:42 Image size of job updated: 3397
	3397  -  MemoryUsage of job (MB)
	3478908  -  ResidentSetSize of job (KB)
...
006 (15165482.017.000) 2022-02-28 02:53:43 Image size of job updated: 3583
	3583  -  MemoryUsage of job (MB)
	3669044  -  ResidentSetSize of job (KB)
...
007 (15165482.017.000) 2022-03-03 01:52:38 Shadow exception!
	Error from slot1_11@e142.chtc.wisc.edu: Job failed to complete in 72 hrs
	0  -  Run Bytes Sent By Job
	131040256  -  Run Bytes Received By Job
...
012 (15165482.017.000) 2022-03-03 01:52:41 Job was held.
	Error from slot1_11@e142.chtc.wisc.edu: Job failed to complete in 72 hrs
	Code 21 Subcode 0
...
