000 (15165482.014.000) 2022-02-28 00:26:16 Job submitted from host: <128.105.244.191:9618?addrs=128.105.244.191-9618&alias=submit-1.chtc.wisc.edu&noUDP&sock=schedd_3562897_9248>
...
040 (15165482.014.000) 2022-02-28 01:52:37 Started transferring input files
	Transferring to host: <128.105.245.210:9618?addrs=128.105.245.210-9618&alias=e2410.chtc.wisc.edu&noUDP&sock=slot1_12_15390_65ab_27133>
...
040 (15165482.014.000) 2022-02-28 01:52:43 Finished transferring input files
...
001 (15165482.014.000) 2022-02-28 01:52:49 Job executing on host: <128.105.245.210:9618?addrs=128.105.245.210-9618&alias=e2410.chtc.wisc.edu&noUDP&sock=startd_13121_7e3c>
...
006 (15165482.014.000) 2022-02-28 02:13:18 Image size of job updated: 209
	209  -  MemoryUsage of job (MB)
	214432  -  ResidentSetSize of job (KB)
...
006 (15165482.014.000) 2022-02-28 02:18:19 Image size of job updated: 1169
	1169  -  MemoryUsage of job (MB)
	1197304  -  ResidentSetSize of job (KB)
...
006 (15165482.014.000) 2022-02-28 02:23:19 Image size of job updated: 1399
	1399  -  MemoryUsage of job (MB)
	1433344  -  ResidentSetSize of job (KB)
...
006 (15165482.014.000) 2022-02-28 02:28:20 Image size of job updated: 1737
	1737  -  MemoryUsage of job (MB)
	1778768  -  ResidentSetSize of job (KB)
...
006 (15165482.014.000) 2022-02-28 02:33:20 Image size of job updated: 1922
	1922  -  MemoryUsage of job (MB)
	1968352  -  ResidentSetSize of job (KB)
...
006 (15165482.014.000) 2022-02-28 02:38:21 Image size of job updated: 2046
	2046  -  MemoryUsage of job (MB)
	2095840  -  ResidentSetSize of job (KB)
...
006 (15165482.014.000) 2022-02-28 02:43:21 Image size of job updated: 2261
	2261  -  MemoryUsage of job (MB)
	2315908  -  ResidentSetSize of job (KB)
...
006 (15165482.014.000) 2022-02-28 02:48:21 Image size of job updated: 2533
	2533  -  MemoryUsage of job (MB)
	2594652  -  ResidentSetSize of job (KB)
...
006 (15165482.014.000) 2022-02-28 02:53:22 Image size of job updated: 2804
	2804  -  MemoryUsage of job (MB)
	2871548  -  ResidentSetSize of job (KB)
...
006 (15165482.014.000) 2022-02-28 02:58:23 Image size of job updated: 3113
	3113  -  MemoryUsage of job (MB)
	3188572  -  ResidentSetSize of job (KB)
...
006 (15165482.014.000) 2022-02-28 03:03:23 Image size of job updated: 3446
	3446  -  MemoryUsage of job (MB)
	3529660  -  ResidentSetSize of job (KB)
...
006 (15165482.014.000) 2022-02-28 03:08:41 Image size of job updated: 3537
	3537  -  MemoryUsage of job (MB)
	3622344  -  ResidentSetSize of job (KB)
...
007 (15165482.014.000) 2022-03-03 01:52:39 Shadow exception!
	Error from slot1_12@e2410.chtc.wisc.edu: Job failed to complete in 72 hrs
	0  -  Run Bytes Sent By Job
	131040256  -  Run Bytes Received By Job
...
012 (15165482.014.000) 2022-03-03 01:52:41 Job was held.
	Error from slot1_12@e2410.chtc.wisc.edu: Job failed to complete in 72 hrs
	Code 21 Subcode 0
...
