000 (15165482.015.000) 2022-02-28 00:26:16 Job submitted from host: <128.105.244.191:9618?addrs=128.105.244.191-9618&alias=submit-1.chtc.wisc.edu&noUDP&sock=schedd_3562897_9248>
...
040 (15165482.015.000) 2022-02-28 01:52:37 Started transferring input files
	Transferring to host: <128.105.245.90:9618?addrs=128.105.245.90-9618&alias=e290.chtc.wisc.edu&noUDP&sock=slot1_6_37152_b1e0_26832>
...
040 (15165482.015.000) 2022-02-28 01:52:46 Finished transferring input files
...
001 (15165482.015.000) 2022-02-28 01:52:52 Job executing on host: <128.105.245.90:9618?addrs=128.105.245.90-9618&alias=e290.chtc.wisc.edu&noUDP&sock=startd_2412_0285>
...
006 (15165482.015.000) 2022-02-28 01:53:42 Image size of job updated: 77
	77  -  MemoryUsage of job (MB)
	78924  -  ResidentSetSize of job (KB)
...
006 (15165482.015.000) 2022-02-28 01:58:43 Image size of job updated: 1168
	1168  -  MemoryUsage of job (MB)
	1196240  -  ResidentSetSize of job (KB)
...
006 (15165482.015.000) 2022-02-28 02:08:44 Image size of job updated: 1436
	1436  -  MemoryUsage of job (MB)
	1471148  -  ResidentSetSize of job (KB)
...
006 (15165482.015.000) 2022-02-28 02:13:44 Image size of job updated: 1837
	1837  -  MemoryUsage of job (MB)
	1881088  -  ResidentSetSize of job (KB)
...
006 (15165482.015.000) 2022-02-28 02:18:45 Image size of job updated: 1918
	1918  -  MemoryUsage of job (MB)
	1964040  -  ResidentSetSize of job (KB)
...
006 (15165482.015.000) 2022-02-28 02:23:45 Image size of job updated: 2028
	2028  -  MemoryUsage of job (MB)
	2077040  -  ResidentSetSize of job (KB)
...
006 (15165482.015.000) 2022-02-28 02:28:46 Image size of job updated: 2209
	2209  -  MemoryUsage of job (MB)
	2262088  -  ResidentSetSize of job (KB)
...
006 (15165482.015.000) 2022-02-28 02:33:46 Image size of job updated: 2443
	2443  -  MemoryUsage of job (MB)
	2502584  -  ResidentSetSize of job (KB)
...
006 (15165482.015.000) 2022-02-28 02:38:46 Image size of job updated: 2768
	2768  -  MemoryUsage of job (MB)
	2834780  -  ResidentSetSize of job (KB)
...
006 (15165482.015.000) 2022-02-28 02:43:46 Image size of job updated: 3188
	3188  -  MemoryUsage of job (MB)
	3264748  -  ResidentSetSize of job (KB)
...
006 (15165482.015.000) 2022-02-28 02:48:46 Image size of job updated: 3530
	3530  -  MemoryUsage of job (MB)
	3615440  -  ResidentSetSize of job (KB)
...
006 (15165482.015.000) 2022-02-28 02:53:46 Image size of job updated: 3533
	3533  -  MemoryUsage of job (MB)
	3618220  -  ResidentSetSize of job (KB)
...
007 (15165482.015.000) 2022-03-03 01:52:36 Shadow exception!
	Error from slot1_6@e290.chtc.wisc.edu: Job failed to complete in 72 hrs
	0  -  Run Bytes Sent By Job
	131040256  -  Run Bytes Received By Job
...
012 (15165482.015.000) 2022-03-03 01:52:37 Job was held.
	Error from slot1_6@e290.chtc.wisc.edu: Job failed to complete in 72 hrs
	Code 21 Subcode 0
...
