000 (15165482.029.000) 2022-02-28 00:26:16 Job submitted from host: <128.105.244.191:9618?addrs=128.105.244.191-9618&alias=submit-1.chtc.wisc.edu&noUDP&sock=schedd_3562897_9248>
...
040 (15165482.029.000) 2022-02-28 01:52:51 Started transferring input files
	Transferring to host: <128.105.245.197:9618?addrs=128.105.245.197-9618&alias=e2397.chtc.wisc.edu&noUDP&sock=slot1_4_1134_c167_26098>
...
040 (15165482.029.000) 2022-02-28 01:52:55 Finished transferring input files
...
001 (15165482.029.000) 2022-02-28 01:53:01 Job executing on host: <128.105.245.197:9618?addrs=128.105.245.197-9618&alias=e2397.chtc.wisc.edu&noUDP&sock=startd_3053_aeba>
...
006 (15165482.029.000) 2022-02-28 01:54:56 Image size of job updated: 66
	66  -  MemoryUsage of job (MB)
	68464  -  ResidentSetSize of job (KB)
...
006 (15165482.029.000) 2022-02-28 01:59:56 Image size of job updated: 1038
	1038  -  MemoryUsage of job (MB)
	1062956  -  ResidentSetSize of job (KB)
...
006 (15165482.029.000) 2022-02-28 02:04:57 Image size of job updated: 1168
	1168  -  MemoryUsage of job (MB)
	1196540  -  ResidentSetSize of job (KB)
...
006 (15165482.029.000) 2022-02-28 02:09:58 Image size of job updated: 1414
	1414  -  MemoryUsage of job (MB)
	1448792  -  ResidentSetSize of job (KB)
...
006 (15165482.029.000) 2022-02-28 02:14:58 Image size of job updated: 1722
	1722  -  MemoryUsage of job (MB)
	1763652  -  ResidentSetSize of job (KB)
...
006 (15165482.029.000) 2022-02-28 02:19:58 Image size of job updated: 1907
	1907  -  MemoryUsage of job (MB)
	1953396  -  ResidentSetSize of job (KB)
...
006 (15165482.029.000) 2022-02-28 02:24:59 Image size of job updated: 2006
	2006  -  MemoryUsage of job (MB)
	2054604  -  ResidentSetSize of job (KB)
...
006 (15165482.029.000) 2022-02-28 02:30:00 Image size of job updated: 2090
	2090  -  MemoryUsage of job (MB)
	2140836  -  ResidentSetSize of job (KB)
...
006 (15165482.029.000) 2022-02-28 02:35:00 Image size of job updated: 2312
	2312  -  MemoryUsage of job (MB)
	2368168  -  ResidentSetSize of job (KB)
...
006 (15165482.029.000) 2022-02-28 02:40:00 Image size of job updated: 2535
	2535  -  MemoryUsage of job (MB)
	2595952  -  ResidentSetSize of job (KB)
...
006 (15165482.029.000) 2022-02-28 02:45:01 Image size of job updated: 2774
	2774  -  MemoryUsage of job (MB)
	2840600  -  ResidentSetSize of job (KB)
...
006 (15165482.029.000) 2022-02-28 02:50:02 Image size of job updated: 3040
	3040  -  MemoryUsage of job (MB)
	3113608  -  ResidentSetSize of job (KB)
...
006 (15165482.029.000) 2022-02-28 02:55:02 Image size of job updated: 3310
	3310  -  MemoryUsage of job (MB)
	3389752  -  ResidentSetSize of job (KB)
...
006 (15165482.029.000) 2022-02-28 03:00:02 Image size of job updated: 3529
	3529  -  MemoryUsage of job (MB)
	3614152  -  ResidentSetSize of job (KB)
...
006 (15165482.029.000) 2022-02-28 03:05:03 Image size of job updated: 3535
	3535  -  MemoryUsage of job (MB)
	3620452  -  ResidentSetSize of job (KB)
...
007 (15165482.029.000) 2022-03-03 01:52:51 Shadow exception!
	Error from slot1_4@e2397.chtc.wisc.edu: Job failed to complete in 72 hrs
	0  -  Run Bytes Sent By Job
	131040256  -  Run Bytes Received By Job
...
012 (15165482.029.000) 2022-03-03 01:52:51 Job was held.
	Error from slot1_4@e2397.chtc.wisc.edu: Job failed to complete in 72 hrs
	Code 21 Subcode 0
...
