000 (15165482.025.000) 2022-02-28 00:26:16 Job submitted from host: <128.105.244.191:9618?addrs=128.105.244.191-9618&alias=submit-1.chtc.wisc.edu&noUDP&sock=schedd_3562897_9248>
...
040 (15165482.025.000) 2022-02-28 01:52:40 Started transferring input files
	Transferring to host: <128.105.245.47:9618?addrs=128.105.245.47-9618&alias=e3247.chtc.wisc.edu&noUDP&sock=slot1_1_4091_3abf_22934>
...
040 (15165482.025.000) 2022-02-28 01:52:45 Finished transferring input files
...
001 (15165482.025.000) 2022-02-28 01:52:51 Job executing on host: <128.105.245.47:9618?addrs=128.105.245.47-9618&alias=e3247.chtc.wisc.edu&noUDP&sock=startd_3025_7a13>
...
006 (15165482.025.000) 2022-02-28 01:53:00 Image size of job updated: 3
	3  -  MemoryUsage of job (MB)
	3324  -  ResidentSetSize of job (KB)
...
006 (15165482.025.000) 2022-02-28 01:58:01 Image size of job updated: 1168
	1168  -  MemoryUsage of job (MB)
	1196108  -  ResidentSetSize of job (KB)
...
006 (15165482.025.000) 2022-02-28 02:03:02 Image size of job updated: 1177
	1177  -  MemoryUsage of job (MB)
	1205468  -  ResidentSetSize of job (KB)
...
006 (15165482.025.000) 2022-02-28 02:08:03 Image size of job updated: 1559
	1559  -  MemoryUsage of job (MB)
	1596768  -  ResidentSetSize of job (KB)
...
006 (15165482.025.000) 2022-02-28 02:13:04 Image size of job updated: 1905
	1905  -  MemoryUsage of job (MB)
	1951104  -  ResidentSetSize of job (KB)
...
006 (15165482.025.000) 2022-02-28 02:18:05 Image size of job updated: 1928
	1928  -  MemoryUsage of job (MB)
	1974360  -  ResidentSetSize of job (KB)
...
006 (15165482.025.000) 2022-02-28 02:23:06 Image size of job updated: 2318
	2318  -  MemoryUsage of job (MB)
	2373696  -  ResidentSetSize of job (KB)
...
006 (15165482.025.000) 2022-02-28 02:28:08 Image size of job updated: 2521
	2521  -  MemoryUsage of job (MB)
	2581912  -  ResidentSetSize of job (KB)
...
006 (15165482.025.000) 2022-02-28 02:33:08 Image size of job updated: 2788
	2788  -  MemoryUsage of job (MB)
	2855020  -  ResidentSetSize of job (KB)
...
006 (15165482.025.000) 2022-02-28 02:38:17 Image size of job updated: 3074
	3074  -  MemoryUsage of job (MB)
	3148320  -  ResidentSetSize of job (KB)
...
006 (15165482.025.000) 2022-02-28 02:43:08 Image size of job updated: 3399
	3399  -  MemoryUsage of job (MB)
	3481548  -  ResidentSetSize of job (KB)
...
006 (15165482.025.000) 2022-02-28 02:48:08 Image size of job updated: 3552
	3552  -  MemoryUsage of job (MB)
	3637704  -  ResidentSetSize of job (KB)
...
006 (15165482.025.000) 2022-02-28 02:53:09 Image size of job updated: 3557
	3557  -  MemoryUsage of job (MB)
	3643148  -  ResidentSetSize of job (KB)
...
007 (15165482.025.000) 2022-03-03 01:52:43 Shadow exception!
	Error from slot1_1@e3247.chtc.wisc.edu: Job failed to complete in 72 hrs
	0  -  Run Bytes Sent By Job
	131040256  -  Run Bytes Received By Job
...
012 (15165482.025.000) 2022-03-03 01:52:47 Job was held.
	Error from slot1_1@e3247.chtc.wisc.edu: Job failed to complete in 72 hrs
	Code 21 Subcode 0
...
