000 (15165482.002.000) 2022-02-28 00:26:16 Job submitted from host: <128.105.244.191:9618?addrs=128.105.244.191-9618&alias=submit-1.chtc.wisc.edu&noUDP&sock=schedd_3562897_9248>
...
040 (15165482.002.000) 2022-02-28 01:52:29 Started transferring input files
	Transferring to host: <128.104.101.126:9618?addrs=128.104.101.126-9618+[2607-f388-107c-501-4603-a7ff-fe29-9a3d]-9618&alias=e126.chtc.wisc.edu&noUDP&sock=slot1_6_28820_0c0d_32776>
...
040 (15165482.002.000) 2022-02-28 01:52:31 Finished transferring input files
...
001 (15165482.002.000) 2022-02-28 01:52:34 Job executing on host: <128.104.101.126:9618?addrs=128.104.101.126-9618+[2607-f388-107c-501-4603-a7ff-fe29-9a3d]-9618&alias=e126.chtc.wisc.edu&noUDP&sock=startd_1622_22b4>
...
006 (15165482.002.000) 2022-02-28 01:59:12 Image size of job updated: 225
	225  -  MemoryUsage of job (MB)
	230956  -  ResidentSetSize of job (KB)
...
006 (15165482.002.000) 2022-02-28 02:04:13 Image size of job updated: 1170
	1170  -  MemoryUsage of job (MB)
	1198588  -  ResidentSetSize of job (KB)
...
006 (15165482.002.000) 2022-02-28 02:09:14 Image size of job updated: 1619
	1619  -  MemoryUsage of job (MB)
	1658696  -  ResidentSetSize of job (KB)
...
006 (15165482.002.000) 2022-02-28 02:14:15 Image size of job updated: 1917
	1917  -  MemoryUsage of job (MB)
	1963908  -  ResidentSetSize of job (KB)
...
006 (15165482.002.000) 2022-02-28 02:19:16 Image size of job updated: 2062
	2062  -  MemoryUsage of job (MB)
	2111496  -  ResidentSetSize of job (KB)
...
006 (15165482.002.000) 2022-02-28 02:24:16 Image size of job updated: 2351
	2351  -  MemoryUsage of job (MB)
	2407864  -  ResidentSetSize of job (KB)
...
006 (15165482.002.000) 2022-02-28 02:29:16 Image size of job updated: 2732
	2732  -  MemoryUsage of job (MB)
	2797644  -  ResidentSetSize of job (KB)
...
006 (15165482.002.000) 2022-02-28 02:34:16 Image size of job updated: 3161
	3161  -  MemoryUsage of job (MB)
	3237064  -  ResidentSetSize of job (KB)
...
006 (15165482.002.000) 2022-02-28 02:39:16 Image size of job updated: 3568
	3568  -  MemoryUsage of job (MB)
	3653852  -  ResidentSetSize of job (KB)
...
006 (15165482.002.000) 2022-02-28 02:44:16 Image size of job updated: 3580
	3580  -  MemoryUsage of job (MB)
	3665980  -  ResidentSetSize of job (KB)
...
007 (15165482.002.000) 2022-03-03 01:52:33 Shadow exception!
	Error from slot1_6@e126.chtc.wisc.edu: Job failed to complete in 72 hrs
	0  -  Run Bytes Sent By Job
	131040256  -  Run Bytes Received By Job
...
012 (15165482.002.000) 2022-03-03 01:52:33 Job was held.
	Error from slot1_6@e126.chtc.wisc.edu: Job failed to complete in 72 hrs
	Code 21 Subcode 0
...
