000 (15165482.021.000) 2022-02-28 00:26:16 Job submitted from host: <128.105.244.191:9618?addrs=128.105.244.191-9618&alias=submit-1.chtc.wisc.edu&noUDP&sock=schedd_3562897_9248>
...
040 (15165482.021.000) 2022-02-28 01:52:39 Started transferring input files
	Transferring to host: <128.104.58.226:9618?addrs=128.104.58.226-9618+[2607-f388-1086-0-226-9eff-fe2b-bdac]-9618&alias=e1089.chtc.wisc.edu&noUDP&sock=slot1_3_28861_ef6f_22634>
...
040 (15165482.021.000) 2022-02-28 01:52:42 Finished transferring input files
...
001 (15165482.021.000) 2022-02-28 01:52:48 Job executing on host: <128.104.58.226:9618?addrs=128.104.58.226-9618+[2607-f388-1086-0-226-9eff-fe2b-bdac]-9618&alias=e1089.chtc.wisc.edu&noUDP&sock=startd_4021_a667>
...
006 (15165482.021.000) 2022-02-28 01:53:42 Image size of job updated: 68
	68  -  MemoryUsage of job (MB)
	70272  -  ResidentSetSize of job (KB)
...
006 (15165482.021.000) 2022-02-28 01:58:43 Image size of job updated: 1170
	1170  -  MemoryUsage of job (MB)
	1198128  -  ResidentSetSize of job (KB)
...
006 (15165482.021.000) 2022-02-28 02:08:44 Image size of job updated: 1430
	1430  -  MemoryUsage of job (MB)
	1464352  -  ResidentSetSize of job (KB)
...
006 (15165482.021.000) 2022-02-28 02:13:45 Image size of job updated: 1646
	1646  -  MemoryUsage of job (MB)
	1685548  -  ResidentSetSize of job (KB)
...
006 (15165482.021.000) 2022-02-28 02:18:45 Image size of job updated: 1895
	1895  -  MemoryUsage of job (MB)
	1940532  -  ResidentSetSize of job (KB)
...
006 (15165482.021.000) 2022-02-28 02:23:46 Image size of job updated: 1969
	1969  -  MemoryUsage of job (MB)
	2017248  -  ResidentSetSize of job (KB)
...
006 (15165482.021.000) 2022-02-28 02:28:46 Image size of job updated: 2090
	2090  -  MemoryUsage of job (MB)
	2140940  -  ResidentSetSize of job (KB)
...
006 (15165482.021.000) 2022-02-28 02:33:47 Image size of job updated: 2282
	2282  -  MemoryUsage of job (MB)
	2336772  -  ResidentSetSize of job (KB)
...
006 (15165482.021.000) 2022-02-28 02:38:47 Image size of job updated: 2548
	2548  -  MemoryUsage of job (MB)
	2609268  -  ResidentSetSize of job (KB)
...
006 (15165482.021.000) 2022-02-28 02:43:48 Image size of job updated: 2827
	2827  -  MemoryUsage of job (MB)
	2895860  -  ResidentSetSize of job (KB)
...
006 (15165482.021.000) 2022-02-28 02:48:48 Image size of job updated: 3024
	3024  -  MemoryUsage of job (MB)
	3096916  -  ResidentSetSize of job (KB)
...
006 (15165482.021.000) 2022-02-28 02:53:49 Image size of job updated: 3187
	3187  -  MemoryUsage of job (MB)
	3264076  -  ResidentSetSize of job (KB)
...
006 (15165482.021.000) 2022-02-28 02:58:50 Image size of job updated: 3351
	3351  -  MemoryUsage of job (MB)
	3431952  -  ResidentSetSize of job (KB)
...
006 (15165482.021.000) 2022-02-28 03:03:50 Image size of job updated: 3515
	3515  -  MemoryUsage of job (MB)
	3599420  -  ResidentSetSize of job (KB)
...
006 (15165482.021.000) 2022-02-28 03:08:50 Image size of job updated: 3555
	3555  -  MemoryUsage of job (MB)
	3640836  -  ResidentSetSize of job (KB)
...
007 (15165482.021.000) 2022-03-03 01:52:39 Shadow exception!
	Error from slot1_3@e1089.chtc.wisc.edu: Job failed to complete in 72 hrs
	0  -  Run Bytes Sent By Job
	131040256  -  Run Bytes Received By Job
...
012 (15165482.021.000) 2022-03-03 01:52:41 Job was held.
	Error from slot1_3@e1089.chtc.wisc.edu: Job failed to complete in 72 hrs
	Code 21 Subcode 0
...
