000 (15165482.026.000) 2022-02-28 00:26:16 Job submitted from host: <128.105.244.191:9618?addrs=128.105.244.191-9618&alias=submit-1.chtc.wisc.edu&noUDP&sock=schedd_3562897_9248>
...
040 (15165482.026.000) 2022-02-28 01:52:40 Started transferring input files
	Transferring to host: <128.104.101.143:9618?addrs=128.104.101.143-9618+[2607-f388-107c-501-206-f6ff-fe30-d2e7]-9618&alias=e143.chtc.wisc.edu&noUDP&sock=slot1_17_24892_6a6d_32403>
...
001 (15165482.026.000) 2022-02-28 01:52:47 Job executing on host: <128.104.101.143:9618?addrs=128.104.101.143-9618+[2607-f388-107c-501-206-f6ff-fe30-d2e7]-9618&alias=e143.chtc.wisc.edu&noUDP&sock=startd_1952_7cf5>
...
040 (15165482.026.000) 2022-02-28 01:52:47 Finished transferring input files
...
006 (15165482.026.000) 2022-02-28 01:59:04 Image size of job updated: 191
	191  -  MemoryUsage of job (MB)
	196232  -  ResidentSetSize of job (KB)
...
006 (15165482.026.000) 2022-02-28 02:04:05 Image size of job updated: 1196
	1196  -  MemoryUsage of job (MB)
	1224856  -  ResidentSetSize of job (KB)
...
006 (15165482.026.000) 2022-02-28 02:09:06 Image size of job updated: 1326
	1326  -  MemoryUsage of job (MB)
	1358152  -  ResidentSetSize of job (KB)
...
006 (15165482.026.000) 2022-02-28 02:14:06 Image size of job updated: 1619
	1619  -  MemoryUsage of job (MB)
	1658040  -  ResidentSetSize of job (KB)
...
006 (15165482.026.000) 2022-02-28 02:19:06 Image size of job updated: 1892
	1892  -  MemoryUsage of job (MB)
	1937848  -  ResidentSetSize of job (KB)
...
006 (15165482.026.000) 2022-02-28 02:24:07 Image size of job updated: 1991
	1991  -  MemoryUsage of job (MB)
	2039580  -  ResidentSetSize of job (KB)
...
006 (15165482.026.000) 2022-02-28 02:29:07 Image size of job updated: 2093
	2093  -  MemoryUsage of job (MB)
	2143320  -  ResidentSetSize of job (KB)
...
006 (15165482.026.000) 2022-02-28 02:34:08 Image size of job updated: 2307
	2307  -  MemoryUsage of job (MB)
	2363196  -  ResidentSetSize of job (KB)
...
006 (15165482.026.000) 2022-02-28 02:39:08 Image size of job updated: 2577
	2577  -  MemoryUsage of job (MB)
	2638852  -  ResidentSetSize of job (KB)
...
006 (15165482.026.000) 2022-02-28 02:44:08 Image size of job updated: 2860
	2860  -  MemoryUsage of job (MB)
	2928900  -  ResidentSetSize of job (KB)
...
006 (15165482.026.000) 2022-02-28 02:49:09 Image size of job updated: 3149
	3149  -  MemoryUsage of job (MB)
	3225272  -  ResidentSetSize of job (KB)
...
006 (15165482.026.000) 2022-02-28 02:54:09 Image size of job updated: 3431
	3431  -  MemoryUsage of job (MB)
	3513908  -  ResidentSetSize of job (KB)
...
006 (15165482.026.000) 2022-02-28 02:59:09 Image size of job updated: 3583
	3583  -  MemoryUsage of job (MB)
	3669120  -  ResidentSetSize of job (KB)
...
007 (15165482.026.000) 2022-03-03 01:52:40 Shadow exception!
	Error from slot1_17@e143.chtc.wisc.edu: Job failed to complete in 72 hrs
	0  -  Run Bytes Sent By Job
	131040256  -  Run Bytes Received By Job
...
012 (15165482.026.000) 2022-03-03 01:52:41 Job was held.
	Error from slot1_17@e143.chtc.wisc.edu: Job failed to complete in 72 hrs
	Code 21 Subcode 0
...
