000 (15165482.023.000) 2022-02-28 00:26:16 Job submitted from host: <128.105.244.191:9618?addrs=128.105.244.191-9618&alias=submit-1.chtc.wisc.edu&noUDP&sock=schedd_3562897_9248>
...
040 (15165482.023.000) 2022-02-28 01:52:40 Started transferring input files
	Transferring to host: <128.104.58.193:9618?addrs=128.104.58.193-9618+[2607-f388-1086-0-16fe-b5ff-fec6-7060]-9618&alias=e1051.chtc.wisc.edu&noUDP&sock=slot1_6_5421_55b6_25854>
...
040 (15165482.023.000) 2022-02-28 01:52:44 Finished transferring input files
...
001 (15165482.023.000) 2022-02-28 01:52:50 Job executing on host: <128.104.58.193:9618?addrs=128.104.58.193-9618+[2607-f388-1086-0-16fe-b5ff-fec6-7060]-9618&alias=e1051.chtc.wisc.edu&noUDP&sock=startd_4959_0a3d>
...
006 (15165482.023.000) 2022-02-28 01:59:28 Image size of job updated: 96
	96  -  MemoryUsage of job (MB)
	99000  -  ResidentSetSize of job (KB)
...
006 (15165482.023.000) 2022-02-28 02:04:29 Image size of job updated: 1015
	1015  -  MemoryUsage of job (MB)
	1040152  -  ResidentSetSize of job (KB)
...
006 (15165482.023.000) 2022-02-28 02:09:29 Image size of job updated: 1170
	1170  -  MemoryUsage of job (MB)
	1198248  -  ResidentSetSize of job (KB)
...
006 (15165482.023.000) 2022-02-28 02:14:29 Image size of job updated: 1320
	1320  -  MemoryUsage of job (MB)
	1352360  -  ResidentSetSize of job (KB)
...
006 (15165482.023.000) 2022-02-28 02:19:29 Image size of job updated: 1570
	1570  -  MemoryUsage of job (MB)
	1607768  -  ResidentSetSize of job (KB)
...
006 (15165482.023.000) 2022-02-28 02:24:30 Image size of job updated: 1841
	1841  -  MemoryUsage of job (MB)
	1886088  -  ResidentSetSize of job (KB)
...
006 (15165482.023.000) 2022-02-28 02:29:31 Image size of job updated: 1916
	1916  -  MemoryUsage of job (MB)
	1962492  -  ResidentSetSize of job (KB)
...
006 (15165482.023.000) 2022-02-28 02:34:32 Image size of job updated: 1990
	1990  -  MemoryUsage of job (MB)
	2038696  -  ResidentSetSize of job (KB)
...
006 (15165482.023.000) 2022-02-28 02:39:32 Image size of job updated: 2073
	2073  -  MemoryUsage of job (MB)
	2123444  -  ResidentSetSize of job (KB)
...
006 (15165482.023.000) 2022-02-28 02:44:32 Image size of job updated: 2245
	2245  -  MemoryUsage of job (MB)
	2299060  -  ResidentSetSize of job (KB)
...
006 (15165482.023.000) 2022-02-28 02:49:32 Image size of job updated: 2439
	2439  -  MemoryUsage of job (MB)
	2497624  -  ResidentSetSize of job (KB)
...
006 (15165482.023.000) 2022-02-28 02:54:33 Image size of job updated: 2629
	2629  -  MemoryUsage of job (MB)
	2692856  -  ResidentSetSize of job (KB)
...
006 (15165482.023.000) 2022-02-28 02:59:33 Image size of job updated: 2843
	2843  -  MemoryUsage of job (MB)
	2911752  -  ResidentSetSize of job (KB)
...
006 (15165482.023.000) 2022-02-28 03:04:33 Image size of job updated: 3094
	3094  -  MemoryUsage of job (MB)
	3168784  -  ResidentSetSize of job (KB)
...
006 (15165482.023.000) 2022-02-28 03:09:34 Image size of job updated: 3336
	3336  -  MemoryUsage of job (MB)
	3416752  -  ResidentSetSize of job (KB)
...
006 (15165482.023.000) 2022-02-28 03:14:35 Image size of job updated: 3582
	3582  -  MemoryUsage of job (MB)
	3668256  -  ResidentSetSize of job (KB)
...
006 (15165482.023.000) 2022-02-28 03:19:36 Image size of job updated: 3582
	3582  -  MemoryUsage of job (MB)
	3668944  -  ResidentSetSize of job (KB)
...
007 (15165482.023.000) 2022-03-03 01:52:40 Shadow exception!
	Error from slot1_6@e1051.chtc.wisc.edu: Job failed to complete in 72 hrs
	0  -  Run Bytes Sent By Job
	131040256  -  Run Bytes Received By Job
...
012 (15165482.023.000) 2022-03-03 01:52:41 Job was held.
	Error from slot1_6@e1051.chtc.wisc.edu: Job failed to complete in 72 hrs
	Code 21 Subcode 0
...
