000 (15165482.024.000) 2022-02-28 00:26:16 Job submitted from host: <128.105.244.191:9618?addrs=128.105.244.191-9618&alias=submit-1.chtc.wisc.edu&noUDP&sock=schedd_3562897_9248>
...
040 (15165482.024.000) 2022-02-28 01:52:40 Started transferring input files
	Transferring to host: <128.104.103.2:9618?addrs=128.104.103.2-9618+[2607-f388-107c-501-62eb-69ff-fe82-47b7]-9618&alias=e0038.chtc.wisc.edu&noUDP&sock=slot1_7_23776_17c0_26288>
...
040 (15165482.024.000) 2022-02-28 01:52:44 Finished transferring input files
...
001 (15165482.024.000) 2022-02-28 01:52:49 Job executing on host: <128.104.103.2:9618?addrs=128.104.103.2-9618+[2607-f388-107c-501-62eb-69ff-fe82-47b7]-9618&alias=e0038.chtc.wisc.edu&noUDP&sock=startd_3950_f32e>
...
006 (15165482.024.000) 2022-02-28 01:53:49 Image size of job updated: 46
	46  -  MemoryUsage of job (MB)
	48028  -  ResidentSetSize of job (KB)
...
006 (15165482.024.000) 2022-02-28 01:58:50 Image size of job updated: 1168
	1168  -  MemoryUsage of job (MB)
	1196068  -  ResidentSetSize of job (KB)
...
006 (15165482.024.000) 2022-02-28 02:08:51 Image size of job updated: 1391
	1391  -  MemoryUsage of job (MB)
	1425172  -  ResidentSetSize of job (KB)
...
006 (15165482.024.000) 2022-02-28 02:13:51 Image size of job updated: 1620
	1620  -  MemoryUsage of job (MB)
	1659204  -  ResidentSetSize of job (KB)
...
006 (15165482.024.000) 2022-02-28 02:18:51 Image size of job updated: 1916
	1916  -  MemoryUsage of job (MB)
	1962992  -  ResidentSetSize of job (KB)
...
006 (15165482.024.000) 2022-02-28 02:23:51 Image size of job updated: 1919
	1919  -  MemoryUsage of job (MB)
	1965060  -  ResidentSetSize of job (KB)
...
006 (15165482.024.000) 2022-02-28 02:28:51 Image size of job updated: 2021
	2021  -  MemoryUsage of job (MB)
	2070060  -  ResidentSetSize of job (KB)
...
006 (15165482.024.000) 2022-02-28 02:33:52 Image size of job updated: 2174
	2174  -  MemoryUsage of job (MB)
	2226628  -  ResidentSetSize of job (KB)
...
006 (15165482.024.000) 2022-02-28 02:38:53 Image size of job updated: 2400
	2400  -  MemoryUsage of job (MB)
	2457956  -  ResidentSetSize of job (KB)
...
006 (15165482.024.000) 2022-02-28 02:43:54 Image size of job updated: 2650
	2650  -  MemoryUsage of job (MB)
	2714348  -  ResidentSetSize of job (KB)
...
006 (15165482.024.000) 2022-02-28 02:48:54 Image size of job updated: 2925
	2925  -  MemoryUsage of job (MB)
	2995944  -  ResidentSetSize of job (KB)
...
006 (15165482.024.000) 2022-02-28 02:53:54 Image size of job updated: 3212
	3212  -  MemoryUsage of job (MB)
	3289248  -  ResidentSetSize of job (KB)
...
006 (15165482.024.000) 2022-02-28 02:58:54 Image size of job updated: 3498
	3498  -  MemoryUsage of job (MB)
	3582760  -  ResidentSetSize of job (KB)
...
006 (15165482.024.000) 2022-02-28 03:03:55 Image size of job updated: 3555
	3555  -  MemoryUsage of job (MB)
	3640748  -  ResidentSetSize of job (KB)
...
007 (15165482.024.000) 2022-03-03 01:52:40 Shadow exception!
	Error from slot1_7@e0038.chtc.wisc.edu: Job failed to complete in 72 hrs
	0  -  Run Bytes Sent By Job
	131040256  -  Run Bytes Received By Job
...
012 (15165482.024.000) 2022-03-03 01:52:41 Job was held.
	Error from slot1_7@e0038.chtc.wisc.edu: Job failed to complete in 72 hrs
	Code 21 Subcode 0
...
