000 (15165482.032.000) 2022-02-28 00:26:16 Job submitted from host: <128.105.244.191:9618?addrs=128.105.244.191-9618&alias=submit-1.chtc.wisc.edu&noUDP&sock=schedd_3562897_9248>
...
040 (15165482.032.000) 2022-02-28 01:52:43 Started transferring input files
	Transferring to host: <128.105.244.20:9618?addrs=128.105.244.20-9618&alias=e3151.chtc.wisc.edu&noUDP&sock=slot1_4_12704_ddfe_22506>
...
040 (15165482.032.000) 2022-02-28 01:52:47 Finished transferring input files
...
001 (15165482.032.000) 2022-02-28 01:52:53 Job executing on host: <128.105.244.20:9618?addrs=128.105.244.20-9618&alias=e3151.chtc.wisc.edu&noUDP&sock=startd_1463_1325>
...
006 (15165482.032.000) 2022-02-28 01:53:02 Image size of job updated: 66
	66  -  MemoryUsage of job (MB)
	68320  -  ResidentSetSize of job (KB)
...
006 (15165482.032.000) 2022-02-28 01:58:02 Image size of job updated: 1169
	1169  -  MemoryUsage of job (MB)
	1197900  -  ResidentSetSize of job (KB)
...
006 (15165482.032.000) 2022-02-28 02:08:02 Image size of job updated: 1509
	1509  -  MemoryUsage of job (MB)
	1546232  -  ResidentSetSize of job (KB)
...
006 (15165482.032.000) 2022-02-28 02:13:02 Image size of job updated: 1880
	1880  -  MemoryUsage of job (MB)
	1925656  -  ResidentSetSize of job (KB)
...
006 (15165482.032.000) 2022-02-28 02:18:02 Image size of job updated: 1929
	1929  -  MemoryUsage of job (MB)
	1976032  -  ResidentSetSize of job (KB)
...
006 (15165482.032.000) 2022-02-28 02:25:20 Image size of job updated: 2164
	2164  -  MemoryUsage of job (MB)
	2216452  -  ResidentSetSize of job (KB)
...
006 (15165482.032.000) 2022-02-28 02:32:13 Image size of job updated: 2563
	2563  -  MemoryUsage of job (MB)
	2624920  -  ResidentSetSize of job (KB)
...
006 (15165482.032.000) 2022-02-28 02:37:45 Image size of job updated: 2878
	2878  -  MemoryUsage of job (MB)
	2947980  -  ResidentSetSize of job (KB)
...
006 (15165482.032.000) 2022-02-28 02:42:45 Image size of job updated: 3177
	3177  -  MemoryUsage of job (MB)
	3253272  -  ResidentSetSize of job (KB)
...
006 (15165482.032.000) 2022-02-28 02:47:45 Image size of job updated: 3497
	3497  -  MemoryUsage of job (MB)
	3581424  -  ResidentSetSize of job (KB)
...
006 (15165482.032.000) 2022-02-28 02:52:45 Image size of job updated: 3555
	3555  -  MemoryUsage of job (MB)
	3640500  -  ResidentSetSize of job (KB)
...
007 (15165482.032.000) 2022-03-03 01:52:43 Shadow exception!
	Error from slot1_4@e3151.chtc.wisc.edu: Job failed to complete in 72 hrs
	0  -  Run Bytes Sent By Job
	131040256  -  Run Bytes Received By Job
...
012 (15165482.032.000) 2022-03-03 01:52:48 Job was held.
	Error from slot1_4@e3151.chtc.wisc.edu: Job failed to complete in 72 hrs
	Code 21 Subcode 0
...
