000 (15165482.030.000) 2022-02-28 00:26:16 Job submitted from host: <128.105.244.191:9618?addrs=128.105.244.191-9618&alias=submit-1.chtc.wisc.edu&noUDP&sock=schedd_3562897_9248>
...
040 (15165482.030.000) 2022-02-28 01:52:42 Started transferring input files
	Transferring to host: <128.105.244.45:9618?addrs=128.105.244.45-9618&alias=e3176.chtc.wisc.edu&noUDP&sock=slot1_1_27678_679f_23859>
...
040 (15165482.030.000) 2022-02-28 01:52:47 Finished transferring input files
...
001 (15165482.030.000) 2022-02-28 01:52:53 Job executing on host: <128.105.244.45:9618?addrs=128.105.244.45-9618&alias=e3176.chtc.wisc.edu&noUDP&sock=startd_1569_c82f>
...
006 (15165482.030.000) 2022-02-28 01:58:07 Image size of job updated: 178
	178  -  MemoryUsage of job (MB)
	182380  -  ResidentSetSize of job (KB)
...
006 (15165482.030.000) 2022-02-28 02:03:08 Image size of job updated: 1169
	1169  -  MemoryUsage of job (MB)
	1198048  -  ResidentSetSize of job (KB)
...
006 (15165482.030.000) 2022-02-28 02:13:09 Image size of job updated: 1382
	1382  -  MemoryUsage of job (MB)
	1415836  -  ResidentSetSize of job (KB)
...
006 (15165482.030.000) 2022-02-28 02:18:10 Image size of job updated: 1627
	1627  -  MemoryUsage of job (MB)
	1666980  -  ResidentSetSize of job (KB)
...
006 (15165482.030.000) 2022-02-28 02:23:10 Image size of job updated: 1892
	1892  -  MemoryUsage of job (MB)
	1937456  -  ResidentSetSize of job (KB)
...
006 (15165482.030.000) 2022-02-28 02:28:11 Image size of job updated: 1941
	1941  -  MemoryUsage of job (MB)
	1987784  -  ResidentSetSize of job (KB)
...
006 (15165482.030.000) 2022-02-28 02:33:11 Image size of job updated: 2044
	2044  -  MemoryUsage of job (MB)
	2093584  -  ResidentSetSize of job (KB)
...
006 (15165482.030.000) 2022-02-28 02:38:31 Image size of job updated: 2222
	2222  -  MemoryUsage of job (MB)
	2275840  -  ResidentSetSize of job (KB)
...
006 (15165482.030.000) 2022-02-28 02:43:13 Image size of job updated: 2404
	2404  -  MemoryUsage of job (MB)
	2462160  -  ResidentSetSize of job (KB)
...
006 (15165482.030.000) 2022-02-28 02:48:14 Image size of job updated: 2615
	2615  -  MemoryUsage of job (MB)
	2677820  -  ResidentSetSize of job (KB)
...
006 (15165482.030.000) 2022-02-28 02:53:15 Image size of job updated: 2858
	2858  -  MemoryUsage of job (MB)
	2927476  -  ResidentSetSize of job (KB)
...
006 (15165482.030.000) 2022-02-28 02:58:15 Image size of job updated: 3103
	3103  -  MemoryUsage of job (MB)
	3177540  -  ResidentSetSize of job (KB)
...
006 (15165482.030.000) 2022-02-28 03:03:15 Image size of job updated: 3306
	3306  -  MemoryUsage of job (MB)
	3385976  -  ResidentSetSize of job (KB)
...
006 (15165482.030.000) 2022-02-28 03:08:15 Image size of job updated: 3548
	3548  -  MemoryUsage of job (MB)
	3633240  -  ResidentSetSize of job (KB)
...
006 (15165482.030.000) 2022-02-28 03:13:16 Image size of job updated: 3553
	3553  -  MemoryUsage of job (MB)
	3639248  -  ResidentSetSize of job (KB)
...
007 (15165482.030.000) 2022-03-03 01:52:42 Shadow exception!
	Error from slot1_1@e3176.chtc.wisc.edu: Job failed to complete in 72 hrs
	0  -  Run Bytes Sent By Job
	131040256  -  Run Bytes Received By Job
...
012 (15165482.030.000) 2022-03-03 01:52:47 Job was held.
	Error from slot1_1@e3176.chtc.wisc.edu: Job failed to complete in 72 hrs
	Code 21 Subcode 0
...
