000 (15165482.033.000) 2022-02-28 00:26:16 Job submitted from host: <128.105.244.191:9618?addrs=128.105.244.191-9618&alias=submit-1.chtc.wisc.edu&noUDP&sock=schedd_3562897_9248>
...
040 (15165482.033.000) 2022-02-28 01:52:43 Started transferring input files
	Transferring to host: <128.105.244.42:9618?addrs=128.105.244.42-9618&alias=e3173.chtc.wisc.edu&noUDP&sock=slot1_1_24485_a5bd_24257>
...
040 (15165482.033.000) 2022-02-28 01:52:48 Finished transferring input files
...
001 (15165482.033.000) 2022-02-28 01:52:53 Job executing on host: <128.105.244.42:9618?addrs=128.105.244.42-9618&alias=e3173.chtc.wisc.edu&noUDP&sock=startd_1388_a18b>
...
006 (15165482.033.000) 2022-02-28 02:03:07 Image size of job updated: 1168
	1168  -  MemoryUsage of job (MB)
	1196396  -  ResidentSetSize of job (KB)
...
006 (15165482.033.000) 2022-02-28 02:13:09 Image size of job updated: 1424
	1424  -  MemoryUsage of job (MB)
	1459060  -  ResidentSetSize of job (KB)
...
006 (15165482.033.000) 2022-02-28 02:18:09 Image size of job updated: 1830
	1830  -  MemoryUsage of job (MB)
	1874252  -  ResidentSetSize of job (KB)
...
006 (15165482.033.000) 2022-02-28 02:23:14 Image size of job updated: 1911
	1911  -  MemoryUsage of job (MB)
	1956944  -  ResidentSetSize of job (KB)
...
006 (15165482.033.000) 2022-02-28 02:28:11 Image size of job updated: 2384
	2384  -  MemoryUsage of job (MB)
	2441776  -  ResidentSetSize of job (KB)
...
006 (15165482.033.000) 2022-02-28 02:33:11 Image size of job updated: 2528
	2528  -  MemoryUsage of job (MB)
	2588832  -  ResidentSetSize of job (KB)
...
006 (15165482.033.000) 2022-02-28 02:38:11 Image size of job updated: 2750
	2750  -  MemoryUsage of job (MB)
	2816432  -  ResidentSetSize of job (KB)
...
006 (15165482.033.000) 2022-02-28 02:43:12 Image size of job updated: 3030
	3030  -  MemoryUsage of job (MB)
	3102852  -  ResidentSetSize of job (KB)
...
006 (15165482.033.000) 2022-02-28 02:48:13 Image size of job updated: 3325
	3325  -  MemoryUsage of job (MB)
	3405512  -  ResidentSetSize of job (KB)
...
006 (15165482.033.000) 2022-02-28 02:53:13 Image size of job updated: 3546
	3546  -  MemoryUsage of job (MB)
	3632032  -  ResidentSetSize of job (KB)
...
006 (15165482.033.000) 2022-02-28 03:03:14 Image size of job updated: 3552
	3552  -  MemoryUsage of job (MB)
	3637768  -  ResidentSetSize of job (KB)
...
022 (15165482.033.000) 2022-02-28 10:03:09 Job disconnected, attempting to reconnect
    Socket between submit and execute hosts closed unexpectedly
    Trying to reconnect to slot1_1@e3173.chtc.wisc.edu <128.105.244.42:9618?addrs=128.105.244.42-9618&alias=e3173.chtc.wisc.edu&noUDP&sock=startd_1388_a18b>
...
023 (15165482.033.000) 2022-02-28 10:03:10 Job reconnected to slot1_1@e3173.chtc.wisc.edu
    startd address: <128.105.244.42:9618?addrs=128.105.244.42-9618&alias=e3173.chtc.wisc.edu&noUDP&sock=startd_1388_a18b>
    starter address: <128.105.244.42:9618?addrs=128.105.244.42-9618&alias=e3173.chtc.wisc.edu&noUDP&sock=slot1_1_24485_a5bd_24257>
...
007 (15165482.033.000) 2022-03-03 01:52:41 Shadow exception!
	Error from slot1_1@e3173.chtc.wisc.edu: Job failed to complete in 72 hrs
	0  -  Run Bytes Sent By Job
	131040256  -  Run Bytes Received By Job
...
012 (15165482.033.000) 2022-03-03 01:52:41 Job was held.
	Error from slot1_1@e3173.chtc.wisc.edu: Job failed to complete in 72 hrs
	Code 21 Subcode 0
...
