000 (15165482.039.000) 2022-02-28 00:26:16 Job submitted from host: <128.105.244.191:9618?addrs=128.105.244.191-9618&alias=submit-1.chtc.wisc.edu&noUDP&sock=schedd_3562897_9248>
...
040 (15165482.039.000) 2022-02-28 01:52:56 Started transferring input files
	Transferring to host: <128.104.58.186:9618?addrs=128.104.58.186-9618+[2607-f388-1086-0-16fe-b5ff-fec6-820f]-9618&alias=e1041.chtc.wisc.edu&noUDP&sock=slot1_7_30776_39dd_24496>
...
040 (15165482.039.000) 2022-02-28 01:53:01 Finished transferring input files
...
001 (15165482.039.000) 2022-02-28 01:53:07 Job executing on host: <128.104.58.186:9618?addrs=128.104.58.186-9618+[2607-f388-1086-0-16fe-b5ff-fec6-820f]-9618&alias=e1041.chtc.wisc.edu&noUDP&sock=startd_4983_8083>
...
006 (15165482.039.000) 2022-02-28 02:04:32 Image size of job updated: 294
	294  -  MemoryUsage of job (MB)
	301124  -  ResidentSetSize of job (KB)
...
006 (15165482.039.000) 2022-02-28 02:09:33 Image size of job updated: 1169
	1169  -  MemoryUsage of job (MB)
	1198040  -  ResidentSetSize of job (KB)
...
006 (15165482.039.000) 2022-02-28 02:19:33 Image size of job updated: 1467
	1467  -  MemoryUsage of job (MB)
	1502612  -  ResidentSetSize of job (KB)
...
006 (15165482.039.000) 2022-02-28 02:24:33 Image size of job updated: 1612
	1612  -  MemoryUsage of job (MB)
	1650744  -  ResidentSetSize of job (KB)
...
006 (15165482.039.000) 2022-02-28 02:29:33 Image size of job updated: 1893
	1893  -  MemoryUsage of job (MB)
	1939440  -  ResidentSetSize of job (KB)
...
006 (15165482.039.000) 2022-02-28 02:34:33 Image size of job updated: 1919
	1919  -  MemoryUsage of job (MB)
	1965536  -  ResidentSetSize of job (KB)
...
006 (15165482.039.000) 2022-02-28 02:39:34 Image size of job updated: 2014
	2014  -  MemoryUsage of job (MB)
	2062344  -  ResidentSetSize of job (KB)
...
006 (15165482.039.000) 2022-02-28 02:44:35 Image size of job updated: 2114
	2114  -  MemoryUsage of job (MB)
	2165292  -  ResidentSetSize of job (KB)
...
006 (15165482.039.000) 2022-02-28 02:49:35 Image size of job updated: 2267
	2267  -  MemoryUsage of job (MB)
	2322008  -  ResidentSetSize of job (KB)
...
006 (15165482.039.000) 2022-02-28 02:54:35 Image size of job updated: 2454
	2454  -  MemoryUsage of job (MB)
	2513876  -  ResidentSetSize of job (KB)
...
006 (15165482.039.000) 2022-02-28 02:59:36 Image size of job updated: 2668
	2668  -  MemoryUsage of job (MB)
	2732808  -  ResidentSetSize of job (KB)
...
006 (15165482.039.000) 2022-02-28 03:04:36 Image size of job updated: 2877
	2877  -  MemoryUsage of job (MB)
	2946068  -  ResidentSetSize of job (KB)
...
006 (15165482.039.000) 2022-02-28 03:09:36 Image size of job updated: 3086
	3086  -  MemoryUsage of job (MB)
	3161028  -  ResidentSetSize of job (KB)
...
006 (15165482.039.000) 2022-02-28 03:14:37 Image size of job updated: 3344
	3344  -  MemoryUsage of job (MB)
	3424932  -  ResidentSetSize of job (KB)
...
006 (15165482.039.000) 2022-02-28 03:19:38 Image size of job updated: 3581
	3581  -  MemoryUsage of job (MB)
	3667472  -  ResidentSetSize of job (KB)
...
007 (15165482.039.000) 2022-03-03 01:52:55 Shadow exception!
	Error from slot1_7@e1041.chtc.wisc.edu: Job failed to complete in 72 hrs
	0  -  Run Bytes Sent By Job
	131040256  -  Run Bytes Received By Job
...
012 (15165482.039.000) 2022-03-03 01:52:55 Job was held.
	Error from slot1_7@e1041.chtc.wisc.edu: Job failed to complete in 72 hrs
	Code 21 Subcode 0
...
