000 (15165482.037.000) 2022-02-28 00:26:16 Job submitted from host: <128.105.244.191:9618?addrs=128.105.244.191-9618&alias=submit-1.chtc.wisc.edu&noUDP&sock=schedd_3562897_9248>
...
040 (15165482.037.000) 2022-02-28 01:52:53 Started transferring input files
	Transferring to host: <128.105.244.78:9618?addrs=128.105.244.78-9618&alias=e3197.chtc.wisc.edu&noUDP&sock=slot1_6_30872_dde0_22520>
...
040 (15165482.037.000) 2022-02-28 01:52:57 Finished transferring input files
...
001 (15165482.037.000) 2022-02-28 01:53:02 Job executing on host: <128.105.244.78:9618?addrs=128.105.244.78-9618&alias=e3197.chtc.wisc.edu&noUDP&sock=startd_1424_52f3>
...
006 (15165482.037.000) 2022-02-28 02:03:17 Image size of job updated: 204
	204  -  MemoryUsage of job (MB)
	209684  -  ResidentSetSize of job (KB)
...
006 (15165482.037.000) 2022-02-28 02:08:17 Image size of job updated: 1199
	1199  -  MemoryUsage of job (MB)
	1228172  -  ResidentSetSize of job (KB)
...
006 (15165482.037.000) 2022-02-28 02:18:18 Image size of job updated: 1472
	1472  -  MemoryUsage of job (MB)
	1507584  -  ResidentSetSize of job (KB)
...
006 (15165482.037.000) 2022-02-28 02:23:30 Image size of job updated: 1904
	1904  -  MemoryUsage of job (MB)
	1950284  -  ResidentSetSize of job (KB)
...
006 (15165482.037.000) 2022-02-28 02:28:20 Image size of job updated: 1919
	1919  -  MemoryUsage of job (MB)
	1965896  -  ResidentSetSize of job (KB)
...
006 (15165482.037.000) 2022-02-28 02:33:20 Image size of job updated: 2030
	2030  -  MemoryUsage of job (MB)
	2079664  -  ResidentSetSize of job (KB)
...
006 (15165482.037.000) 2022-02-28 02:38:20 Image size of job updated: 2095
	2095  -  MemoryUsage of job (MB)
	2145400  -  ResidentSetSize of job (KB)
...
006 (15165482.037.000) 2022-02-28 02:43:21 Image size of job updated: 2263
	2263  -  MemoryUsage of job (MB)
	2317420  -  ResidentSetSize of job (KB)
...
006 (15165482.037.000) 2022-02-28 02:48:22 Image size of job updated: 2429
	2429  -  MemoryUsage of job (MB)
	2487472  -  ResidentSetSize of job (KB)
...
006 (15165482.037.000) 2022-02-28 02:53:22 Image size of job updated: 2584
	2584  -  MemoryUsage of job (MB)
	2646660  -  ResidentSetSize of job (KB)
...
006 (15165482.037.000) 2022-02-28 02:58:22 Image size of job updated: 2756
	2756  -  MemoryUsage of job (MB)
	2822448  -  ResidentSetSize of job (KB)
...
006 (15165482.037.000) 2022-02-28 03:03:23 Image size of job updated: 2943
	2943  -  MemoryUsage of job (MB)
	3013684  -  ResidentSetSize of job (KB)
...
006 (15165482.037.000) 2022-02-28 03:08:24 Image size of job updated: 3135
	3135  -  MemoryUsage of job (MB)
	3211144  -  ResidentSetSize of job (KB)
...
006 (15165482.037.000) 2022-02-28 03:13:25 Image size of job updated: 3324
	3324  -  MemoryUsage of job (MB)
	3404156  -  ResidentSetSize of job (KB)
...
006 (15165482.037.000) 2022-02-28 03:18:25 Image size of job updated: 3523
	3523  -  MemoryUsage of job (MB)
	3608276  -  ResidentSetSize of job (KB)
...
006 (15165482.037.000) 2022-02-28 03:23:26 Image size of job updated: 3553
	3553  -  MemoryUsage of job (MB)
	3639200  -  ResidentSetSize of job (KB)
...
007 (15165482.037.000) 2022-03-03 01:52:56 Shadow exception!
	Error from slot1_6@e3197.chtc.wisc.edu: Job failed to complete in 72 hrs
	0  -  Run Bytes Sent By Job
	131040256  -  Run Bytes Received By Job
...
012 (15165482.037.000) 2022-03-03 01:52:56 Job was held.
	Error from slot1_6@e3197.chtc.wisc.edu: Job failed to complete in 72 hrs
	Code 21 Subcode 0
...
