000 (15165482.035.000) 2022-02-28 00:26:16 Job submitted from host: <128.105.244.191:9618?addrs=128.105.244.191-9618&alias=submit-1.chtc.wisc.edu&noUDP&sock=schedd_3562897_9248>
...
040 (15165482.035.000) 2022-02-28 01:52:44 Started transferring input files
	Transferring to host: <128.105.245.162:9618?addrs=128.105.245.162-9618&alias=e2362.chtc.wisc.edu&noUDP&sock=slot1_17_28719_e229_23938>
...
001 (15165482.035.000) 2022-02-28 01:52:50 Job executing on host: <128.105.245.162:9618?addrs=128.105.245.162-9618&alias=e2362.chtc.wisc.edu&noUDP&sock=startd_2768_323d>
...
040 (15165482.035.000) 2022-02-28 01:52:50 Finished transferring input files
...
006 (15165482.035.000) 2022-02-28 02:13:52 Image size of job updated: 223
	223  -  MemoryUsage of job (MB)
	229284  -  ResidentSetSize of job (KB)
...
006 (15165482.035.000) 2022-02-28 02:18:53 Image size of job updated: 1188
	1188  -  MemoryUsage of job (MB)
	1217332  -  ResidentSetSize of job (KB)
...
006 (15165482.035.000) 2022-02-28 02:23:53 Image size of job updated: 1373
	1373  -  MemoryUsage of job (MB)
	1406000  -  ResidentSetSize of job (KB)
...
006 (15165482.035.000) 2022-02-28 02:28:53 Image size of job updated: 1612
	1612  -  MemoryUsage of job (MB)
	1651172  -  ResidentSetSize of job (KB)
...
006 (15165482.035.000) 2022-02-28 02:33:54 Image size of job updated: 1902
	1902  -  MemoryUsage of job (MB)
	1948144  -  ResidentSetSize of job (KB)
...
006 (15165482.035.000) 2022-02-28 02:38:54 Image size of job updated: 2001
	2001  -  MemoryUsage of job (MB)
	2049920  -  ResidentSetSize of job (KB)
...
006 (15165482.035.000) 2022-02-28 02:43:54 Image size of job updated: 2064
	2064  -  MemoryUsage of job (MB)
	2114512  -  ResidentSetSize of job (KB)
...
006 (15165482.035.000) 2022-02-28 02:48:55 Image size of job updated: 2264
	2264  -  MemoryUsage of job (MB)
	2319236  -  ResidentSetSize of job (KB)
...
006 (15165482.035.000) 2022-02-28 02:53:56 Image size of job updated: 2467
	2467  -  MemoryUsage of job (MB)
	2527156  -  ResidentSetSize of job (KB)
...
006 (15165482.035.000) 2022-02-28 02:58:56 Image size of job updated: 2697
	2697  -  MemoryUsage of job (MB)
	2761772  -  ResidentSetSize of job (KB)
...
006 (15165482.035.000) 2022-02-28 03:03:56 Image size of job updated: 2943
	2943  -  MemoryUsage of job (MB)
	3014592  -  ResidentSetSize of job (KB)
...
006 (15165482.035.000) 2022-02-28 03:08:56 Image size of job updated: 3202
	3202  -  MemoryUsage of job (MB)
	3279856  -  ResidentSetSize of job (KB)
...
006 (15165482.035.000) 2022-02-28 03:13:57 Image size of job updated: 3487
	3487  -  MemoryUsage of job (MB)
	3570760  -  ResidentSetSize of job (KB)
...
006 (15165482.035.000) 2022-02-28 03:18:58 Image size of job updated: 3533
	3533  -  MemoryUsage of job (MB)
	3617852  -  ResidentSetSize of job (KB)
...
007 (15165482.035.000) 2022-03-03 01:52:42 Shadow exception!
	Error from slot1_17@e2362.chtc.wisc.edu: Job failed to complete in 72 hrs
	0  -  Run Bytes Sent By Job
	131040256  -  Run Bytes Received By Job
...
012 (15165482.035.000) 2022-03-03 01:52:46 Job was held.
	Error from slot1_17@e2362.chtc.wisc.edu: Job failed to complete in 72 hrs
	Code 21 Subcode 0
...
