000 (15165482.034.000) 2022-02-28 00:26:16 Job submitted from host: <128.105.244.191:9618?addrs=128.105.244.191-9618&alias=submit-1.chtc.wisc.edu&noUDP&sock=schedd_3562897_9248>
...
040 (15165482.034.000) 2022-02-28 01:53:40 Entered queue to transfer input files
	Transferring to host: <128.104.58.179:9618?addrs=128.104.58.179-9618+[2607-f388-1086-0-16fe-b5ff-fec6-7177]-9618&alias=e1035.chtc.wisc.edu&noUDP&sock=slot1_7_24754_2ea8_23619>
...
040 (15165482.034.000) 2022-02-28 01:53:46 Started transferring input files
	Seconds spent in queue: 6
...
040 (15165482.034.000) 2022-02-28 01:55:09 Finished transferring input files
...
001 (15165482.034.000) 2022-02-28 01:55:35 Job executing on host: <128.104.58.179:9618?addrs=128.104.58.179-9618+[2607-f388-1086-0-16fe-b5ff-fec6-7177]-9618&alias=e1035.chtc.wisc.edu&noUDP&sock=startd_5144_ef43>
...
006 (15165482.034.000) 2022-02-28 01:56:55 Image size of job updated: 19
	19  -  MemoryUsage of job (MB)
	20140  -  ResidentSetSize of job (KB)
...
006 (15165482.034.000) 2022-02-28 02:01:56 Image size of job updated: 206
	206  -  MemoryUsage of job (MB)
	211088  -  ResidentSetSize of job (KB)
...
006 (15165482.034.000) 2022-02-28 02:06:55 Image size of job updated: 274
	274  -  MemoryUsage of job (MB)
	281312  -  ResidentSetSize of job (KB)
...
006 (15165482.034.000) 2022-02-28 02:11:57 Image size of job updated: 1170
	1170  -  MemoryUsage of job (MB)
	1198188  -  ResidentSetSize of job (KB)
...
006 (15165482.034.000) 2022-02-28 02:26:58 Image size of job updated: 1394
	1394  -  MemoryUsage of job (MB)
	1427580  -  ResidentSetSize of job (KB)
...
006 (15165482.034.000) 2022-02-28 02:31:58 Image size of job updated: 1491
	1491  -  MemoryUsage of job (MB)
	1527176  -  ResidentSetSize of job (KB)
...
006 (15165482.034.000) 2022-02-28 02:36:58 Image size of job updated: 1784
	1784  -  MemoryUsage of job (MB)
	1827532  -  ResidentSetSize of job (KB)
...
006 (15165482.034.000) 2022-02-28 02:41:59 Image size of job updated: 1893
	1893  -  MemoryUsage of job (MB)
	1938996  -  ResidentSetSize of job (KB)
...
006 (15165482.034.000) 2022-02-28 02:47:06 Image size of job updated: 1899
	1899  -  MemoryUsage of job (MB)
	1945496  -  ResidentSetSize of job (KB)
...
006 (15165482.034.000) 2022-02-28 02:52:01 Image size of job updated: 1919
	1919  -  MemoryUsage of job (MB)
	1965836  -  ResidentSetSize of job (KB)
...
006 (15165482.034.000) 2022-02-28 02:57:02 Image size of job updated: 1999
	1999  -  MemoryUsage of job (MB)
	2047352  -  ResidentSetSize of job (KB)
...
006 (15165482.034.000) 2022-02-28 03:07:02 Image size of job updated: 2023
	2023  -  MemoryUsage of job (MB)
	2071988  -  ResidentSetSize of job (KB)
...
006 (15165482.034.000) 2022-02-28 03:12:03 Image size of job updated: 2134
	2134  -  MemoryUsage of job (MB)
	2186028  -  ResidentSetSize of job (KB)
...
006 (15165482.034.000) 2022-02-28 03:17:02 Image size of job updated: 2303
	2303  -  MemoryUsage of job (MB)
	2358668  -  ResidentSetSize of job (KB)
...
006 (15165482.034.000) 2022-02-28 03:22:02 Image size of job updated: 2497
	2497  -  MemoryUsage of job (MB)
	2557644  -  ResidentSetSize of job (KB)
...
006 (15165482.034.000) 2022-02-28 03:27:02 Image size of job updated: 2711
	2711  -  MemoryUsage of job (MB)
	2776800  -  ResidentSetSize of job (KB)
...
006 (15165482.034.000) 2022-02-28 03:32:04 Image size of job updated: 2944
	2944  -  MemoryUsage of job (MB)
	3015380  -  ResidentSetSize of job (KB)
...
006 (15165482.034.000) 2022-02-28 03:37:02 Image size of job updated: 3185
	3185  -  MemoryUsage of job (MB)
	3261868  -  ResidentSetSize of job (KB)
...
006 (15165482.034.000) 2022-02-28 03:42:02 Image size of job updated: 3421
	3421  -  MemoryUsage of job (MB)
	3504044  -  ResidentSetSize of job (KB)
...
006 (15165482.034.000) 2022-02-28 03:47:03 Image size of job updated: 3581
	3581  -  MemoryUsage of job (MB)
	3667540  -  ResidentSetSize of job (KB)
...
007 (15165482.034.000) 2022-03-03 01:53:40 Shadow exception!
	Error from slot1_7@e1035.chtc.wisc.edu: Job failed to complete in 72 hrs
	0  -  Run Bytes Sent By Job
	131040256  -  Run Bytes Received By Job
...
012 (15165482.034.000) 2022-03-03 01:53:40 Job was held.
	Error from slot1_7@e1035.chtc.wisc.edu: Job failed to complete in 72 hrs
	Code 21 Subcode 0
...
