000 (15165482.036.000) 2022-02-28 00:26:16 Job submitted from host: <128.105.244.191:9618?addrs=128.105.244.191-9618&alias=submit-1.chtc.wisc.edu&noUDP&sock=schedd_3562897_9248>
...
040 (15165482.036.000) 2022-02-28 01:52:44 Started transferring input files
	Transferring to host: <128.104.100.62:9618?addrs=128.104.100.62-9618+[2607-f388-107c-501-62eb-69ff-fe82-4844]-9618&alias=e0002.chtc.wisc.edu&noUDP&sock=slot1_5_30260_a848_27871>
...
040 (15165482.036.000) 2022-02-28 01:52:49 Finished transferring input files
...
001 (15165482.036.000) 2022-02-28 01:52:55 Job executing on host: <128.104.100.62:9618?addrs=128.104.100.62-9618+[2607-f388-107c-501-62eb-69ff-fe82-4844]-9618&alias=e0002.chtc.wisc.edu&noUDP&sock=startd_4046_cc46>
...
006 (15165482.036.000) 2022-02-28 01:53:03 Image size of job updated: 46
	46  -  MemoryUsage of job (MB)
	47432  -  ResidentSetSize of job (KB)
...
006 (15165482.036.000) 2022-02-28 01:58:04 Image size of job updated: 1170
	1170  -  MemoryUsage of job (MB)
	1198324  -  ResidentSetSize of job (KB)
...
006 (15165482.036.000) 2022-02-28 02:08:04 Image size of job updated: 1418
	1418  -  MemoryUsage of job (MB)
	1452996  -  ResidentSetSize of job (KB)
...
006 (15165482.036.000) 2022-02-28 02:13:05 Image size of job updated: 1731
	1731  -  MemoryUsage of job (MB)
	1773368  -  ResidentSetSize of job (KB)
...
006 (15165482.036.000) 2022-02-28 02:18:05 Image size of job updated: 1913
	1913  -  MemoryUsage of job (MB)
	1959476  -  ResidentSetSize of job (KB)
...
006 (15165482.036.000) 2022-02-28 02:23:14 Image size of job updated: 2006
	2006  -  MemoryUsage of job (MB)
	2054868  -  ResidentSetSize of job (KB)
...
006 (15165482.036.000) 2022-02-28 02:28:07 Image size of job updated: 2072
	2072  -  MemoryUsage of job (MB)
	2122580  -  ResidentSetSize of job (KB)
...
006 (15165482.036.000) 2022-02-28 02:33:07 Image size of job updated: 2220
	2220  -  MemoryUsage of job (MB)
	2273340  -  ResidentSetSize of job (KB)
...
006 (15165482.036.000) 2022-02-28 02:38:07 Image size of job updated: 2337
	2337  -  MemoryUsage of job (MB)
	2393672  -  ResidentSetSize of job (KB)
...
006 (15165482.036.000) 2022-02-28 02:43:07 Image size of job updated: 2472
	2472  -  MemoryUsage of job (MB)
	2532060  -  ResidentSetSize of job (KB)
...
006 (15165482.036.000) 2022-02-28 02:48:08 Image size of job updated: 2614
	2614  -  MemoryUsage of job (MB)
	2677640  -  ResidentSetSize of job (KB)
...
006 (15165482.036.000) 2022-02-28 02:53:09 Image size of job updated: 2761
	2761  -  MemoryUsage of job (MB)
	2827972  -  ResidentSetSize of job (KB)
...
006 (15165482.036.000) 2022-02-28 02:58:09 Image size of job updated: 2922
	2922  -  MemoryUsage of job (MB)
	2992440  -  ResidentSetSize of job (KB)
...
006 (15165482.036.000) 2022-02-28 03:03:09 Image size of job updated: 3097
	3097  -  MemoryUsage of job (MB)
	3172124  -  ResidentSetSize of job (KB)
...
006 (15165482.036.000) 2022-02-28 03:08:10 Image size of job updated: 3261
	3261  -  MemoryUsage of job (MB)
	3339640  -  ResidentSetSize of job (KB)
...
006 (15165482.036.000) 2022-02-28 03:13:11 Image size of job updated: 3437
	3437  -  MemoryUsage of job (MB)
	3519624  -  ResidentSetSize of job (KB)
...
006 (15165482.036.000) 2022-02-28 03:18:11 Image size of job updated: 3549
	3549  -  MemoryUsage of job (MB)
	3634968  -  ResidentSetSize of job (KB)
...
007 (15165482.036.000) 2022-03-03 01:52:42 Shadow exception!
	Error from slot1_5@e0002.chtc.wisc.edu: Job failed to complete in 72 hrs
	0  -  Run Bytes Sent By Job
	131040256  -  Run Bytes Received By Job
...
012 (15165482.036.000) 2022-03-03 01:52:47 Job was held.
	Error from slot1_5@e0002.chtc.wisc.edu: Job failed to complete in 72 hrs
	Code 21 Subcode 0
...
