000 (15165482.038.000) 2022-02-28 00:26:16 Job submitted from host: <128.105.244.191:9618?addrs=128.105.244.191-9618&alias=submit-1.chtc.wisc.edu&noUDP&sock=schedd_3562897_9248>
...
040 (15165482.038.000) 2022-02-28 01:52:45 Started transferring input files
	Transferring to host: <128.105.245.142:9618?addrs=128.105.245.142-9618&alias=e342.chtc.wisc.edu&noUDP&sock=slot1_13_15139_8b81_26390>
...
001 (15165482.038.000) 2022-02-28 01:52:51 Job executing on host: <128.105.245.142:9618?addrs=128.105.245.142-9618&alias=e342.chtc.wisc.edu&noUDP&sock=startd_2402_2693>
...
040 (15165482.038.000) 2022-02-28 01:52:51 Finished transferring input files
...
006 (15165482.038.000) 2022-02-28 01:53:31 Image size of job updated: 48
	48  -  MemoryUsage of job (MB)
	49848  -  ResidentSetSize of job (KB)
...
006 (15165482.038.000) 2022-02-28 01:58:32 Image size of job updated: 1193
	1193  -  MemoryUsage of job (MB)
	1222304  -  ResidentSetSize of job (KB)
...
006 (15165482.038.000) 2022-02-28 02:08:33 Image size of job updated: 1494
	1494  -  MemoryUsage of job (MB)
	1530032  -  ResidentSetSize of job (KB)
...
006 (15165482.038.000) 2022-02-28 02:13:34 Image size of job updated: 1875
	1875  -  MemoryUsage of job (MB)
	1920196  -  ResidentSetSize of job (KB)
...
006 (15165482.038.000) 2022-02-28 02:18:35 Image size of job updated: 1915
	1915  -  MemoryUsage of job (MB)
	1961960  -  ResidentSetSize of job (KB)
...
006 (15165482.038.000) 2022-02-28 02:25:24 Image size of job updated: 2389
	2389  -  MemoryUsage of job (MB)
	2447236  -  ResidentSetSize of job (KB)
...
006 (15165482.038.000) 2022-02-28 02:30:50 Image size of job updated: 2586
	2586  -  MemoryUsage of job (MB)
	2648864  -  ResidentSetSize of job (KB)
...
006 (15165482.038.000) 2022-02-28 02:35:50 Image size of job updated: 2787
	2787  -  MemoryUsage of job (MB)
	2854664  -  ResidentSetSize of job (KB)
...
006 (15165482.038.000) 2022-02-28 02:40:50 Image size of job updated: 2998
	2998  -  MemoryUsage of job (MB)
	3070720  -  ResidentSetSize of job (KB)
...
006 (15165482.038.000) 2022-02-28 02:45:51 Image size of job updated: 3231
	3231  -  MemoryUsage of job (MB)
	3309164  -  ResidentSetSize of job (KB)
...
006 (15165482.038.000) 2022-02-28 02:50:51 Image size of job updated: 3471
	3471  -  MemoryUsage of job (MB)
	3554936  -  ResidentSetSize of job (KB)
...
006 (15165482.038.000) 2022-02-28 02:55:53 Image size of job updated: 3525
	3525  -  MemoryUsage of job (MB)
	3609672  -  ResidentSetSize of job (KB)
...
006 (15165482.038.000) 2022-02-28 03:00:53 Image size of job updated: 3536
	3536  -  MemoryUsage of job (MB)
	3621316  -  ResidentSetSize of job (KB)
...
007 (15165482.038.000) 2022-03-03 01:52:45 Shadow exception!
	Error from slot1_13@e342.chtc.wisc.edu: Job failed to complete in 72 hrs
	0  -  Run Bytes Sent By Job
	131040256  -  Run Bytes Received By Job
...
012 (15165482.038.000) 2022-03-03 01:52:48 Job was held.
	Error from slot1_13@e342.chtc.wisc.edu: Job failed to complete in 72 hrs
	Code 21 Subcode 0
...
