000 (15165482.004.000) 2022-02-28 00:26:16 Job submitted from host: <128.105.244.191:9618?addrs=128.105.244.191-9618&alias=submit-1.chtc.wisc.edu&noUDP&sock=schedd_3562897_9248>
...
040 (15165482.004.000) 2022-02-28 01:52:32 Started transferring input files
	Transferring to host: <128.105.245.172:9618?addrs=128.105.245.172-9618&alias=e2372.chtc.wisc.edu&noUDP&sock=slot1_8_2041_d1ac_24728>
...
040 (15165482.004.000) 2022-02-28 01:52:35 Finished transferring input files
...
001 (15165482.004.000) 2022-02-28 01:52:39 Job executing on host: <128.105.245.172:9618?addrs=128.105.245.172-9618&alias=e2372.chtc.wisc.edu&noUDP&sock=startd_27233_26bd>
...
006 (15165482.004.000) 2022-02-28 01:53:04 Image size of job updated: 48
	48  -  MemoryUsage of job (MB)
	49192  -  ResidentSetSize of job (KB)
...
006 (15165482.004.000) 2022-02-28 01:58:04 Image size of job updated: 1170
	1170  -  MemoryUsage of job (MB)
	1198440  -  ResidentSetSize of job (KB)
...
006 (15165482.004.000) 2022-02-28 02:08:06 Image size of job updated: 1441
	1441  -  MemoryUsage of job (MB)
	1476192  -  ResidentSetSize of job (KB)
...
006 (15165482.004.000) 2022-02-28 02:13:07 Image size of job updated: 1842
	1842  -  MemoryUsage of job (MB)
	1886536  -  ResidentSetSize of job (KB)
...
006 (15165482.004.000) 2022-02-28 02:18:08 Image size of job updated: 1917
	1917  -  MemoryUsage of job (MB)
	1963396  -  ResidentSetSize of job (KB)
...
006 (15165482.004.000) 2022-02-28 02:23:09 Image size of job updated: 2030
	2030  -  MemoryUsage of job (MB)
	2078764  -  ResidentSetSize of job (KB)
...
006 (15165482.004.000) 2022-02-28 02:28:10 Image size of job updated: 2199
	2199  -  MemoryUsage of job (MB)
	2252240  -  ResidentSetSize of job (KB)
...
006 (15165482.004.000) 2022-02-28 02:33:11 Image size of job updated: 2446
	2446  -  MemoryUsage of job (MB)
	2504756  -  ResidentSetSize of job (KB)
...
006 (15165482.004.000) 2022-02-28 02:38:31 Image size of job updated: 2688
	2688  -  MemoryUsage of job (MB)
	2753144  -  ResidentSetSize of job (KB)
...
006 (15165482.004.000) 2022-02-28 02:43:13 Image size of job updated: 3003
	3003  -  MemoryUsage of job (MB)
	3075768  -  ResidentSetSize of job (KB)
...
006 (15165482.004.000) 2022-02-28 02:48:14 Image size of job updated: 3337
	3337  -  MemoryUsage of job (MB)
	3418044  -  ResidentSetSize of job (KB)
...
006 (15165482.004.000) 2022-02-28 02:53:16 Image size of job updated: 3539
	3539  -  MemoryUsage of job (MB)
	3624648  -  ResidentSetSize of job (KB)
...
007 (15165482.004.000) 2022-03-03 01:52:34 Shadow exception!
	Error from slot1_8@e2372.chtc.wisc.edu: Job failed to complete in 72 hrs
	0  -  Run Bytes Sent By Job
	131040256  -  Run Bytes Received By Job
...
012 (15165482.004.000) 2022-03-03 01:52:35 Job was held.
	Error from slot1_8@e2372.chtc.wisc.edu: Job failed to complete in 72 hrs
	Code 21 Subcode 0
...
