000 (15165482.040.000) 2022-02-28 00:26:16 Job submitted from host: <128.105.244.191:9618?addrs=128.105.244.191-9618&alias=submit-1.chtc.wisc.edu&noUDP&sock=schedd_3562897_9248>
...
040 (15165482.040.000) 2022-02-28 01:52:45 Started transferring input files
	Transferring to host: <128.105.245.58:9618?addrs=128.105.245.58-9618&alias=e3258.chtc.wisc.edu&noUDP&sock=slot1_3_1403_4a52_22289>
...
040 (15165482.040.000) 2022-02-28 01:52:50 Finished transferring input files
...
001 (15165482.040.000) 2022-02-28 01:52:56 Job executing on host: <128.105.245.58:9618?addrs=128.105.245.58-9618&alias=e3258.chtc.wisc.edu&noUDP&sock=startd_3016_4db9>
...
006 (15165482.040.000) 2022-02-28 01:54:00 Image size of job updated: 48
	48  -  MemoryUsage of job (MB)
	49444  -  ResidentSetSize of job (KB)
...
006 (15165482.040.000) 2022-02-28 01:59:01 Image size of job updated: 1170
	1170  -  MemoryUsage of job (MB)
	1198756  -  ResidentSetSize of job (KB)
...
006 (15165482.040.000) 2022-02-28 02:09:03 Image size of job updated: 1419
	1419  -  MemoryUsage of job (MB)
	1453444  -  ResidentSetSize of job (KB)
...
006 (15165482.040.000) 2022-02-28 02:14:04 Image size of job updated: 1836
	1836  -  MemoryUsage of job (MB)
	1880952  -  ResidentSetSize of job (KB)
...
006 (15165482.040.000) 2022-02-28 02:19:04 Image size of job updated: 1918
	1918  -  MemoryUsage of job (MB)
	1964224  -  ResidentSetSize of job (KB)
...
006 (15165482.040.000) 2022-02-28 02:24:04 Image size of job updated: 2030
	2030  -  MemoryUsage of job (MB)
	2079496  -  ResidentSetSize of job (KB)
...
006 (15165482.040.000) 2022-02-28 02:29:04 Image size of job updated: 2204
	2204  -  MemoryUsage of job (MB)
	2257760  -  ResidentSetSize of job (KB)
...
006 (15165482.040.000) 2022-02-28 02:34:04 Image size of job updated: 2434
	2434  -  MemoryUsage of job (MB)
	2493144  -  ResidentSetSize of job (KB)
...
006 (15165482.040.000) 2022-02-28 02:39:04 Image size of job updated: 2697
	2697  -  MemoryUsage of job (MB)
	2762360  -  ResidentSetSize of job (KB)
...
006 (15165482.040.000) 2022-02-28 02:44:04 Image size of job updated: 2995
	2995  -  MemoryUsage of job (MB)
	3066908  -  ResidentSetSize of job (KB)
...
006 (15165482.040.000) 2022-02-28 02:49:04 Image size of job updated: 3305
	3305  -  MemoryUsage of job (MB)
	3384356  -  ResidentSetSize of job (KB)
...
006 (15165482.040.000) 2022-02-28 02:54:05 Image size of job updated: 3582
	3582  -  MemoryUsage of job (MB)
	3668612  -  ResidentSetSize of job (KB)
...
007 (15165482.040.000) 2022-03-03 01:52:45 Shadow exception!
	Error from slot1_3@e3258.chtc.wisc.edu: Job failed to complete in 72 hrs
	0  -  Run Bytes Sent By Job
	131040256  -  Run Bytes Received By Job
...
012 (15165482.040.000) 2022-03-03 01:52:48 Job was held.
	Error from slot1_3@e3258.chtc.wisc.edu: Job failed to complete in 72 hrs
	Code 21 Subcode 0
...
