000 (15165482.045.000) 2022-02-28 00:26:16 Job submitted from host: <128.105.244.191:9618?addrs=128.105.244.191-9618&alias=submit-1.chtc.wisc.edu&noUDP&sock=schedd_3562897_9248>
...
040 (15165482.045.000) 2022-02-28 01:52:47 Started transferring input files
	Transferring to host: <128.105.245.175:9618?addrs=128.105.245.175-9618&alias=e2375.chtc.wisc.edu&noUDP&sock=slot1_17_19092_ca81_27997>
...
040 (15165482.045.000) 2022-02-28 01:52:51 Finished transferring input files
...
001 (15165482.045.000) 2022-02-28 01:52:58 Job executing on host: <128.105.245.175:9618?addrs=128.105.245.175-9618&alias=e2375.chtc.wisc.edu&noUDP&sock=startd_2630_8a2b>
...
006 (15165482.045.000) 2022-02-28 01:53:37 Image size of job updated: 52
	52  -  MemoryUsage of job (MB)
	54192  -  ResidentSetSize of job (KB)
...
006 (15165482.045.000) 2022-02-28 01:58:37 Image size of job updated: 1169
	1169  -  MemoryUsage of job (MB)
	1198056  -  ResidentSetSize of job (KB)
...
006 (15165482.045.000) 2022-02-28 02:03:38 Image size of job updated: 1261
	1261  -  MemoryUsage of job (MB)
	1292264  -  ResidentSetSize of job (KB)
...
006 (15165482.045.000) 2022-02-28 02:08:38 Image size of job updated: 1617
	1617  -  MemoryUsage of job (MB)
	1656192  -  ResidentSetSize of job (KB)
...
006 (15165482.045.000) 2022-02-28 02:13:38 Image size of job updated: 1913
	1913  -  MemoryUsage of job (MB)
	1959140  -  ResidentSetSize of job (KB)
...
006 (15165482.045.000) 2022-02-28 02:18:39 Image size of job updated: 2006
	2006  -  MemoryUsage of job (MB)
	2054724  -  ResidentSetSize of job (KB)
...
006 (15165482.045.000) 2022-02-28 02:23:39 Image size of job updated: 2042
	2042  -  MemoryUsage of job (MB)
	2092020  -  ResidentSetSize of job (KB)
...
006 (15165482.045.000) 2022-02-28 02:28:40 Image size of job updated: 2185
	2185  -  MemoryUsage of job (MB)
	2238376  -  ResidentSetSize of job (KB)
...
006 (15165482.045.000) 2022-02-28 02:33:40 Image size of job updated: 2421
	2421  -  MemoryUsage of job (MB)
	2479484  -  ResidentSetSize of job (KB)
...
006 (15165482.045.000) 2022-02-28 02:38:41 Image size of job updated: 2669
	2669  -  MemoryUsage of job (MB)
	2733240  -  ResidentSetSize of job (KB)
...
006 (15165482.045.000) 2022-02-28 02:43:42 Image size of job updated: 2953
	2953  -  MemoryUsage of job (MB)
	3024564  -  ResidentSetSize of job (KB)
...
006 (15165482.045.000) 2022-02-28 02:48:42 Image size of job updated: 3221
	3221  -  MemoryUsage of job (MB)
	3298332  -  ResidentSetSize of job (KB)
...
006 (15165482.045.000) 2022-02-28 02:53:43 Image size of job updated: 3466
	3466  -  MemoryUsage of job (MB)
	3549264  -  ResidentSetSize of job (KB)
...
006 (15165482.045.000) 2022-02-28 02:58:43 Image size of job updated: 3536
	3536  -  MemoryUsage of job (MB)
	3621308  -  ResidentSetSize of job (KB)
...
007 (15165482.045.000) 2022-03-03 01:52:45 Shadow exception!
	Error from slot1_17@e2375.chtc.wisc.edu: Job failed to complete in 72 hrs
	0  -  Run Bytes Sent By Job
	131040256  -  Run Bytes Received By Job
...
012 (15165482.045.000) 2022-03-03 01:52:48 Job was held.
	Error from slot1_17@e2375.chtc.wisc.edu: Job failed to complete in 72 hrs
	Code 21 Subcode 0
...
