000 (15165482.048.000) 2022-02-28 00:26:16 Job submitted from host: <128.105.244.191:9618?addrs=128.105.244.191-9618&alias=submit-1.chtc.wisc.edu&noUDP&sock=schedd_3562897_9248>
...
040 (15165482.048.000) 2022-02-28 01:52:48 Started transferring input files
	Transferring to host: <128.104.58.190:9618?addrs=128.104.58.190-9618+[2607-f388-1086-0-16fe-b5ff-fec6-7c4b]-9618&alias=e1045.chtc.wisc.edu&noUDP&sock=slot1_24_17449_261f_25770>
...
040 (15165482.048.000) 2022-02-28 01:52:52 Finished transferring input files
...
001 (15165482.048.000) 2022-02-28 01:52:59 Job executing on host: <128.104.58.190:9618?addrs=128.104.58.190-9618+[2607-f388-1086-0-16fe-b5ff-fec6-7c4b]-9618&alias=e1045.chtc.wisc.edu&noUDP&sock=startd_4852_a59b>
...
006 (15165482.048.000) 2022-02-28 01:53:48 Image size of job updated: 45
	45  -  MemoryUsage of job (MB)
	46168  -  ResidentSetSize of job (KB)
...
006 (15165482.048.000) 2022-02-28 01:58:48 Image size of job updated: 865
	865  -  MemoryUsage of job (MB)
	886624  -  ResidentSetSize of job (KB)
...
006 (15165482.048.000) 2022-02-28 02:03:49 Image size of job updated: 1193
	1193  -  MemoryUsage of job (MB)
	1222588  -  ResidentSetSize of job (KB)
...
006 (15165482.048.000) 2022-02-28 02:08:50 Image size of job updated: 1228
	1228  -  MemoryUsage of job (MB)
	1257688  -  ResidentSetSize of job (KB)
...
006 (15165482.048.000) 2022-02-28 02:13:51 Image size of job updated: 1437
	1437  -  MemoryUsage of job (MB)
	1472192  -  ResidentSetSize of job (KB)
...
006 (15165482.048.000) 2022-02-28 02:18:51 Image size of job updated: 1661
	1661  -  MemoryUsage of job (MB)
	1701200  -  ResidentSetSize of job (KB)
...
006 (15165482.048.000) 2022-02-28 02:23:52 Image size of job updated: 1915
	1915  -  MemoryUsage of job (MB)
	1961432  -  ResidentSetSize of job (KB)
...
006 (15165482.048.000) 2022-02-28 02:28:53 Image size of job updated: 1928
	1928  -  MemoryUsage of job (MB)
	1974556  -  ResidentSetSize of job (KB)
...
006 (15165482.048.000) 2022-02-28 02:33:53 Image size of job updated: 2030
	2030  -  MemoryUsage of job (MB)
	2079272  -  ResidentSetSize of job (KB)
...
006 (15165482.048.000) 2022-02-28 02:38:54 Image size of job updated: 2147
	2147  -  MemoryUsage of job (MB)
	2198616  -  ResidentSetSize of job (KB)
...
006 (15165482.048.000) 2022-02-28 02:43:54 Image size of job updated: 2340
	2340  -  MemoryUsage of job (MB)
	2396744  -  ResidentSetSize of job (KB)
...
006 (15165482.048.000) 2022-02-28 02:48:55 Image size of job updated: 2565
	2565  -  MemoryUsage of job (MB)
	2626764  -  ResidentSetSize of job (KB)
...
006 (15165482.048.000) 2022-02-28 02:53:56 Image size of job updated: 2816
	2816  -  MemoryUsage of job (MB)
	2883968  -  ResidentSetSize of job (KB)
...
006 (15165482.048.000) 2022-02-28 02:58:57 Image size of job updated: 3066
	3066  -  MemoryUsage of job (MB)
	3140168  -  ResidentSetSize of job (KB)
...
006 (15165482.048.000) 2022-02-28 03:03:57 Image size of job updated: 3321
	3321  -  MemoryUsage of job (MB)
	3401256  -  ResidentSetSize of job (KB)
...
006 (15165482.048.000) 2022-02-28 03:08:57 Image size of job updated: 3573
	3573  -  MemoryUsage of job (MB)
	3659176  -  ResidentSetSize of job (KB)
...
006 (15165482.048.000) 2022-02-28 03:13:57 Image size of job updated: 3583
	3583  -  MemoryUsage of job (MB)
	3669324  -  ResidentSetSize of job (KB)
...
007 (15165482.048.000) 2022-03-03 01:52:50 Shadow exception!
	Error from slot1_24@e1045.chtc.wisc.edu: Job failed to complete in 72 hrs
	0  -  Run Bytes Sent By Job
	131040256  -  Run Bytes Received By Job
...
012 (15165482.048.000) 2022-03-03 01:52:51 Job was held.
	Error from slot1_24@e1045.chtc.wisc.edu: Job failed to complete in 72 hrs
	Code 21 Subcode 0
...
