000 (15165482.041.000) 2022-02-28 00:26:16 Job submitted from host: <128.105.244.191:9618?addrs=128.105.244.191-9618&alias=submit-1.chtc.wisc.edu&noUDP&sock=schedd_3562897_9248>
...
040 (15165482.041.000) 2022-02-28 01:52:45 Started transferring input files
	Transferring to host: <128.104.58.171:9618?addrs=128.104.58.171-9618+[2607-f388-1086-0-16fe-b5ff-fec6-79de]-9618&alias=e1025.chtc.wisc.edu&noUDP&sock=slot1_24_13998_9b72_28740>
...
040 (15165482.041.000) 2022-02-28 01:52:50 Finished transferring input files
...
001 (15165482.041.000) 2022-02-28 01:52:56 Job executing on host: <128.104.58.171:9618?addrs=128.104.58.171-9618+[2607-f388-1086-0-16fe-b5ff-fec6-79de]-9618&alias=e1025.chtc.wisc.edu&noUDP&sock=startd_4914_2c7a>
...
006 (15165482.041.000) 2022-02-28 01:53:27 Image size of job updated: 67
	67  -  MemoryUsage of job (MB)
	68608  -  ResidentSetSize of job (KB)
...
006 (15165482.041.000) 2022-02-28 01:58:28 Image size of job updated: 862
	862  -  MemoryUsage of job (MB)
	883104  -  ResidentSetSize of job (KB)
...
006 (15165482.041.000) 2022-02-28 02:03:29 Image size of job updated: 1170
	1170  -  MemoryUsage of job (MB)
	1198744  -  ResidentSetSize of job (KB)
...
006 (15165482.041.000) 2022-02-28 02:08:29 Image size of job updated: 1226
	1226  -  MemoryUsage of job (MB)
	1256152  -  ResidentSetSize of job (KB)
...
006 (15165482.041.000) 2022-02-28 02:13:30 Image size of job updated: 1439
	1439  -  MemoryUsage of job (MB)
	1474144  -  ResidentSetSize of job (KB)
...
006 (15165482.041.000) 2022-02-28 02:18:31 Image size of job updated: 1704
	1704  -  MemoryUsage of job (MB)
	1745460  -  ResidentSetSize of job (KB)
...
006 (15165482.041.000) 2022-02-28 02:25:55 Image size of job updated: 1913
	1913  -  MemoryUsage of job (MB)
	1959684  -  ResidentSetSize of job (KB)
...
006 (15165482.041.000) 2022-02-28 02:33:03 Image size of job updated: 2034
	2034  -  MemoryUsage of job (MB)
	2082928  -  ResidentSetSize of job (KB)
...
006 (15165482.041.000) 2022-02-28 02:38:46 Image size of job updated: 2196
	2196  -  MemoryUsage of job (MB)
	2249204  -  ResidentSetSize of job (KB)
...
006 (15165482.041.000) 2022-02-28 02:43:46 Image size of job updated: 2403
	2403  -  MemoryUsage of job (MB)
	2461260  -  ResidentSetSize of job (KB)
...
006 (15165482.041.000) 2022-02-28 02:48:47 Image size of job updated: 2609
	2609  -  MemoryUsage of job (MB)
	2672008  -  ResidentSetSize of job (KB)
...
006 (15165482.041.000) 2022-02-28 02:53:47 Image size of job updated: 2850
	2850  -  MemoryUsage of job (MB)
	2919092  -  ResidentSetSize of job (KB)
...
006 (15165482.041.000) 2022-02-28 02:58:47 Image size of job updated: 3100
	3100  -  MemoryUsage of job (MB)
	3174464  -  ResidentSetSize of job (KB)
...
006 (15165482.041.000) 2022-02-28 03:03:47 Image size of job updated: 3355
	3355  -  MemoryUsage of job (MB)
	3436368  -  ResidentSetSize of job (KB)
...
006 (15165482.041.000) 2022-02-28 03:08:48 Image size of job updated: 3583
	3583  -  MemoryUsage of job (MB)
	3669040  -  ResidentSetSize of job (KB)
...
007 (15165482.041.000) 2022-03-03 01:52:47 Shadow exception!
	Error from slot1_24@e1025.chtc.wisc.edu: Job failed to complete in 72 hrs
	0  -  Run Bytes Sent By Job
	131040256  -  Run Bytes Received By Job
...
012 (15165482.041.000) 2022-03-03 01:52:49 Job was held.
	Error from slot1_24@e1025.chtc.wisc.edu: Job failed to complete in 72 hrs
	Code 21 Subcode 0
...
