000 (15165482.049.000) 2022-02-28 00:26:16 Job submitted from host: <128.105.244.191:9618?addrs=128.105.244.191-9618&alias=submit-1.chtc.wisc.edu&noUDP&sock=schedd_3562897_9248>
...
040 (15165482.049.000) 2022-02-28 01:52:48 Started transferring input files
	Transferring to host: <128.104.101.115:9618?addrs=128.104.101.115-9618+[2607-f388-107c-501-22a-6aff-fedf-c721]-9618&alias=e0455.chtc.wisc.edu&noUDP&sock=slot1_5_24765_eec8_33069>
...
001 (15165482.049.000) 2022-02-28 01:52:53 Job executing on host: <128.104.101.115:9618?addrs=128.104.101.115-9618+[2607-f388-107c-501-22a-6aff-fedf-c721]-9618&alias=e0455.chtc.wisc.edu&noUDP&sock=startd_2643_74e6>
...
040 (15165482.049.000) 2022-02-28 01:52:53 Finished transferring input files
...
006 (15165482.049.000) 2022-02-28 01:53:15 Image size of job updated: 52
	52  -  MemoryUsage of job (MB)
	54220  -  ResidentSetSize of job (KB)
...
006 (15165482.049.000) 2022-02-28 01:58:16 Image size of job updated: 1169
	1169  -  MemoryUsage of job (MB)
	1197592  -  ResidentSetSize of job (KB)
...
006 (15165482.049.000) 2022-02-28 02:03:17 Image size of job updated: 1175
	1175  -  MemoryUsage of job (MB)
	1203632  -  ResidentSetSize of job (KB)
...
006 (15165482.049.000) 2022-02-28 02:08:18 Image size of job updated: 1542
	1542  -  MemoryUsage of job (MB)
	1579120  -  ResidentSetSize of job (KB)
...
006 (15165482.049.000) 2022-02-28 02:13:18 Image size of job updated: 1906
	1906  -  MemoryUsage of job (MB)
	1952748  -  ResidentSetSize of job (KB)
...
006 (15165482.049.000) 2022-02-28 02:18:18 Image size of job updated: 1930
	1930  -  MemoryUsage of job (MB)
	1976920  -  ResidentSetSize of job (KB)
...
006 (15165482.049.000) 2022-02-28 02:23:18 Image size of job updated: 2047
	2047  -  MemoryUsage of job (MB)
	2097084  -  ResidentSetSize of job (KB)
...
006 (15165482.049.000) 2022-02-28 02:28:19 Image size of job updated: 2237
	2237  -  MemoryUsage of job (MB)
	2290960  -  ResidentSetSize of job (KB)
...
006 (15165482.049.000) 2022-02-28 02:33:20 Image size of job updated: 2449
	2449  -  MemoryUsage of job (MB)
	2508440  -  ResidentSetSize of job (KB)
...
006 (15165482.049.000) 2022-02-28 02:38:32 Image size of job updated: 2730
	2730  -  MemoryUsage of job (MB)
	2796412  -  ResidentSetSize of job (KB)
...
006 (15165482.049.000) 2022-02-28 02:43:22 Image size of job updated: 3017
	3017  -  MemoryUsage of job (MB)
	3089456  -  ResidentSetSize of job (KB)
...
006 (15165482.049.000) 2022-02-28 02:48:22 Image size of job updated: 3312
	3312  -  MemoryUsage of job (MB)
	3392044  -  ResidentSetSize of job (KB)
...
006 (15165482.049.000) 2022-02-28 02:53:23 Image size of job updated: 3534
	3534  -  MemoryUsage of job (MB)
	3619056  -  ResidentSetSize of job (KB)
...
006 (15165482.049.000) 2022-02-28 02:58:24 Image size of job updated: 3539
	3539  -  MemoryUsage of job (MB)
	3623980  -  ResidentSetSize of job (KB)
...
007 (15165482.049.000) 2022-03-03 01:52:46 Shadow exception!
	Error from slot1_5@e0455.chtc.wisc.edu: Job failed to complete in 72 hrs
	0  -  Run Bytes Sent By Job
	131040256  -  Run Bytes Received By Job
...
012 (15165482.049.000) 2022-03-03 01:52:48 Job was held.
	Error from slot1_5@e0455.chtc.wisc.edu: Job failed to complete in 72 hrs
	Code 21 Subcode 0
...
