000 (15165482.050.000) 2022-02-28 00:26:16 Job submitted from host: <128.105.244.191:9618?addrs=128.105.244.191-9618&alias=submit-1.chtc.wisc.edu&noUDP&sock=schedd_3562897_9248>
...
040 (15165482.050.000) 2022-02-28 01:52:48 Started transferring input files
	Transferring to host: <128.105.245.164:9618?addrs=128.105.245.164-9618&alias=e2364.chtc.wisc.edu&noUDP&sock=slot1_3_14158_5779_26095>
...
040 (15165482.050.000) 2022-02-28 01:52:53 Finished transferring input files
...
001 (15165482.050.000) 2022-02-28 01:52:59 Job executing on host: <128.105.245.164:9618?addrs=128.105.245.164-9618&alias=e2364.chtc.wisc.edu&noUDP&sock=startd_2783_7c28>
...
006 (15165482.050.000) 2022-02-28 02:13:27 Image size of job updated: 227
	227  -  MemoryUsage of job (MB)
	233452  -  ResidentSetSize of job (KB)
...
006 (15165482.050.000) 2022-02-28 02:18:27 Image size of job updated: 1170
	1170  -  MemoryUsage of job (MB)
	1198168  -  ResidentSetSize of job (KB)
...
006 (15165482.050.000) 2022-02-28 02:23:27 Image size of job updated: 1402
	1402  -  MemoryUsage of job (MB)
	1436648  -  ResidentSetSize of job (KB)
...
006 (15165482.050.000) 2022-02-28 02:28:27 Image size of job updated: 1912
	1912  -  MemoryUsage of job (MB)
	1958892  -  ResidentSetSize of job (KB)
...
006 (15165482.050.000) 2022-02-28 02:33:27 Image size of job updated: 2001
	2001  -  MemoryUsage of job (MB)
	2049340  -  ResidentSetSize of job (KB)
...
006 (15165482.050.000) 2022-02-28 02:38:42 Image size of job updated: 2107
	2107  -  MemoryUsage of job (MB)
	2157588  -  ResidentSetSize of job (KB)
...
006 (15165482.050.000) 2022-02-28 02:43:27 Image size of job updated: 2336
	2336  -  MemoryUsage of job (MB)
	2392228  -  ResidentSetSize of job (KB)
...
006 (15165482.050.000) 2022-02-28 02:48:27 Image size of job updated: 2602
	2602  -  MemoryUsage of job (MB)
	2664540  -  ResidentSetSize of job (KB)
...
006 (15165482.050.000) 2022-02-28 02:53:28 Image size of job updated: 2923
	2923  -  MemoryUsage of job (MB)
	2993652  -  ResidentSetSize of job (KB)
...
006 (15165482.050.000) 2022-02-28 02:58:29 Image size of job updated: 3298
	3298  -  MemoryUsage of job (MB)
	3377812  -  ResidentSetSize of job (KB)
...
006 (15165482.050.000) 2022-02-28 03:03:30 Image size of job updated: 3532
	3532  -  MemoryUsage of job (MB)
	3617740  -  ResidentSetSize of job (KB)
...
007 (15165482.050.000) 2022-03-03 01:52:49 Shadow exception!
	Error from slot1_3@e2364.chtc.wisc.edu: Job failed to complete in 72 hrs
	0  -  Run Bytes Sent By Job
	131040256  -  Run Bytes Received By Job
...
012 (15165482.050.000) 2022-03-03 01:52:50 Job was held.
	Error from slot1_3@e2364.chtc.wisc.edu: Job failed to complete in 72 hrs
	Code 21 Subcode 0
...
