000 (15165482.059.000) 2022-02-28 00:26:16 Job submitted from host: <128.105.244.191:9618?addrs=128.105.244.191-9618&alias=submit-1.chtc.wisc.edu&noUDP&sock=schedd_3562897_9248>
...
040 (15165482.059.000) 2022-02-28 01:52:51 Started transferring input files
	Transferring to host: <128.105.245.35:9618?addrs=128.105.245.35-9618&alias=e3235.chtc.wisc.edu&noUDP&sock=slot1_3_27592_cf5b_22630>
...
001 (15165482.059.000) 2022-02-28 01:52:58 Job executing on host: <128.105.245.35:9618?addrs=128.105.245.35-9618&alias=e3235.chtc.wisc.edu&noUDP&sock=startd_1621_731c>
...
040 (15165482.059.000) 2022-02-28 01:52:58 Finished transferring input files
...
006 (15165482.059.000) 2022-02-28 01:53:06 Image size of job updated: 52
	52  -  MemoryUsage of job (MB)
	54176  -  ResidentSetSize of job (KB)
...
006 (15165482.059.000) 2022-02-28 01:58:07 Image size of job updated: 1182
	1182  -  MemoryUsage of job (MB)
	1210416  -  ResidentSetSize of job (KB)
...
006 (15165482.059.000) 2022-02-28 02:03:08 Image size of job updated: 1448
	1448  -  MemoryUsage of job (MB)
	1483284  -  ResidentSetSize of job (KB)
...
006 (15165482.059.000) 2022-02-28 02:08:09 Image size of job updated: 1893
	1893  -  MemoryUsage of job (MB)
	1939332  -  ResidentSetSize of job (KB)
...
006 (15165482.059.000) 2022-02-28 02:13:10 Image size of job updated: 2163
	2163  -  MemoryUsage of job (MB)
	2214956  -  ResidentSetSize of job (KB)
...
006 (15165482.059.000) 2022-02-28 02:18:11 Image size of job updated: 2327
	2327  -  MemoryUsage of job (MB)
	2383436  -  ResidentSetSize of job (KB)
...
006 (15165482.059.000) 2022-02-28 02:23:26 Image size of job updated: 2644
	2644  -  MemoryUsage of job (MB)
	2708100  -  ResidentSetSize of job (KB)
...
006 (15165482.059.000) 2022-02-28 02:28:11 Image size of job updated: 3006
	3006  -  MemoryUsage of job (MB)
	3079120  -  ResidentSetSize of job (KB)
...
006 (15165482.059.000) 2022-02-28 02:33:12 Image size of job updated: 3393
	3393  -  MemoryUsage of job (MB)
	3475120  -  ResidentSetSize of job (KB)
...
006 (15165482.059.000) 2022-02-28 02:38:13 Image size of job updated: 3549
	3549  -  MemoryUsage of job (MB)
	3635148  -  ResidentSetSize of job (KB)
...
007 (15165482.059.000) 2022-03-03 01:52:53 Shadow exception!
	Error from slot1_3@e3235.chtc.wisc.edu: Job failed to complete in 72 hrs
	0  -  Run Bytes Sent By Job
	131040256  -  Run Bytes Received By Job
...
012 (15165482.059.000) 2022-03-03 01:52:53 Job was held.
	Error from slot1_3@e3235.chtc.wisc.edu: Job failed to complete in 72 hrs
	Code 21 Subcode 0
...
