000 (15165482.058.000) 2022-02-28 00:26:16 Job submitted from host: <128.105.244.191:9618?addrs=128.105.244.191-9618&alias=submit-1.chtc.wisc.edu&noUDP&sock=schedd_3562897_9248>
...
040 (15165482.058.000) 2022-02-28 01:52:51 Started transferring input files
	Transferring to host: <128.105.68.124:9618?addrs=128.105.68.124-9618&alias=e2444.chtc.wisc.edu&noUDP&sock=slot1_19_19843_f040_30663>
...
001 (15165482.058.000) 2022-02-28 01:52:57 Job executing on host: <128.105.68.124:9618?addrs=128.105.68.124-9618&alias=e2444.chtc.wisc.edu&noUDP&sock=startd_2356_9938>
...
040 (15165482.058.000) 2022-02-28 01:52:57 Finished transferring input files
...
006 (15165482.058.000) 2022-02-28 01:53:06 Image size of job updated: 53
	53  -  MemoryUsage of job (MB)
	54420  -  ResidentSetSize of job (KB)
...
006 (15165482.058.000) 2022-02-28 01:58:07 Image size of job updated: 1197
	1197  -  MemoryUsage of job (MB)
	1226180  -  ResidentSetSize of job (KB)
...
006 (15165482.058.000) 2022-02-28 02:03:08 Image size of job updated: 1222
	1222  -  MemoryUsage of job (MB)
	1251828  -  ResidentSetSize of job (KB)
...
006 (15165482.058.000) 2022-02-28 02:08:08 Image size of job updated: 1621
	1621  -  MemoryUsage of job (MB)
	1660688  -  ResidentSetSize of job (KB)
...
006 (15165482.058.000) 2022-02-28 02:13:09 Image size of job updated: 1920
	1920  -  MemoryUsage of job (MB)
	1967044  -  ResidentSetSize of job (KB)
...
006 (15165482.058.000) 2022-02-28 02:18:09 Image size of job updated: 2044
	2044  -  MemoryUsage of job (MB)
	2093220  -  ResidentSetSize of job (KB)
...
006 (15165482.058.000) 2022-02-28 02:23:23 Image size of job updated: 2229
	2229  -  MemoryUsage of job (MB)
	2283148  -  ResidentSetSize of job (KB)
...
006 (15165482.058.000) 2022-02-28 02:28:10 Image size of job updated: 2537
	2537  -  MemoryUsage of job (MB)
	2598048  -  ResidentSetSize of job (KB)
...
006 (15165482.058.000) 2022-02-28 02:33:11 Image size of job updated: 2922
	2922  -  MemoryUsage of job (MB)
	2992544  -  ResidentSetSize of job (KB)
...
006 (15165482.058.000) 2022-02-28 02:38:11 Image size of job updated: 3324
	3324  -  MemoryUsage of job (MB)
	3404368  -  ResidentSetSize of job (KB)
...
006 (15165482.058.000) 2022-02-28 02:43:12 Image size of job updated: 3537
	3537  -  MemoryUsage of job (MB)
	3622276  -  ResidentSetSize of job (KB)
...
007 (15165482.058.000) 2022-03-03 01:52:52 Shadow exception!
	Error from slot1_19@e2444.chtc.wisc.edu: Job failed to complete in 72 hrs
	0  -  Run Bytes Sent By Job
	131040256  -  Run Bytes Received By Job
...
012 (15165482.058.000) 2022-03-03 01:52:52 Job was held.
	Error from slot1_19@e2444.chtc.wisc.edu: Job failed to complete in 72 hrs
	Code 21 Subcode 0
...
