000 (15165482.057.000) 2022-02-28 00:26:16 Job submitted from host: <128.105.244.191:9618?addrs=128.105.244.191-9618&alias=submit-1.chtc.wisc.edu&noUDP&sock=schedd_3562897_9248>
...
040 (15165482.057.000) 2022-02-28 01:52:50 Started transferring input files
	Transferring to host: <128.104.58.155:9618?addrs=128.104.58.155-9618+[2607-f388-1086-0-16fe-b5ff-fec6-7450]-9618&alias=e1007.chtc.wisc.edu&noUDP&sock=slot1_12_11495_046d_25988>
...
040 (15165482.057.000) 2022-02-28 01:52:54 Finished transferring input files
...
001 (15165482.057.000) 2022-02-28 01:53:00 Job executing on host: <128.104.58.155:9618?addrs=128.104.58.155-9618+[2607-f388-1086-0-16fe-b5ff-fec6-7450]-9618&alias=e1007.chtc.wisc.edu&noUDP&sock=startd_5071_dcd9>
...
006 (15165482.057.000) 2022-02-28 01:59:17 Image size of job updated: 88
	88  -  MemoryUsage of job (MB)
	90160  -  ResidentSetSize of job (KB)
...
006 (15165482.057.000) 2022-02-28 02:04:17 Image size of job updated: 1015
	1015  -  MemoryUsage of job (MB)
	1039900  -  ResidentSetSize of job (KB)
...
006 (15165482.057.000) 2022-02-28 02:09:18 Image size of job updated: 1169
	1169  -  MemoryUsage of job (MB)
	1198000  -  ResidentSetSize of job (KB)
...
006 (15165482.057.000) 2022-02-28 02:14:18 Image size of job updated: 1298
	1298  -  MemoryUsage of job (MB)
	1329544  -  ResidentSetSize of job (KB)
...
006 (15165482.057.000) 2022-02-28 02:19:19 Image size of job updated: 1540
	1540  -  MemoryUsage of job (MB)
	1577196  -  ResidentSetSize of job (KB)
...
006 (15165482.057.000) 2022-02-28 02:24:20 Image size of job updated: 1837
	1837  -  MemoryUsage of job (MB)
	1881628  -  ResidentSetSize of job (KB)
...
006 (15165482.057.000) 2022-02-28 02:29:20 Image size of job updated: 1910
	1910  -  MemoryUsage of job (MB)
	1956236  -  ResidentSetSize of job (KB)
...
006 (15165482.057.000) 2022-02-28 02:34:21 Image size of job updated: 1987
	1987  -  MemoryUsage of job (MB)
	2035196  -  ResidentSetSize of job (KB)
...
006 (15165482.057.000) 2022-02-28 02:39:21 Image size of job updated: 2053
	2053  -  MemoryUsage of job (MB)
	2102508  -  ResidentSetSize of job (KB)
...
006 (15165482.057.000) 2022-02-28 02:44:21 Image size of job updated: 2211
	2211  -  MemoryUsage of job (MB)
	2264608  -  ResidentSetSize of job (KB)
...
006 (15165482.057.000) 2022-02-28 02:49:22 Image size of job updated: 2417
	2417  -  MemoryUsage of job (MB)
	2475596  -  ResidentSetSize of job (KB)
...
006 (15165482.057.000) 2022-02-28 02:54:22 Image size of job updated: 2633
	2633  -  MemoryUsage of job (MB)
	2697008  -  ResidentSetSize of job (KB)
...
006 (15165482.057.000) 2022-02-28 02:59:23 Image size of job updated: 2863
	2863  -  MemoryUsage of job (MB)
	2931732  -  ResidentSetSize of job (KB)
...
006 (15165482.057.000) 2022-02-28 03:04:24 Image size of job updated: 3127
	3127  -  MemoryUsage of job (MB)
	3203052  -  ResidentSetSize of job (KB)
...
006 (15165482.057.000) 2022-02-28 03:09:25 Image size of job updated: 3380
	3380  -  MemoryUsage of job (MB)
	3462108  -  ResidentSetSize of job (KB)
...
006 (15165482.057.000) 2022-02-28 03:14:26 Image size of job updated: 3577
	3577  -  MemoryUsage of job (MB)
	3662884  -  ResidentSetSize of job (KB)
...
006 (15165482.057.000) 2022-02-28 03:19:26 Image size of job updated: 3583
	3583  -  MemoryUsage of job (MB)
	3669188  -  ResidentSetSize of job (KB)
...
007 (15165482.057.000) 2022-03-03 01:52:49 Shadow exception!
	Error from slot1_12@e1007.chtc.wisc.edu: Job failed to complete in 72 hrs
	0  -  Run Bytes Sent By Job
	131040256  -  Run Bytes Received By Job
...
012 (15165482.057.000) 2022-03-03 01:52:50 Job was held.
	Error from slot1_12@e1007.chtc.wisc.edu: Job failed to complete in 72 hrs
	Code 21 Subcode 0
...
