000 (15165482.051.000) 2022-02-28 00:26:16 Job submitted from host: <128.105.244.191:9618?addrs=128.105.244.191-9618&alias=submit-1.chtc.wisc.edu&noUDP&sock=schedd_3562897_9248>
...
040 (15165482.051.000) 2022-02-28 01:52:48 Started transferring input files
	Transferring to host: <128.104.100.28:9618?addrs=128.104.100.28-9618+[2607-f388-107c-501-7a2b-cbff-fe0a-ae0d]-9618&alias=e0062.chtc.wisc.edu&noUDP&sock=slot1_5_26329_e988_26479>
...
001 (15165482.051.000) 2022-02-28 01:52:54 Job executing on host: <128.104.100.28:9618?addrs=128.104.100.28-9618+[2607-f388-107c-501-7a2b-cbff-fe0a-ae0d]-9618&alias=e0062.chtc.wisc.edu&noUDP&sock=startd_4670_cf5e>
...
040 (15165482.051.000) 2022-02-28 01:52:54 Finished transferring input files
...
006 (15165482.051.000) 2022-02-28 02:03:13 Image size of job updated: 1192
	1192  -  MemoryUsage of job (MB)
	1221408  -  ResidentSetSize of job (KB)
...
006 (15165482.051.000) 2022-02-28 02:08:13 Image size of job updated: 1278
	1278  -  MemoryUsage of job (MB)
	1309604  -  ResidentSetSize of job (KB)
...
006 (15165482.051.000) 2022-02-28 02:13:14 Image size of job updated: 1611
	1611  -  MemoryUsage of job (MB)
	1650284  -  ResidentSetSize of job (KB)
...
006 (15165482.051.000) 2022-02-28 02:18:15 Image size of job updated: 1902
	1902  -  MemoryUsage of job (MB)
	1947896  -  ResidentSetSize of job (KB)
...
006 (15165482.051.000) 2022-02-28 02:23:23 Image size of job updated: 2007
	2007  -  MemoryUsage of job (MB)
	2055504  -  ResidentSetSize of job (KB)
...
006 (15165482.051.000) 2022-02-28 02:28:17 Image size of job updated: 2104
	2104  -  MemoryUsage of job (MB)
	2155208  -  ResidentSetSize of job (KB)
...
006 (15165482.051.000) 2022-02-28 02:33:17 Image size of job updated: 2307
	2307  -  MemoryUsage of job (MB)
	2363312  -  ResidentSetSize of job (KB)
...
006 (15165482.051.000) 2022-02-28 02:38:17 Image size of job updated: 2529
	2529  -  MemoryUsage of job (MB)
	2590340  -  ResidentSetSize of job (KB)
...
006 (15165482.051.000) 2022-02-28 02:43:18 Image size of job updated: 2773
	2773  -  MemoryUsage of job (MB)
	2840000  -  ResidentSetSize of job (KB)
...
006 (15165482.051.000) 2022-02-28 02:48:19 Image size of job updated: 3033
	3033  -  MemoryUsage of job (MB)
	3106356  -  ResidentSetSize of job (KB)
...
006 (15165482.051.000) 2022-02-28 02:53:20 Image size of job updated: 3328
	3328  -  MemoryUsage of job (MB)
	3407872  -  ResidentSetSize of job (KB)
...
006 (15165482.051.000) 2022-02-28 02:58:20 Image size of job updated: 3545
	3545  -  MemoryUsage of job (MB)
	3630312  -  ResidentSetSize of job (KB)
...
006 (15165482.051.000) 2022-02-28 03:03:20 Image size of job updated: 3551
	3551  -  MemoryUsage of job (MB)
	3636788  -  ResidentSetSize of job (KB)
...
007 (15165482.051.000) 2022-03-03 01:52:49 Shadow exception!
	Error from slot1_5@e0062.chtc.wisc.edu: Job failed to complete in 72 hrs
	0  -  Run Bytes Sent By Job
	131040256  -  Run Bytes Received By Job
...
012 (15165482.051.000) 2022-03-03 01:52:50 Job was held.
	Error from slot1_5@e0062.chtc.wisc.edu: Job failed to complete in 72 hrs
	Code 21 Subcode 0
...
