000 (15165482.055.000) 2022-02-28 00:26:16 Job submitted from host: <128.105.244.191:9618?addrs=128.105.244.191-9618&alias=submit-1.chtc.wisc.edu&noUDP&sock=schedd_3562897_9248>
...
040 (15165482.055.000) 2022-02-28 01:52:49 Started transferring input files
	Transferring to host: <128.104.58.178:9618?addrs=128.104.58.178-9618+[2607-f388-1086-0-a6ba-dbff-fe38-fc39]-9618&alias=e1048.chtc.wisc.edu&noUDP&sock=slot1_8_23071_5b43_24710>
...
001 (15165482.055.000) 2022-02-28 01:52:55 Job executing on host: <128.104.58.178:9618?addrs=128.104.58.178-9618+[2607-f388-1086-0-a6ba-dbff-fe38-fc39]-9618&alias=e1048.chtc.wisc.edu&noUDP&sock=startd_5063_6017>
...
040 (15165482.055.000) 2022-02-28 01:52:55 Finished transferring input files
...
006 (15165482.055.000) 2022-02-28 01:53:15 Image size of job updated: 79
	79  -  MemoryUsage of job (MB)
	81100  -  ResidentSetSize of job (KB)
...
006 (15165482.055.000) 2022-02-28 01:58:15 Image size of job updated: 1170
	1170  -  MemoryUsage of job (MB)
	1198368  -  ResidentSetSize of job (KB)
...
006 (15165482.055.000) 2022-02-28 02:03:15 Image size of job updated: 1429
	1429  -  MemoryUsage of job (MB)
	1464204  -  ResidentSetSize of job (KB)
...
006 (15165482.055.000) 2022-02-28 02:08:16 Image size of job updated: 1886
	1886  -  MemoryUsage of job (MB)
	1931964  -  ResidentSetSize of job (KB)
...
006 (15165482.055.000) 2022-02-28 02:13:17 Image size of job updated: 1983
	1983  -  MemoryUsage of job (MB)
	2031580  -  ResidentSetSize of job (KB)
...
006 (15165482.055.000) 2022-02-28 02:18:18 Image size of job updated: 2102
	2102  -  MemoryUsage of job (MB)
	2153256  -  ResidentSetSize of job (KB)
...
006 (15165482.055.000) 2022-02-28 02:23:20 Image size of job updated: 2336
	2336  -  MemoryUsage of job (MB)
	2392124  -  ResidentSetSize of job (KB)
...
006 (15165482.055.000) 2022-02-28 02:28:19 Image size of job updated: 2610
	2610  -  MemoryUsage of job (MB)
	2673148  -  ResidentSetSize of job (KB)
...
006 (15165482.055.000) 2022-02-28 02:33:20 Image size of job updated: 2882
	2882  -  MemoryUsage of job (MB)
	2951788  -  ResidentSetSize of job (KB)
...
006 (15165482.055.000) 2022-02-28 02:38:39 Image size of job updated: 3206
	3206  -  MemoryUsage of job (MB)
	3283056  -  ResidentSetSize of job (KB)
...
006 (15165482.055.000) 2022-02-28 02:43:22 Image size of job updated: 3505
	3505  -  MemoryUsage of job (MB)
	3589928  -  ResidentSetSize of job (KB)
...
006 (15165482.055.000) 2022-02-28 02:48:22 Image size of job updated: 3547
	3547  -  MemoryUsage of job (MB)
	3632960  -  ResidentSetSize of job (KB)
...
007 (15165482.055.000) 2022-03-03 01:52:49 Shadow exception!
	Error from slot1_8@e1048.chtc.wisc.edu: Job failed to complete in 72 hrs
	0  -  Run Bytes Sent By Job
	131040256  -  Run Bytes Received By Job
...
012 (15165482.055.000) 2022-03-03 01:52:50 Job was held.
	Error from slot1_8@e1048.chtc.wisc.edu: Job failed to complete in 72 hrs
	Code 21 Subcode 0
...
