000 (15165482.061.000) 2022-02-28 00:26:16 Job submitted from host: <128.105.244.191:9618?addrs=128.105.244.191-9618&alias=submit-1.chtc.wisc.edu&noUDP&sock=schedd_3562897_9248>
...
040 (15165482.061.000) 2022-02-28 01:52:51 Started transferring input files
	Transferring to host: <128.105.245.43:9618?addrs=128.105.245.43-9618&alias=e3243.chtc.wisc.edu&noUDP&sock=slot1_3_28756_f40a_23739>
...
001 (15165482.061.000) 2022-02-28 01:52:58 Job executing on host: <128.105.245.43:9618?addrs=128.105.245.43-9618&alias=e3243.chtc.wisc.edu&noUDP&sock=startd_4725_8914>
...
040 (15165482.061.000) 2022-02-28 01:52:58 Finished transferring input files
...
006 (15165482.061.000) 2022-02-28 01:53:12 Image size of job updated: 52
	52  -  MemoryUsage of job (MB)
	53496  -  ResidentSetSize of job (KB)
...
006 (15165482.061.000) 2022-02-28 01:58:13 Image size of job updated: 1170
	1170  -  MemoryUsage of job (MB)
	1198080  -  ResidentSetSize of job (KB)
...
006 (15165482.061.000) 2022-02-28 02:03:14 Image size of job updated: 1431
	1431  -  MemoryUsage of job (MB)
	1466144  -  ResidentSetSize of job (KB)
...
006 (15165482.061.000) 2022-02-28 02:08:15 Image size of job updated: 1918
	1918  -  MemoryUsage of job (MB)
	1964572  -  ResidentSetSize of job (KB)
...
006 (15165482.061.000) 2022-02-28 02:13:15 Image size of job updated: 2000
	2000  -  MemoryUsage of job (MB)
	2048188  -  ResidentSetSize of job (KB)
...
006 (15165482.061.000) 2022-02-28 02:18:15 Image size of job updated: 2164
	2164  -  MemoryUsage of job (MB)
	2216800  -  ResidentSetSize of job (KB)
...
006 (15165482.061.000) 2022-02-28 02:23:27 Image size of job updated: 2463
	2463  -  MemoryUsage of job (MB)
	2523088  -  ResidentSetSize of job (KB)
...
006 (15165482.061.000) 2022-02-28 02:28:17 Image size of job updated: 2808
	2808  -  MemoryUsage of job (MB)
	2875852  -  ResidentSetSize of job (KB)
...
006 (15165482.061.000) 2022-02-28 02:33:17 Image size of job updated: 3182
	3182  -  MemoryUsage of job (MB)
	3258700  -  ResidentSetSize of job (KB)
...
006 (15165482.061.000) 2022-02-28 02:38:18 Image size of job updated: 3543
	3543  -  MemoryUsage of job (MB)
	3628616  -  ResidentSetSize of job (KB)
...
006 (15165482.061.000) 2022-02-28 02:43:19 Image size of job updated: 3548
	3548  -  MemoryUsage of job (MB)
	3633272  -  ResidentSetSize of job (KB)
...
007 (15165482.061.000) 2022-03-03 01:52:50 Shadow exception!
	Error from slot1_3@e3243.chtc.wisc.edu: Job failed to complete in 72 hrs
	0  -  Run Bytes Sent By Job
	131040256  -  Run Bytes Received By Job
...
012 (15165482.061.000) 2022-03-03 01:52:51 Job was held.
	Error from slot1_3@e3243.chtc.wisc.edu: Job failed to complete in 72 hrs
	Code 21 Subcode 0
...
