000 (15165482.064.000) 2022-02-28 00:26:16 Job submitted from host: <128.105.244.191:9618?addrs=128.105.244.191-9618&alias=submit-1.chtc.wisc.edu&noUDP&sock=schedd_3562897_9248>
...
040 (15165482.064.000) 2022-02-28 01:52:53 Started transferring input files
	Transferring to host: <128.104.58.56:9618?addrs=128.104.58.56-9618+[2607-f388-1086-0-a6ba-dbff-fe38-fd35]-9618&alias=e046.chtc.wisc.edu&noUDP&sock=slot1_1_32737_ed8c_23908>
...
001 (15165482.064.000) 2022-02-28 01:52:59 Job executing on host: <128.104.58.56:9618?addrs=128.104.58.56-9618+[2607-f388-1086-0-a6ba-dbff-fe38-fd35]-9618&alias=e046.chtc.wisc.edu&noUDP&sock=startd_4957_ab0d>
...
040 (15165482.064.000) 2022-02-28 01:52:59 Finished transferring input files
...
006 (15165482.064.000) 2022-02-28 01:53:13 Image size of job updated: 50
	50  -  MemoryUsage of job (MB)
	52072  -  ResidentSetSize of job (KB)
...
006 (15165482.064.000) 2022-02-28 01:58:14 Image size of job updated: 1198
	1198  -  MemoryUsage of job (MB)
	1226852  -  ResidentSetSize of job (KB)
...
006 (15165482.064.000) 2022-02-28 02:03:16 Image size of job updated: 1448
	1448  -  MemoryUsage of job (MB)
	1483552  -  ResidentSetSize of job (KB)
...
006 (15165482.064.000) 2022-02-28 02:08:16 Image size of job updated: 1876
	1876  -  MemoryUsage of job (MB)
	1921828  -  ResidentSetSize of job (KB)
...
006 (15165482.064.000) 2022-02-28 02:13:17 Image size of job updated: 2001
	2001  -  MemoryUsage of job (MB)
	2049452  -  ResidentSetSize of job (KB)
...
006 (15165482.064.000) 2022-02-28 02:18:18 Image size of job updated: 2105
	2105  -  MemoryUsage of job (MB)
	2155956  -  ResidentSetSize of job (KB)
...
006 (15165482.064.000) 2022-02-28 02:23:52 Image size of job updated: 2408
	2408  -  MemoryUsage of job (MB)
	2466436  -  ResidentSetSize of job (KB)
...
006 (15165482.064.000) 2022-02-28 02:28:18 Image size of job updated: 2732
	2732  -  MemoryUsage of job (MB)
	2797856  -  ResidentSetSize of job (KB)
...
006 (15165482.064.000) 2022-02-28 02:33:18 Image size of job updated: 3111
	3111  -  MemoryUsage of job (MB)
	3186360  -  ResidentSetSize of job (KB)
...
006 (15165482.064.000) 2022-02-28 02:38:18 Image size of job updated: 3486
	3486  -  MemoryUsage of job (MB)
	3570020  -  ResidentSetSize of job (KB)
...
006 (15165482.064.000) 2022-02-28 02:43:18 Image size of job updated: 3547
	3547  -  MemoryUsage of job (MB)
	3632396  -  ResidentSetSize of job (KB)
...
007 (15165482.064.000) 2022-03-03 01:52:55 Shadow exception!
	Error from slot1_1@e046.chtc.wisc.edu: Job failed to complete in 72 hrs
	0  -  Run Bytes Sent By Job
	131040256  -  Run Bytes Received By Job
...
012 (15165482.064.000) 2022-03-03 01:52:55 Job was held.
	Error from slot1_1@e046.chtc.wisc.edu: Job failed to complete in 72 hrs
	Code 21 Subcode 0
...
