000 (15165482.063.000) 2022-02-28 00:26:16 Job submitted from host: <128.105.244.191:9618?addrs=128.105.244.191-9618&alias=submit-1.chtc.wisc.edu&noUDP&sock=schedd_3562897_9248>
...
040 (15165482.063.000) 2022-02-28 01:52:53 Started transferring input files
	Transferring to host: <128.105.245.91:9618?addrs=128.105.245.91-9618&alias=e2291.chtc.wisc.edu&noUDP&sock=slot1_14_40305_44c0_24986>
...
040 (15165482.063.000) 2022-02-28 01:52:59 Finished transferring input files
...
001 (15165482.063.000) 2022-02-28 01:53:05 Job executing on host: <128.105.245.91:9618?addrs=128.105.245.91-9618&alias=e2291.chtc.wisc.edu&noUDP&sock=startd_2434_199b>
...
006 (15165482.063.000) 2022-02-28 02:08:34 Image size of job updated: 1169
	1169  -  MemoryUsage of job (MB)
	1197704  -  ResidentSetSize of job (KB)
...
006 (15165482.063.000) 2022-02-28 02:13:34 Image size of job updated: 1379
	1379  -  MemoryUsage of job (MB)
	1412960  -  ResidentSetSize of job (KB)
...
006 (15165482.063.000) 2022-02-28 02:18:35 Image size of job updated: 1880
	1880  -  MemoryUsage of job (MB)
	1926128  -  ResidentSetSize of job (KB)
...
006 (15165482.063.000) 2022-02-28 02:23:35 Image size of job updated: 2009
	2009  -  MemoryUsage of job (MB)
	2057316  -  ResidentSetSize of job (KB)
...
006 (15165482.063.000) 2022-02-28 02:28:36 Image size of job updated: 2218
	2218  -  MemoryUsage of job (MB)
	2271792  -  ResidentSetSize of job (KB)
...
006 (15165482.063.000) 2022-02-28 02:33:36 Image size of job updated: 2540
	2540  -  MemoryUsage of job (MB)
	2601556  -  ResidentSetSize of job (KB)
...
006 (15165482.063.000) 2022-02-28 02:38:43 Image size of job updated: 2946
	2946  -  MemoryUsage of job (MB)
	3017704  -  ResidentSetSize of job (KB)
...
006 (15165482.063.000) 2022-02-28 02:43:38 Image size of job updated: 3345
	3345  -  MemoryUsage of job (MB)
	3425452  -  ResidentSetSize of job (KB)
...
006 (15165482.063.000) 2022-02-28 02:48:38 Image size of job updated: 3541
	3541  -  MemoryUsage of job (MB)
	3626644  -  ResidentSetSize of job (KB)
...
007 (15165482.063.000) 2022-03-03 01:52:54 Shadow exception!
	Error from slot1_14@e2291.chtc.wisc.edu: Job failed to complete in 72 hrs
	0  -  Run Bytes Sent By Job
	131040256  -  Run Bytes Received By Job
...
012 (15165482.063.000) 2022-03-03 01:52:54 Job was held.
	Error from slot1_14@e2291.chtc.wisc.edu: Job failed to complete in 72 hrs
	Code 21 Subcode 0
...
