000 (15165482.065.000) 2022-02-28 00:26:16 Job submitted from host: <128.105.244.191:9618?addrs=128.105.244.191-9618&alias=submit-1.chtc.wisc.edu&noUDP&sock=schedd_3562897_9248>
...
040 (15165482.065.000) 2022-02-28 01:52:53 Started transferring input files
	Transferring to host: <128.104.58.36:9618?addrs=128.104.58.36-9618+[2607-f388-1086-0-a6ba-dbff-fe38-e74c]-9618&alias=e026.chtc.wisc.edu&noUDP&sock=slot1_6_1577_e399_23202>
...
001 (15165482.065.000) 2022-02-28 01:53:00 Job executing on host: <128.104.58.36:9618?addrs=128.104.58.36-9618+[2607-f388-1086-0-a6ba-dbff-fe38-e74c]-9618&alias=e026.chtc.wisc.edu&noUDP&sock=startd_4764_4945>
...
040 (15165482.065.000) 2022-02-28 01:53:00 Finished transferring input files
...
006 (15165482.065.000) 2022-02-28 01:58:16 Image size of job updated: 343
	343  -  MemoryUsage of job (MB)
	352004  -  ResidentSetSize of job (KB)
...
006 (15165482.065.000) 2022-02-28 02:03:16 Image size of job updated: 1169
	1169  -  MemoryUsage of job (MB)
	1197620  -  ResidentSetSize of job (KB)
...
006 (15165482.065.000) 2022-02-28 02:08:16 Image size of job updated: 1604
	1604  -  MemoryUsage of job (MB)
	1643140  -  ResidentSetSize of job (KB)
...
006 (15165482.065.000) 2022-02-28 02:13:17 Image size of job updated: 1905
	1905  -  MemoryUsage of job (MB)
	1951100  -  ResidentSetSize of job (KB)
...
006 (15165482.065.000) 2022-02-28 02:18:18 Image size of job updated: 2023
	2023  -  MemoryUsage of job (MB)
	2072128  -  ResidentSetSize of job (KB)
...
006 (15165482.065.000) 2022-02-28 02:23:56 Image size of job updated: 2242
	2242  -  MemoryUsage of job (MB)
	2296608  -  ResidentSetSize of job (KB)
...
006 (15165482.065.000) 2022-02-28 02:28:19 Image size of job updated: 2524
	2524  -  MemoryUsage of job (MB)
	2585424  -  ResidentSetSize of job (KB)
...
006 (15165482.065.000) 2022-02-28 02:33:19 Image size of job updated: 2862
	2862  -  MemoryUsage of job (MB)
	2931196  -  ResidentSetSize of job (KB)
...
006 (15165482.065.000) 2022-02-28 02:38:20 Image size of job updated: 3242
	3242  -  MemoryUsage of job (MB)
	3320380  -  ResidentSetSize of job (KB)
...
006 (15165482.065.000) 2022-02-28 02:43:21 Image size of job updated: 3543
	3543  -  MemoryUsage of job (MB)
	3628780  -  ResidentSetSize of job (KB)
...
006 (15165482.065.000) 2022-02-28 02:48:21 Image size of job updated: 3547
	3547  -  MemoryUsage of job (MB)
	3632740  -  ResidentSetSize of job (KB)
...
007 (15165482.065.000) 2022-03-03 01:52:54 Shadow exception!
	Error from slot1_6@e026.chtc.wisc.edu: Job failed to complete in 72 hrs
	0  -  Run Bytes Sent By Job
	131040256  -  Run Bytes Received By Job
...
012 (15165482.065.000) 2022-03-03 01:52:54 Job was held.
	Error from slot1_6@e026.chtc.wisc.edu: Job failed to complete in 72 hrs
	Code 21 Subcode 0
...
