000 (15165482.066.000) 2022-02-28 00:26:16 Job submitted from host: <128.105.244.191:9618?addrs=128.105.244.191-9618&alias=submit-1.chtc.wisc.edu&noUDP&sock=schedd_3562897_9248>
...
040 (15165482.066.000) 2022-02-28 01:52:54 Started transferring input files
	Transferring to host: <128.104.58.60:9618?addrs=128.104.58.60-9618+[2607-f388-1086-0-a6ba-dbff-fe38-e5a4]-9618&alias=e1050.chtc.wisc.edu&noUDP&sock=slot1_4_29905_8719_22050>
...
001 (15165482.066.000) 2022-02-28 01:53:00 Job executing on host: <128.104.58.60:9618?addrs=128.104.58.60-9618+[2607-f388-1086-0-a6ba-dbff-fe38-e5a4]-9618&alias=e1050.chtc.wisc.edu&noUDP&sock=startd_5051_24f4>
...
040 (15165482.066.000) 2022-02-28 01:53:00 Finished transferring input files
...
006 (15165482.066.000) 2022-02-28 01:53:13 Image size of job updated: 85
	85  -  MemoryUsage of job (MB)
	87108  -  ResidentSetSize of job (KB)
...
006 (15165482.066.000) 2022-02-28 01:58:14 Image size of job updated: 1169
	1169  -  MemoryUsage of job (MB)
	1197912  -  ResidentSetSize of job (KB)
...
006 (15165482.066.000) 2022-02-28 02:03:15 Image size of job updated: 1422
	1422  -  MemoryUsage of job (MB)
	1456896  -  ResidentSetSize of job (KB)
...
006 (15165482.066.000) 2022-02-28 02:08:16 Image size of job updated: 1886
	1886  -  MemoryUsage of job (MB)
	1932260  -  ResidentSetSize of job (KB)
...
006 (15165482.066.000) 2022-02-28 02:13:16 Image size of job updated: 2001
	2001  -  MemoryUsage of job (MB)
	2049644  -  ResidentSetSize of job (KB)
...
006 (15165482.066.000) 2022-02-28 02:18:16 Image size of job updated: 2112
	2112  -  MemoryUsage of job (MB)
	2163428  -  ResidentSetSize of job (KB)
...
006 (15165482.066.000) 2022-02-28 02:23:27 Image size of job updated: 2378
	2378  -  MemoryUsage of job (MB)
	2435080  -  ResidentSetSize of job (KB)
...
006 (15165482.066.000) 2022-02-28 02:28:17 Image size of job updated: 2689
	2689  -  MemoryUsage of job (MB)
	2754544  -  ResidentSetSize of job (KB)
...
006 (15165482.066.000) 2022-02-28 02:33:18 Image size of job updated: 3049
	3049  -  MemoryUsage of job (MB)
	3122584  -  ResidentSetSize of job (KB)
...
006 (15165482.066.000) 2022-02-28 02:38:18 Image size of job updated: 3420
	3420  -  MemoryUsage of job (MB)
	3502400  -  ResidentSetSize of job (KB)
...
006 (15165482.066.000) 2022-02-28 02:43:18 Image size of job updated: 3546
	3546  -  MemoryUsage of job (MB)
	3631708  -  ResidentSetSize of job (KB)
...
007 (15165482.066.000) 2022-03-03 01:52:54 Shadow exception!
	Error from slot1_4@e1050.chtc.wisc.edu: Job failed to complete in 72 hrs
	0  -  Run Bytes Sent By Job
	131040256  -  Run Bytes Received By Job
...
012 (15165482.066.000) 2022-03-03 01:52:54 Job was held.
	Error from slot1_4@e1050.chtc.wisc.edu: Job failed to complete in 72 hrs
	Code 21 Subcode 0
...
