000 (15165482.062.000) 2022-02-28 00:26:16 Job submitted from host: <128.105.244.191:9618?addrs=128.105.244.191-9618&alias=submit-1.chtc.wisc.edu&noUDP&sock=schedd_3562897_9248>
...
040 (15165482.062.000) 2022-02-28 01:52:52 Started transferring input files
	Transferring to host: <128.105.245.37:9618?addrs=128.105.245.37-9618&alias=e3237.chtc.wisc.edu&noUDP&sock=slot1_5_30073_e620_23759>
...
001 (15165482.062.000) 2022-02-28 01:52:58 Job executing on host: <128.105.245.37:9618?addrs=128.105.245.37-9618&alias=e3237.chtc.wisc.edu&noUDP&sock=startd_4415_e6b8>
...
040 (15165482.062.000) 2022-02-28 01:52:58 Finished transferring input files
...
006 (15165482.062.000) 2022-02-28 01:53:12 Image size of job updated: 73
	73  -  MemoryUsage of job (MB)
	75616  -  ResidentSetSize of job (KB)
...
006 (15165482.062.000) 2022-02-28 01:58:12 Image size of job updated: 1197
	1197  -  MemoryUsage of job (MB)
	1226372  -  ResidentSetSize of job (KB)
...
006 (15165482.062.000) 2022-02-28 02:03:12 Image size of job updated: 1418
	1418  -  MemoryUsage of job (MB)
	1452436  -  ResidentSetSize of job (KB)
...
006 (15165482.062.000) 2022-02-28 02:08:13 Image size of job updated: 1899
	1899  -  MemoryUsage of job (MB)
	1945156  -  ResidentSetSize of job (KB)
...
006 (15165482.062.000) 2022-02-28 02:13:14 Image size of job updated: 1940
	1940  -  MemoryUsage of job (MB)
	1987432  -  ResidentSetSize of job (KB)
...
006 (15165482.062.000) 2022-02-28 02:18:15 Image size of job updated: 2081
	2081  -  MemoryUsage of job (MB)
	2131092  -  ResidentSetSize of job (KB)
...
006 (15165482.062.000) 2022-02-28 02:23:29 Image size of job updated: 2363
	2363  -  MemoryUsage of job (MB)
	2420504  -  ResidentSetSize of job (KB)
...
006 (15165482.062.000) 2022-02-28 02:28:15 Image size of job updated: 2696
	2696  -  MemoryUsage of job (MB)
	2761304  -  ResidentSetSize of job (KB)
...
006 (15165482.062.000) 2022-02-28 02:33:16 Image size of job updated: 3064
	3064  -  MemoryUsage of job (MB)
	3137888  -  ResidentSetSize of job (KB)
...
006 (15165482.062.000) 2022-02-28 02:38:17 Image size of job updated: 3436
	3436  -  MemoryUsage of job (MB)
	3519132  -  ResidentSetSize of job (KB)
...
006 (15165482.062.000) 2022-02-28 02:43:18 Image size of job updated: 3545
	3545  -  MemoryUsage of job (MB)
	3630372  -  ResidentSetSize of job (KB)
...
007 (15165482.062.000) 2022-03-03 01:52:54 Shadow exception!
	Error from slot1_5@e3237.chtc.wisc.edu: Job failed to complete in 72 hrs
	0  -  Run Bytes Sent By Job
	131040256  -  Run Bytes Received By Job
...
012 (15165482.062.000) 2022-03-03 01:52:54 Job was held.
	Error from slot1_5@e3237.chtc.wisc.edu: Job failed to complete in 72 hrs
	Code 21 Subcode 0
...
