000 (15165482.074.000) 2022-02-28 00:26:16 Job submitted from host: <128.105.244.191:9618?addrs=128.105.244.191-9618&alias=submit-1.chtc.wisc.edu&noUDP&sock=schedd_3562897_9248>
...
040 (15165482.074.000) 2022-02-28 01:53:24 Started transferring input files
	Transferring to host: <128.105.245.126:9618?addrs=128.105.245.126-9618&alias=e2326.chtc.wisc.edu&noUDP&sock=slot1_11_17723_34ea_30627>
...
040 (15165482.074.000) 2022-02-28 01:53:28 Finished transferring input files
...
001 (15165482.074.000) 2022-02-28 01:53:36 Job executing on host: <128.105.245.126:9618?addrs=128.105.245.126-9618&alias=e2326.chtc.wisc.edu&noUDP&sock=startd_2387_dca7>
...
006 (15165482.074.000) 2022-02-28 02:13:48 Image size of job updated: 279
	279  -  MemoryUsage of job (MB)
	286616  -  ResidentSetSize of job (KB)
...
006 (15165482.074.000) 2022-02-28 02:18:48 Image size of job updated: 1195
	1195  -  MemoryUsage of job (MB)
	1223916  -  ResidentSetSize of job (KB)
...
006 (15165482.074.000) 2022-02-28 02:23:50 Image size of job updated: 1383
	1383  -  MemoryUsage of job (MB)
	1417176  -  ResidentSetSize of job (KB)
...
006 (15165482.074.000) 2022-02-28 02:28:48 Image size of job updated: 1671
	1671  -  MemoryUsage of job (MB)
	1711836  -  ResidentSetSize of job (KB)
...
006 (15165482.074.000) 2022-02-28 02:33:49 Image size of job updated: 1906
	1906  -  MemoryUsage of job (MB)
	1952136  -  ResidentSetSize of job (KB)
...
006 (15165482.074.000) 2022-02-28 02:38:49 Image size of job updated: 2006
	2006  -  MemoryUsage of job (MB)
	2054860  -  ResidentSetSize of job (KB)
...
006 (15165482.074.000) 2022-02-28 02:43:49 Image size of job updated: 2135
	2135  -  MemoryUsage of job (MB)
	2187032  -  ResidentSetSize of job (KB)
...
006 (15165482.074.000) 2022-02-28 02:48:50 Image size of job updated: 2350
	2350  -  MemoryUsage of job (MB)
	2407120  -  ResidentSetSize of job (KB)
...
006 (15165482.074.000) 2022-02-28 02:53:51 Image size of job updated: 2580
	2580  -  MemoryUsage of job (MB)
	2642820  -  ResidentSetSize of job (KB)
...
006 (15165482.074.000) 2022-02-28 02:58:52 Image size of job updated: 2841
	2841  -  MemoryUsage of job (MB)
	2910084  -  ResidentSetSize of job (KB)
...
006 (15165482.074.000) 2022-02-28 03:03:53 Image size of job updated: 3114
	3114  -  MemoryUsage of job (MB)
	3189144  -  ResidentSetSize of job (KB)
...
006 (15165482.074.000) 2022-02-28 03:08:53 Image size of job updated: 3387
	3387  -  MemoryUsage of job (MB)
	3468588  -  ResidentSetSize of job (KB)
...
006 (15165482.074.000) 2022-02-28 03:13:53 Image size of job updated: 3532
	3532  -  MemoryUsage of job (MB)
	3617720  -  ResidentSetSize of job (KB)
...
007 (15165482.074.000) 2022-03-03 01:53:23 Shadow exception!
	Error from slot1_11@e2326.chtc.wisc.edu: Job failed to complete in 72 hrs
	0  -  Run Bytes Sent By Job
	131040256  -  Run Bytes Received By Job
...
012 (15165482.074.000) 2022-03-03 01:53:23 Job was held.
	Error from slot1_11@e2326.chtc.wisc.edu: Job failed to complete in 72 hrs
	Code 21 Subcode 0
...
