000 (15165482.073.000) 2022-02-28 00:26:16 Job submitted from host: <128.105.244.191:9618?addrs=128.105.244.191-9618&alias=submit-1.chtc.wisc.edu&noUDP&sock=schedd_3562897_9248>
...
040 (15165482.073.000) 2022-02-28 01:52:56 Started transferring input files
	Transferring to host: <128.104.58.184:9618?addrs=128.104.58.184-9618+[2607-f388-1086-0-16fe-b5ff-fec6-7153]-9618&alias=e1034.chtc.wisc.edu&noUDP&sock=slot1_15_31303_8b92_26976>
...
040 (15165482.073.000) 2022-02-28 01:53:01 Finished transferring input files
...
001 (15165482.073.000) 2022-02-28 01:53:08 Job executing on host: <128.104.58.184:9618?addrs=128.104.58.184-9618+[2607-f388-1086-0-16fe-b5ff-fec6-7153]-9618&alias=e1034.chtc.wisc.edu&noUDP&sock=startd_4983_8083>
...
006 (15165482.073.000) 2022-02-28 01:59:40 Image size of job updated: 155
	155  -  MemoryUsage of job (MB)
	158880  -  ResidentSetSize of job (KB)
...
006 (15165482.073.000) 2022-02-28 02:04:41 Image size of job updated: 865
	865  -  MemoryUsage of job (MB)
	886304  -  ResidentSetSize of job (KB)
...
006 (15165482.073.000) 2022-02-28 02:09:42 Image size of job updated: 1170
	1170  -  MemoryUsage of job (MB)
	1198216  -  ResidentSetSize of job (KB)
...
006 (15165482.073.000) 2022-02-28 02:14:42 Image size of job updated: 1385
	1385  -  MemoryUsage of job (MB)
	1418632  -  ResidentSetSize of job (KB)
...
006 (15165482.073.000) 2022-02-28 02:19:43 Image size of job updated: 1593
	1593  -  MemoryUsage of job (MB)
	1631340  -  ResidentSetSize of job (KB)
...
006 (15165482.073.000) 2022-02-28 02:25:09 Image size of job updated: 1915
	1915  -  MemoryUsage of job (MB)
	1961412  -  ResidentSetSize of job (KB)
...
006 (15165482.073.000) 2022-02-28 02:29:45 Image size of job updated: 1919
	1919  -  MemoryUsage of job (MB)
	1965388  -  ResidentSetSize of job (KB)
...
006 (15165482.073.000) 2022-02-28 02:34:45 Image size of job updated: 2007
	2007  -  MemoryUsage of job (MB)
	2055712  -  ResidentSetSize of job (KB)
...
006 (15165482.073.000) 2022-02-28 02:39:45 Image size of job updated: 2099
	2099  -  MemoryUsage of job (MB)
	2149860  -  ResidentSetSize of job (KB)
...
006 (15165482.073.000) 2022-02-28 02:44:45 Image size of job updated: 2278
	2278  -  MemoryUsage of job (MB)
	2332776  -  ResidentSetSize of job (KB)
...
006 (15165482.073.000) 2022-02-28 02:49:45 Image size of job updated: 2465
	2465  -  MemoryUsage of job (MB)
	2524728  -  ResidentSetSize of job (KB)
...
006 (15165482.073.000) 2022-02-28 02:54:46 Image size of job updated: 2665
	2665  -  MemoryUsage of job (MB)
	2729868  -  ResidentSetSize of job (KB)
...
006 (15165482.073.000) 2022-02-28 02:59:46 Image size of job updated: 2861
	2861  -  MemoryUsage of job (MB)
	2930076  -  ResidentSetSize of job (KB)
...
006 (15165482.073.000) 2022-02-28 03:04:47 Image size of job updated: 3117
	3117  -  MemoryUsage of job (MB)
	3192356  -  ResidentSetSize of job (KB)
...
006 (15165482.073.000) 2022-02-28 03:09:47 Image size of job updated: 3376
	3376  -  MemoryUsage of job (MB)
	3457244  -  ResidentSetSize of job (KB)
...
006 (15165482.073.000) 2022-02-28 03:14:48 Image size of job updated: 3581
	3581  -  MemoryUsage of job (MB)
	3667756  -  ResidentSetSize of job (KB)
...
006 (15165482.073.000) 2022-02-28 03:19:48 Image size of job updated: 3583
	3583  -  MemoryUsage of job (MB)
	3669092  -  ResidentSetSize of job (KB)
...
007 (15165482.073.000) 2022-03-03 01:52:58 Shadow exception!
	Error from slot1_15@e1034.chtc.wisc.edu: Job failed to complete in 72 hrs
	0  -  Run Bytes Sent By Job
	131040256  -  Run Bytes Received By Job
...
012 (15165482.073.000) 2022-03-03 01:52:58 Job was held.
	Error from slot1_15@e1034.chtc.wisc.edu: Job failed to complete in 72 hrs
	Code 21 Subcode 0
...
