000 (15165482.071.000) 2022-02-28 00:26:16 Job submitted from host: <128.105.244.191:9618?addrs=128.105.244.191-9618&alias=submit-1.chtc.wisc.edu&noUDP&sock=schedd_3562897_9248>
...
040 (15165482.071.000) 2022-02-28 01:52:55 Started transferring input files
	Transferring to host: <128.104.58.81:9618?addrs=128.104.58.81-9618+[2607-f388-1086-0-a6ba-dbff-fe38-fc5d]-9618&alias=e1071.chtc.wisc.edu&noUDP&sock=slot1_2_8262_1389_23545>
...
001 (15165482.071.000) 2022-02-28 01:53:01 Job executing on host: <128.104.58.81:9618?addrs=128.104.58.81-9618+[2607-f388-1086-0-a6ba-dbff-fe38-fc5d]-9618&alias=e1071.chtc.wisc.edu&noUDP&sock=startd_1821_a20d>
...
040 (15165482.071.000) 2022-02-28 01:53:01 Finished transferring input files
...
006 (15165482.071.000) 2022-02-28 01:53:10 Image size of job updated: 50
	50  -  MemoryUsage of job (MB)
	52072  -  ResidentSetSize of job (KB)
...
006 (15165482.071.000) 2022-02-28 01:58:10 Image size of job updated: 1168
	1168  -  MemoryUsage of job (MB)
	1197012  -  ResidentSetSize of job (KB)
...
006 (15165482.071.000) 2022-02-28 02:03:10 Image size of job updated: 1475
	1475  -  MemoryUsage of job (MB)
	1510728  -  ResidentSetSize of job (KB)
...
006 (15165482.071.000) 2022-02-28 02:08:10 Image size of job updated: 1888
	1888  -  MemoryUsage of job (MB)
	1933760  -  ResidentSetSize of job (KB)
...
006 (15165482.071.000) 2022-02-28 02:13:10 Image size of job updated: 2005
	2005  -  MemoryUsage of job (MB)
	2053456  -  ResidentSetSize of job (KB)
...
006 (15165482.071.000) 2022-02-28 02:18:10 Image size of job updated: 2162
	2162  -  MemoryUsage of job (MB)
	2214148  -  ResidentSetSize of job (KB)
...
006 (15165482.071.000) 2022-02-28 02:23:56 Image size of job updated: 2467
	2467  -  MemoryUsage of job (MB)
	2526620  -  ResidentSetSize of job (KB)
...
006 (15165482.071.000) 2022-02-28 02:28:10 Image size of job updated: 2822
	2822  -  MemoryUsage of job (MB)
	2889988  -  ResidentSetSize of job (KB)
...
006 (15165482.071.000) 2022-02-28 02:33:10 Image size of job updated: 3213
	3213  -  MemoryUsage of job (MB)
	3290416  -  ResidentSetSize of job (KB)
...
006 (15165482.071.000) 2022-02-28 02:38:10 Image size of job updated: 3545
	3545  -  MemoryUsage of job (MB)
	3630320  -  ResidentSetSize of job (KB)
...
006 (15165482.071.000) 2022-02-28 02:43:10 Image size of job updated: 3550
	3550  -  MemoryUsage of job (MB)
	3636220  -  ResidentSetSize of job (KB)
...
007 (15165482.071.000) 2022-03-03 01:52:53 Shadow exception!
	Error from slot1_2@e1071.chtc.wisc.edu: Job failed to complete in 72 hrs
	0  -  Run Bytes Sent By Job
	131040256  -  Run Bytes Received By Job
...
012 (15165482.071.000) 2022-03-03 01:52:53 Job was held.
	Error from slot1_2@e1071.chtc.wisc.edu: Job failed to complete in 72 hrs
	Code 21 Subcode 0
...
