000 (15165482.070.000) 2022-02-28 00:26:16 Job submitted from host: <128.105.244.191:9618?addrs=128.105.244.191-9618&alias=submit-1.chtc.wisc.edu&noUDP&sock=schedd_3562897_9248>
...
040 (15165482.070.000) 2022-02-28 01:52:55 Started transferring input files
	Transferring to host: <128.104.58.35:9618?addrs=128.104.58.35-9618+[2607-f388-1086-0-a6ba-dbff-fe38-e86f]-9618&alias=e025.chtc.wisc.edu&noUDP&sock=slot1_1_11077_7f9c_23857>
...
001 (15165482.070.000) 2022-02-28 01:53:01 Job executing on host: <128.104.58.35:9618?addrs=128.104.58.35-9618+[2607-f388-1086-0-a6ba-dbff-fe38-e86f]-9618&alias=e025.chtc.wisc.edu&noUDP&sock=startd_4895_242e>
...
040 (15165482.070.000) 2022-02-28 01:53:01 Finished transferring input files
...
006 (15165482.070.000) 2022-02-28 01:53:15 Image size of job updated: 61
	61  -  MemoryUsage of job (MB)
	63016  -  ResidentSetSize of job (KB)
...
006 (15165482.070.000) 2022-02-28 01:58:15 Image size of job updated: 1169
	1169  -  MemoryUsage of job (MB)
	1198068  -  ResidentSetSize of job (KB)
...
006 (15165482.070.000) 2022-02-28 02:03:15 Image size of job updated: 1428
	1428  -  MemoryUsage of job (MB)
	1463244  -  ResidentSetSize of job (KB)
...
006 (15165482.070.000) 2022-02-28 02:08:16 Image size of job updated: 1891
	1891  -  MemoryUsage of job (MB)
	1936540  -  ResidentSetSize of job (KB)
...
006 (15165482.070.000) 2022-02-28 02:13:17 Image size of job updated: 1991
	1991  -  MemoryUsage of job (MB)
	2039264  -  ResidentSetSize of job (KB)
...
006 (15165482.070.000) 2022-02-28 02:18:18 Image size of job updated: 2144
	2144  -  MemoryUsage of job (MB)
	2196328  -  ResidentSetSize of job (KB)
...
006 (15165482.070.000) 2022-02-28 02:23:30 Image size of job updated: 2439
	2439  -  MemoryUsage of job (MB)
	2498160  -  ResidentSetSize of job (KB)
...
006 (15165482.070.000) 2022-02-28 02:28:18 Image size of job updated: 2771
	2771  -  MemoryUsage of job (MB)
	2838216  -  ResidentSetSize of job (KB)
...
006 (15165482.070.000) 2022-02-28 02:33:18 Image size of job updated: 3137
	3137  -  MemoryUsage of job (MB)
	3212384  -  ResidentSetSize of job (KB)
...
006 (15165482.070.000) 2022-02-28 02:38:18 Image size of job updated: 3508
	3508  -  MemoryUsage of job (MB)
	3592696  -  ResidentSetSize of job (KB)
...
006 (15165482.070.000) 2022-02-28 02:43:18 Image size of job updated: 3547
	3547  -  MemoryUsage of job (MB)
	3632404  -  ResidentSetSize of job (KB)
...
007 (15165482.070.000) 2022-03-03 01:52:54 Shadow exception!
	Error from slot1_1@e025.chtc.wisc.edu: Job failed to complete in 72 hrs
	0  -  Run Bytes Sent By Job
	131040256  -  Run Bytes Received By Job
...
012 (15165482.070.000) 2022-03-03 01:52:54 Job was held.
	Error from slot1_1@e025.chtc.wisc.edu: Job failed to complete in 72 hrs
	Code 21 Subcode 0
...
