000 (15165482.078.000) 2022-02-28 00:26:16 Job submitted from host: <128.105.244.191:9618?addrs=128.105.244.191-9618&alias=submit-1.chtc.wisc.edu&noUDP&sock=schedd_3562897_9248>
...
040 (15165482.078.000) 2022-02-28 01:55:22 Entered queue to transfer input files
	Transferring to host: <128.105.245.140:9618?addrs=128.105.245.140-9618&alias=e340.chtc.wisc.edu&noUDP&sock=slot1_10_19299_a42a_24105>
...
040 (15165482.078.000) 2022-02-28 01:55:36 Started transferring input files
	Seconds spent in queue: 14
...
001 (15165482.078.000) 2022-02-28 01:55:59 Job executing on host: <128.105.245.140:9618?addrs=128.105.245.140-9618&alias=e340.chtc.wisc.edu&noUDP&sock=startd_2903_cb86>
...
040 (15165482.078.000) 2022-02-28 01:55:59 Finished transferring input files
...
006 (15165482.078.000) 2022-02-28 02:01:14 Image size of job updated: 1170
	1170  -  MemoryUsage of job (MB)
	1198096  -  ResidentSetSize of job (KB)
...
006 (15165482.078.000) 2022-02-28 02:06:15 Image size of job updated: 1398
	1398  -  MemoryUsage of job (MB)
	1431612  -  ResidentSetSize of job (KB)
...
006 (15165482.078.000) 2022-02-28 02:11:15 Image size of job updated: 1784
	1784  -  MemoryUsage of job (MB)
	1827432  -  ResidentSetSize of job (KB)
...
006 (15165482.078.000) 2022-02-28 02:16:16 Image size of job updated: 1919
	1919  -  MemoryUsage of job (MB)
	1965840  -  ResidentSetSize of job (KB)
...
006 (15165482.078.000) 2022-02-28 02:21:17 Image size of job updated: 2061
	2061  -  MemoryUsage of job (MB)
	2111216  -  ResidentSetSize of job (KB)
...
006 (15165482.078.000) 2022-02-28 02:26:54 Image size of job updated: 2289
	2289  -  MemoryUsage of job (MB)
	2344024  -  ResidentSetSize of job (KB)
...
006 (15165482.078.000) 2022-02-28 02:31:18 Image size of job updated: 2596
	2596  -  MemoryUsage of job (MB)
	2658924  -  ResidentSetSize of job (KB)
...
006 (15165482.078.000) 2022-02-28 02:36:18 Image size of job updated: 2929
	2929  -  MemoryUsage of job (MB)
	3000236  -  ResidentSetSize of job (KB)
...
006 (15165482.078.000) 2022-02-28 02:41:18 Image size of job updated: 3263
	3263  -  MemoryUsage of job (MB)
	3341720  -  ResidentSetSize of job (KB)
...
006 (15165482.078.000) 2022-02-28 02:46:19 Image size of job updated: 3493
	3493  -  MemoryUsage of job (MB)
	3577060  -  ResidentSetSize of job (KB)
...
006 (15165482.078.000) 2022-02-28 02:51:19 Image size of job updated: 3539
	3539  -  MemoryUsage of job (MB)
	3624580  -  ResidentSetSize of job (KB)
...
007 (15165482.078.000) 2022-03-03 01:55:17 Shadow exception!
	Error from slot1_10@e340.chtc.wisc.edu: Job failed to complete in 72 hrs
	0  -  Run Bytes Sent By Job
	131040256  -  Run Bytes Received By Job
...
012 (15165482.078.000) 2022-03-03 01:55:18 Job was held.
	Error from slot1_10@e340.chtc.wisc.edu: Job failed to complete in 72 hrs
	Code 21 Subcode 0
...
