000 (15165482.076.000) 2022-02-28 00:26:16 Job submitted from host: <128.105.244.191:9618?addrs=128.105.244.191-9618&alias=submit-1.chtc.wisc.edu&noUDP&sock=schedd_3562897_9248>
...
040 (15165482.076.000) 2022-02-28 01:55:21 Entered queue to transfer input files
	Transferring to host: <128.105.245.142:9618?addrs=128.105.245.142-9618&alias=e342.chtc.wisc.edu&noUDP&sock=slot1_15_15139_8b81_26391>
...
040 (15165482.076.000) 2022-02-28 01:55:36 Started transferring input files
	Seconds spent in queue: 15
...
001 (15165482.076.000) 2022-02-28 01:55:46 Job executing on host: <128.105.245.142:9618?addrs=128.105.245.142-9618&alias=e342.chtc.wisc.edu&noUDP&sock=startd_2402_2693>
...
040 (15165482.076.000) 2022-02-28 01:55:59 Finished transferring input files
...
006 (15165482.076.000) 2022-02-28 01:56:59 Image size of job updated: 50
	50  -  MemoryUsage of job (MB)
	51300  -  ResidentSetSize of job (KB)
...
006 (15165482.076.000) 2022-02-28 02:02:00 Image size of job updated: 1169
	1169  -  MemoryUsage of job (MB)
	1197856  -  ResidentSetSize of job (KB)
...
006 (15165482.076.000) 2022-02-28 02:12:01 Image size of job updated: 1466
	1466  -  MemoryUsage of job (MB)
	1501532  -  ResidentSetSize of job (KB)
...
006 (15165482.076.000) 2022-02-28 02:17:02 Image size of job updated: 1835
	1835  -  MemoryUsage of job (MB)
	1879916  -  ResidentSetSize of job (KB)
...
006 (15165482.076.000) 2022-02-28 02:22:03 Image size of job updated: 1916
	1916  -  MemoryUsage of job (MB)
	1962996  -  ResidentSetSize of job (KB)
...
006 (15165482.076.000) 2022-02-28 02:27:04 Image size of job updated: 2791
	2791  -  MemoryUsage of job (MB)
	2858196  -  ResidentSetSize of job (KB)
...
006 (15165482.076.000) 2022-02-28 02:32:04 Image size of job updated: 2902
	2902  -  MemoryUsage of job (MB)
	2972056  -  ResidentSetSize of job (KB)
...
006 (15165482.076.000) 2022-02-28 02:37:05 Image size of job updated: 3096
	3096  -  MemoryUsage of job (MB)
	3170788  -  ResidentSetSize of job (KB)
...
006 (15165482.076.000) 2022-02-28 02:42:05 Image size of job updated: 3320
	3320  -  MemoryUsage of job (MB)
	3399832  -  ResidentSetSize of job (KB)
...
006 (15165482.076.000) 2022-02-28 02:47:05 Image size of job updated: 3529
	3529  -  MemoryUsage of job (MB)
	3614372  -  ResidentSetSize of job (KB)
...
006 (15165482.076.000) 2022-02-28 03:07:08 Image size of job updated: 3535
	3535  -  MemoryUsage of job (MB)
	3620572  -  ResidentSetSize of job (KB)
...
007 (15165482.076.000) 2022-03-03 01:55:17 Shadow exception!
	Error from slot1_15@e342.chtc.wisc.edu: Job failed to complete in 72 hrs
	0  -  Run Bytes Sent By Job
	131040256  -  Run Bytes Received By Job
...
012 (15165482.076.000) 2022-03-03 01:55:17 Job was held.
	Error from slot1_15@e342.chtc.wisc.edu: Job failed to complete in 72 hrs
	Code 21 Subcode 0
...
