000 (15165482.077.000) 2022-02-28 00:26:16 Job submitted from host: <128.105.244.191:9618?addrs=128.105.244.191-9618&alias=submit-1.chtc.wisc.edu&noUDP&sock=schedd_3562897_9248>
...
040 (15165482.077.000) 2022-02-28 01:55:21 Entered queue to transfer input files
	Transferring to host: <128.105.245.145:9618?addrs=128.105.245.145-9618&alias=e345.chtc.wisc.edu&noUDP&sock=slot1_16_3136_5879_26593>
...
040 (15165482.077.000) 2022-02-28 01:55:36 Started transferring input files
	Seconds spent in queue: 15
...
001 (15165482.077.000) 2022-02-28 01:55:46 Job executing on host: <128.105.245.145:9618?addrs=128.105.245.145-9618&alias=e345.chtc.wisc.edu&noUDP&sock=startd_2872_8816>
...
040 (15165482.077.000) 2022-02-28 01:55:59 Finished transferring input files
...
006 (15165482.077.000) 2022-02-28 02:16:14 Image size of job updated: 1014
	1014  -  MemoryUsage of job (MB)
	1039212  -  ResidentSetSize of job (KB)
...
006 (15165482.077.000) 2022-02-28 02:21:14 Image size of job updated: 1169
	1169  -  MemoryUsage of job (MB)
	1197216  -  ResidentSetSize of job (KB)
...
006 (15165482.077.000) 2022-02-28 02:26:33 Image size of job updated: 1430
	1430  -  MemoryUsage of job (MB)
	1464720  -  ResidentSetSize of job (KB)
...
006 (15165482.077.000) 2022-02-28 02:31:16 Image size of job updated: 1835
	1835  -  MemoryUsage of job (MB)
	1880016  -  ResidentSetSize of job (KB)
...
006 (15165482.077.000) 2022-02-28 02:36:17 Image size of job updated: 1918
	1918  -  MemoryUsage of job (MB)
	1964576  -  ResidentSetSize of job (KB)
...
006 (15165482.077.000) 2022-02-28 02:41:18 Image size of job updated: 2015
	2015  -  MemoryUsage of job (MB)
	2064368  -  ResidentSetSize of job (KB)
...
006 (15165482.077.000) 2022-02-28 02:46:19 Image size of job updated: 2137
	2137  -  MemoryUsage of job (MB)
	2189040  -  ResidentSetSize of job (KB)
...
006 (15165482.077.000) 2022-02-28 02:51:19 Image size of job updated: 2361
	2361  -  MemoryUsage of job (MB)
	2418388  -  ResidentSetSize of job (KB)
...
006 (15165482.077.000) 2022-02-28 02:56:19 Image size of job updated: 2591
	2591  -  MemoryUsage of job (MB)
	2653592  -  ResidentSetSize of job (KB)
...
006 (15165482.077.000) 2022-02-28 03:01:20 Image size of job updated: 2854
	2854  -  MemoryUsage of job (MB)
	2923120  -  ResidentSetSize of job (KB)
...
006 (15165482.077.000) 2022-02-28 03:06:20 Image size of job updated: 3133
	3133  -  MemoryUsage of job (MB)
	3208820  -  ResidentSetSize of job (KB)
...
006 (15165482.077.000) 2022-02-28 03:11:20 Image size of job updated: 3415
	3415  -  MemoryUsage of job (MB)
	3497080  -  ResidentSetSize of job (KB)
...
006 (15165482.077.000) 2022-02-28 03:16:21 Image size of job updated: 3534
	3534  -  MemoryUsage of job (MB)
	3619700  -  ResidentSetSize of job (KB)
...
007 (15165482.077.000) 2022-03-03 01:55:19 Shadow exception!
	Error from slot1_16@e345.chtc.wisc.edu: Job failed to complete in 72 hrs
	0  -  Run Bytes Sent By Job
	131040256  -  Run Bytes Received By Job
...
012 (15165482.077.000) 2022-03-03 01:55:19 Job was held.
	Error from slot1_16@e345.chtc.wisc.edu: Job failed to complete in 72 hrs
	Code 21 Subcode 0
...
