000 (15165482.008.000) 2022-02-28 00:26:16 Job submitted from host: <128.105.244.191:9618?addrs=128.105.244.191-9618&alias=submit-1.chtc.wisc.edu&noUDP&sock=schedd_3562897_9248>
...
040 (15165482.008.000) 2022-02-28 01:52:34 Started transferring input files
	Transferring to host: <128.104.101.145:9618?addrs=128.104.101.145-9618+[2607-f388-107c-501-206-f6ff-fe30-9499]-9618&alias=e145.chtc.wisc.edu&noUDP&sock=slot1_11_24244_d753_31052>
...
040 (15165482.008.000) 2022-02-28 01:52:36 Finished transferring input files
...
001 (15165482.008.000) 2022-02-28 01:52:40 Job executing on host: <128.104.101.145:9618?addrs=128.104.101.145-9618+[2607-f388-107c-501-206-f6ff-fe30-9499]-9618&alias=e145.chtc.wisc.edu&noUDP&sock=startd_1837_9b90>
...
006 (15165482.008.000) 2022-02-28 01:53:13 Image size of job updated: 85
	85  -  MemoryUsage of job (MB)
	87932  -  ResidentSetSize of job (KB)
...
006 (15165482.008.000) 2022-02-28 01:58:14 Image size of job updated: 1170
	1170  -  MemoryUsage of job (MB)
	1198196  -  ResidentSetSize of job (KB)
...
006 (15165482.008.000) 2022-02-28 02:08:15 Image size of job updated: 1470
	1470  -  MemoryUsage of job (MB)
	1506256  -  ResidentSetSize of job (KB)
...
006 (15165482.008.000) 2022-02-28 02:13:15 Image size of job updated: 1914
	1914  -  MemoryUsage of job (MB)
	1960616  -  ResidentSetSize of job (KB)
...
006 (15165482.008.000) 2022-02-28 02:18:15 Image size of job updated: 1997
	1997  -  MemoryUsage of job (MB)
	2045480  -  ResidentSetSize of job (KB)
...
006 (15165482.008.000) 2022-02-28 02:23:15 Image size of job updated: 2050
	2050  -  MemoryUsage of job (MB)
	2100112  -  ResidentSetSize of job (KB)
...
006 (15165482.008.000) 2022-02-28 02:28:15 Image size of job updated: 2240
	2240  -  MemoryUsage of job (MB)
	2294648  -  ResidentSetSize of job (KB)
...
006 (15165482.008.000) 2022-02-28 02:33:16 Image size of job updated: 2486
	2486  -  MemoryUsage of job (MB)
	2546380  -  ResidentSetSize of job (KB)
...
006 (15165482.008.000) 2022-02-28 02:38:18 Image size of job updated: 2752
	2752  -  MemoryUsage of job (MB)
	2818720  -  ResidentSetSize of job (KB)
...
006 (15165482.008.000) 2022-02-28 02:43:18 Image size of job updated: 3046
	3046  -  MemoryUsage of job (MB)
	3120008  -  ResidentSetSize of job (KB)
...
006 (15165482.008.000) 2022-02-28 02:48:18 Image size of job updated: 3343
	3343  -  MemoryUsage of job (MB)
	3424152  -  ResidentSetSize of job (KB)
...
006 (15165482.008.000) 2022-02-28 02:53:20 Image size of job updated: 3579
	3579  -  MemoryUsage of job (MB)
	3665856  -  ResidentSetSize of job (KB)
...
006 (15165482.008.000) 2022-02-28 02:58:20 Image size of job updated: 3582
	3582  -  MemoryUsage of job (MB)
	3668868  -  ResidentSetSize of job (KB)
...
007 (15165482.008.000) 2022-03-03 01:52:36 Shadow exception!
	Error from slot1_11@e145.chtc.wisc.edu: Job failed to complete in 72 hrs
	0  -  Run Bytes Sent By Job
	131040256  -  Run Bytes Received By Job
...
012 (15165482.008.000) 2022-03-03 01:52:37 Job was held.
	Error from slot1_11@e145.chtc.wisc.edu: Job failed to complete in 72 hrs
	Code 21 Subcode 0
...
