000 (15165482.080.000) 2022-02-28 00:26:16 Job submitted from host: <128.105.244.191:9618?addrs=128.105.244.191-9618&alias=submit-1.chtc.wisc.edu&noUDP&sock=schedd_3562897_9248>
...
040 (15165482.080.000) 2022-02-28 01:55:38 Entered queue to transfer input files
	Transferring to host: <128.104.58.20:9618?addrs=128.104.58.20-9618+[2607-f388-1086-0-a6ba-dbff-fe38-eabe]-9618&alias=e1032.chtc.wisc.edu&noUDP&sock=slot1_7_9955_f2ae_25807>
...
040 (15165482.080.000) 2022-02-28 01:55:49 Started transferring input files
	Seconds spent in queue: 11
...
001 (15165482.080.000) 2022-02-28 01:56:02 Job executing on host: <128.104.58.20:9618?addrs=128.104.58.20-9618+[2607-f388-1086-0-a6ba-dbff-fe38-eabe]-9618&alias=e1032.chtc.wisc.edu&noUDP&sock=startd_4967_86ff>
...
040 (15165482.080.000) 2022-02-28 01:56:04 Finished transferring input files
...
006 (15165482.080.000) 2022-02-28 02:01:36 Image size of job updated: 528
	528  -  MemoryUsage of job (MB)
	540976  -  ResidentSetSize of job (KB)
...
006 (15165482.080.000) 2022-02-28 02:06:36 Image size of job updated: 1182
	1182  -  MemoryUsage of job (MB)
	1210828  -  ResidentSetSize of job (KB)
...
006 (15165482.080.000) 2022-02-28 02:11:36 Image size of job updated: 1390
	1390  -  MemoryUsage of job (MB)
	1424060  -  ResidentSetSize of job (KB)
...
006 (15165482.080.000) 2022-02-28 02:16:37 Image size of job updated: 1650
	1650  -  MemoryUsage of job (MB)
	1689936  -  ResidentSetSize of job (KB)
...
006 (15165482.080.000) 2022-02-28 02:21:38 Image size of job updated: 1919
	1919  -  MemoryUsage of job (MB)
	1965280  -  ResidentSetSize of job (KB)
...
006 (15165482.080.000) 2022-02-28 02:29:00 Image size of job updated: 2276
	2276  -  MemoryUsage of job (MB)
	2331076  -  ResidentSetSize of job (KB)
...
006 (15165482.080.000) 2022-02-28 02:36:02 Image size of job updated: 2477
	2477  -  MemoryUsage of job (MB)
	2536996  -  ResidentSetSize of job (KB)
...
006 (15165482.080.000) 2022-02-28 02:41:40 Image size of job updated: 2651
	2651  -  MemoryUsage of job (MB)
	2714808  -  ResidentSetSize of job (KB)
...
006 (15165482.080.000) 2022-02-28 02:46:40 Image size of job updated: 2833
	2833  -  MemoryUsage of job (MB)
	2901596  -  ResidentSetSize of job (KB)
...
006 (15165482.080.000) 2022-02-28 02:51:41 Image size of job updated: 3011
	3011  -  MemoryUsage of job (MB)
	3083960  -  ResidentSetSize of job (KB)
...
006 (15165482.080.000) 2022-02-28 02:56:41 Image size of job updated: 3217
	3217  -  MemoryUsage of job (MB)
	3295184  -  ResidentSetSize of job (KB)
...
006 (15165482.080.000) 2022-02-28 03:01:42 Image size of job updated: 3418
	3418  -  MemoryUsage of job (MB)
	3500668  -  ResidentSetSize of job (KB)
...
006 (15165482.080.000) 2022-02-28 03:06:42 Image size of job updated: 3536
	3536  -  MemoryUsage of job (MB)
	3621036  -  ResidentSetSize of job (KB)
...
006 (15165482.080.000) 2022-02-28 03:16:44 Image size of job updated: 3544
	3544  -  MemoryUsage of job (MB)
	3629796  -  ResidentSetSize of job (KB)
...
007 (15165482.080.000) 2022-03-03 01:55:36 Shadow exception!
	Error from slot1_7@e1032.chtc.wisc.edu: Job failed to complete in 72 hrs
	0  -  Run Bytes Sent By Job
	131040256  -  Run Bytes Received By Job
...
012 (15165482.080.000) 2022-03-03 01:55:36 Job was held.
	Error from slot1_7@e1032.chtc.wisc.edu: Job failed to complete in 72 hrs
	Code 21 Subcode 0
...
