000 (15165482.009.000) 2022-02-28 00:26:16 Job submitted from host: <128.105.244.191:9618?addrs=128.105.244.191-9618&alias=submit-1.chtc.wisc.edu&noUDP&sock=schedd_3562897_9248>
...
040 (15165482.009.000) 2022-02-28 01:52:35 Started transferring input files
	Transferring to host: <128.104.58.194:9618?addrs=128.104.58.194-9618+[2607-f388-1086-0-f24d-a2ff-fe40-ff19]-9618&alias=e1052.chtc.wisc.edu&noUDP&sock=slot1_26_38933_9208_27596>
...
040 (15165482.009.000) 2022-02-28 01:52:39 Finished transferring input files
...
001 (15165482.009.000) 2022-02-28 01:52:45 Job executing on host: <128.104.58.194:9618?addrs=128.104.58.194-9618+[2607-f388-1086-0-f24d-a2ff-fe40-ff19]-9618&alias=e1052.chtc.wisc.edu&noUDP&sock=startd_4833_9d4e>
...
006 (15165482.009.000) 2022-02-28 01:54:42 Image size of job updated: 46
	46  -  MemoryUsage of job (MB)
	47104  -  ResidentSetSize of job (KB)
...
006 (15165482.009.000) 2022-02-28 01:59:42 Image size of job updated: 364
	364  -  MemoryUsage of job (MB)
	372864  -  ResidentSetSize of job (KB)
...
006 (15165482.009.000) 2022-02-28 02:04:42 Image size of job updated: 1194
	1194  -  MemoryUsage of job (MB)
	1223548  -  ResidentSetSize of job (KB)
...
006 (15165482.009.000) 2022-02-28 02:09:43 Image size of job updated: 1253
	1253  -  MemoryUsage of job (MB)
	1283084  -  ResidentSetSize of job (KB)
...
006 (15165482.009.000) 2022-02-28 02:14:43 Image size of job updated: 1468
	1468  -  MemoryUsage of job (MB)
	1503640  -  ResidentSetSize of job (KB)
...
006 (15165482.009.000) 2022-02-28 02:19:44 Image size of job updated: 1829
	1829  -  MemoryUsage of job (MB)
	1873864  -  ResidentSetSize of job (KB)
...
006 (15165482.009.000) 2022-02-28 02:24:44 Image size of job updated: 1907
	1907  -  MemoryUsage of job (MB)
	1952860  -  ResidentSetSize of job (KB)
...
006 (15165482.009.000) 2022-02-28 02:29:44 Image size of job updated: 1992
	1992  -  MemoryUsage of job (MB)
	2039920  -  ResidentSetSize of job (KB)
...
006 (15165482.009.000) 2022-02-28 02:34:45 Image size of job updated: 2031
	2031  -  MemoryUsage of job (MB)
	2080236  -  ResidentSetSize of job (KB)
...
006 (15165482.009.000) 2022-02-28 02:39:46 Image size of job updated: 2170
	2170  -  MemoryUsage of job (MB)
	2222584  -  ResidentSetSize of job (KB)
...
006 (15165482.009.000) 2022-02-28 02:44:47 Image size of job updated: 2362
	2362  -  MemoryUsage of job (MB)
	2419436  -  ResidentSetSize of job (KB)
...
006 (15165482.009.000) 2022-02-28 02:49:48 Image size of job updated: 2584
	2584  -  MemoryUsage of job (MB)
	2646940  -  ResidentSetSize of job (KB)
...
006 (15165482.009.000) 2022-02-28 02:54:50 Image size of job updated: 2803
	2803  -  MemoryUsage of job (MB)
	2870996  -  ResidentSetSize of job (KB)
...
006 (15165482.009.000) 2022-02-28 02:59:50 Image size of job updated: 3047
	3047  -  MemoryUsage of job (MB)
	3120516  -  ResidentSetSize of job (KB)
...
006 (15165482.009.000) 2022-02-28 03:04:51 Image size of job updated: 3258
	3258  -  MemoryUsage of job (MB)
	3336524  -  ResidentSetSize of job (KB)
...
006 (15165482.009.000) 2022-02-28 03:09:52 Image size of job updated: 3474
	3474  -  MemoryUsage of job (MB)
	3558212  -  ResidentSetSize of job (KB)
...
006 (15165482.009.000) 2022-02-28 03:14:52 Image size of job updated: 3583
	3583  -  MemoryUsage of job (MB)
	3669216  -  ResidentSetSize of job (KB)
...
007 (15165482.009.000) 2022-03-03 01:52:38 Shadow exception!
	Error from slot1_26@e1052.chtc.wisc.edu: Job failed to complete in 72 hrs
	0  -  Run Bytes Sent By Job
	131040256  -  Run Bytes Received By Job
...
012 (15165482.009.000) 2022-03-03 01:52:41 Job was held.
	Error from slot1_26@e1052.chtc.wisc.edu: Job failed to complete in 72 hrs
	Code 21 Subcode 0
...
