000 (15165477.014.000) 2022-02-28 00:26:05 Job submitted from host: <128.105.244.191:9618?addrs=128.105.244.191-9618&alias=submit-1.chtc.wisc.edu&noUDP&sock=schedd_3562897_9248>
...
040 (15165477.014.000) 2022-02-28 00:44:51 Entered queue to transfer input files
	Transferring to host: <128.104.58.168:9618?addrs=128.104.58.168-9618+[2607-f388-1086-0-16fe-b5ff-fec6-789a]-9618&alias=e1021.chtc.wisc.edu&noUDP&sock=slot1_14_18521_784a_27253>
...
040 (15165477.014.000) 2022-02-28 00:44:54 Started transferring input files
	Seconds spent in queue: 3
...
040 (15165477.014.000) 2022-02-28 00:44:58 Finished transferring input files
...
001 (15165477.014.000) 2022-02-28 00:45:07 Job executing on host: <128.104.58.168:9618?addrs=128.104.58.168-9618+[2607-f388-1086-0-16fe-b5ff-fec6-789a]-9618&alias=e1021.chtc.wisc.edu&noUDP&sock=startd_2886_2269>
...
006 (15165477.014.000) 2022-02-28 00:45:19 Image size of job updated: 2
	2  -  MemoryUsage of job (MB)
	2944  -  ResidentSetSize of job (KB)
...
006 (15165477.014.000) 2022-02-28 00:50:19 Image size of job updated: 332
	332  -  MemoryUsage of job (MB)
	340552  -  ResidentSetSize of job (KB)
...
006 (15165477.014.000) 2022-02-28 00:55:19 Image size of job updated: 1170
	1170  -  MemoryUsage of job (MB)
	1198260  -  ResidentSetSize of job (KB)
...
006 (15165477.014.000) 2022-02-28 01:00:19 Image size of job updated: 1170
	1170  -  MemoryUsage of job (MB)
	1198680  -  ResidentSetSize of job (KB)
...
006 (15165477.014.000) 2022-02-28 01:05:20 Image size of job updated: 1418
	1418  -  MemoryUsage of job (MB)
	1452792  -  ResidentSetSize of job (KB)
...
006 (15165477.014.000) 2022-02-28 01:10:21 Image size of job updated: 1634
	1634  -  MemoryUsage of job (MB)
	1674020  -  ResidentSetSize of job (KB)
...
006 (15165477.014.000) 2022-02-28 01:15:24 Image size of job updated: 1914
	1914  -  MemoryUsage of job (MB)
	1960812  -  ResidentSetSize of job (KB)
...
006 (15165477.014.000) 2022-02-28 01:20:23 Image size of job updated: 1929
	1929  -  MemoryUsage of job (MB)
	1975308  -  ResidentSetSize of job (KB)
...
006 (15165477.014.000) 2022-02-28 01:25:24 Image size of job updated: 2014
	2014  -  MemoryUsage of job (MB)
	2063316  -  ResidentSetSize of job (KB)
...
006 (15165477.014.000) 2022-02-28 01:31:20 Image size of job updated: 2045
	2045  -  MemoryUsage of job (MB)
	2094632  -  ResidentSetSize of job (KB)
...
006 (15165477.014.000) 2022-02-28 01:35:26 Image size of job updated: 2111
	2111  -  MemoryUsage of job (MB)
	2161668  -  ResidentSetSize of job (KB)
...
006 (15165477.014.000) 2022-02-28 01:40:27 Image size of job updated: 2249
	2249  -  MemoryUsage of job (MB)
	2303108  -  ResidentSetSize of job (KB)
...
006 (15165477.014.000) 2022-02-28 01:45:28 Image size of job updated: 2419
	2419  -  MemoryUsage of job (MB)
	2477488  -  ResidentSetSize of job (KB)
...
006 (15165477.014.000) 2022-02-28 01:50:30 Image size of job updated: 2599
	2599  -  MemoryUsage of job (MB)
	2661624  -  ResidentSetSize of job (KB)
...
006 (15165477.014.000) 2022-02-28 01:55:31 Image size of job updated: 2779
	2779  -  MemoryUsage of job (MB)
	2846224  -  ResidentSetSize of job (KB)
...
006 (15165477.014.000) 2022-02-28 02:00:31 Image size of job updated: 3024
	3024  -  MemoryUsage of job (MB)
	3096944  -  ResidentSetSize of job (KB)
...
006 (15165477.014.000) 2022-02-28 02:05:31 Image size of job updated: 3273
	3273  -  MemoryUsage of job (MB)
	3351944  -  ResidentSetSize of job (KB)
...
006 (15165477.014.000) 2022-02-28 02:10:32 Image size of job updated: 3517
	3517  -  MemoryUsage of job (MB)
	3601500  -  ResidentSetSize of job (KB)
...
006 (15165477.014.000) 2022-02-28 02:15:33 Image size of job updated: 3581
	3581  -  MemoryUsage of job (MB)
	3667520  -  ResidentSetSize of job (KB)
...
006 (15165477.014.000) 2022-02-28 02:20:34 Image size of job updated: 3582
	3582  -  MemoryUsage of job (MB)
	3668404  -  ResidentSetSize of job (KB)
...
006 (15165477.014.000) 2022-02-28 02:25:35 Image size of job updated: 3582
	3582  -  MemoryUsage of job (MB)
	3668844  -  ResidentSetSize of job (KB)
...
006 (15165477.014.000) 2022-02-28 02:45:37 Image size of job updated: 3583
	3583  -  MemoryUsage of job (MB)
	3669160  -  ResidentSetSize of job (KB)
...
007 (15165477.014.000) 2022-03-03 00:44:49 Shadow exception!
	Error from slot1_14@e1021.chtc.wisc.edu: Job failed to complete in 72 hrs
	0  -  Run Bytes Sent By Job
	131040264  -  Run Bytes Received By Job
...
012 (15165477.014.000) 2022-03-03 00:44:49 Job was held.
	Error from slot1_14@e1021.chtc.wisc.edu: Job failed to complete in 72 hrs
	Code 21 Subcode 0
...
