000 (15165477.017.000) 2022-02-28 00:26:05 Job submitted from host: <128.105.244.191:9618?addrs=128.105.244.191-9618&alias=submit-1.chtc.wisc.edu&noUDP&sock=schedd_3562897_9248>
...
040 (15165477.017.000) 2022-02-28 00:44:56 Started transferring input files
	Transferring to host: <128.104.58.173:9618?addrs=128.104.58.173-9618+[2607-f388-1086-0-16fe-b5ff-fec6-7f99]-9618&alias=e1027.chtc.wisc.edu&noUDP&sock=slot1_3_40268_32df_29431>
...
040 (15165477.017.000) 2022-02-28 00:45:12 Finished transferring input files
...
001 (15165477.017.000) 2022-02-28 00:45:30 Job executing on host: <128.104.58.173:9618?addrs=128.104.58.173-9618+[2607-f388-1086-0-16fe-b5ff-fec6-7f99]-9618&alias=e1027.chtc.wisc.edu&noUDP&sock=startd_4905_0020>
...
006 (15165477.017.000) 2022-02-28 00:56:22 Image size of job updated: 786
	786  -  MemoryUsage of job (MB)
	805860  -  ResidentSetSize of job (KB)
...
006 (15165477.017.000) 2022-02-28 01:01:22 Image size of job updated: 1193
	1193  -  MemoryUsage of job (MB)
	1221976  -  ResidentSetSize of job (KB)
...
006 (15165477.017.000) 2022-02-28 01:06:23 Image size of job updated: 1261
	1261  -  MemoryUsage of job (MB)
	1292228  -  ResidentSetSize of job (KB)
...
006 (15165477.017.000) 2022-02-28 01:11:24 Image size of job updated: 1467
	1467  -  MemoryUsage of job (MB)
	1502444  -  ResidentSetSize of job (KB)
...
006 (15165477.017.000) 2022-02-28 01:16:24 Image size of job updated: 1833
	1833  -  MemoryUsage of job (MB)
	1877252  -  ResidentSetSize of job (KB)
...
006 (15165477.017.000) 2022-02-28 01:21:25 Image size of job updated: 1905
	1905  -  MemoryUsage of job (MB)
	1950868  -  ResidentSetSize of job (KB)
...
006 (15165477.017.000) 2022-02-28 01:26:26 Image size of job updated: 1997
	1997  -  MemoryUsage of job (MB)
	2045300  -  ResidentSetSize of job (KB)
...
006 (15165477.017.000) 2022-02-28 01:35:13 Image size of job updated: 2021
	2021  -  MemoryUsage of job (MB)
	2069804  -  ResidentSetSize of job (KB)
...
006 (15165477.017.000) 2022-02-28 01:46:32 Image size of job updated: 2295
	2295  -  MemoryUsage of job (MB)
	2351012  -  ResidentSetSize of job (KB)
...
006 (15165477.017.000) 2022-02-28 01:55:35 Image size of job updated: 2606
	2606  -  MemoryUsage of job (MB)
	2668792  -  ResidentSetSize of job (KB)
...
006 (15165477.017.000) 2022-02-28 02:01:01 Image size of job updated: 2811
	2811  -  MemoryUsage of job (MB)
	2879276  -  ResidentSetSize of job (KB)
...
006 (15165477.017.000) 2022-02-28 02:06:02 Image size of job updated: 3032
	3032  -  MemoryUsage of job (MB)
	3105772  -  ResidentSetSize of job (KB)
...
006 (15165477.017.000) 2022-02-28 02:11:02 Image size of job updated: 3279
	3279  -  MemoryUsage of job (MB)
	3358172  -  ResidentSetSize of job (KB)
...
006 (15165477.017.000) 2022-02-28 02:16:02 Image size of job updated: 3539
	3539  -  MemoryUsage of job (MB)
	3624612  -  ResidentSetSize of job (KB)
...
006 (15165477.017.000) 2022-02-28 02:21:02 Image size of job updated: 3583
	3583  -  MemoryUsage of job (MB)
	3669448  -  ResidentSetSize of job (KB)
...
007 (15165477.017.000) 2022-03-03 00:44:56 Shadow exception!
	Error from slot1_3@e1027.chtc.wisc.edu: Job failed to complete in 72 hrs
	0  -  Run Bytes Sent By Job
	131040264  -  Run Bytes Received By Job
...
012 (15165477.017.000) 2022-03-03 00:44:56 Job was held.
	Error from slot1_3@e1027.chtc.wisc.edu: Job failed to complete in 72 hrs
	Code 21 Subcode 0
...
