000 (15165477.012.000) 2022-02-28 00:26:05 Job submitted from host: <128.105.244.191:9618?addrs=128.105.244.191-9618&alias=submit-1.chtc.wisc.edu&noUDP&sock=schedd_3562897_9248>
...
040 (15165477.012.000) 2022-02-28 00:43:51 Started transferring input files
	Transferring to host: <128.105.245.195:9618?addrs=128.105.245.195-9618&alias=e2395.chtc.wisc.edu&noUDP&sock=slot1_22_36906_5d96_29920>
...
040 (15165477.012.000) 2022-02-28 00:43:57 Finished transferring input files
...
001 (15165477.012.000) 2022-02-28 00:44:01 Job executing on host: <128.105.245.195:9618?addrs=128.105.245.195-9618&alias=e2395.chtc.wisc.edu&noUDP&sock=startd_2374_f1ec>
...
006 (15165477.012.000) 2022-02-28 01:04:15 Image size of job updated: 142
	142  -  MemoryUsage of job (MB)
	146004  -  ResidentSetSize of job (KB)
...
006 (15165477.012.000) 2022-02-28 01:09:16 Image size of job updated: 1169
	1169  -  MemoryUsage of job (MB)
	1197576  -  ResidentSetSize of job (KB)
...
006 (15165477.012.000) 2022-02-28 01:14:37 Image size of job updated: 1192
	1192  -  MemoryUsage of job (MB)
	1220852  -  ResidentSetSize of job (KB)
...
006 (15165477.012.000) 2022-02-28 01:19:17 Image size of job updated: 1481
	1481  -  MemoryUsage of job (MB)
	1516860  -  ResidentSetSize of job (KB)
...
006 (15165477.012.000) 2022-02-28 01:24:18 Image size of job updated: 1877
	1877  -  MemoryUsage of job (MB)
	1922416  -  ResidentSetSize of job (KB)
...
006 (15165477.012.000) 2022-02-28 01:29:19 Image size of job updated: 1918
	1918  -  MemoryUsage of job (MB)
	1964544  -  ResidentSetSize of job (KB)
...
006 (15165477.012.000) 2022-02-28 01:34:20 Image size of job updated: 2012
	2012  -  MemoryUsage of job (MB)
	2060668  -  ResidentSetSize of job (KB)
...
006 (15165477.012.000) 2022-02-28 01:39:20 Image size of job updated: 2047
	2047  -  MemoryUsage of job (MB)
	2096768  -  ResidentSetSize of job (KB)
...
006 (15165477.012.000) 2022-02-28 01:44:20 Image size of job updated: 2156
	2156  -  MemoryUsage of job (MB)
	2208148  -  ResidentSetSize of job (KB)
...
006 (15165477.012.000) 2022-02-28 01:49:20 Image size of job updated: 2334
	2334  -  MemoryUsage of job (MB)
	2390180  -  ResidentSetSize of job (KB)
...
006 (15165477.012.000) 2022-02-28 01:54:20 Image size of job updated: 2523
	2523  -  MemoryUsage of job (MB)
	2584468  -  ResidentSetSize of job (KB)
...
006 (15165477.012.000) 2022-02-28 01:59:20 Image size of job updated: 2720
	2720  -  MemoryUsage of job (MB)
	2785872  -  ResidentSetSize of job (KB)
...
006 (15165477.012.000) 2022-02-28 02:04:20 Image size of job updated: 2969
	2969  -  MemoryUsage of job (MB)
	3041108  -  ResidentSetSize of job (KB)
...
006 (15165477.012.000) 2022-02-28 02:09:21 Image size of job updated: 3246
	3246  -  MemoryUsage of job (MB)
	3324516  -  ResidentSetSize of job (KB)
...
006 (15165477.012.000) 2022-02-28 02:14:21 Image size of job updated: 3515
	3515  -  MemoryUsage of job (MB)
	3599580  -  ResidentSetSize of job (KB)
...
006 (15165477.012.000) 2022-02-28 02:19:21 Image size of job updated: 3533
	3533  -  MemoryUsage of job (MB)
	3618620  -  ResidentSetSize of job (KB)
...
007 (15165477.012.000) 2022-03-03 00:43:52 Shadow exception!
	Error from slot1_22@e2395.chtc.wisc.edu: Job failed to complete in 72 hrs
	0  -  Run Bytes Sent By Job
	131040264  -  Run Bytes Received By Job
...
012 (15165477.012.000) 2022-03-03 00:44:00 Job was held.
	Error from slot1_22@e2395.chtc.wisc.edu: Job failed to complete in 72 hrs
	Code 21 Subcode 0
...
