000 (15165477.016.000) 2022-02-28 00:26:05 Job submitted from host: <128.105.244.191:9618?addrs=128.105.244.191-9618&alias=submit-1.chtc.wisc.edu&noUDP&sock=schedd_3562897_9248>
...
040 (15165477.016.000) 2022-02-28 00:44:55 Started transferring input files
	Transferring to host: <128.105.68.126:9618?addrs=128.105.68.126-9618&alias=e2442.chtc.wisc.edu&noUDP&sock=slot1_3_23486_c2f4_27786>
...
040 (15165477.016.000) 2022-02-28 00:45:00 Finished transferring input files
...
001 (15165477.016.000) 2022-02-28 00:45:16 Job executing on host: <128.105.68.126:9618?addrs=128.105.68.126-9618&alias=e2442.chtc.wisc.edu&noUDP&sock=startd_2378_b04d>
...
006 (15165477.016.000) 2022-02-28 01:05:31 Image size of job updated: 194
	194  -  MemoryUsage of job (MB)
	198784  -  ResidentSetSize of job (KB)
...
006 (15165477.016.000) 2022-02-28 01:10:32 Image size of job updated: 1195
	1195  -  MemoryUsage of job (MB)
	1224172  -  ResidentSetSize of job (KB)
...
006 (15165477.016.000) 2022-02-28 01:20:33 Image size of job updated: 1447
	1447  -  MemoryUsage of job (MB)
	1482380  -  ResidentSetSize of job (KB)
...
006 (15165477.016.000) 2022-02-28 01:25:33 Image size of job updated: 1900
	1900  -  MemoryUsage of job (MB)
	1945900  -  ResidentSetSize of job (KB)
...
006 (15165477.016.000) 2022-02-28 01:33:09 Image size of job updated: 1922
	1922  -  MemoryUsage of job (MB)
	1969092  -  ResidentSetSize of job (KB)
...
006 (15165477.016.000) 2022-02-28 01:40:56 Image size of job updated: 2056
	2056  -  MemoryUsage of job (MB)
	2105964  -  ResidentSetSize of job (KB)
...
006 (15165477.016.000) 2022-02-28 01:47:10 Image size of job updated: 2194
	2194  -  MemoryUsage of job (MB)
	2247112  -  ResidentSetSize of job (KB)
...
006 (15165477.016.000) 2022-02-28 01:52:11 Image size of job updated: 2376
	2376  -  MemoryUsage of job (MB)
	2433880  -  ResidentSetSize of job (KB)
...
006 (15165477.016.000) 2022-02-28 01:57:12 Image size of job updated: 2600
	2600  -  MemoryUsage of job (MB)
	2662700  -  ResidentSetSize of job (KB)
...
006 (15165477.016.000) 2022-02-28 02:02:13 Image size of job updated: 2798
	2798  -  MemoryUsage of job (MB)
	2865972  -  ResidentSetSize of job (KB)
...
006 (15165477.016.000) 2022-02-28 02:07:14 Image size of job updated: 3065
	3065  -  MemoryUsage of job (MB)
	3139536  -  ResidentSetSize of job (KB)
...
006 (15165477.016.000) 2022-02-28 02:12:14 Image size of job updated: 3352
	3352  -  MemoryUsage of job (MB)
	3432724  -  ResidentSetSize of job (KB)
...
006 (15165477.016.000) 2022-02-28 02:17:15 Image size of job updated: 3534
	3534  -  MemoryUsage of job (MB)
	3619240  -  ResidentSetSize of job (KB)
...
007 (15165477.016.000) 2022-03-03 00:44:56 Shadow exception!
	Error from slot1_3@e2442.chtc.wisc.edu: Job failed to complete in 72 hrs
	0  -  Run Bytes Sent By Job
	131040264  -  Run Bytes Received By Job
...
012 (15165477.016.000) 2022-03-03 00:44:56 Job was held.
	Error from slot1_3@e2442.chtc.wisc.edu: Job failed to complete in 72 hrs
	Code 21 Subcode 0
...
