000 (15165477.001.000) 2022-02-28 00:26:05 Job submitted from host: <128.105.244.191:9618?addrs=128.105.244.191-9618&alias=submit-1.chtc.wisc.edu&noUDP&sock=schedd_3562897_9248>
...
040 (15165477.001.000) 2022-02-28 00:40:35 Started transferring input files
	Transferring to host: <128.105.245.198:9618?addrs=128.105.245.198-9618&alias=e2398.chtc.wisc.edu&noUDP&sock=slot1_27_19764_469d_29235>
...
001 (15165477.001.000) 2022-02-28 00:40:46 Job executing on host: <128.105.245.198:9618?addrs=128.105.245.198-9618&alias=e2398.chtc.wisc.edu&noUDP&sock=startd_2358_f868>
...
040 (15165477.001.000) 2022-02-28 00:40:46 Finished transferring input files
...
006 (15165477.001.000) 2022-02-28 01:05:55 Image size of job updated: 1169
	1169  -  MemoryUsage of job (MB)
	1197900  -  ResidentSetSize of job (KB)
...
006 (15165477.001.000) 2022-02-28 01:15:55 Image size of job updated: 1408
	1408  -  MemoryUsage of job (MB)
	1442036  -  ResidentSetSize of job (KB)
...
006 (15165477.001.000) 2022-02-28 01:20:55 Image size of job updated: 1665
	1665  -  MemoryUsage of job (MB)
	1705868  -  ResidentSetSize of job (KB)
...
006 (15165477.001.000) 2022-02-28 01:25:55 Image size of job updated: 1902
	1902  -  MemoryUsage of job (MB)
	1947816  -  ResidentSetSize of job (KB)
...
006 (15165477.001.000) 2022-02-28 01:30:55 Image size of job updated: 1994
	1994  -  MemoryUsage of job (MB)
	2042564  -  ResidentSetSize of job (KB)
...
006 (15165477.001.000) 2022-02-28 01:35:56 Image size of job updated: 2033
	2033  -  MemoryUsage of job (MB)
	2082240  -  ResidentSetSize of job (KB)
...
006 (15165477.001.000) 2022-02-28 01:40:57 Image size of job updated: 2078
	2078  -  MemoryUsage of job (MB)
	2128420  -  ResidentSetSize of job (KB)
...
006 (15165477.001.000) 2022-02-28 01:45:58 Image size of job updated: 2216
	2216  -  MemoryUsage of job (MB)
	2269900  -  ResidentSetSize of job (KB)
...
006 (15165477.001.000) 2022-02-28 01:50:59 Image size of job updated: 2407
	2407  -  MemoryUsage of job (MB)
	2465736  -  ResidentSetSize of job (KB)
...
006 (15165477.001.000) 2022-02-28 01:56:00 Image size of job updated: 2616
	2616  -  MemoryUsage of job (MB)
	2679488  -  ResidentSetSize of job (KB)
...
006 (15165477.001.000) 2022-02-28 02:01:01 Image size of job updated: 2844
	2844  -  MemoryUsage of job (MB)
	2912876  -  ResidentSetSize of job (KB)
...
006 (15165477.001.000) 2022-02-28 02:06:01 Image size of job updated: 3123
	3123  -  MemoryUsage of job (MB)
	3198344  -  ResidentSetSize of job (KB)
...
006 (15165477.001.000) 2022-02-28 02:11:02 Image size of job updated: 3414
	3414  -  MemoryUsage of job (MB)
	3496920  -  ResidentSetSize of job (KB)
...
006 (15165477.001.000) 2022-02-28 02:16:03 Image size of job updated: 3538
	3538  -  MemoryUsage of job (MB)
	3623204  -  ResidentSetSize of job (KB)
...
007 (15165477.001.000) 2022-03-03 00:40:38 Shadow exception!
	Error from slot1_27@e2398.chtc.wisc.edu: Job failed to complete in 72 hrs
	0  -  Run Bytes Sent By Job
	131040264  -  Run Bytes Received By Job
...
012 (15165477.001.000) 2022-03-03 00:40:38 Job was held.
	Error from slot1_27@e2398.chtc.wisc.edu: Job failed to complete in 72 hrs
	Code 21 Subcode 0
...
