000 (15165477.010.000) 2022-02-28 00:26:05 Job submitted from host: <128.105.244.191:9618?addrs=128.105.244.191-9618&alias=submit-1.chtc.wisc.edu&noUDP&sock=schedd_3562897_9248>
...
040 (15165477.010.000) 2022-02-28 00:43:49 Started transferring input files
	Transferring to host: <128.105.245.195:9618?addrs=128.105.245.195-9618&alias=e2395.chtc.wisc.edu&noUDP&sock=slot1_1_36906_5d96_29918>
...
040 (15165477.010.000) 2022-02-28 00:43:52 Finished transferring input files
...
001 (15165477.010.000) 2022-02-28 00:44:00 Job executing on host: <128.105.245.195:9618?addrs=128.105.245.195-9618&alias=e2395.chtc.wisc.edu&noUDP&sock=startd_2374_f1ec>
...
006 (15165477.010.000) 2022-02-28 01:04:14 Image size of job updated: 137
	137  -  MemoryUsage of job (MB)
	140696  -  ResidentSetSize of job (KB)
...
006 (15165477.010.000) 2022-02-28 01:09:15 Image size of job updated: 1169
	1169  -  MemoryUsage of job (MB)
	1197160  -  ResidentSetSize of job (KB)
...
006 (15165477.010.000) 2022-02-28 01:27:16 Image size of job updated: 1910
	1910  -  MemoryUsage of job (MB)
	1956180  -  ResidentSetSize of job (KB)
...
006 (15165477.010.000) 2022-02-28 01:35:05 Image size of job updated: 2017
	2017  -  MemoryUsage of job (MB)
	2065784  -  ResidentSetSize of job (KB)
...
006 (15165477.010.000) 2022-02-28 01:40:06 Image size of job updated: 2072
	2072  -  MemoryUsage of job (MB)
	2122356  -  ResidentSetSize of job (KB)
...
006 (15165477.010.000) 2022-02-28 01:45:06 Image size of job updated: 2217
	2217  -  MemoryUsage of job (MB)
	2270824  -  ResidentSetSize of job (KB)
...
006 (15165477.010.000) 2022-02-28 01:50:07 Image size of job updated: 2406
	2406  -  MemoryUsage of job (MB)
	2464012  -  ResidentSetSize of job (KB)
...
006 (15165477.010.000) 2022-02-28 01:55:07 Image size of job updated: 2610
	2610  -  MemoryUsage of job (MB)
	2673596  -  ResidentSetSize of job (KB)
...
006 (15165477.010.000) 2022-02-28 02:00:07 Image size of job updated: 2833
	2833  -  MemoryUsage of job (MB)
	2901172  -  ResidentSetSize of job (KB)
...
006 (15165477.010.000) 2022-02-28 02:05:07 Image size of job updated: 3107
	3107  -  MemoryUsage of job (MB)
	3182464  -  ResidentSetSize of job (KB)
...
006 (15165477.010.000) 2022-02-28 02:10:07 Image size of job updated: 3383
	3383  -  MemoryUsage of job (MB)
	3464548  -  ResidentSetSize of job (KB)
...
006 (15165477.010.000) 2022-02-28 02:15:07 Image size of job updated: 3536
	3536  -  MemoryUsage of job (MB)
	3621872  -  ResidentSetSize of job (KB)
...
007 (15165477.010.000) 2022-03-03 00:43:46 Shadow exception!
	Error from slot1_1@e2395.chtc.wisc.edu: Job failed to complete in 72 hrs
	0  -  Run Bytes Sent By Job
	131040264  -  Run Bytes Received By Job
...
012 (15165477.010.000) 2022-03-03 00:43:50 Job was held.
	Error from slot1_1@e2395.chtc.wisc.edu: Job failed to complete in 72 hrs
	Code 21 Subcode 0
...
