000 (15165477.018.000) 2022-02-28 00:26:05 Job submitted from host: <128.105.244.191:9618?addrs=128.105.244.191-9618&alias=submit-1.chtc.wisc.edu&noUDP&sock=schedd_3562897_9248>
...
040 (15165477.018.000) 2022-02-28 00:44:56 Started transferring input files
	Transferring to host: <128.105.244.25:9618?addrs=128.105.244.25-9618&alias=e3156.chtc.wisc.edu&noUDP&sock=slot1_2_23607_0459_23153>
...
040 (15165477.018.000) 2022-02-28 00:45:00 Finished transferring input files
...
001 (15165477.018.000) 2022-02-28 00:45:16 Job executing on host: <128.105.244.25:9618?addrs=128.105.244.25-9618&alias=e3156.chtc.wisc.edu&noUDP&sock=startd_2601_a5ec>
...
006 (15165477.018.000) 2022-02-28 00:46:24 Image size of job updated: 51
	51  -  MemoryUsage of job (MB)
	52336  -  ResidentSetSize of job (KB)
...
006 (15165477.018.000) 2022-02-28 00:51:25 Image size of job updated: 1169
	1169  -  MemoryUsage of job (MB)
	1197612  -  ResidentSetSize of job (KB)
...
006 (15165477.018.000) 2022-02-28 01:01:27 Image size of job updated: 1383
	1383  -  MemoryUsage of job (MB)
	1416392  -  ResidentSetSize of job (KB)
...
006 (15165477.018.000) 2022-02-28 01:06:28 Image size of job updated: 1618
	1618  -  MemoryUsage of job (MB)
	1657408  -  ResidentSetSize of job (KB)
...
006 (15165477.018.000) 2022-02-28 01:11:29 Image size of job updated: 1889
	1889  -  MemoryUsage of job (MB)
	1934960  -  ResidentSetSize of job (KB)
...
006 (15165477.018.000) 2022-02-28 01:16:30 Image size of job updated: 1970
	1970  -  MemoryUsage of job (MB)
	2017468  -  ResidentSetSize of job (KB)
...
006 (15165477.018.000) 2022-02-28 01:21:30 Image size of job updated: 2122
	2122  -  MemoryUsage of job (MB)
	2173224  -  ResidentSetSize of job (KB)
...
006 (15165477.018.000) 2022-02-28 01:26:30 Image size of job updated: 2154
	2154  -  MemoryUsage of job (MB)
	2206588  -  ResidentSetSize of job (KB)
...
006 (15165477.018.000) 2022-02-28 01:32:58 Image size of job updated: 2211
	2211  -  MemoryUsage of job (MB)
	2264684  -  ResidentSetSize of job (KB)
...
006 (15165477.018.000) 2022-02-28 01:37:23 Image size of job updated: 2362
	2362  -  MemoryUsage of job (MB)
	2419304  -  ResidentSetSize of job (KB)
...
006 (15165477.018.000) 2022-02-28 01:42:23 Image size of job updated: 2568
	2568  -  MemoryUsage of job (MB)
	2630292  -  ResidentSetSize of job (KB)
...
006 (15165477.018.000) 2022-02-28 01:47:23 Image size of job updated: 2799
	2799  -  MemoryUsage of job (MB)
	2867032  -  ResidentSetSize of job (KB)
...
006 (15165477.018.000) 2022-02-28 01:52:24 Image size of job updated: 3053
	3053  -  MemoryUsage of job (MB)
	3126288  -  ResidentSetSize of job (KB)
...
006 (15165477.018.000) 2022-02-28 01:57:24 Image size of job updated: 3358
	3358  -  MemoryUsage of job (MB)
	3439124  -  ResidentSetSize of job (KB)
...
006 (15165477.018.000) 2022-02-28 02:02:24 Image size of job updated: 3549
	3549  -  MemoryUsage of job (MB)
	3634304  -  ResidentSetSize of job (KB)
...
006 (15165477.018.000) 2022-02-28 02:07:24 Image size of job updated: 3551
	3551  -  MemoryUsage of job (MB)
	3636952  -  ResidentSetSize of job (KB)
...
007 (15165477.018.000) 2022-03-03 00:44:56 Shadow exception!
	Error from slot1_2@e3156.chtc.wisc.edu: Job failed to complete in 72 hrs
	0  -  Run Bytes Sent By Job
	131040264  -  Run Bytes Received By Job
...
012 (15165477.018.000) 2022-03-03 00:44:57 Job was held.
	Error from slot1_2@e3156.chtc.wisc.edu: Job failed to complete in 72 hrs
	Code 21 Subcode 0
...
