000 (15165477.025.000) 2022-02-28 00:26:05 Job submitted from host: <128.105.244.191:9618?addrs=128.105.244.191-9618&alias=submit-1.chtc.wisc.edu&noUDP&sock=schedd_3562897_9248>
...
040 (15165477.025.000) 2022-02-28 00:46:11 Started transferring input files
	Transferring to host: <128.105.68.135:9618?addrs=128.105.68.135-9618&alias=e2433.chtc.wisc.edu&noUDP&sock=slot1_4_20797_1e27_27847>
...
040 (15165477.025.000) 2022-02-28 00:46:16 Finished transferring input files
...
001 (15165477.025.000) 2022-02-28 00:46:36 Job executing on host: <128.105.68.135:9618?addrs=128.105.68.135-9618&alias=e2433.chtc.wisc.edu&noUDP&sock=startd_2483_b5bf>
...
006 (15165477.025.000) 2022-02-28 00:51:55 Image size of job updated: 189
	189  -  MemoryUsage of job (MB)
	193824  -  ResidentSetSize of job (KB)
...
006 (15165477.025.000) 2022-02-28 00:56:56 Image size of job updated: 1170
	1170  -  MemoryUsage of job (MB)
	1198420  -  ResidentSetSize of job (KB)
...
006 (15165477.025.000) 2022-02-28 01:01:56 Image size of job updated: 1547
	1547  -  MemoryUsage of job (MB)
	1584356  -  ResidentSetSize of job (KB)
...
006 (15165477.025.000) 2022-02-28 01:06:56 Image size of job updated: 1909
	1909  -  MemoryUsage of job (MB)
	1955048  -  ResidentSetSize of job (KB)
...
006 (15165477.025.000) 2022-02-28 01:11:57 Image size of job updated: 2028
	2028  -  MemoryUsage of job (MB)
	2077628  -  ResidentSetSize of job (KB)
...
006 (15165477.025.000) 2022-02-28 01:16:57 Image size of job updated: 2122
	2122  -  MemoryUsage of job (MB)
	2173812  -  ResidentSetSize of job (KB)
...
006 (15165477.025.000) 2022-02-28 01:21:57 Image size of job updated: 2391
	2391  -  MemoryUsage of job (MB)
	2448556  -  ResidentSetSize of job (KB)
...
006 (15165477.025.000) 2022-02-28 01:26:58 Image size of job updated: 2698
	2698  -  MemoryUsage of job (MB)
	2763108  -  ResidentSetSize of job (KB)
...
006 (15165477.025.000) 2022-02-28 01:32:22 Image size of job updated: 3055
	3055  -  MemoryUsage of job (MB)
	3128996  -  ResidentSetSize of job (KB)
...
006 (15165477.025.000) 2022-02-28 01:36:59 Image size of job updated: 3489
	3489  -  MemoryUsage of job (MB)
	3573296  -  ResidentSetSize of job (KB)
...
006 (15165477.025.000) 2022-02-28 01:42:00 Image size of job updated: 3538
	3538  -  MemoryUsage of job (MB)
	3623060  -  ResidentSetSize of job (KB)
...
007 (15165477.025.000) 2022-03-03 00:46:13 Shadow exception!
	Error from slot1_4@e2433.chtc.wisc.edu: Job failed to complete in 72 hrs
	0  -  Run Bytes Sent By Job
	131040264  -  Run Bytes Received By Job
...
012 (15165477.025.000) 2022-03-03 00:46:13 Job was held.
	Error from slot1_4@e2433.chtc.wisc.edu: Job failed to complete in 72 hrs
	Code 21 Subcode 0
...
