000 (15165477.002.000) 2022-02-28 00:26:05 Job submitted from host: <128.105.244.191:9618?addrs=128.105.244.191-9618&alias=submit-1.chtc.wisc.edu&noUDP&sock=schedd_3562897_9248>
...
040 (15165477.002.000) 2022-02-28 00:40:36 Started transferring input files
	Transferring to host: <128.104.58.81:9618?addrs=128.104.58.81-9618+[2607-f388-1086-0-a6ba-dbff-fe38-fc5d]-9618&alias=e1071.chtc.wisc.edu&noUDP&sock=slot1_5_8262_1389_23445>
...
001 (15165477.002.000) 2022-02-28 00:40:49 Job executing on host: <128.104.58.81:9618?addrs=128.104.58.81-9618+[2607-f388-1086-0-a6ba-dbff-fe38-fc5d]-9618&alias=e1071.chtc.wisc.edu&noUDP&sock=startd_1821_a20d>
...
040 (15165477.002.000) 2022-02-28 00:40:49 Finished transferring input files
...
006 (15165477.002.000) 2022-02-28 00:50:58 Image size of job updated: 284
	284  -  MemoryUsage of job (MB)
	291180  -  ResidentSetSize of job (KB)
...
006 (15165477.002.000) 2022-02-28 00:55:58 Image size of job updated: 1169
	1169  -  MemoryUsage of job (MB)
	1197856  -  ResidentSetSize of job (KB)
...
006 (15165477.002.000) 2022-02-28 01:00:58 Image size of job updated: 1593
	1593  -  MemoryUsage of job (MB)
	1631232  -  ResidentSetSize of job (KB)
...
006 (15165477.002.000) 2022-02-28 01:05:58 Image size of job updated: 1901
	1901  -  MemoryUsage of job (MB)
	1947076  -  ResidentSetSize of job (KB)
...
006 (15165477.002.000) 2022-02-28 01:11:14 Image size of job updated: 2017
	2017  -  MemoryUsage of job (MB)
	2065880  -  ResidentSetSize of job (KB)
...
006 (15165477.002.000) 2022-02-28 01:15:58 Image size of job updated: 2069
	2069  -  MemoryUsage of job (MB)
	2119228  -  ResidentSetSize of job (KB)
...
006 (15165477.002.000) 2022-02-28 01:20:59 Image size of job updated: 2239
	2239  -  MemoryUsage of job (MB)
	2293584  -  ResidentSetSize of job (KB)
...
006 (15165477.002.000) 2022-02-28 01:26:00 Image size of job updated: 2495
	2495  -  MemoryUsage of job (MB)
	2555336  -  ResidentSetSize of job (KB)
...
006 (15165477.002.000) 2022-02-28 01:31:01 Image size of job updated: 2786
	2786  -  MemoryUsage of job (MB)
	2853012  -  ResidentSetSize of job (KB)
...
006 (15165477.002.000) 2022-02-28 01:36:01 Image size of job updated: 3123
	3123  -  MemoryUsage of job (MB)
	3198084  -  ResidentSetSize of job (KB)
...
006 (15165477.002.000) 2022-02-28 01:41:01 Image size of job updated: 3493
	3493  -  MemoryUsage of job (MB)
	3577432  -  ResidentSetSize of job (KB)
...
006 (15165477.002.000) 2022-02-28 01:46:02 Image size of job updated: 3543
	3543  -  MemoryUsage of job (MB)
	3628720  -  ResidentSetSize of job (KB)
...
007 (15165477.002.000) 2022-03-03 00:40:38 Shadow exception!
	Error from slot1_5@e1071.chtc.wisc.edu: Job failed to complete in 72 hrs
	0  -  Run Bytes Sent By Job
	131040264  -  Run Bytes Received By Job
...
012 (15165477.002.000) 2022-03-03 00:40:39 Job was held.
	Error from slot1_5@e1071.chtc.wisc.edu: Job failed to complete in 72 hrs
	Code 21 Subcode 0
...
