000 (15165477.029.000) 2022-02-28 00:26:05 Job submitted from host: <128.105.244.191:9618?addrs=128.105.244.191-9618&alias=submit-1.chtc.wisc.edu&noUDP&sock=schedd_3562897_9248>
...
040 (15165477.029.000) 2022-02-28 00:48:04 Started transferring input files
	Transferring to host: <128.105.245.90:9618?addrs=128.105.245.90-9618&alias=e290.chtc.wisc.edu&noUDP&sock=slot1_10_37152_b1e0_26736>
...
040 (15165477.029.000) 2022-02-28 00:48:05 Finished transferring input files
...
001 (15165477.029.000) 2022-02-28 00:48:07 Job executing on host: <128.105.245.90:9618?addrs=128.105.245.90-9618&alias=e290.chtc.wisc.edu&noUDP&sock=startd_2412_0285>
...
006 (15165477.029.000) 2022-02-28 01:03:38 Image size of job updated: 222
	222  -  MemoryUsage of job (MB)
	228208  -  ResidentSetSize of job (KB)
...
006 (15165477.029.000) 2022-02-28 01:08:39 Image size of job updated: 1169
	1169  -  MemoryUsage of job (MB)
	1197340  -  ResidentSetSize of job (KB)
...
006 (15165477.029.000) 2022-02-28 01:13:40 Image size of job updated: 1399
	1399  -  MemoryUsage of job (MB)
	1432616  -  ResidentSetSize of job (KB)
...
006 (15165477.029.000) 2022-02-28 01:19:06 Image size of job updated: 1619
	1619  -  MemoryUsage of job (MB)
	1658240  -  ResidentSetSize of job (KB)
...
006 (15165477.029.000) 2022-02-28 01:23:41 Image size of job updated: 1920
	1920  -  MemoryUsage of job (MB)
	1966652  -  ResidentSetSize of job (KB)
...
006 (15165477.029.000) 2022-02-28 01:28:41 Image size of job updated: 1987
	1987  -  MemoryUsage of job (MB)
	2035640  -  ResidentSetSize of job (KB)
...
006 (15165477.029.000) 2022-02-28 01:33:42 Image size of job updated: 2030
	2030  -  MemoryUsage of job (MB)
	2079716  -  ResidentSetSize of job (KB)
...
006 (15165477.029.000) 2022-02-28 01:38:43 Image size of job updated: 2086
	2086  -  MemoryUsage of job (MB)
	2136212  -  ResidentSetSize of job (KB)
...
006 (15165477.029.000) 2022-02-28 01:43:43 Image size of job updated: 2243
	2243  -  MemoryUsage of job (MB)
	2297592  -  ResidentSetSize of job (KB)
...
006 (15165477.029.000) 2022-02-28 01:48:43 Image size of job updated: 2460
	2460  -  MemoryUsage of job (MB)
	2519512  -  ResidentSetSize of job (KB)
...
006 (15165477.029.000) 2022-02-28 01:53:43 Image size of job updated: 2667
	2667  -  MemoryUsage of job (MB)
	2731812  -  ResidentSetSize of job (KB)
...
006 (15165477.029.000) 2022-02-28 01:58:44 Image size of job updated: 2888
	2888  -  MemoryUsage of job (MB)
	2958328  -  ResidentSetSize of job (KB)
...
006 (15165477.029.000) 2022-02-28 02:03:45 Image size of job updated: 3163
	3163  -  MemoryUsage of job (MB)
	3239420  -  ResidentSetSize of job (KB)
...
006 (15165477.029.000) 2022-02-28 02:08:46 Image size of job updated: 3454
	3454  -  MemoryUsage of job (MB)
	3537768  -  ResidentSetSize of job (KB)
...
006 (15165477.029.000) 2022-02-28 02:13:46 Image size of job updated: 3533
	3533  -  MemoryUsage of job (MB)
	3618724  -  ResidentSetSize of job (KB)
...
007 (15165477.029.000) 2022-03-03 00:48:06 Shadow exception!
	Error from slot1_10@e290.chtc.wisc.edu: Job failed to complete in 72 hrs
	0  -  Run Bytes Sent By Job
	131040264  -  Run Bytes Received By Job
...
012 (15165477.029.000) 2022-03-03 00:48:06 Job was held.
	Error from slot1_10@e290.chtc.wisc.edu: Job failed to complete in 72 hrs
	Code 21 Subcode 0
...
