000 (15165477.024.000) 2022-02-28 00:26:05 Job submitted from host: <128.105.244.191:9618?addrs=128.105.244.191-9618&alias=submit-1.chtc.wisc.edu&noUDP&sock=schedd_3562897_9248>
...
040 (15165477.024.000) 2022-02-28 00:46:11 Started transferring input files
	Transferring to host: <128.105.245.212:9618?addrs=128.105.245.212-9618&alias=e2412.chtc.wisc.edu&noUDP&sock=slot1_6_30427_52ee_23334>
...
040 (15165477.024.000) 2022-02-28 00:46:12 Finished transferring input files
...
001 (15165477.024.000) 2022-02-28 00:46:14 Job executing on host: <128.105.245.212:9618?addrs=128.105.245.212-9618&alias=e2412.chtc.wisc.edu&noUDP&sock=startd_2688_52a9>
...
006 (15165477.024.000) 2022-02-28 01:07:13 Image size of job updated: 230
	230  -  MemoryUsage of job (MB)
	235552  -  ResidentSetSize of job (KB)
...
006 (15165477.024.000) 2022-02-28 01:12:13 Image size of job updated: 1196
	1196  -  MemoryUsage of job (MB)
	1225348  -  ResidentSetSize of job (KB)
...
006 (15165477.024.000) 2022-02-28 01:17:13 Image size of job updated: 1298
	1298  -  MemoryUsage of job (MB)
	1329796  -  ResidentSetSize of job (KB)
...
006 (15165477.024.000) 2022-02-28 01:22:14 Image size of job updated: 1619
	1619  -  MemoryUsage of job (MB)
	1657912  -  ResidentSetSize of job (KB)
...
006 (15165477.024.000) 2022-02-28 01:27:15 Image size of job updated: 1905
	1905  -  MemoryUsage of job (MB)
	1951416  -  ResidentSetSize of job (KB)
...
006 (15165477.024.000) 2022-02-28 01:32:15 Image size of job updated: 1929
	1929  -  MemoryUsage of job (MB)
	1975980  -  ResidentSetSize of job (KB)
...
006 (15165477.024.000) 2022-02-28 01:37:16 Image size of job updated: 2028
	2028  -  MemoryUsage of job (MB)
	2077040  -  ResidentSetSize of job (KB)
...
006 (15165477.024.000) 2022-02-28 01:42:17 Image size of job updated: 2065
	2065  -  MemoryUsage of job (MB)
	2114600  -  ResidentSetSize of job (KB)
...
006 (15165477.024.000) 2022-02-28 01:49:25 Image size of job updated: 2183
	2183  -  MemoryUsage of job (MB)
	2236360  -  ResidentSetSize of job (KB)
...
006 (15165477.024.000) 2022-02-28 01:55:51 Image size of job updated: 2508
	2508  -  MemoryUsage of job (MB)
	2568436  -  ResidentSetSize of job (KB)
...
006 (15165477.024.000) 2022-02-28 02:01:00 Image size of job updated: 2731
	2731  -  MemoryUsage of job (MB)
	2796692  -  ResidentSetSize of job (KB)
...
006 (15165477.024.000) 2022-02-28 02:06:01 Image size of job updated: 2971
	2971  -  MemoryUsage of job (MB)
	3042392  -  ResidentSetSize of job (KB)
...
006 (15165477.024.000) 2022-02-28 02:11:01 Image size of job updated: 3250
	3250  -  MemoryUsage of job (MB)
	3328520  -  ResidentSetSize of job (KB)
...
006 (15165477.024.000) 2022-02-28 02:16:01 Image size of job updated: 3530
	3530  -  MemoryUsage of job (MB)
	3615380  -  ResidentSetSize of job (KB)
...
007 (15165477.024.000) 2022-03-03 00:46:08 Shadow exception!
	Error from slot1_6@e2412.chtc.wisc.edu: Job failed to complete in 72 hrs
	0  -  Run Bytes Sent By Job
	131040264  -  Run Bytes Received By Job
...
012 (15165477.024.000) 2022-03-03 00:46:08 Job was held.
	Error from slot1_6@e2412.chtc.wisc.edu: Job failed to complete in 72 hrs
	Code 21 Subcode 0
...
