000 (15165477.026.000) 2022-02-28 00:26:05 Job submitted from host: <128.105.244.191:9618?addrs=128.105.244.191-9618&alias=submit-1.chtc.wisc.edu&noUDP&sock=schedd_3562897_9248>
...
040 (15165477.026.000) 2022-02-28 00:47:10 Started transferring input files
	Transferring to host: <128.104.58.166:9618?addrs=128.104.58.166-9618+[2607-f388-1086-0-16fe-b5ff-fec6-6f2e]-9618&alias=e1018.chtc.wisc.edu&noUDP&sock=slot1_21_45541_8115_28848>
...
040 (15165477.026.000) 2022-02-28 00:47:14 Finished transferring input files
...
001 (15165477.026.000) 2022-02-28 00:47:15 Job executing on host: <128.104.58.166:9618?addrs=128.104.58.166-9618+[2607-f388-1086-0-16fe-b5ff-fec6-6f2e]-9618&alias=e1018.chtc.wisc.edu&noUDP&sock=startd_4951_8d7b>
...
006 (15165477.026.000) 2022-02-28 00:53:54 Image size of job updated: 183
	183  -  MemoryUsage of job (MB)
	188240  -  ResidentSetSize of job (KB)
...
006 (15165477.026.000) 2022-02-28 00:58:55 Image size of job updated: 1193
	1193  -  MemoryUsage of job (MB)
	1222468  -  ResidentSetSize of job (KB)
...
006 (15165477.026.000) 2022-02-28 01:08:57 Image size of job updated: 1400
	1400  -  MemoryUsage of job (MB)
	1433640  -  ResidentSetSize of job (KB)
...
006 (15165477.026.000) 2022-02-28 01:13:58 Image size of job updated: 1598
	1598  -  MemoryUsage of job (MB)
	1636492  -  ResidentSetSize of job (KB)
...
006 (15165477.026.000) 2022-02-28 01:18:58 Image size of job updated: 1893
	1893  -  MemoryUsage of job (MB)
	1939276  -  ResidentSetSize of job (KB)
...
006 (15165477.026.000) 2022-02-28 01:23:59 Image size of job updated: 1919
	1919  -  MemoryUsage of job (MB)
	1965732  -  ResidentSetSize of job (KB)
...
006 (15165477.026.000) 2022-02-28 01:28:59 Image size of job updated: 2005
	2005  -  MemoryUsage of job (MB)
	2053768  -  ResidentSetSize of job (KB)
...
006 (15165477.026.000) 2022-02-28 01:33:59 Image size of job updated: 2037
	2037  -  MemoryUsage of job (MB)
	2086360  -  ResidentSetSize of job (KB)
...
006 (15165477.026.000) 2022-02-28 01:38:59 Image size of job updated: 2079
	2079  -  MemoryUsage of job (MB)
	2129192  -  ResidentSetSize of job (KB)
...
006 (15165477.026.000) 2022-02-28 01:44:00 Image size of job updated: 2169
	2169  -  MemoryUsage of job (MB)
	2221676  -  ResidentSetSize of job (KB)
...
006 (15165477.026.000) 2022-02-28 01:49:01 Image size of job updated: 2329
	2329  -  MemoryUsage of job (MB)
	2385652  -  ResidentSetSize of job (KB)
...
006 (15165477.026.000) 2022-02-28 01:54:01 Image size of job updated: 2510
	2510  -  MemoryUsage of job (MB)
	2570276  -  ResidentSetSize of job (KB)
...
006 (15165477.026.000) 2022-02-28 01:59:01 Image size of job updated: 2691
	2691  -  MemoryUsage of job (MB)
	2756408  -  ResidentSetSize of job (KB)
...
006 (15165477.026.000) 2022-02-28 02:04:01 Image size of job updated: 2907
	2907  -  MemoryUsage of job (MB)
	2977652  -  ResidentSetSize of job (KB)
...
006 (15165477.026.000) 2022-02-28 02:09:01 Image size of job updated: 3169
	3169  -  MemoryUsage of job (MB)
	3245088  -  ResidentSetSize of job (KB)
...
006 (15165477.026.000) 2022-02-28 02:14:02 Image size of job updated: 3426
	3426  -  MemoryUsage of job (MB)
	3508916  -  ResidentSetSize of job (KB)
...
006 (15165477.026.000) 2022-02-28 02:21:30 Image size of job updated: 3583
	3583  -  MemoryUsage of job (MB)
	3669184  -  ResidentSetSize of job (KB)
...
007 (15165477.026.000) 2022-03-03 00:47:10 Shadow exception!
	Error from slot1_21@e1018.chtc.wisc.edu: Job failed to complete in 72 hrs
	0  -  Run Bytes Sent By Job
	131040264  -  Run Bytes Received By Job
...
012 (15165477.026.000) 2022-03-03 00:47:10 Job was held.
	Error from slot1_21@e1018.chtc.wisc.edu: Job failed to complete in 72 hrs
	Code 21 Subcode 0
...
