000 (15165477.027.000) 2022-02-28 00:26:05 Job submitted from host: <128.105.244.191:9618?addrs=128.105.244.191-9618&alias=submit-1.chtc.wisc.edu&noUDP&sock=schedd_3562897_9248>
...
040 (15165477.027.000) 2022-02-28 00:47:10 Started transferring input files
	Transferring to host: <128.105.245.66:9618?addrs=128.105.245.66-9618&alias=e2266.chtc.wisc.edu&noUDP&sock=slot1_11_5063_1767_31241>
...
040 (15165477.027.000) 2022-02-28 00:47:11 Finished transferring input files
...
001 (15165477.027.000) 2022-02-28 00:47:12 Job executing on host: <128.105.245.66:9618?addrs=128.105.245.66-9618&alias=e2266.chtc.wisc.edu&noUDP&sock=startd_2387_dca7>
...
006 (15165477.027.000) 2022-02-28 01:07:23 Image size of job updated: 228
	228  -  MemoryUsage of job (MB)
	234116  -  ResidentSetSize of job (KB)
...
006 (15165477.027.000) 2022-02-28 01:12:23 Image size of job updated: 1169
	1169  -  MemoryUsage of job (MB)
	1197876  -  ResidentSetSize of job (KB)
...
006 (15165477.027.000) 2022-02-28 01:17:56 Image size of job updated: 1390
	1390  -  MemoryUsage of job (MB)
	1424280  -  ResidentSetSize of job (KB)
...
006 (15165477.027.000) 2022-02-28 01:22:24 Image size of job updated: 1617
	1617  -  MemoryUsage of job (MB)
	1656508  -  ResidentSetSize of job (KB)
...
006 (15165477.027.000) 2022-02-28 01:27:25 Image size of job updated: 1888
	1888  -  MemoryUsage of job (MB)
	1933320  -  ResidentSetSize of job (KB)
...
006 (15165477.027.000) 2022-02-28 01:32:26 Image size of job updated: 1931
	1931  -  MemoryUsage of job (MB)
	1977628  -  ResidentSetSize of job (KB)
...
006 (15165477.027.000) 2022-02-28 01:37:26 Image size of job updated: 2839
	2839  -  MemoryUsage of job (MB)
	2907376  -  ResidentSetSize of job (KB)
...
006 (15165477.027.000) 2022-02-28 01:42:26 Image size of job updated: 2886
	2886  -  MemoryUsage of job (MB)
	2955648  -  ResidentSetSize of job (KB)
...
006 (15165477.027.000) 2022-02-28 01:47:26 Image size of job updated: 3003
	3003  -  MemoryUsage of job (MB)
	3075072  -  ResidentSetSize of job (KB)
...
006 (15165477.027.000) 2022-02-28 01:52:27 Image size of job updated: 3177
	3177  -  MemoryUsage of job (MB)
	3254224  -  ResidentSetSize of job (KB)
...
006 (15165477.027.000) 2022-02-28 01:57:27 Image size of job updated: 3390
	3390  -  MemoryUsage of job (MB)
	3471744  -  ResidentSetSize of job (KB)
...
006 (15165477.027.000) 2022-02-28 02:02:27 Image size of job updated: 3526
	3526  -  MemoryUsage of job (MB)
	3610804  -  ResidentSetSize of job (KB)
...
006 (15165477.027.000) 2022-02-28 02:17:28 Image size of job updated: 3536
	3536  -  MemoryUsage of job (MB)
	3621312  -  ResidentSetSize of job (KB)
...
007 (15165477.027.000) 2022-03-03 00:47:11 Shadow exception!
	Error from slot1_11@e2266.chtc.wisc.edu: Job failed to complete in 72 hrs
	0  -  Run Bytes Sent By Job
	131040264  -  Run Bytes Received By Job
...
012 (15165477.027.000) 2022-03-03 00:47:11 Job was held.
	Error from slot1_11@e2266.chtc.wisc.edu: Job failed to complete in 72 hrs
	Code 21 Subcode 0
...
