000 (15165477.028.000) 2022-02-28 00:26:05 Job submitted from host: <128.105.244.191:9618?addrs=128.105.244.191-9618&alias=submit-1.chtc.wisc.edu&noUDP&sock=schedd_3562897_9248>
...
040 (15165477.028.000) 2022-02-28 00:48:03 Started transferring input files
	Transferring to host: <128.105.245.83:9618?addrs=128.105.245.83-9618&alias=e283.chtc.wisc.edu&noUDP&sock=slot1_2_4174_b5e3_25705>
...
040 (15165477.028.000) 2022-02-28 00:48:04 Finished transferring input files
...
001 (15165477.028.000) 2022-02-28 00:48:06 Job executing on host: <128.105.245.83:9618?addrs=128.105.245.83-9618&alias=e283.chtc.wisc.edu&noUDP&sock=startd_1979_0203>
...
006 (15165477.028.000) 2022-02-28 01:00:58 Image size of job updated: 1169
	1169  -  MemoryUsage of job (MB)
	1197700  -  ResidentSetSize of job (KB)
...
006 (15165477.028.000) 2022-02-28 01:05:59 Image size of job updated: 1250
	1250  -  MemoryUsage of job (MB)
	1280160  -  ResidentSetSize of job (KB)
...
006 (15165477.028.000) 2022-02-28 01:11:00 Image size of job updated: 1603
	1603  -  MemoryUsage of job (MB)
	1641832  -  ResidentSetSize of job (KB)
...
006 (15165477.028.000) 2022-02-28 01:16:01 Image size of job updated: 1904
	1904  -  MemoryUsage of job (MB)
	1949796  -  ResidentSetSize of job (KB)
...
006 (15165477.028.000) 2022-02-28 01:21:02 Image size of job updated: 2003
	2003  -  MemoryUsage of job (MB)
	2051724  -  ResidentSetSize of job (KB)
...
006 (15165477.028.000) 2022-02-28 01:26:03 Image size of job updated: 2046
	2046  -  MemoryUsage of job (MB)
	2095756  -  ResidentSetSize of job (KB)
...
006 (15165477.028.000) 2022-02-28 01:31:04 Image size of job updated: 2115
	2115  -  MemoryUsage of job (MB)
	2166760  -  ResidentSetSize of job (KB)
...
006 (15165477.028.000) 2022-02-28 01:36:06 Image size of job updated: 2270
	2270  -  MemoryUsage of job (MB)
	2324848  -  ResidentSetSize of job (KB)
...
006 (15165477.028.000) 2022-02-28 01:41:07 Image size of job updated: 2468
	2468  -  MemoryUsage of job (MB)
	2527404  -  ResidentSetSize of job (KB)
...
006 (15165477.028.000) 2022-02-28 01:46:07 Image size of job updated: 2677
	2677  -  MemoryUsage of job (MB)
	2741496  -  ResidentSetSize of job (KB)
...
006 (15165477.028.000) 2022-02-28 01:51:07 Image size of job updated: 2909
	2909  -  MemoryUsage of job (MB)
	2979412  -  ResidentSetSize of job (KB)
...
006 (15165477.028.000) 2022-02-28 01:56:07 Image size of job updated: 3177
	3177  -  MemoryUsage of job (MB)
	3253332  -  ResidentSetSize of job (KB)
...
006 (15165477.028.000) 2022-02-28 02:01:07 Image size of job updated: 3465
	3465  -  MemoryUsage of job (MB)
	3548328  -  ResidentSetSize of job (KB)
...
006 (15165477.028.000) 2022-02-28 02:06:07 Image size of job updated: 3583
	3583  -  MemoryUsage of job (MB)
	3669192  -  ResidentSetSize of job (KB)
...
007 (15165477.028.000) 2022-03-03 00:48:07 Shadow exception!
	Error from slot1_2@e283.chtc.wisc.edu: Job failed to complete in 72 hrs
	0  -  Run Bytes Sent By Job
	131040264  -  Run Bytes Received By Job
...
012 (15165477.028.000) 2022-03-03 00:48:08 Job was held.
	Error from slot1_2@e283.chtc.wisc.edu: Job failed to complete in 72 hrs
	Code 21 Subcode 0
...
