000 (15165477.023.000) 2022-02-28 00:26:05 Job submitted from host: <128.105.244.191:9618?addrs=128.105.244.191-9618&alias=submit-1.chtc.wisc.edu&noUDP&sock=schedd_3562897_9248>
...
040 (15165477.023.000) 2022-02-28 00:46:10 Started transferring input files
	Transferring to host: <128.104.58.194:9618?addrs=128.104.58.194-9618+[2607-f388-1086-0-f24d-a2ff-fe40-ff19]-9618&alias=e1052.chtc.wisc.edu&noUDP&sock=slot1_22_38933_9208_27485>
...
040 (15165477.023.000) 2022-02-28 00:46:14 Finished transferring input files
...
001 (15165477.023.000) 2022-02-28 00:46:20 Job executing on host: <128.104.58.194:9618?addrs=128.104.58.194-9618+[2607-f388-1086-0-f24d-a2ff-fe40-ff19]-9618&alias=e1052.chtc.wisc.edu&noUDP&sock=startd_4833_9d4e>
...
006 (15165477.023.000) 2022-02-28 00:53:06 Image size of job updated: 228
	228  -  MemoryUsage of job (MB)
	233732  -  ResidentSetSize of job (KB)
...
006 (15165477.023.000) 2022-02-28 00:58:07 Image size of job updated: 1169
	1169  -  MemoryUsage of job (MB)
	1198068  -  ResidentSetSize of job (KB)
...
006 (15165477.023.000) 2022-02-28 01:08:07 Image size of job updated: 1388
	1388  -  MemoryUsage of job (MB)
	1422108  -  ResidentSetSize of job (KB)
...
006 (15165477.023.000) 2022-02-28 01:13:08 Image size of job updated: 1593
	1593  -  MemoryUsage of job (MB)
	1631580  -  ResidentSetSize of job (KB)
...
006 (15165477.023.000) 2022-02-28 01:18:08 Image size of job updated: 1908
	1908  -  MemoryUsage of job (MB)
	1954300  -  ResidentSetSize of job (KB)
...
006 (15165477.023.000) 2022-02-28 01:23:08 Image size of job updated: 1919
	1919  -  MemoryUsage of job (MB)
	1965640  -  ResidentSetSize of job (KB)
...
006 (15165477.023.000) 2022-02-28 01:28:08 Image size of job updated: 1996
	1996  -  MemoryUsage of job (MB)
	2044668  -  ResidentSetSize of job (KB)
...
006 (15165477.023.000) 2022-02-28 01:34:31 Image size of job updated: 2033
	2033  -  MemoryUsage of job (MB)
	2082164  -  ResidentSetSize of job (KB)
...
006 (15165477.023.000) 2022-02-28 01:38:40 Image size of job updated: 2073
	2073  -  MemoryUsage of job (MB)
	2123652  -  ResidentSetSize of job (KB)
...
006 (15165477.023.000) 2022-02-28 01:43:40 Image size of job updated: 2181
	2181  -  MemoryUsage of job (MB)
	2233472  -  ResidentSetSize of job (KB)
...
006 (15165477.023.000) 2022-02-28 01:48:41 Image size of job updated: 2352
	2352  -  MemoryUsage of job (MB)
	2408984  -  ResidentSetSize of job (KB)
...
006 (15165477.023.000) 2022-02-28 01:53:42 Image size of job updated: 2534
	2534  -  MemoryUsage of job (MB)
	2594904  -  ResidentSetSize of job (KB)
...
006 (15165477.023.000) 2022-02-28 01:58:43 Image size of job updated: 2734
	2734  -  MemoryUsage of job (MB)
	2799656  -  ResidentSetSize of job (KB)
...
006 (15165477.023.000) 2022-02-28 02:03:44 Image size of job updated: 2958
	2958  -  MemoryUsage of job (MB)
	3029908  -  ResidentSetSize of job (KB)
...
006 (15165477.023.000) 2022-02-28 02:08:45 Image size of job updated: 3222
	3222  -  MemoryUsage of job (MB)
	3299524  -  ResidentSetSize of job (KB)
...
006 (15165477.023.000) 2022-02-28 02:13:45 Image size of job updated: 3472
	3472  -  MemoryUsage of job (MB)
	3555764  -  ResidentSetSize of job (KB)
...
006 (15165477.023.000) 2022-02-28 02:18:45 Image size of job updated: 3583
	3583  -  MemoryUsage of job (MB)
	3669220  -  ResidentSetSize of job (KB)
...
007 (15165477.023.000) 2022-03-03 00:46:09 Shadow exception!
	Error from slot1_22@e1052.chtc.wisc.edu: Job failed to complete in 72 hrs
	0  -  Run Bytes Sent By Job
	131040264  -  Run Bytes Received By Job
...
012 (15165477.023.000) 2022-03-03 00:46:09 Job was held.
	Error from slot1_22@e1052.chtc.wisc.edu: Job failed to complete in 72 hrs
	Code 21 Subcode 0
...
