000 (15165477.021.000) 2022-02-28 00:26:05 Job submitted from host: <128.105.244.191:9618?addrs=128.105.244.191-9618&alias=submit-1.chtc.wisc.edu&noUDP&sock=schedd_3562897_9248>
...
040 (15165477.021.000) 2022-02-28 00:46:07 Started transferring input files
	Transferring to host: <128.105.245.177:9618?addrs=128.105.245.177-9618&alias=e2377.chtc.wisc.edu&noUDP&sock=slot1_19_36363_c5e0_27910>
...
001 (15165477.021.000) 2022-02-28 00:46:12 Job executing on host: <128.105.245.177:9618?addrs=128.105.245.177-9618&alias=e2377.chtc.wisc.edu&noUDP&sock=startd_2888_819a>
...
040 (15165477.021.000) 2022-02-28 00:46:12 Finished transferring input files
...
006 (15165477.021.000) 2022-02-28 01:02:31 Image size of job updated: 203
	203  -  MemoryUsage of job (MB)
	208780  -  ResidentSetSize of job (KB)
...
006 (15165477.021.000) 2022-02-28 01:07:32 Image size of job updated: 1169
	1169  -  MemoryUsage of job (MB)
	1197112  -  ResidentSetSize of job (KB)
...
006 (15165477.021.000) 2022-02-28 01:12:33 Image size of job updated: 1365
	1365  -  MemoryUsage of job (MB)
	1398180  -  ResidentSetSize of job (KB)
...
006 (15165477.021.000) 2022-02-28 01:18:37 Image size of job updated: 1595
	1595  -  MemoryUsage of job (MB)
	1633524  -  ResidentSetSize of job (KB)
...
006 (15165477.021.000) 2022-02-28 01:22:35 Image size of job updated: 1890
	1890  -  MemoryUsage of job (MB)
	1935612  -  ResidentSetSize of job (KB)
...
006 (15165477.021.000) 2022-02-28 01:27:35 Image size of job updated: 2000
	2000  -  MemoryUsage of job (MB)
	2048148  -  ResidentSetSize of job (KB)
...
006 (15165477.021.000) 2022-02-28 01:32:35 Image size of job updated: 2029
	2029  -  MemoryUsage of job (MB)
	2077980  -  ResidentSetSize of job (KB)
...
006 (15165477.021.000) 2022-02-28 01:37:35 Image size of job updated: 2078
	2078  -  MemoryUsage of job (MB)
	2128844  -  ResidentSetSize of job (KB)
...
006 (15165477.021.000) 2022-02-28 01:42:36 Image size of job updated: 2230
	2230  -  MemoryUsage of job (MB)
	2284132  -  ResidentSetSize of job (KB)
...
006 (15165477.021.000) 2022-02-28 01:47:37 Image size of job updated: 2427
	2427  -  MemoryUsage of job (MB)
	2485268  -  ResidentSetSize of job (KB)
...
006 (15165477.021.000) 2022-02-28 01:52:38 Image size of job updated: 2644
	2644  -  MemoryUsage of job (MB)
	2708096  -  ResidentSetSize of job (KB)
...
006 (15165477.021.000) 2022-02-28 01:57:39 Image size of job updated: 2886
	2886  -  MemoryUsage of job (MB)
	2956260  -  ResidentSetSize of job (KB)
...
006 (15165477.021.000) 2022-02-28 02:02:40 Image size of job updated: 3180
	3180  -  MemoryUsage of job (MB)
	3256580  -  ResidentSetSize of job (KB)
...
006 (15165477.021.000) 2022-02-28 02:07:40 Image size of job updated: 3471
	3471  -  MemoryUsage of job (MB)
	3554768  -  ResidentSetSize of job (KB)
...
006 (15165477.021.000) 2022-02-28 02:12:42 Image size of job updated: 3538
	3538  -  MemoryUsage of job (MB)
	3622944  -  ResidentSetSize of job (KB)
...
007 (15165477.021.000) 2022-03-03 00:46:07 Shadow exception!
	Error from slot1_19@e2377.chtc.wisc.edu: Job failed to complete in 72 hrs
	0  -  Run Bytes Sent By Job
	131040264  -  Run Bytes Received By Job
...
012 (15165477.021.000) 2022-03-03 00:46:07 Job was held.
	Error from slot1_19@e2377.chtc.wisc.edu: Job failed to complete in 72 hrs
	Code 21 Subcode 0
...
