000 (15165477.020.000) 2022-02-28 00:26:05 Job submitted from host: <128.105.244.191:9618?addrs=128.105.244.191-9618&alias=submit-1.chtc.wisc.edu&noUDP&sock=schedd_3562897_9248>
...
040 (15165477.020.000) 2022-02-28 00:46:12 Started transferring input files
	Transferring to host: <128.105.68.121:9618?addrs=128.105.68.121-9618&alias=e2447.chtc.wisc.edu&noUDP&sock=slot1_11_35083_e5ac_28718>
...
040 (15165477.020.000) 2022-02-28 00:46:16 Finished transferring input files
...
001 (15165477.020.000) 2022-02-28 00:46:36 Job executing on host: <128.105.68.121:9618?addrs=128.105.68.121-9618&alias=e2447.chtc.wisc.edu&noUDP&sock=startd_2394_a9d1>
...
006 (15165477.020.000) 2022-02-28 00:56:54 Image size of job updated: 198
	198  -  MemoryUsage of job (MB)
	203052  -  ResidentSetSize of job (KB)
...
006 (15165477.020.000) 2022-02-28 01:01:54 Image size of job updated: 1169
	1169  -  MemoryUsage of job (MB)
	1197200  -  ResidentSetSize of job (KB)
...
006 (15165477.020.000) 2022-02-28 01:06:55 Image size of job updated: 1221
	1221  -  MemoryUsage of job (MB)
	1250412  -  ResidentSetSize of job (KB)
...
006 (15165477.020.000) 2022-02-28 01:11:56 Image size of job updated: 1568
	1568  -  MemoryUsage of job (MB)
	1606652  -  ResidentSetSize of job (KB)
...
006 (15165477.020.000) 2022-02-28 01:16:56 Image size of job updated: 1919
	1919  -  MemoryUsage of job (MB)
	1965696  -  ResidentSetSize of job (KB)
...
006 (15165477.020.000) 2022-02-28 01:21:56 Image size of job updated: 1942
	1942  -  MemoryUsage of job (MB)
	1989160  -  ResidentSetSize of job (KB)
...
006 (15165477.020.000) 2022-02-28 01:26:56 Image size of job updated: 2020
	2020  -  MemoryUsage of job (MB)
	2069188  -  ResidentSetSize of job (KB)
...
006 (15165477.020.000) 2022-02-28 01:32:22 Image size of job updated: 2059
	2059  -  MemoryUsage of job (MB)
	2108992  -  ResidentSetSize of job (KB)
...
006 (15165477.020.000) 2022-02-28 01:36:57 Image size of job updated: 2164
	2164  -  MemoryUsage of job (MB)
	2216492  -  ResidentSetSize of job (KB)
...
006 (15165477.020.000) 2022-02-28 01:41:57 Image size of job updated: 2328
	2328  -  MemoryUsage of job (MB)
	2383948  -  ResidentSetSize of job (KB)
...
006 (15165477.020.000) 2022-02-28 01:46:58 Image size of job updated: 2528
	2528  -  MemoryUsage of job (MB)
	2589448  -  ResidentSetSize of job (KB)
...
006 (15165477.020.000) 2022-02-28 01:51:59 Image size of job updated: 2739
	2739  -  MemoryUsage of job (MB)
	2805280  -  ResidentSetSize of job (KB)
...
006 (15165477.020.000) 2022-02-28 01:57:00 Image size of job updated: 2999
	2999  -  MemoryUsage of job (MB)
	3071256  -  ResidentSetSize of job (KB)
...
006 (15165477.020.000) 2022-02-28 02:02:00 Image size of job updated: 3289
	3289  -  MemoryUsage of job (MB)
	3368560  -  ResidentSetSize of job (KB)
...
006 (15165477.020.000) 2022-02-28 02:07:00 Image size of job updated: 3528
	3528  -  MemoryUsage of job (MB)
	3613092  -  ResidentSetSize of job (KB)
...
006 (15165477.020.000) 2022-02-28 02:12:00 Image size of job updated: 3535
	3535  -  MemoryUsage of job (MB)
	3620704  -  ResidentSetSize of job (KB)
...
007 (15165477.020.000) 2022-03-03 00:46:11 Shadow exception!
	Error from slot1_11@e2447.chtc.wisc.edu: Job failed to complete in 72 hrs
	0  -  Run Bytes Sent By Job
	131040264  -  Run Bytes Received By Job
...
012 (15165477.020.000) 2022-03-03 00:46:11 Job was held.
	Error from slot1_11@e2447.chtc.wisc.edu: Job failed to complete in 72 hrs
	Code 21 Subcode 0
...
