000 (15165477.031.000) 2022-02-28 00:26:05 Job submitted from host: <128.105.244.191:9618?addrs=128.105.244.191-9618&alias=submit-1.chtc.wisc.edu&noUDP&sock=schedd_3562897_9248>
...
040 (15165477.031.000) 2022-02-28 00:48:05 Started transferring input files
	Transferring to host: <128.105.245.90:9618?addrs=128.105.245.90-9618&alias=e290.chtc.wisc.edu&noUDP&sock=slot1_23_37152_b1e0_26737>
...
040 (15165477.031.000) 2022-02-28 00:48:11 Finished transferring input files
...
001 (15165477.031.000) 2022-02-28 00:48:13 Job executing on host: <128.105.245.90:9618?addrs=128.105.245.90-9618&alias=e290.chtc.wisc.edu&noUDP&sock=startd_2412_0285>
...
006 (15165477.031.000) 2022-02-28 01:03:50 Image size of job updated: 226
	226  -  MemoryUsage of job (MB)
	232148  -  ResidentSetSize of job (KB)
...
006 (15165477.031.000) 2022-02-28 01:08:51 Image size of job updated: 1167
	1167  -  MemoryUsage of job (MB)
	1195492  -  ResidentSetSize of job (KB)
...
006 (15165477.031.000) 2022-02-28 01:13:52 Image size of job updated: 1279
	1279  -  MemoryUsage of job (MB)
	1310020  -  ResidentSetSize of job (KB)
...
006 (15165477.031.000) 2022-02-28 01:18:52 Image size of job updated: 1592
	1592  -  MemoryUsage of job (MB)
	1630420  -  ResidentSetSize of job (KB)
...
006 (15165477.031.000) 2022-02-28 01:23:52 Image size of job updated: 1900
	1900  -  MemoryUsage of job (MB)
	1945812  -  ResidentSetSize of job (KB)
...
006 (15165477.031.000) 2022-02-28 01:28:52 Image size of job updated: 1983
	1983  -  MemoryUsage of job (MB)
	2030904  -  ResidentSetSize of job (KB)
...
006 (15165477.031.000) 2022-02-28 01:34:17 Image size of job updated: 2040
	2040  -  MemoryUsage of job (MB)
	2089644  -  ResidentSetSize of job (KB)
...
006 (15165477.031.000) 2022-02-28 01:38:53 Image size of job updated: 2116
	2116  -  MemoryUsage of job (MB)
	2167404  -  ResidentSetSize of job (KB)
...
006 (15165477.031.000) 2022-02-28 01:43:53 Image size of job updated: 2301
	2301  -  MemoryUsage of job (MB)
	2356272  -  ResidentSetSize of job (KB)
...
006 (15165477.031.000) 2022-02-28 01:48:53 Image size of job updated: 2528
	2528  -  MemoryUsage of job (MB)
	2588740  -  ResidentSetSize of job (KB)
...
006 (15165477.031.000) 2022-02-28 01:53:53 Image size of job updated: 2752
	2752  -  MemoryUsage of job (MB)
	2818632  -  ResidentSetSize of job (KB)
...
006 (15165477.031.000) 2022-02-28 01:58:53 Image size of job updated: 3040
	3040  -  MemoryUsage of job (MB)
	3113360  -  ResidentSetSize of job (KB)
...
006 (15165477.031.000) 2022-02-28 02:03:54 Image size of job updated: 3340
	3340  -  MemoryUsage of job (MB)
	3420420  -  ResidentSetSize of job (KB)
...
006 (15165477.031.000) 2022-02-28 02:08:55 Image size of job updated: 3532
	3532  -  MemoryUsage of job (MB)
	3617740  -  ResidentSetSize of job (KB)
...
007 (15165477.031.000) 2022-03-03 00:48:06 Shadow exception!
	Error from slot1_23@e290.chtc.wisc.edu: Job failed to complete in 72 hrs
	0  -  Run Bytes Sent By Job
	131040264  -  Run Bytes Received By Job
...
012 (15165477.031.000) 2022-03-03 00:48:06 Job was held.
	Error from slot1_23@e290.chtc.wisc.edu: Job failed to complete in 72 hrs
	Code 21 Subcode 0
...
