000 (15165477.003.000) 2022-02-28 00:26:05 Job submitted from host: <128.105.244.191:9618?addrs=128.105.244.191-9618&alias=submit-1.chtc.wisc.edu&noUDP&sock=schedd_3562897_9248>
...
040 (15165477.003.000) 2022-02-28 00:42:19 Started transferring input files
	Transferring to host: <128.104.58.153:9618?addrs=128.104.58.153-9618+[2607-f388-1086-0-16fe-b5ff-fec6-7d11]-9618&alias=e1005.chtc.wisc.edu&noUDP&sock=slot1_26_4384_acab_30335>
...
040 (15165477.003.000) 2022-02-28 00:42:24 Finished transferring input files
...
001 (15165477.003.000) 2022-02-28 00:42:36 Job executing on host: <128.104.58.153:9618?addrs=128.104.58.153-9618+[2607-f388-1086-0-16fe-b5ff-fec6-7d11]-9618&alias=e1005.chtc.wisc.edu&noUDP&sock=startd_3057_6d1b>
...
006 (15165477.003.000) 2022-02-28 00:52:53 Image size of job updated: 186
	186  -  MemoryUsage of job (MB)
	191056  -  ResidentSetSize of job (KB)
...
006 (15165477.003.000) 2022-02-28 00:57:53 Image size of job updated: 1199
	1199  -  MemoryUsage of job (MB)
	1228168  -  ResidentSetSize of job (KB)
...
006 (15165477.003.000) 2022-02-28 01:07:54 Image size of job updated: 1274
	1274  -  MemoryUsage of job (MB)
	1305368  -  ResidentSetSize of job (KB)
...
006 (15165477.003.000) 2022-02-28 01:13:02 Image size of job updated: 1468
	1468  -  MemoryUsage of job (MB)
	1503792  -  ResidentSetSize of job (KB)
...
006 (15165477.003.000) 2022-02-28 01:17:54 Image size of job updated: 1658
	1658  -  MemoryUsage of job (MB)
	1698516  -  ResidentSetSize of job (KB)
...
006 (15165477.003.000) 2022-02-28 01:22:54 Image size of job updated: 1899
	1899  -  MemoryUsage of job (MB)
	1944920  -  ResidentSetSize of job (KB)
...
006 (15165477.003.000) 2022-02-28 01:27:54 Image size of job updated: 1917
	1917  -  MemoryUsage of job (MB)
	1963716  -  ResidentSetSize of job (KB)
...
006 (15165477.003.000) 2022-02-28 01:32:55 Image size of job updated: 2004
	2004  -  MemoryUsage of job (MB)
	2052312  -  ResidentSetSize of job (KB)
...
006 (15165477.003.000) 2022-02-28 01:37:55 Image size of job updated: 2032
	2032  -  MemoryUsage of job (MB)
	2081288  -  ResidentSetSize of job (KB)
...
006 (15165477.003.000) 2022-02-28 01:42:55 Image size of job updated: 2069
	2069  -  MemoryUsage of job (MB)
	2119508  -  ResidentSetSize of job (KB)
...
006 (15165477.003.000) 2022-02-28 01:47:56 Image size of job updated: 2158
	2158  -  MemoryUsage of job (MB)
	2210244  -  ResidentSetSize of job (KB)
...
006 (15165477.003.000) 2022-02-28 01:52:57 Image size of job updated: 2324
	2324  -  MemoryUsage of job (MB)
	2379852  -  ResidentSetSize of job (KB)
...
006 (15165477.003.000) 2022-02-28 01:57:57 Image size of job updated: 2510
	2510  -  MemoryUsage of job (MB)
	2570396  -  ResidentSetSize of job (KB)
...
006 (15165477.003.000) 2022-02-28 02:02:58 Image size of job updated: 2690
	2690  -  MemoryUsage of job (MB)
	2755244  -  ResidentSetSize of job (KB)
...
006 (15165477.003.000) 2022-02-28 02:07:59 Image size of job updated: 2900
	2900  -  MemoryUsage of job (MB)
	2970284  -  ResidentSetSize of job (KB)
...
006 (15165477.003.000) 2022-02-28 02:12:59 Image size of job updated: 3157
	3157  -  MemoryUsage of job (MB)
	3233272  -  ResidentSetSize of job (KB)
...
006 (15165477.003.000) 2022-02-28 02:18:00 Image size of job updated: 3414
	3414  -  MemoryUsage of job (MB)
	3496732  -  ResidentSetSize of job (KB)
...
006 (15165477.003.000) 2022-02-28 02:23:01 Image size of job updated: 3583
	3583  -  MemoryUsage of job (MB)
	3669024  -  ResidentSetSize of job (KB)
...
007 (15165477.003.000) 2022-03-03 00:42:16 Shadow exception!
	Error from slot1_26@e1005.chtc.wisc.edu: Job failed to complete in 72 hrs
	0  -  Run Bytes Sent By Job
	131040264  -  Run Bytes Received By Job
...
012 (15165477.003.000) 2022-03-03 00:42:18 Job was held.
	Error from slot1_26@e1005.chtc.wisc.edu: Job failed to complete in 72 hrs
	Code 21 Subcode 0
...
