000 (15165477.037.000) 2022-02-28 00:26:05 Job submitted from host: <128.105.244.191:9618?addrs=128.105.244.191-9618&alias=submit-1.chtc.wisc.edu&noUDP&sock=schedd_3562897_9248>
...
040 (15165477.037.000) 2022-02-28 00:51:19 Started transferring input files
	Transferring to host: <128.104.55.230:9618?addrs=128.104.55.230-9618+[2607-f388-1086-0-a6ba-dbff-fe4f-b58c]-9618&alias=e1200.chtc.wisc.edu&noUDP&sock=slot1_8_6925_09f3_22739>
...
040 (15165477.037.000) 2022-02-28 00:51:21 Finished transferring input files
...
001 (15165477.037.000) 2022-02-28 00:51:22 Job executing on host: <128.104.55.230:9618?addrs=128.104.55.230-9618+[2607-f388-1086-0-a6ba-dbff-fe4f-b58c]-9618&alias=e1200.chtc.wisc.edu&noUDP&sock=startd_4811_8639>
...
006 (15165477.037.000) 2022-02-28 00:57:52 Image size of job updated: 187
	187  -  MemoryUsage of job (MB)
	192320  -  ResidentSetSize of job (KB)
...
006 (15165477.037.000) 2022-02-28 01:02:52 Image size of job updated: 865
	865  -  MemoryUsage of job (MB)
	886780  -  ResidentSetSize of job (KB)
...
006 (15165477.037.000) 2022-02-28 01:07:52 Image size of job updated: 1170
	1170  -  MemoryUsage of job (MB)
	1198148  -  ResidentSetSize of job (KB)
...
006 (15165477.037.000) 2022-02-28 01:17:53 Image size of job updated: 1381
	1381  -  MemoryUsage of job (MB)
	1414420  -  ResidentSetSize of job (KB)
...
006 (15165477.037.000) 2022-02-28 01:22:54 Image size of job updated: 1617
	1617  -  MemoryUsage of job (MB)
	1656012  -  ResidentSetSize of job (KB)
...
006 (15165477.037.000) 2022-02-28 01:27:54 Image size of job updated: 1845
	1845  -  MemoryUsage of job (MB)
	1889348  -  ResidentSetSize of job (KB)
...
006 (15165477.037.000) 2022-02-28 01:32:54 Image size of job updated: 1917
	1917  -  MemoryUsage of job (MB)
	1963300  -  ResidentSetSize of job (KB)
...
006 (15165477.037.000) 2022-02-28 01:37:55 Image size of job updated: 1997
	1997  -  MemoryUsage of job (MB)
	2045444  -  ResidentSetSize of job (KB)
...
006 (15165477.037.000) 2022-02-28 01:42:55 Image size of job updated: 2023
	2023  -  MemoryUsage of job (MB)
	2072368  -  ResidentSetSize of job (KB)
...
006 (15165477.037.000) 2022-02-28 01:47:56 Image size of job updated: 2047
	2047  -  MemoryUsage of job (MB)
	2096700  -  ResidentSetSize of job (KB)
...
006 (15165477.037.000) 2022-02-28 01:52:56 Image size of job updated: 2090
	2090  -  MemoryUsage of job (MB)
	2140352  -  ResidentSetSize of job (KB)
...
006 (15165477.037.000) 2022-02-28 01:57:57 Image size of job updated: 2186
	2186  -  MemoryUsage of job (MB)
	2238712  -  ResidentSetSize of job (KB)
...
006 (15165477.037.000) 2022-02-28 02:02:57 Image size of job updated: 2315
	2315  -  MemoryUsage of job (MB)
	2370848  -  ResidentSetSize of job (KB)
...
006 (15165477.037.000) 2022-02-28 02:07:58 Image size of job updated: 2440
	2440  -  MemoryUsage of job (MB)
	2499460  -  ResidentSetSize of job (KB)
...
006 (15165477.037.000) 2022-02-28 02:12:58 Image size of job updated: 2577
	2577  -  MemoryUsage of job (MB)
	2639176  -  ResidentSetSize of job (KB)
...
006 (15165477.037.000) 2022-02-28 02:17:59 Image size of job updated: 2715
	2715  -  MemoryUsage of job (MB)
	2780964  -  ResidentSetSize of job (KB)
...
006 (15165477.037.000) 2022-02-28 02:22:59 Image size of job updated: 2878
	2878  -  MemoryUsage of job (MB)
	2947456  -  ResidentSetSize of job (KB)
...
006 (15165477.037.000) 2022-02-28 02:27:59 Image size of job updated: 3085
	3085  -  MemoryUsage of job (MB)
	3159684  -  ResidentSetSize of job (KB)
...
006 (15165477.037.000) 2022-02-28 02:33:00 Image size of job updated: 3296
	3296  -  MemoryUsage of job (MB)
	3375940  -  ResidentSetSize of job (KB)
...
006 (15165477.037.000) 2022-02-28 02:38:00 Image size of job updated: 3491
	3491  -  MemoryUsage of job (MB)
	3575388  -  ResidentSetSize of job (KB)
...
006 (15165477.037.000) 2022-02-28 02:43:01 Image size of job updated: 3546
	3546  -  MemoryUsage of job (MB)
	3632036  -  ResidentSetSize of job (KB)
...
007 (15165477.037.000) 2022-03-03 00:51:23 Shadow exception!
	Error from slot1_8@e1200.chtc.wisc.edu: Job failed to complete in 72 hrs
	0  -  Run Bytes Sent By Job
	131040264  -  Run Bytes Received By Job
...
012 (15165477.037.000) 2022-03-03 00:51:23 Job was held.
	Error from slot1_8@e1200.chtc.wisc.edu: Job failed to complete in 72 hrs
	Code 21 Subcode 0
...
