000 (15165477.034.000) 2022-02-28 00:26:05 Job submitted from host: <128.105.244.191:9618?addrs=128.105.244.191-9618&alias=submit-1.chtc.wisc.edu&noUDP&sock=schedd_3562897_9248>
...
040 (15165477.034.000) 2022-02-28 00:50:24 Started transferring input files
	Transferring to host: <128.105.245.93:9618?addrs=128.105.245.93-9618&alias=e2293.chtc.wisc.edu&noUDP&sock=slot1_9_23011_14c1_27652>
...
040 (15165477.034.000) 2022-02-28 00:50:30 Finished transferring input files
...
001 (15165477.034.000) 2022-02-28 00:50:31 Job executing on host: <128.105.245.93:9618?addrs=128.105.245.93-9618&alias=e2293.chtc.wisc.edu&noUDP&sock=startd_2673_08bd>
...
006 (15165477.034.000) 2022-02-28 01:01:11 Image size of job updated: 218
	218  -  MemoryUsage of job (MB)
	223608  -  ResidentSetSize of job (KB)
...
006 (15165477.034.000) 2022-02-28 01:06:12 Image size of job updated: 1170
	1170  -  MemoryUsage of job (MB)
	1198688  -  ResidentSetSize of job (KB)
...
006 (15165477.034.000) 2022-02-28 01:11:13 Image size of job updated: 1425
	1425  -  MemoryUsage of job (MB)
	1459684  -  ResidentSetSize of job (KB)
...
006 (15165477.034.000) 2022-02-28 01:16:13 Image size of job updated: 1856
	1856  -  MemoryUsage of job (MB)
	1901520  -  ResidentSetSize of job (KB)
...
006 (15165477.034.000) 2022-02-28 01:21:14 Image size of job updated: 1969
	1969  -  MemoryUsage of job (MB)
	2016436  -  ResidentSetSize of job (KB)
...
006 (15165477.034.000) 2022-02-28 01:26:15 Image size of job updated: 2045
	2045  -  MemoryUsage of job (MB)
	2094472  -  ResidentSetSize of job (KB)
...
006 (15165477.034.000) 2022-02-28 01:31:16 Image size of job updated: 2094
	2094  -  MemoryUsage of job (MB)
	2144548  -  ResidentSetSize of job (KB)
...
006 (15165477.034.000) 2022-02-28 01:41:00 Image size of job updated: 2245
	2245  -  MemoryUsage of job (MB)
	2299240  -  ResidentSetSize of job (KB)
...
006 (15165477.034.000) 2022-02-28 01:55:13 Image size of job updated: 3278
	3278  -  MemoryUsage of job (MB)
	3357332  -  ResidentSetSize of job (KB)
...
006 (15165477.034.000) 2022-02-28 02:06:36 Image size of job updated: 3537
	3537  -  MemoryUsage of job (MB)
	3622672  -  ResidentSetSize of job (KB)
...
007 (15165477.034.000) 2022-03-03 00:50:27 Shadow exception!
	Error from slot1_9@e2293.chtc.wisc.edu: Job failed to complete in 72 hrs
	0  -  Run Bytes Sent By Job
	131040264  -  Run Bytes Received By Job
...
012 (15165477.034.000) 2022-03-03 00:50:28 Job was held.
	Error from slot1_9@e2293.chtc.wisc.edu: Job failed to complete in 72 hrs
	Code 21 Subcode 0
...
