000 (15165477.032.000) 2022-02-28 00:26:05 Job submitted from host: <128.105.244.191:9618?addrs=128.105.244.191-9618&alias=submit-1.chtc.wisc.edu&noUDP&sock=schedd_3562897_9248>
...
040 (15165477.032.000) 2022-02-28 00:48:06 Started transferring input files
	Transferring to host: <128.105.245.90:9618?addrs=128.105.245.90-9618&alias=e290.chtc.wisc.edu&noUDP&sock=slot1_24_37152_b1e0_26738>
...
040 (15165477.032.000) 2022-02-28 00:48:13 Finished transferring input files
...
001 (15165477.032.000) 2022-02-28 00:48:14 Job executing on host: <128.105.245.90:9618?addrs=128.105.245.90-9618&alias=e290.chtc.wisc.edu&noUDP&sock=startd_2412_0285>
...
006 (15165477.032.000) 2022-02-28 01:03:48 Image size of job updated: 227
	227  -  MemoryUsage of job (MB)
	233408  -  ResidentSetSize of job (KB)
...
006 (15165477.032.000) 2022-02-28 01:08:49 Image size of job updated: 1189
	1189  -  MemoryUsage of job (MB)
	1217620  -  ResidentSetSize of job (KB)
...
006 (15165477.032.000) 2022-02-28 01:13:50 Image size of job updated: 1311
	1311  -  MemoryUsage of job (MB)
	1342868  -  ResidentSetSize of job (KB)
...
006 (15165477.032.000) 2022-02-28 01:18:50 Image size of job updated: 1616
	1616  -  MemoryUsage of job (MB)
	1655472  -  ResidentSetSize of job (KB)
...
006 (15165477.032.000) 2022-02-28 01:23:50 Image size of job updated: 1919
	1919  -  MemoryUsage of job (MB)
	1965108  -  ResidentSetSize of job (KB)
...
006 (15165477.032.000) 2022-02-28 01:28:50 Image size of job updated: 1922
	1922  -  MemoryUsage of job (MB)
	1968364  -  ResidentSetSize of job (KB)
...
006 (15165477.032.000) 2022-02-28 01:36:05 Image size of job updated: 2019
	2019  -  MemoryUsage of job (MB)
	2067476  -  ResidentSetSize of job (KB)
...
006 (15165477.032.000) 2022-02-28 01:42:47 Image size of job updated: 2106
	2106  -  MemoryUsage of job (MB)
	2156580  -  ResidentSetSize of job (KB)
...
006 (15165477.032.000) 2022-02-28 01:48:08 Image size of job updated: 2274
	2274  -  MemoryUsage of job (MB)
	2329144  -  ResidentSetSize of job (KB)
...
006 (15165477.032.000) 2022-02-28 01:53:09 Image size of job updated: 2486
	2486  -  MemoryUsage of job (MB)
	2546612  -  ResidentSetSize of job (KB)
...
006 (15165477.032.000) 2022-02-28 01:58:09 Image size of job updated: 2692
	2692  -  MemoryUsage of job (MB)
	2757340  -  ResidentSetSize of job (KB)
...
006 (15165477.032.000) 2022-02-28 02:03:10 Image size of job updated: 2926
	2926  -  MemoryUsage of job (MB)
	2997056  -  ResidentSetSize of job (KB)
...
006 (15165477.032.000) 2022-02-28 02:08:11 Image size of job updated: 3210
	3210  -  MemoryUsage of job (MB)
	3287416  -  ResidentSetSize of job (KB)
...
006 (15165477.032.000) 2022-02-28 02:13:12 Image size of job updated: 3522
	3522  -  MemoryUsage of job (MB)
	3607064  -  ResidentSetSize of job (KB)
...
006 (15165477.032.000) 2022-02-28 02:18:12 Image size of job updated: 3528
	3528  -  MemoryUsage of job (MB)
	3613104  -  ResidentSetSize of job (KB)
...
007 (15165477.032.000) 2022-03-03 00:48:06 Shadow exception!
	Error from slot1_24@e290.chtc.wisc.edu: Job failed to complete in 72 hrs
	0  -  Run Bytes Sent By Job
	131040264  -  Run Bytes Received By Job
...
012 (15165477.032.000) 2022-03-03 00:48:06 Job was held.
	Error from slot1_24@e290.chtc.wisc.edu: Job failed to complete in 72 hrs
	Code 21 Subcode 0
...
