000 (15165477.039.000) 2022-02-28 00:26:05 Job submitted from host: <128.105.244.191:9618?addrs=128.105.244.191-9618&alias=submit-1.chtc.wisc.edu&noUDP&sock=schedd_3562897_9248>
...
040 (15165477.039.000) 2022-02-28 00:51:21 Started transferring input files
	Transferring to host: <128.105.245.122:9618?addrs=128.105.245.122-9618&alias=e322.chtc.wisc.edu&noUDP&sock=slot1_21_38267_502d_27461>
...
040 (15165477.039.000) 2022-02-28 00:51:25 Finished transferring input files
...
001 (15165477.039.000) 2022-02-28 00:51:26 Job executing on host: <128.105.245.122:9618?addrs=128.105.245.122-9618&alias=e322.chtc.wisc.edu&noUDP&sock=startd_2404_85c3>
...
006 (15165477.039.000) 2022-02-28 00:53:37 Image size of job updated: 37
	37  -  MemoryUsage of job (MB)
	38764  -  ResidentSetSize of job (KB)
...
006 (15165477.039.000) 2022-02-28 00:58:38 Image size of job updated: 1194
	1194  -  MemoryUsage of job (MB)
	1222856  -  ResidentSetSize of job (KB)
...
006 (15165477.039.000) 2022-02-28 01:08:39 Image size of job updated: 1455
	1455  -  MemoryUsage of job (MB)
	1489964  -  ResidentSetSize of job (KB)
...
006 (15165477.039.000) 2022-02-28 01:13:39 Image size of job updated: 1837
	1837  -  MemoryUsage of job (MB)
	1881388  -  ResidentSetSize of job (KB)
...
006 (15165477.039.000) 2022-02-28 01:18:39 Image size of job updated: 1911
	1911  -  MemoryUsage of job (MB)
	1956952  -  ResidentSetSize of job (KB)
...
006 (15165477.039.000) 2022-02-28 01:23:40 Image size of job updated: 2019
	2019  -  MemoryUsage of job (MB)
	2067776  -  ResidentSetSize of job (KB)
...
006 (15165477.039.000) 2022-02-28 01:28:40 Image size of job updated: 2053
	2053  -  MemoryUsage of job (MB)
	2103012  -  ResidentSetSize of job (KB)
...
006 (15165477.039.000) 2022-02-28 01:33:40 Image size of job updated: 2139
	2139  -  MemoryUsage of job (MB)
	2190356  -  ResidentSetSize of job (KB)
...
006 (15165477.039.000) 2022-02-28 01:38:41 Image size of job updated: 2293
	2293  -  MemoryUsage of job (MB)
	2348512  -  ResidentSetSize of job (KB)
...
006 (15165477.039.000) 2022-02-28 01:43:41 Image size of job updated: 2491
	2491  -  MemoryUsage of job (MB)
	2551636  -  ResidentSetSize of job (KB)
...
006 (15165477.039.000) 2022-02-28 01:48:41 Image size of job updated: 2682
	2682  -  MemoryUsage of job (MB)
	2747212  -  ResidentSetSize of job (KB)
...
006 (15165477.039.000) 2022-02-28 01:53:42 Image size of job updated: 2905
	2905  -  MemoryUsage of job (MB)
	2975220  -  ResidentSetSize of job (KB)
...
006 (15165477.039.000) 2022-02-28 01:58:43 Image size of job updated: 3185
	3185  -  MemoryUsage of job (MB)
	3262036  -  ResidentSetSize of job (KB)
...
006 (15165477.039.000) 2022-02-28 02:03:43 Image size of job updated: 3456
	3456  -  MemoryUsage of job (MB)
	3539796  -  ResidentSetSize of job (KB)
...
006 (15165477.039.000) 2022-02-28 02:08:43 Image size of job updated: 3536
	3536  -  MemoryUsage of job (MB)
	3621556  -  ResidentSetSize of job (KB)
...
007 (15165477.039.000) 2022-03-03 00:51:24 Shadow exception!
	Error from slot1_21@e322.chtc.wisc.edu: Job failed to complete in 72 hrs
	0  -  Run Bytes Sent By Job
	131040264  -  Run Bytes Received By Job
...
012 (15165477.039.000) 2022-03-03 00:51:24 Job was held.
	Error from slot1_21@e322.chtc.wisc.edu: Job failed to complete in 72 hrs
	Code 21 Subcode 0
...
