000 (15165477.033.000) 2022-02-28 00:26:05 Job submitted from host: <128.105.244.191:9618?addrs=128.105.244.191-9618&alias=submit-1.chtc.wisc.edu&noUDP&sock=schedd_3562897_9248>
...
040 (15165477.033.000) 2022-02-28 00:48:06 Started transferring input files
	Transferring to host: <128.105.245.90:9618?addrs=128.105.245.90-9618&alias=e290.chtc.wisc.edu&noUDP&sock=slot1_26_37152_b1e0_26739>
...
040 (15165477.033.000) 2022-02-28 00:48:13 Finished transferring input files
...
001 (15165477.033.000) 2022-02-28 00:48:14 Job executing on host: <128.105.245.90:9618?addrs=128.105.245.90-9618&alias=e290.chtc.wisc.edu&noUDP&sock=startd_2412_0285>
...
006 (15165477.033.000) 2022-02-28 01:03:49 Image size of job updated: 227
	227  -  MemoryUsage of job (MB)
	233460  -  ResidentSetSize of job (KB)
...
006 (15165477.033.000) 2022-02-28 01:08:50 Image size of job updated: 1167
	1167  -  MemoryUsage of job (MB)
	1195564  -  ResidentSetSize of job (KB)
...
006 (15165477.033.000) 2022-02-28 01:13:51 Image size of job updated: 1394
	1394  -  MemoryUsage of job (MB)
	1427600  -  ResidentSetSize of job (KB)
...
006 (15165477.033.000) 2022-02-28 01:18:51 Image size of job updated: 1838
	1838  -  MemoryUsage of job (MB)
	1883048  -  ResidentSetSize of job (KB)
...
006 (15165477.033.000) 2022-02-28 01:23:51 Image size of job updated: 1928
	1928  -  MemoryUsage of job (MB)
	1974580  -  ResidentSetSize of job (KB)
...
006 (15165477.033.000) 2022-02-28 01:28:51 Image size of job updated: 2024
	2024  -  MemoryUsage of job (MB)
	2072680  -  ResidentSetSize of job (KB)
...
006 (15165477.033.000) 2022-02-28 01:34:13 Image size of job updated: 2061
	2061  -  MemoryUsage of job (MB)
	2111360  -  ResidentSetSize of job (KB)
...
006 (15165477.033.000) 2022-02-28 01:38:53 Image size of job updated: 2173
	2173  -  MemoryUsage of job (MB)
	2225268  -  ResidentSetSize of job (KB)
...
006 (15165477.033.000) 2022-02-28 01:43:53 Image size of job updated: 2376
	2376  -  MemoryUsage of job (MB)
	2433220  -  ResidentSetSize of job (KB)
...
006 (15165477.033.000) 2022-02-28 01:48:54 Image size of job updated: 2577
	2577  -  MemoryUsage of job (MB)
	2638988  -  ResidentSetSize of job (KB)
...
006 (15165477.033.000) 2022-02-28 01:53:54 Image size of job updated: 2785
	2785  -  MemoryUsage of job (MB)
	2851972  -  ResidentSetSize of job (KB)
...
006 (15165477.033.000) 2022-02-28 01:58:54 Image size of job updated: 3048
	3048  -  MemoryUsage of job (MB)
	3121560  -  ResidentSetSize of job (KB)
...
006 (15165477.033.000) 2022-02-28 02:03:55 Image size of job updated: 3329
	3329  -  MemoryUsage of job (MB)
	3409824  -  ResidentSetSize of job (KB)
...
006 (15165477.033.000) 2022-02-28 02:08:56 Image size of job updated: 3530
	3530  -  MemoryUsage of job (MB)
	3615104  -  ResidentSetSize of job (KB)
...
007 (15165477.033.000) 2022-03-03 00:48:12 Shadow exception!
	Error from slot1_26@e290.chtc.wisc.edu: Job failed to complete in 72 hrs
	0  -  Run Bytes Sent By Job
	131040264  -  Run Bytes Received By Job
...
012 (15165477.033.000) 2022-03-03 00:48:13 Job was held.
	Error from slot1_26@e290.chtc.wisc.edu: Job failed to complete in 72 hrs
	Code 21 Subcode 0
...
