000 (15165477.038.000) 2022-02-28 00:26:05 Job submitted from host: <128.105.244.191:9618?addrs=128.105.244.191-9618&alias=submit-1.chtc.wisc.edu&noUDP&sock=schedd_3562897_9248>
...
040 (15165477.038.000) 2022-02-28 00:51:20 Started transferring input files
	Transferring to host: <128.105.68.126:9618?addrs=128.105.68.126-9618&alias=e2442.chtc.wisc.edu&noUDP&sock=slot1_11_23486_c2f4_27787>
...
040 (15165477.038.000) 2022-02-28 00:51:21 Finished transferring input files
...
001 (15165477.038.000) 2022-02-28 00:51:22 Job executing on host: <128.105.68.126:9618?addrs=128.105.68.126-9618&alias=e2442.chtc.wisc.edu&noUDP&sock=startd_2378_b04d>
...
006 (15165477.038.000) 2022-02-28 01:06:32 Image size of job updated: 221
	221  -  MemoryUsage of job (MB)
	226980  -  ResidentSetSize of job (KB)
...
006 (15165477.038.000) 2022-02-28 01:11:33 Image size of job updated: 1169
	1169  -  MemoryUsage of job (MB)
	1198024  -  ResidentSetSize of job (KB)
...
006 (15165477.038.000) 2022-02-28 01:16:33 Image size of job updated: 1236
	1236  -  MemoryUsage of job (MB)
	1265680  -  ResidentSetSize of job (KB)
...
006 (15165477.038.000) 2022-02-28 01:22:25 Image size of job updated: 1540
	1540  -  MemoryUsage of job (MB)
	1577496  -  ResidentSetSize of job (KB)
...
006 (15165477.038.000) 2022-02-28 01:26:34 Image size of job updated: 1907
	1907  -  MemoryUsage of job (MB)
	1953000  -  ResidentSetSize of job (KB)
...
006 (15165477.038.000) 2022-02-28 01:31:34 Image size of job updated: 1974
	1974  -  MemoryUsage of job (MB)
	2021772  -  ResidentSetSize of job (KB)
...
006 (15165477.038.000) 2022-02-28 01:36:35 Image size of job updated: 2033
	2033  -  MemoryUsage of job (MB)
	2082052  -  ResidentSetSize of job (KB)
...
006 (15165477.038.000) 2022-02-28 01:41:35 Image size of job updated: 2084
	2084  -  MemoryUsage of job (MB)
	2134092  -  ResidentSetSize of job (KB)
...
006 (15165477.038.000) 2022-02-28 01:46:35 Image size of job updated: 2236
	2236  -  MemoryUsage of job (MB)
	2290452  -  ResidentSetSize of job (KB)
...
006 (15165477.038.000) 2022-02-28 01:51:36 Image size of job updated: 2422
	2422  -  MemoryUsage of job (MB)
	2481140  -  ResidentSetSize of job (KB)
...
006 (15165477.038.000) 2022-02-28 01:56:37 Image size of job updated: 2640
	2640  -  MemoryUsage of job (MB)
	2703524  -  ResidentSetSize of job (KB)
...
006 (15165477.038.000) 2022-02-28 02:01:37 Image size of job updated: 2883
	2883  -  MemoryUsage of job (MB)
	2952600  -  ResidentSetSize of job (KB)
...
006 (15165477.038.000) 2022-02-28 02:06:37 Image size of job updated: 3168
	3168  -  MemoryUsage of job (MB)
	3244448  -  ResidentSetSize of job (KB)
...
006 (15165477.038.000) 2022-02-28 02:11:37 Image size of job updated: 3461
	3461  -  MemoryUsage of job (MB)
	3544968  -  ResidentSetSize of job (KB)
...
006 (15165477.038.000) 2022-02-28 02:16:37 Image size of job updated: 3535
	3535  -  MemoryUsage of job (MB)
	3620100  -  ResidentSetSize of job (KB)
...
007 (15165477.038.000) 2022-03-03 00:51:21 Shadow exception!
	Error from slot1_11@e2442.chtc.wisc.edu: Job failed to complete in 72 hrs
	0  -  Run Bytes Sent By Job
	131040264  -  Run Bytes Received By Job
...
012 (15165477.038.000) 2022-03-03 00:51:21 Job was held.
	Error from slot1_11@e2442.chtc.wisc.edu: Job failed to complete in 72 hrs
	Code 21 Subcode 0
...
