000 (15165477.035.000) 2022-02-28 00:26:05 Job submitted from host: <128.105.244.191:9618?addrs=128.105.244.191-9618&alias=submit-1.chtc.wisc.edu&noUDP&sock=schedd_3562897_9248>
...
040 (15165477.035.000) 2022-02-28 00:50:26 Started transferring input files
	Transferring to host: <128.105.245.93:9618?addrs=128.105.245.93-9618&alias=e2293.chtc.wisc.edu&noUDP&sock=slot1_27_23011_14c1_27653>
...
040 (15165477.035.000) 2022-02-28 00:50:34 Finished transferring input files
...
001 (15165477.035.000) 2022-02-28 00:50:35 Job executing on host: <128.105.245.93:9618?addrs=128.105.245.93-9618&alias=e2293.chtc.wisc.edu&noUDP&sock=startd_2673_08bd>
...
006 (15165477.035.000) 2022-02-28 01:01:16 Image size of job updated: 230
	230  -  MemoryUsage of job (MB)
	236124  -  ResidentSetSize of job (KB)
...
006 (15165477.035.000) 2022-02-28 01:06:17 Image size of job updated: 1171
	1171  -  MemoryUsage of job (MB)
	1199500  -  ResidentSetSize of job (KB)
...
006 (15165477.035.000) 2022-02-28 01:11:18 Image size of job updated: 1359
	1359  -  MemoryUsage of job (MB)
	1392632  -  ResidentSetSize of job (KB)
...
006 (15165477.035.000) 2022-02-28 01:16:18 Image size of job updated: 1617
	1617  -  MemoryUsage of job (MB)
	1656444  -  ResidentSetSize of job (KB)
...
006 (15165477.035.000) 2022-02-28 01:21:19 Image size of job updated: 1904
	1904  -  MemoryUsage of job (MB)
	1949708  -  ResidentSetSize of job (KB)
...
006 (15165477.035.000) 2022-02-28 01:26:20 Image size of job updated: 2004
	2004  -  MemoryUsage of job (MB)
	2052464  -  ResidentSetSize of job (KB)
...
006 (15165477.035.000) 2022-02-28 01:31:21 Image size of job updated: 2042
	2042  -  MemoryUsage of job (MB)
	2091144  -  ResidentSetSize of job (KB)
...
006 (15165477.035.000) 2022-02-28 01:41:01 Image size of job updated: 2091
	2091  -  MemoryUsage of job (MB)
	2141636  -  ResidentSetSize of job (KB)
...
006 (15165477.035.000) 2022-02-28 01:55:03 Image size of job updated: 2868
	2868  -  MemoryUsage of job (MB)
	2937836  -  ResidentSetSize of job (KB)
...
006 (15165477.035.000) 2022-02-28 02:06:16 Image size of job updated: 3522
	3522  -  MemoryUsage of job (MB)
	3606860  -  ResidentSetSize of job (KB)
...
006 (15165477.035.000) 2022-02-28 02:13:01 Image size of job updated: 3536
	3536  -  MemoryUsage of job (MB)
	3621176  -  ResidentSetSize of job (KB)
...
007 (15165477.035.000) 2022-03-03 00:50:27 Shadow exception!
	Error from slot1_27@e2293.chtc.wisc.edu: Job failed to complete in 72 hrs
	0  -  Run Bytes Sent By Job
	131040264  -  Run Bytes Received By Job
...
012 (15165477.035.000) 2022-03-03 00:50:28 Job was held.
	Error from slot1_27@e2293.chtc.wisc.edu: Job failed to complete in 72 hrs
	Code 21 Subcode 0
...
