000 (15165477.036.000) 2022-02-28 00:26:05 Job submitted from host: <128.105.244.191:9618?addrs=128.105.244.191-9618&alias=submit-1.chtc.wisc.edu&noUDP&sock=schedd_3562897_9248>
...
040 (15165477.036.000) 2022-02-28 00:50:27 Started transferring input files
	Transferring to host: <128.105.245.93:9618?addrs=128.105.245.93-9618&alias=e2293.chtc.wisc.edu&noUDP&sock=slot1_28_23011_14c1_27654>
...
040 (15165477.036.000) 2022-02-28 00:50:35 Finished transferring input files
...
001 (15165477.036.000) 2022-02-28 00:50:36 Job executing on host: <128.105.245.93:9618?addrs=128.105.245.93-9618&alias=e2293.chtc.wisc.edu&noUDP&sock=startd_2673_08bd>
...
006 (15165477.036.000) 2022-02-28 01:01:13 Image size of job updated: 229
	229  -  MemoryUsage of job (MB)
	234604  -  ResidentSetSize of job (KB)
...
006 (15165477.036.000) 2022-02-28 01:06:14 Image size of job updated: 1195
	1195  -  MemoryUsage of job (MB)
	1224184  -  ResidentSetSize of job (KB)
...
006 (15165477.036.000) 2022-02-28 01:11:15 Image size of job updated: 1319
	1319  -  MemoryUsage of job (MB)
	1351564  -  ResidentSetSize of job (KB)
...
006 (15165477.036.000) 2022-02-28 01:16:15 Image size of job updated: 1618
	1618  -  MemoryUsage of job (MB)
	1657412  -  ResidentSetSize of job (KB)
...
006 (15165477.036.000) 2022-02-28 01:21:16 Image size of job updated: 1915
	1915  -  MemoryUsage of job (MB)
	1961856  -  ResidentSetSize of job (KB)
...
006 (15165477.036.000) 2022-02-28 01:26:17 Image size of job updated: 1993
	1993  -  MemoryUsage of job (MB)
	2041516  -  ResidentSetSize of job (KB)
...
006 (15165477.036.000) 2022-02-28 01:31:17 Image size of job updated: 2033
	2033  -  MemoryUsage of job (MB)
	2082164  -  ResidentSetSize of job (KB)
...
006 (15165477.036.000) 2022-02-28 01:36:31 Image size of job updated: 2077
	2077  -  MemoryUsage of job (MB)
	2127244  -  ResidentSetSize of job (KB)
...
006 (15165477.036.000) 2022-02-28 01:41:18 Image size of job updated: 2171
	2171  -  MemoryUsage of job (MB)
	2224108  -  ResidentSetSize of job (KB)
...
006 (15165477.036.000) 2022-02-28 01:46:19 Image size of job updated: 2345
	2345  -  MemoryUsage of job (MB)
	2401368  -  ResidentSetSize of job (KB)
...
006 (15165477.036.000) 2022-02-28 01:51:20 Image size of job updated: 2539
	2539  -  MemoryUsage of job (MB)
	2600140  -  ResidentSetSize of job (KB)
...
006 (15165477.036.000) 2022-02-28 01:56:20 Image size of job updated: 2746
	2746  -  MemoryUsage of job (MB)
	2812392  -  ResidentSetSize of job (KB)
...
006 (15165477.036.000) 2022-02-28 02:01:21 Image size of job updated: 2972
	2972  -  MemoryUsage of job (MB)
	3044340  -  ResidentSetSize of job (KB)
...
006 (15165477.036.000) 2022-02-28 02:06:21 Image size of job updated: 3250
	3250  -  MemoryUsage of job (MB)
	3328788  -  ResidentSetSize of job (KB)
...
006 (15165477.036.000) 2022-02-28 02:11:21 Image size of job updated: 3527
	3527  -  MemoryUsage of job (MB)
	3611788  -  ResidentSetSize of job (KB)
...
006 (15165477.036.000) 2022-02-28 02:16:22 Image size of job updated: 3530
	3530  -  MemoryUsage of job (MB)
	3615448  -  ResidentSetSize of job (KB)
...
007 (15165477.036.000) 2022-03-03 00:50:27 Shadow exception!
	Error from slot1_28@e2293.chtc.wisc.edu: Job failed to complete in 72 hrs
	0  -  Run Bytes Sent By Job
	131040264  -  Run Bytes Received By Job
...
012 (15165477.036.000) 2022-03-03 00:50:28 Job was held.
	Error from slot1_28@e2293.chtc.wisc.edu: Job failed to complete in 72 hrs
	Code 21 Subcode 0
...
