000 (15165477.041.000) 2022-02-28 00:26:05 Job submitted from host: <128.105.244.191:9618?addrs=128.105.244.191-9618&alias=submit-1.chtc.wisc.edu&noUDP&sock=schedd_3562897_9248>
...
040 (15165477.041.000) 2022-02-28 00:51:22 Started transferring input files
	Transferring to host: <128.105.245.62:9618?addrs=128.105.245.62-9618&alias=e262.chtc.wisc.edu&noUDP&sock=slot1_21_10255_533a_27395>
...
040 (15165477.041.000) 2022-02-28 00:51:27 Finished transferring input files
...
001 (15165477.041.000) 2022-02-28 00:51:30 Job executing on host: <128.105.245.62:9618?addrs=128.105.245.62-9618&alias=e262.chtc.wisc.edu&noUDP&sock=startd_7225_53d8>
...
006 (15165477.041.000) 2022-02-28 01:07:06 Image size of job updated: 194
	194  -  MemoryUsage of job (MB)
	199492  -  ResidentSetSize of job (KB)
...
006 (15165477.041.000) 2022-02-28 01:12:06 Image size of job updated: 1171
	1171  -  MemoryUsage of job (MB)
	1199212  -  ResidentSetSize of job (KB)
...
006 (15165477.041.000) 2022-02-28 01:22:08 Image size of job updated: 1453
	1453  -  MemoryUsage of job (MB)
	1488048  -  ResidentSetSize of job (KB)
...
006 (15165477.041.000) 2022-02-28 01:27:09 Image size of job updated: 1914
	1914  -  MemoryUsage of job (MB)
	1960300  -  ResidentSetSize of job (KB)
...
006 (15165477.041.000) 2022-02-28 01:32:09 Image size of job updated: 1921
	1921  -  MemoryUsage of job (MB)
	1967612  -  ResidentSetSize of job (KB)
...
006 (15165477.041.000) 2022-02-28 01:39:45 Image size of job updated: 2016
	2016  -  MemoryUsage of job (MB)
	2064668  -  ResidentSetSize of job (KB)
...
006 (15165477.041.000) 2022-02-28 01:47:30 Image size of job updated: 2230
	2230  -  MemoryUsage of job (MB)
	2283868  -  ResidentSetSize of job (KB)
...
006 (15165477.041.000) 2022-02-28 01:53:42 Image size of job updated: 2551
	2551  -  MemoryUsage of job (MB)
	2612644  -  ResidentSetSize of job (KB)
...
006 (15165477.041.000) 2022-02-28 01:58:43 Image size of job updated: 2827
	2827  -  MemoryUsage of job (MB)
	2895568  -  ResidentSetSize of job (KB)
...
006 (15165477.041.000) 2022-02-28 02:03:43 Image size of job updated: 3159
	3159  -  MemoryUsage of job (MB)
	3235604  -  ResidentSetSize of job (KB)
...
006 (15165477.041.000) 2022-02-28 02:08:44 Image size of job updated: 3450
	3450  -  MemoryUsage of job (MB)
	3533680  -  ResidentSetSize of job (KB)
...
006 (15165477.041.000) 2022-02-28 02:13:44 Image size of job updated: 3541
	3541  -  MemoryUsage of job (MB)
	3626384  -  ResidentSetSize of job (KB)
...
007 (15165477.041.000) 2022-03-03 00:51:25 Shadow exception!
	Error from slot1_21@e262.chtc.wisc.edu: Job failed to complete in 72 hrs
	0  -  Run Bytes Sent By Job
	131040264  -  Run Bytes Received By Job
...
012 (15165477.041.000) 2022-03-03 00:51:25 Job was held.
	Error from slot1_21@e262.chtc.wisc.edu: Job failed to complete in 72 hrs
	Code 21 Subcode 0
...
