000 (15165477.047.000) 2022-02-28 00:26:05 Job submitted from host: <128.105.244.191:9618?addrs=128.105.244.191-9618&alias=submit-1.chtc.wisc.edu&noUDP&sock=schedd_3562897_9248>
...
040 (15165477.047.000) 2022-02-28 00:53:20 Started transferring input files
	Transferring to host: <128.105.68.153:9618?addrs=128.105.68.153-9618&alias=e2012.chtc.wisc.edu&noUDP&sock=slot1_4_29858_6977_34316>
...
040 (15165477.047.000) 2022-02-28 00:53:21 Finished transferring input files
...
001 (15165477.047.000) 2022-02-28 00:53:23 Job executing on host: <128.105.68.153:9618?addrs=128.105.68.153-9618&alias=e2012.chtc.wisc.edu&noUDP&sock=startd_7468_015c>
...
006 (15165477.047.000) 2022-02-28 01:08:57 Image size of job updated: 956
	956  -  MemoryUsage of job (MB)
	979752  -  ResidentSetSize of job (KB)
...
006 (15165477.047.000) 2022-02-28 01:13:58 Image size of job updated: 1170
	1170  -  MemoryUsage of job (MB)
	1198944  -  ResidentSetSize of job (KB)
...
006 (15165477.047.000) 2022-02-28 01:18:59 Image size of job updated: 1425
	1425  -  MemoryUsage of job (MB)
	1459264  -  ResidentSetSize of job (KB)
...
006 (15165477.047.000) 2022-02-28 01:23:59 Image size of job updated: 1829
	1829  -  MemoryUsage of job (MB)
	1873376  -  ResidentSetSize of job (KB)
...
006 (15165477.047.000) 2022-02-28 01:28:59 Image size of job updated: 1918
	1918  -  MemoryUsage of job (MB)
	1964716  -  ResidentSetSize of job (KB)
...
006 (15165477.047.000) 2022-02-28 01:33:59 Image size of job updated: 2010
	2010  -  MemoryUsage of job (MB)
	2058784  -  ResidentSetSize of job (KB)
...
006 (15165477.047.000) 2022-02-28 01:42:17 Image size of job updated: 2061
	2061  -  MemoryUsage of job (MB)
	2110588  -  ResidentSetSize of job (KB)
...
006 (15165477.047.000) 2022-02-28 01:52:09 Image size of job updated: 2608
	2608  -  MemoryUsage of job (MB)
	2670948  -  ResidentSetSize of job (KB)
...
006 (15165477.047.000) 2022-02-28 02:00:02 Image size of job updated: 3139
	3139  -  MemoryUsage of job (MB)
	3214568  -  ResidentSetSize of job (KB)
...
006 (15165477.047.000) 2022-02-28 02:05:03 Image size of job updated: 3465
	3465  -  MemoryUsage of job (MB)
	3548432  -  ResidentSetSize of job (KB)
...
006 (15165477.047.000) 2022-02-28 02:10:03 Image size of job updated: 3537
	3537  -  MemoryUsage of job (MB)
	3622876  -  ResidentSetSize of job (KB)
...
007 (15165477.047.000) 2022-03-03 00:53:23 Shadow exception!
	Error from slot1_4@e2012.chtc.wisc.edu: Job failed to complete in 72 hrs
	0  -  Run Bytes Sent By Job
	131040264  -  Run Bytes Received By Job
...
012 (15165477.047.000) 2022-03-03 00:53:23 Job was held.
	Error from slot1_4@e2012.chtc.wisc.edu: Job failed to complete in 72 hrs
	Code 21 Subcode 0
...
