000 (15165477.046.000) 2022-02-28 00:26:05 Job submitted from host: <128.105.244.191:9618?addrs=128.105.244.191-9618&alias=submit-1.chtc.wisc.edu&noUDP&sock=schedd_3562897_9248>
...
040 (15165477.046.000) 2022-02-28 00:52:22 Started transferring input files
	Transferring to host: <128.105.245.122:9618?addrs=128.105.245.122-9618&alias=e322.chtc.wisc.edu&noUDP&sock=slot1_20_38267_502d_27462>
...
040 (15165477.046.000) 2022-02-28 00:52:23 Finished transferring input files
...
001 (15165477.046.000) 2022-02-28 00:52:24 Job executing on host: <128.105.245.122:9618?addrs=128.105.245.122-9618&alias=e322.chtc.wisc.edu&noUDP&sock=startd_2404_85c3>
...
006 (15165477.046.000) 2022-02-28 00:54:36 Image size of job updated: 50
	50  -  MemoryUsage of job (MB)
	51924  -  ResidentSetSize of job (KB)
...
006 (15165477.046.000) 2022-02-28 00:59:36 Image size of job updated: 1181
	1181  -  MemoryUsage of job (MB)
	1209804  -  ResidentSetSize of job (KB)
...
006 (15165477.046.000) 2022-02-28 01:09:37 Image size of job updated: 1447
	1447  -  MemoryUsage of job (MB)
	1482056  -  ResidentSetSize of job (KB)
...
006 (15165477.046.000) 2022-02-28 01:14:38 Image size of job updated: 1836
	1836  -  MemoryUsage of job (MB)
	1881000  -  ResidentSetSize of job (KB)
...
006 (15165477.046.000) 2022-02-28 01:19:39 Image size of job updated: 1918
	1918  -  MemoryUsage of job (MB)
	1964460  -  ResidentSetSize of job (KB)
...
006 (15165477.046.000) 2022-02-28 01:25:09 Image size of job updated: 2017
	2017  -  MemoryUsage of job (MB)
	2065652  -  ResidentSetSize of job (KB)
...
006 (15165477.046.000) 2022-02-28 01:29:40 Image size of job updated: 2051
	2051  -  MemoryUsage of job (MB)
	2100872  -  ResidentSetSize of job (KB)
...
006 (15165477.046.000) 2022-02-28 01:34:40 Image size of job updated: 2134
	2134  -  MemoryUsage of job (MB)
	2185340  -  ResidentSetSize of job (KB)
...
006 (15165477.046.000) 2022-02-28 01:39:40 Image size of job updated: 2298
	2298  -  MemoryUsage of job (MB)
	2353400  -  ResidentSetSize of job (KB)
...
006 (15165477.046.000) 2022-02-28 01:44:41 Image size of job updated: 2492
	2492  -  MemoryUsage of job (MB)
	2551824  -  ResidentSetSize of job (KB)
...
006 (15165477.046.000) 2022-02-28 01:49:41 Image size of job updated: 2709
	2709  -  MemoryUsage of job (MB)
	2774368  -  ResidentSetSize of job (KB)
...
006 (15165477.046.000) 2022-02-28 01:54:41 Image size of job updated: 2938
	2938  -  MemoryUsage of job (MB)
	3008972  -  ResidentSetSize of job (KB)
...
006 (15165477.046.000) 2022-02-28 01:59:42 Image size of job updated: 3212
	3212  -  MemoryUsage of job (MB)
	3289760  -  ResidentSetSize of job (KB)
...
006 (15165477.046.000) 2022-02-28 02:04:43 Image size of job updated: 3492
	3492  -  MemoryUsage of job (MB)
	3576416  -  ResidentSetSize of job (KB)
...
006 (15165477.046.000) 2022-02-28 02:09:44 Image size of job updated: 3534
	3534  -  MemoryUsage of job (MB)
	3619364  -  ResidentSetSize of job (KB)
...
007 (15165477.046.000) 2022-03-03 00:52:26 Shadow exception!
	Error from slot1_20@e322.chtc.wisc.edu: Job failed to complete in 72 hrs
	0  -  Run Bytes Sent By Job
	131040264  -  Run Bytes Received By Job
...
012 (15165477.046.000) 2022-03-03 00:52:26 Job was held.
	Error from slot1_20@e322.chtc.wisc.edu: Job failed to complete in 72 hrs
	Code 21 Subcode 0
...
