000 (15165477.043.000) 2022-02-28 00:26:05 Job submitted from host: <128.105.244.191:9618?addrs=128.105.244.191-9618&alias=submit-1.chtc.wisc.edu&noUDP&sock=schedd_3562897_9248>
...
040 (15165477.043.000) 2022-02-28 00:51:22 Started transferring input files
	Transferring to host: <128.105.245.62:9618?addrs=128.105.245.62-9618&alias=e262.chtc.wisc.edu&noUDP&sock=slot1_24_10255_533a_27397>
...
040 (15165477.043.000) 2022-02-28 00:51:27 Finished transferring input files
...
001 (15165477.043.000) 2022-02-28 00:51:31 Job executing on host: <128.105.245.62:9618?addrs=128.105.245.62-9618&alias=e262.chtc.wisc.edu&noUDP&sock=startd_7225_53d8>
...
006 (15165477.043.000) 2022-02-28 01:07:09 Image size of job updated: 189
	189  -  MemoryUsage of job (MB)
	193940  -  ResidentSetSize of job (KB)
...
006 (15165477.043.000) 2022-02-28 01:12:09 Image size of job updated: 1170
	1170  -  MemoryUsage of job (MB)
	1198376  -  ResidentSetSize of job (KB)
...
006 (15165477.043.000) 2022-02-28 01:22:11 Image size of job updated: 1480
	1480  -  MemoryUsage of job (MB)
	1515652  -  ResidentSetSize of job (KB)
...
006 (15165477.043.000) 2022-02-28 01:27:12 Image size of job updated: 1876
	1876  -  MemoryUsage of job (MB)
	1921724  -  ResidentSetSize of job (KB)
...
006 (15165477.043.000) 2022-02-28 01:32:12 Image size of job updated: 1921
	1921  -  MemoryUsage of job (MB)
	1968004  -  ResidentSetSize of job (KB)
...
006 (15165477.043.000) 2022-02-28 01:37:48 Image size of job updated: 2021
	2021  -  MemoryUsage of job (MB)
	2070188  -  ResidentSetSize of job (KB)
...
006 (15165477.043.000) 2022-02-28 01:42:14 Image size of job updated: 2062
	2062  -  MemoryUsage of job (MB)
	2112096  -  ResidentSetSize of job (KB)
...
006 (15165477.043.000) 2022-02-28 01:47:14 Image size of job updated: 2187
	2187  -  MemoryUsage of job (MB)
	2240012  -  ResidentSetSize of job (KB)
...
006 (15165477.043.000) 2022-02-28 01:52:15 Image size of job updated: 2405
	2405  -  MemoryUsage of job (MB)
	2463128  -  ResidentSetSize of job (KB)
...
006 (15165477.043.000) 2022-02-28 01:57:16 Image size of job updated: 2607
	2607  -  MemoryUsage of job (MB)
	2670448  -  ResidentSetSize of job (KB)
...
006 (15165477.043.000) 2022-02-28 02:02:16 Image size of job updated: 2817
	2817  -  MemoryUsage of job (MB)
	2885396  -  ResidentSetSize of job (KB)
...
006 (15165477.043.000) 2022-02-28 02:07:17 Image size of job updated: 3106
	3106  -  MemoryUsage of job (MB)
	3181552  -  ResidentSetSize of job (KB)
...
006 (15165477.043.000) 2022-02-28 02:12:17 Image size of job updated: 3430
	3430  -  MemoryUsage of job (MB)
	3513220  -  ResidentSetSize of job (KB)
...
006 (15165477.043.000) 2022-02-28 02:17:18 Image size of job updated: 3535
	3535  -  MemoryUsage of job (MB)
	3620228  -  ResidentSetSize of job (KB)
...
007 (15165477.043.000) 2022-03-03 00:51:25 Shadow exception!
	Error from slot1_24@e262.chtc.wisc.edu: Job failed to complete in 72 hrs
	0  -  Run Bytes Sent By Job
	131040264  -  Run Bytes Received By Job
...
012 (15165477.043.000) 2022-03-03 00:51:25 Job was held.
	Error from slot1_24@e262.chtc.wisc.edu: Job failed to complete in 72 hrs
	Code 21 Subcode 0
...
