000 (15165477.051.000) 2022-02-28 00:26:05 Job submitted from host: <128.105.244.191:9618?addrs=128.105.244.191-9618&alias=submit-1.chtc.wisc.edu&noUDP&sock=schedd_3562897_9248>
...
040 (15165477.051.000) 2022-02-28 00:56:26 Started transferring input files
	Transferring to host: <128.105.68.121:9618?addrs=128.105.68.121-9618&alias=e2447.chtc.wisc.edu&noUDP&sock=slot1_6_35083_e5ac_28734>
...
040 (15165477.051.000) 2022-02-28 00:56:28 Finished transferring input files
...
001 (15165477.051.000) 2022-02-28 00:56:29 Job executing on host: <128.105.68.121:9618?addrs=128.105.68.121-9618&alias=e2447.chtc.wisc.edu&noUDP&sock=startd_2394_a9d1>
...
006 (15165477.051.000) 2022-02-28 00:56:38 Image size of job updated: 71
	71  -  MemoryUsage of job (MB)
	73280  -  ResidentSetSize of job (KB)
...
006 (15165477.051.000) 2022-02-28 01:01:38 Image size of job updated: 1196
	1196  -  MemoryUsage of job (MB)
	1224840  -  ResidentSetSize of job (KB)
...
006 (15165477.051.000) 2022-02-28 01:11:44 Image size of job updated: 1470
	1470  -  MemoryUsage of job (MB)
	1505384  -  ResidentSetSize of job (KB)
...
006 (15165477.051.000) 2022-02-28 01:16:40 Image size of job updated: 1906
	1906  -  MemoryUsage of job (MB)
	1952276  -  ResidentSetSize of job (KB)
...
006 (15165477.051.000) 2022-02-28 01:21:40 Image size of job updated: 1927
	1927  -  MemoryUsage of job (MB)
	1974188  -  ResidentSetSize of job (KB)
...
006 (15165477.051.000) 2022-02-28 01:26:40 Image size of job updated: 2021
	2021  -  MemoryUsage of job (MB)
	2069548  -  ResidentSetSize of job (KB)
...
006 (15165477.051.000) 2022-02-28 01:31:41 Image size of job updated: 2054
	2054  -  MemoryUsage of job (MB)
	2103584  -  ResidentSetSize of job (KB)
...
006 (15165477.051.000) 2022-02-28 01:36:41 Image size of job updated: 2136
	2136  -  MemoryUsage of job (MB)
	2187264  -  ResidentSetSize of job (KB)
...
006 (15165477.051.000) 2022-02-28 01:41:42 Image size of job updated: 2300
	2300  -  MemoryUsage of job (MB)
	2355296  -  ResidentSetSize of job (KB)
...
006 (15165477.051.000) 2022-02-28 01:46:43 Image size of job updated: 2488
	2488  -  MemoryUsage of job (MB)
	2548156  -  ResidentSetSize of job (KB)
...
006 (15165477.051.000) 2022-02-28 01:51:43 Image size of job updated: 2715
	2715  -  MemoryUsage of job (MB)
	2780760  -  ResidentSetSize of job (KB)
...
006 (15165477.051.000) 2022-02-28 01:56:44 Image size of job updated: 2961
	2961  -  MemoryUsage of job (MB)
	3032996  -  ResidentSetSize of job (KB)
...
006 (15165477.051.000) 2022-02-28 02:01:45 Image size of job updated: 3262
	3262  -  MemoryUsage of job (MB)
	3340800  -  ResidentSetSize of job (KB)
...
006 (15165477.051.000) 2022-02-28 02:06:46 Image size of job updated: 3532
	3532  -  MemoryUsage of job (MB)
	3616928  -  ResidentSetSize of job (KB)
...
006 (15165477.051.000) 2022-02-28 02:11:46 Image size of job updated: 3539
	3539  -  MemoryUsage of job (MB)
	3624500  -  ResidentSetSize of job (KB)
...
007 (15165477.051.000) 2022-03-03 00:56:27 Shadow exception!
	Error from slot1_6@e2447.chtc.wisc.edu: Job failed to complete in 72 hrs
	0  -  Run Bytes Sent By Job
	131040264  -  Run Bytes Received By Job
...
012 (15165477.051.000) 2022-03-03 00:56:27 Job was held.
	Error from slot1_6@e2447.chtc.wisc.edu: Job failed to complete in 72 hrs
	Code 21 Subcode 0
...
