000 (15165477.005.000) 2022-02-28 00:26:05 Job submitted from host: <128.105.244.191:9618?addrs=128.105.244.191-9618&alias=submit-1.chtc.wisc.edu&noUDP&sock=schedd_3562897_9248>
...
040 (15165477.005.000) 2022-02-28 00:43:48 Entered queue to transfer input files
	Transferring to host: <128.104.58.198:9618?addrs=128.104.58.198-9618+[2607-f388-1086-0-16fe-b5ff-fec6-7a80]-9618&alias=e1057.chtc.wisc.edu&noUDP&sock=slot1_3_9371_7796_24753>
...
040 (15165477.005.000) 2022-02-28 00:43:50 Started transferring input files
	Seconds spent in queue: 2
...
001 (15165477.005.000) 2022-02-28 00:43:58 Job executing on host: <128.104.58.198:9618?addrs=128.104.58.198-9618+[2607-f388-1086-0-16fe-b5ff-fec6-7a80]-9618&alias=e1057.chtc.wisc.edu&noUDP&sock=startd_4687_787b>
...
040 (15165477.005.000) 2022-02-28 00:43:58 Finished transferring input files
...
006 (15165477.005.000) 2022-02-28 00:56:10 Image size of job updated: 323
	323  -  MemoryUsage of job (MB)
	331636  -  ResidentSetSize of job (KB)
...
006 (15165477.005.000) 2022-02-28 01:01:11 Image size of job updated: 1191
	1191  -  MemoryUsage of job (MB)
	1220184  -  ResidentSetSize of job (KB)
...
006 (15165477.005.000) 2022-02-28 01:06:11 Image size of job updated: 1285
	1285  -  MemoryUsage of job (MB)
	1316360  -  ResidentSetSize of job (KB)
...
006 (15165477.005.000) 2022-02-28 01:11:11 Image size of job updated: 1581
	1581  -  MemoryUsage of job (MB)
	1619000  -  ResidentSetSize of job (KB)
...
006 (15165477.005.000) 2022-02-28 01:16:12 Image size of job updated: 1918
	1918  -  MemoryUsage of job (MB)
	1964032  -  ResidentSetSize of job (KB)
...
006 (15165477.005.000) 2022-02-28 01:21:13 Image size of job updated: 1924
	1924  -  MemoryUsage of job (MB)
	1970596  -  ResidentSetSize of job (KB)
...
006 (15165477.005.000) 2022-02-28 01:26:13 Image size of job updated: 2012
	2012  -  MemoryUsage of job (MB)
	2060540  -  ResidentSetSize of job (KB)
...
006 (15165477.005.000) 2022-02-28 01:32:13 Image size of job updated: 2041
	2041  -  MemoryUsage of job (MB)
	2090080  -  ResidentSetSize of job (KB)
...
006 (15165477.005.000) 2022-02-28 01:36:14 Image size of job updated: 2074
	2074  -  MemoryUsage of job (MB)
	2124264  -  ResidentSetSize of job (KB)
...
006 (15165477.005.000) 2022-02-28 01:41:15 Image size of job updated: 2170
	2170  -  MemoryUsage of job (MB)
	2222992  -  ResidentSetSize of job (KB)
...
006 (15165477.005.000) 2022-02-28 01:46:15 Image size of job updated: 2327
	2327  -  MemoryUsage of job (MB)
	2383480  -  ResidentSetSize of job (KB)
...
006 (15165477.005.000) 2022-02-28 01:51:15 Image size of job updated: 2513
	2513  -  MemoryUsage of job (MB)
	2574268  -  ResidentSetSize of job (KB)
...
006 (15165477.005.000) 2022-02-28 01:56:16 Image size of job updated: 2694
	2694  -  MemoryUsage of job (MB)
	2759548  -  ResidentSetSize of job (KB)
...
006 (15165477.005.000) 2022-02-28 02:01:17 Image size of job updated: 2914
	2914  -  MemoryUsage of job (MB)
	2984176  -  ResidentSetSize of job (KB)
...
006 (15165477.005.000) 2022-02-28 02:06:17 Image size of job updated: 3169
	3169  -  MemoryUsage of job (MB)
	3245784  -  ResidentSetSize of job (KB)
...
006 (15165477.005.000) 2022-02-28 02:11:17 Image size of job updated: 3423
	3423  -  MemoryUsage of job (MB)
	3505900  -  ResidentSetSize of job (KB)
...
006 (15165477.005.000) 2022-02-28 02:16:18 Image size of job updated: 3582
	3582  -  MemoryUsage of job (MB)
	3668812  -  ResidentSetSize of job (KB)
...
007 (15165477.005.000) 2022-03-03 00:43:46 Shadow exception!
	Error from slot1_3@e1057.chtc.wisc.edu: Job failed to complete in 72 hrs
	0  -  Run Bytes Sent By Job
	131040264  -  Run Bytes Received By Job
...
012 (15165477.005.000) 2022-03-03 00:43:50 Job was held.
	Error from slot1_3@e1057.chtc.wisc.edu: Job failed to complete in 72 hrs
	Code 21 Subcode 0
...
