000 (15165477.053.000) 2022-02-28 00:26:05 Job submitted from host: <128.105.244.191:9618?addrs=128.105.244.191-9618&alias=submit-1.chtc.wisc.edu&noUDP&sock=schedd_3562897_9248>
...
040 (15165477.053.000) 2022-02-28 00:57:38 Started transferring input files
	Transferring to host: <128.105.245.130:9618?addrs=128.105.245.130-9618&alias=e2330.chtc.wisc.edu&noUDP&sock=slot1_3_39457_c69e_28181>
...
001 (15165477.053.000) 2022-02-28 00:57:41 Job executing on host: <128.105.245.130:9618?addrs=128.105.245.130-9618&alias=e2330.chtc.wisc.edu&noUDP&sock=startd_2353_8a6f>
...
040 (15165477.053.000) 2022-02-28 00:57:41 Finished transferring input files
...
006 (15165477.053.000) 2022-02-28 01:02:50 Image size of job updated: 1169
	1169  -  MemoryUsage of job (MB)
	1197688  -  ResidentSetSize of job (KB)
...
006 (15165477.053.000) 2022-02-28 01:13:18 Image size of job updated: 1429
	1429  -  MemoryUsage of job (MB)
	1463580  -  ResidentSetSize of job (KB)
...
006 (15165477.053.000) 2022-02-28 01:17:52 Image size of job updated: 1695
	1695  -  MemoryUsage of job (MB)
	1735872  -  ResidentSetSize of job (KB)
...
006 (15165477.053.000) 2022-02-28 01:22:53 Image size of job updated: 1917
	1917  -  MemoryUsage of job (MB)
	1963716  -  ResidentSetSize of job (KB)
...
006 (15165477.053.000) 2022-02-28 01:27:54 Image size of job updated: 2028
	2028  -  MemoryUsage of job (MB)
	2077164  -  ResidentSetSize of job (KB)
...
006 (15165477.053.000) 2022-02-28 01:32:55 Image size of job updated: 2072
	2072  -  MemoryUsage of job (MB)
	2122640  -  ResidentSetSize of job (KB)
...
006 (15165477.053.000) 2022-02-28 01:37:55 Image size of job updated: 2165
	2165  -  MemoryUsage of job (MB)
	2217408  -  ResidentSetSize of job (KB)
...
006 (15165477.053.000) 2022-02-28 01:42:56 Image size of job updated: 2361
	2361  -  MemoryUsage of job (MB)
	2418596  -  ResidentSetSize of job (KB)
...
006 (15165477.053.000) 2022-02-28 01:47:58 Image size of job updated: 2589
	2589  -  MemoryUsage of job (MB)
	2651736  -  ResidentSetSize of job (KB)
...
006 (15165477.053.000) 2022-02-28 01:52:58 Image size of job updated: 2806
	2806  -  MemoryUsage of job (MB)
	2874256  -  ResidentSetSize of job (KB)
...
006 (15165477.053.000) 2022-02-28 01:57:58 Image size of job updated: 3081
	3081  -  MemoryUsage of job (MB)
	3155576  -  ResidentSetSize of job (KB)
...
006 (15165477.053.000) 2022-02-28 02:02:58 Image size of job updated: 3378
	3378  -  MemoryUsage of job (MB)
	3459716  -  ResidentSetSize of job (KB)
...
006 (15165477.053.000) 2022-02-28 02:07:58 Image size of job updated: 3529
	3529  -  MemoryUsage of job (MB)
	3614684  -  ResidentSetSize of job (KB)
...
007 (15165477.053.000) 2022-03-03 00:57:37 Shadow exception!
	Error from slot1_3@e2330.chtc.wisc.edu: Job failed to complete in 72 hrs
	0  -  Run Bytes Sent By Job
	131040264  -  Run Bytes Received By Job
...
012 (15165477.053.000) 2022-03-03 00:57:37 Job was held.
	Error from slot1_3@e2330.chtc.wisc.edu: Job failed to complete in 72 hrs
	Code 21 Subcode 0
...
