000 (15165477.054.000) 2022-02-28 00:26:05 Job submitted from host: <128.105.244.191:9618?addrs=128.105.244.191-9618&alias=submit-1.chtc.wisc.edu&noUDP&sock=schedd_3562897_9248>
...
040 (15165477.054.000) 2022-02-28 00:57:41 Started transferring input files
	Transferring to host: <128.105.245.130:9618?addrs=128.105.245.130-9618&alias=e2330.chtc.wisc.edu&noUDP&sock=slot1_18_39457_c69e_28182>
...
040 (15165477.054.000) 2022-02-28 00:57:45 Finished transferring input files
...
001 (15165477.054.000) 2022-02-28 00:57:50 Job executing on host: <128.105.245.130:9618?addrs=128.105.245.130-9618&alias=e2330.chtc.wisc.edu&noUDP&sock=startd_2353_8a6f>
...
006 (15165477.054.000) 2022-02-28 00:57:59 Image size of job updated: 42
	42  -  MemoryUsage of job (MB)
	43616  -  ResidentSetSize of job (KB)
...
006 (15165477.054.000) 2022-02-28 01:03:00 Image size of job updated: 1170
	1170  -  MemoryUsage of job (MB)
	1198600  -  ResidentSetSize of job (KB)
...
006 (15165477.054.000) 2022-02-28 01:13:21 Image size of job updated: 1427
	1427  -  MemoryUsage of job (MB)
	1461968  -  ResidentSetSize of job (KB)
...
006 (15165477.054.000) 2022-02-28 01:18:03 Image size of job updated: 1836
	1836  -  MemoryUsage of job (MB)
	1880192  -  ResidentSetSize of job (KB)
...
006 (15165477.054.000) 2022-02-28 01:23:04 Image size of job updated: 1917
	1917  -  MemoryUsage of job (MB)
	1963212  -  ResidentSetSize of job (KB)
...
006 (15165477.054.000) 2022-02-28 01:28:05 Image size of job updated: 2018
	2018  -  MemoryUsage of job (MB)
	2066648  -  ResidentSetSize of job (KB)
...
006 (15165477.054.000) 2022-02-28 01:33:21 Image size of job updated: 2059
	2059  -  MemoryUsage of job (MB)
	2108616  -  ResidentSetSize of job (KB)
...
006 (15165477.054.000) 2022-02-28 01:38:06 Image size of job updated: 2156
	2156  -  MemoryUsage of job (MB)
	2208640  -  ResidentSetSize of job (KB)
...
006 (15165477.054.000) 2022-02-28 01:43:07 Image size of job updated: 2324
	2324  -  MemoryUsage of job (MB)
	2380688  -  ResidentSetSize of job (KB)
...
006 (15165477.054.000) 2022-02-28 01:48:08 Image size of job updated: 2541
	2541  -  MemoryUsage of job (MB)
	2602260  -  ResidentSetSize of job (KB)
...
006 (15165477.054.000) 2022-02-28 01:53:08 Image size of job updated: 2744
	2744  -  MemoryUsage of job (MB)
	2809928  -  ResidentSetSize of job (KB)
...
006 (15165477.054.000) 2022-02-28 01:58:08 Image size of job updated: 3001
	3001  -  MemoryUsage of job (MB)
	3073152  -  ResidentSetSize of job (KB)
...
006 (15165477.054.000) 2022-02-28 02:03:09 Image size of job updated: 3296
	3296  -  MemoryUsage of job (MB)
	3375164  -  ResidentSetSize of job (KB)
...
006 (15165477.054.000) 2022-02-28 02:08:10 Image size of job updated: 3531
	3531  -  MemoryUsage of job (MB)
	3615832  -  ResidentSetSize of job (KB)
...
006 (15165477.054.000) 2022-02-28 02:13:11 Image size of job updated: 3531
	3531  -  MemoryUsage of job (MB)
	3616032  -  ResidentSetSize of job (KB)
...
007 (15165477.054.000) 2022-03-03 00:57:42 Shadow exception!
	Error from slot1_18@e2330.chtc.wisc.edu: Job failed to complete in 72 hrs
	0  -  Run Bytes Sent By Job
	131040264  -  Run Bytes Received By Job
...
012 (15165477.054.000) 2022-03-03 00:57:42 Job was held.
	Error from slot1_18@e2330.chtc.wisc.edu: Job failed to complete in 72 hrs
	Code 21 Subcode 0
...
