000 (15165477.057.000) 2022-02-28 00:26:05 Job submitted from host: <128.105.244.191:9618?addrs=128.105.244.191-9618&alias=submit-1.chtc.wisc.edu&noUDP&sock=schedd_3562897_9248>
...
040 (15165477.057.000) 2022-02-28 00:58:41 Started transferring input files
	Transferring to host: <128.105.245.106:9618?addrs=128.105.245.106-9618&alias=e2306.chtc.wisc.edu&noUDP&sock=slot1_5_13486_db5d_25702>
...
001 (15165477.057.000) 2022-02-28 00:58:50 Job executing on host: <128.105.245.106:9618?addrs=128.105.245.106-9618&alias=e2306.chtc.wisc.edu&noUDP&sock=startd_12776_da10>
...
040 (15165477.057.000) 2022-02-28 00:58:50 Finished transferring input files
...
006 (15165477.057.000) 2022-02-28 01:09:41 Image size of job updated: 303
	303  -  MemoryUsage of job (MB)
	310344  -  ResidentSetSize of job (KB)
...
006 (15165477.057.000) 2022-02-28 01:14:41 Image size of job updated: 1201
	1201  -  MemoryUsage of job (MB)
	1230360  -  ResidentSetSize of job (KB)
...
006 (15165477.057.000) 2022-02-28 01:19:42 Image size of job updated: 1323
	1323  -  MemoryUsage of job (MB)
	1355628  -  ResidentSetSize of job (KB)
...
006 (15165477.057.000) 2022-02-28 01:24:43 Image size of job updated: 1593
	1593  -  MemoryUsage of job (MB)
	1631828  -  ResidentSetSize of job (KB)
...
006 (15165477.057.000) 2022-02-28 01:30:19 Image size of job updated: 1879
	1879  -  MemoryUsage of job (MB)
	1924448  -  ResidentSetSize of job (KB)
...
006 (15165477.057.000) 2022-02-28 01:34:43 Image size of job updated: 1920
	1920  -  MemoryUsage of job (MB)
	1966548  -  ResidentSetSize of job (KB)
...
006 (15165477.057.000) 2022-02-28 01:39:43 Image size of job updated: 2015
	2015  -  MemoryUsage of job (MB)
	2063876  -  ResidentSetSize of job (KB)
...
006 (15165477.057.000) 2022-02-28 01:44:43 Image size of job updated: 2048
	2048  -  MemoryUsage of job (MB)
	2097256  -  ResidentSetSize of job (KB)
...
006 (15165477.057.000) 2022-02-28 01:49:43 Image size of job updated: 2114
	2114  -  MemoryUsage of job (MB)
	2165476  -  ResidentSetSize of job (KB)
...
006 (15165477.057.000) 2022-02-28 01:54:44 Image size of job updated: 2255
	2255  -  MemoryUsage of job (MB)
	2309764  -  ResidentSetSize of job (KB)
...
006 (15165477.057.000) 2022-02-28 01:59:45 Image size of job updated: 2427
	2427  -  MemoryUsage of job (MB)
	2486068  -  ResidentSetSize of job (KB)
...
006 (15165477.057.000) 2022-02-28 02:04:45 Image size of job updated: 2586
	2586  -  MemoryUsage of job (MB)
	2648612  -  ResidentSetSize of job (KB)
...
006 (15165477.057.000) 2022-02-28 02:09:45 Image size of job updated: 2765
	2765  -  MemoryUsage of job (MB)
	2831764  -  ResidentSetSize of job (KB)
...
006 (15165477.057.000) 2022-02-28 02:14:45 Image size of job updated: 2955
	2955  -  MemoryUsage of job (MB)
	3026684  -  ResidentSetSize of job (KB)
...
006 (15165477.057.000) 2022-02-28 02:19:45 Image size of job updated: 3190
	3190  -  MemoryUsage of job (MB)
	3267164  -  ResidentSetSize of job (KB)
...
006 (15165477.057.000) 2022-02-28 02:24:45 Image size of job updated: 3418
	3418  -  MemoryUsage of job (MB)
	3500692  -  ResidentSetSize of job (KB)
...
006 (15165477.057.000) 2022-02-28 02:29:46 Image size of job updated: 3528
	3528  -  MemoryUsage of job (MB)
	3613692  -  ResidentSetSize of job (KB)
...
007 (15165477.057.000) 2022-03-03 00:58:40 Shadow exception!
	Error from slot1_5@e2306.chtc.wisc.edu: Job failed to complete in 72 hrs
	0  -  Run Bytes Sent By Job
	131040264  -  Run Bytes Received By Job
...
012 (15165477.057.000) 2022-03-03 00:58:40 Job was held.
	Error from slot1_5@e2306.chtc.wisc.edu: Job failed to complete in 72 hrs
	Code 21 Subcode 0
...
