000 (15165477.055.000) 2022-02-28 00:26:05 Job submitted from host: <128.105.244.191:9618?addrs=128.105.244.191-9618&alias=submit-1.chtc.wisc.edu&noUDP&sock=schedd_3562897_9248>
...
040 (15165477.055.000) 2022-02-28 00:57:41 Started transferring input files
	Transferring to host: <128.105.245.130:9618?addrs=128.105.245.130-9618&alias=e2330.chtc.wisc.edu&noUDP&sock=slot1_21_39457_c69e_28183>
...
040 (15165477.055.000) 2022-02-28 00:57:46 Finished transferring input files
...
001 (15165477.055.000) 2022-02-28 00:57:50 Job executing on host: <128.105.245.130:9618?addrs=128.105.245.130-9618&alias=e2330.chtc.wisc.edu&noUDP&sock=startd_2353_8a6f>
...
006 (15165477.055.000) 2022-02-28 00:57:59 Image size of job updated: 58
	58  -  MemoryUsage of job (MB)
	59848  -  ResidentSetSize of job (KB)
...
006 (15165477.055.000) 2022-02-28 01:03:00 Image size of job updated: 1170
	1170  -  MemoryUsage of job (MB)
	1198632  -  ResidentSetSize of job (KB)
...
006 (15165477.055.000) 2022-02-28 01:13:21 Image size of job updated: 1468
	1468  -  MemoryUsage of job (MB)
	1503784  -  ResidentSetSize of job (KB)
...
006 (15165477.055.000) 2022-02-28 01:18:03 Image size of job updated: 1740
	1740  -  MemoryUsage of job (MB)
	1782192  -  ResidentSetSize of job (KB)
...
006 (15165477.055.000) 2022-02-28 01:23:04 Image size of job updated: 1909
	1909  -  MemoryUsage of job (MB)
	1955344  -  ResidentSetSize of job (KB)
...
006 (15165477.055.000) 2022-02-28 01:28:05 Image size of job updated: 2012
	2012  -  MemoryUsage of job (MB)
	2060900  -  ResidentSetSize of job (KB)
...
006 (15165477.055.000) 2022-02-28 01:33:06 Image size of job updated: 2060
	2060  -  MemoryUsage of job (MB)
	2110192  -  ResidentSetSize of job (KB)
...
006 (15165477.055.000) 2022-02-28 01:38:06 Image size of job updated: 2177
	2177  -  MemoryUsage of job (MB)
	2229900  -  ResidentSetSize of job (KB)
...
006 (15165477.055.000) 2022-02-28 01:43:07 Image size of job updated: 2418
	2418  -  MemoryUsage of job (MB)
	2476136  -  ResidentSetSize of job (KB)
...
006 (15165477.055.000) 2022-02-28 01:48:08 Image size of job updated: 2643
	2643  -  MemoryUsage of job (MB)
	2706972  -  ResidentSetSize of job (KB)
...
006 (15165477.055.000) 2022-02-28 01:53:08 Image size of job updated: 2864
	2864  -  MemoryUsage of job (MB)
	2932748  -  ResidentSetSize of job (KB)
...
006 (15165477.055.000) 2022-02-28 01:58:08 Image size of job updated: 3141
	3141  -  MemoryUsage of job (MB)
	3216816  -  ResidentSetSize of job (KB)
...
006 (15165477.055.000) 2022-02-28 02:03:09 Image size of job updated: 3441
	3441  -  MemoryUsage of job (MB)
	3524452  -  ResidentSetSize of job (KB)
...
006 (15165477.055.000) 2022-02-28 02:08:10 Image size of job updated: 3535
	3535  -  MemoryUsage of job (MB)
	3620356  -  ResidentSetSize of job (KB)
...
022 (15165477.055.000) 2022-02-28 10:04:27 Job disconnected, attempting to reconnect
    Socket between submit and execute hosts closed unexpectedly
    Trying to reconnect to slot1_21@e2330.chtc.wisc.edu <128.105.245.130:9618?addrs=128.105.245.130-9618&alias=e2330.chtc.wisc.edu&noUDP&sock=startd_2353_8a6f>
...
023 (15165477.055.000) 2022-02-28 10:04:29 Job reconnected to slot1_21@e2330.chtc.wisc.edu
    startd address: <128.105.245.130:9618?addrs=128.105.245.130-9618&alias=e2330.chtc.wisc.edu&noUDP&sock=startd_2353_8a6f>
    starter address: <128.105.245.130:9618?addrs=128.105.245.130-9618&alias=e2330.chtc.wisc.edu&noUDP&sock=slot1_21_39457_c69e_28183>
...
007 (15165477.055.000) 2022-03-03 00:57:42 Shadow exception!
	Error from slot1_21@e2330.chtc.wisc.edu: Job failed to complete in 72 hrs
	0  -  Run Bytes Sent By Job
	131040264  -  Run Bytes Received By Job
...
012 (15165477.055.000) 2022-03-03 00:57:42 Job was held.
	Error from slot1_21@e2330.chtc.wisc.edu: Job failed to complete in 72 hrs
	Code 21 Subcode 0
...
