000 (15165477.006.000) 2022-02-28 00:26:05 Job submitted from host: <128.105.244.191:9618?addrs=128.105.244.191-9618&alias=submit-1.chtc.wisc.edu&noUDP&sock=schedd_3562897_9248>
...
040 (15165477.006.000) 2022-02-28 00:43:49 Started transferring input files
	Transferring to host: <128.105.245.198:9618?addrs=128.105.245.198-9618&alias=e2398.chtc.wisc.edu&noUDP&sock=slot1_22_19764_469d_29238>
...
001 (15165477.006.000) 2022-02-28 00:43:58 Job executing on host: <128.105.245.198:9618?addrs=128.105.245.198-9618&alias=e2398.chtc.wisc.edu&noUDP&sock=startd_2358_f868>
...
040 (15165477.006.000) 2022-02-28 00:43:58 Finished transferring input files
...
006 (15165477.006.000) 2022-02-28 01:04:09 Image size of job updated: 273
	273  -  MemoryUsage of job (MB)
	280444  -  ResidentSetSize of job (KB)
...
006 (15165477.006.000) 2022-02-28 01:09:10 Image size of job updated: 1169
	1169  -  MemoryUsage of job (MB)
	1197364  -  ResidentSetSize of job (KB)
...
006 (15165477.006.000) 2022-02-28 01:14:25 Image size of job updated: 1440
	1440  -  MemoryUsage of job (MB)
	1475264  -  ResidentSetSize of job (KB)
...
006 (15165477.006.000) 2022-02-28 01:19:10 Image size of job updated: 1834
	1834  -  MemoryUsage of job (MB)
	1878412  -  ResidentSetSize of job (KB)
...
006 (15165477.006.000) 2022-02-28 01:24:10 Image size of job updated: 1916
	1916  -  MemoryUsage of job (MB)
	1962664  -  ResidentSetSize of job (KB)
...
006 (15165477.006.000) 2022-02-28 01:29:10 Image size of job updated: 2008
	2008  -  MemoryUsage of job (MB)
	2056396  -  ResidentSetSize of job (KB)
...
006 (15165477.006.000) 2022-02-28 01:34:10 Image size of job updated: 2041
	2041  -  MemoryUsage of job (MB)
	2090192  -  ResidentSetSize of job (KB)
...
006 (15165477.006.000) 2022-02-28 01:39:10 Image size of job updated: 2100
	2100  -  MemoryUsage of job (MB)
	2150808  -  ResidentSetSize of job (KB)
...
006 (15165477.006.000) 2022-02-28 01:44:11 Image size of job updated: 2255
	2255  -  MemoryUsage of job (MB)
	2309964  -  ResidentSetSize of job (KB)
...
006 (15165477.006.000) 2022-02-28 01:49:12 Image size of job updated: 2458
	2458  -  MemoryUsage of job (MB)
	2517192  -  ResidentSetSize of job (KB)
...
006 (15165477.006.000) 2022-02-28 01:54:13 Image size of job updated: 2656
	2656  -  MemoryUsage of job (MB)
	2720472  -  ResidentSetSize of job (KB)
...
006 (15165477.006.000) 2022-02-28 01:59:14 Image size of job updated: 2887
	2887  -  MemoryUsage of job (MB)
	2956796  -  ResidentSetSize of job (KB)
...
006 (15165477.006.000) 2022-02-28 02:04:14 Image size of job updated: 3180
	3180  -  MemoryUsage of job (MB)
	3256880  -  ResidentSetSize of job (KB)
...
006 (15165477.006.000) 2022-02-28 02:09:15 Image size of job updated: 3471
	3471  -  MemoryUsage of job (MB)
	3554552  -  ResidentSetSize of job (KB)
...
006 (15165477.006.000) 2022-02-28 02:14:16 Image size of job updated: 3537
	3537  -  MemoryUsage of job (MB)
	3622068  -  ResidentSetSize of job (KB)
...
007 (15165477.006.000) 2022-03-03 00:43:49 Shadow exception!
	Error from slot1_22@e2398.chtc.wisc.edu: Job failed to complete in 72 hrs
	0  -  Run Bytes Sent By Job
	131040264  -  Run Bytes Received By Job
...
012 (15165477.006.000) 2022-03-03 00:43:57 Job was held.
	Error from slot1_22@e2398.chtc.wisc.edu: Job failed to complete in 72 hrs
	Code 21 Subcode 0
...
