000 (15165477.067.000) 2022-02-28 00:26:05 Job submitted from host: <128.105.244.191:9618?addrs=128.105.244.191-9618&alias=submit-1.chtc.wisc.edu&noUDP&sock=schedd_3562897_9248>
...
040 (15165477.067.000) 2022-02-28 00:58:50 Started transferring input files
	Transferring to host: <128.105.245.106:9618?addrs=128.105.245.106-9618&alias=e2306.chtc.wisc.edu&noUDP&sock=slot1_26_13486_db5d_25707>
...
040 (15165477.067.000) 2022-02-28 00:58:58 Finished transferring input files
...
001 (15165477.067.000) 2022-02-28 00:59:02 Job executing on host: <128.105.245.106:9618?addrs=128.105.245.106-9618&alias=e2306.chtc.wisc.edu&noUDP&sock=startd_12776_da10>
...
006 (15165477.067.000) 2022-02-28 01:10:07 Image size of job updated: 358
	358  -  MemoryUsage of job (MB)
	366736  -  ResidentSetSize of job (KB)
...
006 (15165477.067.000) 2022-02-28 01:15:27 Image size of job updated: 1190
	1190  -  MemoryUsage of job (MB)
	1219280  -  ResidentSetSize of job (KB)
...
006 (15165477.067.000) 2022-02-28 01:20:08 Image size of job updated: 1369
	1369  -  MemoryUsage of job (MB)
	1402628  -  ResidentSetSize of job (KB)
...
006 (15165477.067.000) 2022-02-28 01:25:09 Image size of job updated: 1615
	1615  -  MemoryUsage of job (MB)
	1654280  -  ResidentSetSize of job (KB)
...
006 (15165477.067.000) 2022-02-28 01:30:09 Image size of job updated: 1912
	1912  -  MemoryUsage of job (MB)
	1958588  -  ResidentSetSize of job (KB)
...
006 (15165477.067.000) 2022-02-28 01:35:09 Image size of job updated: 1938
	1938  -  MemoryUsage of job (MB)
	1985232  -  ResidentSetSize of job (KB)
...
006 (15165477.067.000) 2022-02-28 01:40:09 Image size of job updated: 2009
	2009  -  MemoryUsage of job (MB)
	2058176  -  ResidentSetSize of job (KB)
...
006 (15165477.067.000) 2022-02-28 01:45:10 Image size of job updated: 2043
	2043  -  MemoryUsage of job (MB)
	2092324  -  ResidentSetSize of job (KB)
...
006 (15165477.067.000) 2022-02-28 01:50:11 Image size of job updated: 2115
	2115  -  MemoryUsage of job (MB)
	2166704  -  ResidentSetSize of job (KB)
...
006 (15165477.067.000) 2022-02-28 01:55:11 Image size of job updated: 2231
	2231  -  MemoryUsage of job (MB)
	2285436  -  ResidentSetSize of job (KB)
...
006 (15165477.067.000) 2022-02-28 02:00:12 Image size of job updated: 2394
	2394  -  MemoryUsage of job (MB)
	2452052  -  ResidentSetSize of job (KB)
...
006 (15165477.067.000) 2022-02-28 02:05:12 Image size of job updated: 2564
	2564  -  MemoryUsage of job (MB)
	2625876  -  ResidentSetSize of job (KB)
...
006 (15165477.067.000) 2022-02-28 02:10:12 Image size of job updated: 2733
	2733  -  MemoryUsage of job (MB)
	2799280  -  ResidentSetSize of job (KB)
...
006 (15165477.067.000) 2022-02-28 02:15:13 Image size of job updated: 2938
	2938  -  MemoryUsage of job (MB)
	3009376  -  ResidentSetSize of job (KB)
...
006 (15165477.067.000) 2022-02-28 02:20:14 Image size of job updated: 3170
	3170  -  MemoryUsage of job (MB)
	3246712  -  ResidentSetSize of job (KB)
...
006 (15165477.067.000) 2022-02-28 02:25:15 Image size of job updated: 3400
	3400  -  MemoryUsage of job (MB)
	3482596  -  ResidentSetSize of job (KB)
...
006 (15165477.067.000) 2022-02-28 02:30:16 Image size of job updated: 3534
	3534  -  MemoryUsage of job (MB)
	3619588  -  ResidentSetSize of job (KB)
...
007 (15165477.067.000) 2022-03-03 00:58:50 Shadow exception!
	Error from slot1_26@e2306.chtc.wisc.edu: Job failed to complete in 72 hrs
	0  -  Run Bytes Sent By Job
	131040264  -  Run Bytes Received By Job
...
012 (15165477.067.000) 2022-03-03 00:58:51 Job was held.
	Error from slot1_26@e2306.chtc.wisc.edu: Job failed to complete in 72 hrs
	Code 21 Subcode 0
...
