000 (15165477.064.000) 2022-02-28 00:26:05 Job submitted from host: <128.105.244.191:9618?addrs=128.105.244.191-9618&alias=submit-1.chtc.wisc.edu&noUDP&sock=schedd_3562897_9248>
...
040 (15165477.064.000) 2022-02-28 00:58:49 Entered queue to transfer input files
	Transferring to host: <128.105.245.199:9618?addrs=128.105.245.199-9618&alias=e2399.chtc.wisc.edu&noUDP&sock=slot1_26_24939_880f_27428>
...
040 (15165477.064.000) 2022-02-28 00:58:51 Started transferring input files
	Seconds spent in queue: 2
...
040 (15165477.064.000) 2022-02-28 00:58:58 Finished transferring input files
...
001 (15165477.064.000) 2022-02-28 00:59:02 Job executing on host: <128.105.245.199:9618?addrs=128.105.245.199-9618&alias=e2399.chtc.wisc.edu&noUDP&sock=startd_2794_07b3>
...
006 (15165477.064.000) 2022-02-28 01:00:40 Image size of job updated: 59
	59  -  MemoryUsage of job (MB)
	60592  -  ResidentSetSize of job (KB)
...
006 (15165477.064.000) 2022-02-28 01:05:41 Image size of job updated: 1024
	1024  -  MemoryUsage of job (MB)
	1048680  -  ResidentSetSize of job (KB)
...
006 (15165477.064.000) 2022-02-28 01:10:41 Image size of job updated: 1190
	1190  -  MemoryUsage of job (MB)
	1218960  -  ResidentSetSize of job (KB)
...
006 (15165477.064.000) 2022-02-28 01:18:31 Image size of job updated: 1338
	1338  -  MemoryUsage of job (MB)
	1370972  -  ResidentSetSize of job (KB)
...
006 (15165477.064.000) 2022-02-28 01:26:58 Image size of job updated: 1892
	1892  -  MemoryUsage of job (MB)
	1938060  -  ResidentSetSize of job (KB)
...
006 (15165477.064.000) 2022-02-28 01:34:52 Image size of job updated: 2009
	2009  -  MemoryUsage of job (MB)
	2057508  -  ResidentSetSize of job (KB)
...
006 (15165477.064.000) 2022-02-28 01:42:22 Image size of job updated: 2057
	2057  -  MemoryUsage of job (MB)
	2106652  -  ResidentSetSize of job (KB)
...
006 (15165477.064.000) 2022-02-28 01:47:33 Image size of job updated: 2126
	2126  -  MemoryUsage of job (MB)
	2177880  -  ResidentSetSize of job (KB)
...
006 (15165477.064.000) 2022-02-28 01:52:33 Image size of job updated: 2225
	2225  -  MemoryUsage of job (MB)
	2278404  -  ResidentSetSize of job (KB)
...
006 (15165477.064.000) 2022-02-28 01:57:34 Image size of job updated: 2352
	2352  -  MemoryUsage of job (MB)
	2408760  -  ResidentSetSize of job (KB)
...
006 (15165477.064.000) 2022-02-28 02:02:35 Image size of job updated: 2476
	2476  -  MemoryUsage of job (MB)
	2535896  -  ResidentSetSize of job (KB)
...
006 (15165477.064.000) 2022-02-28 02:07:36 Image size of job updated: 2628
	2628  -  MemoryUsage of job (MB)
	2691928  -  ResidentSetSize of job (KB)
...
006 (15165477.064.000) 2022-02-28 02:12:36 Image size of job updated: 2754
	2754  -  MemoryUsage of job (MB)
	2820408  -  ResidentSetSize of job (KB)
...
006 (15165477.064.000) 2022-02-28 02:17:36 Image size of job updated: 2918
	2918  -  MemoryUsage of job (MB)
	2988672  -  ResidentSetSize of job (KB)
...
006 (15165477.064.000) 2022-02-28 02:22:36 Image size of job updated: 3112
	3112  -  MemoryUsage of job (MB)
	3186736  -  ResidentSetSize of job (KB)
...
006 (15165477.064.000) 2022-02-28 02:27:37 Image size of job updated: 3295
	3295  -  MemoryUsage of job (MB)
	3374572  -  ResidentSetSize of job (KB)
...
006 (15165477.064.000) 2022-02-28 02:32:37 Image size of job updated: 3495
	3495  -  MemoryUsage of job (MB)
	3579172  -  ResidentSetSize of job (KB)
...
006 (15165477.064.000) 2022-02-28 02:37:38 Image size of job updated: 3532
	3532  -  MemoryUsage of job (MB)
	3617280  -  ResidentSetSize of job (KB)
...
007 (15165477.064.000) 2022-03-03 00:58:49 Shadow exception!
	Error from slot1_26@e2399.chtc.wisc.edu: Job failed to complete in 72 hrs
	0  -  Run Bytes Sent By Job
	131040264  -  Run Bytes Received By Job
...
012 (15165477.064.000) 2022-03-03 00:58:50 Job was held.
	Error from slot1_26@e2399.chtc.wisc.edu: Job failed to complete in 72 hrs
	Code 21 Subcode 0
...
