000 (15165477.063.000) 2022-02-28 00:26:05 Job submitted from host: <128.105.244.191:9618?addrs=128.105.244.191-9618&alias=submit-1.chtc.wisc.edu&noUDP&sock=schedd_3562897_9248>
...
040 (15165477.063.000) 2022-02-28 00:58:49 Entered queue to transfer input files
	Transferring to host: <128.105.245.106:9618?addrs=128.105.245.106-9618&alias=e2306.chtc.wisc.edu&noUDP&sock=slot1_22_13486_db5d_25705>
...
040 (15165477.063.000) 2022-02-28 00:58:50 Started transferring input files
	Seconds spent in queue: 1
...
040 (15165477.063.000) 2022-02-28 00:58:57 Finished transferring input files
...
001 (15165477.063.000) 2022-02-28 00:59:01 Job executing on host: <128.105.245.106:9618?addrs=128.105.245.106-9618&alias=e2306.chtc.wisc.edu&noUDP&sock=startd_12776_da10>
...
006 (15165477.063.000) 2022-02-28 01:10:04 Image size of job updated: 344
	344  -  MemoryUsage of job (MB)
	352596  -  ResidentSetSize of job (KB)
...
006 (15165477.063.000) 2022-02-28 01:16:43 Image size of job updated: 1167
	1167  -  MemoryUsage of job (MB)
	1195992  -  ResidentSetSize of job (KB)
...
006 (15165477.063.000) 2022-02-28 01:21:38 Image size of job updated: 1397
	1397  -  MemoryUsage of job (MB)
	1431548  -  ResidentSetSize of job (KB)
...
006 (15165477.063.000) 2022-02-28 01:26:39 Image size of job updated: 1663
	1663  -  MemoryUsage of job (MB)
	1703124  -  ResidentSetSize of job (KB)
...
006 (15165477.063.000) 2022-02-28 01:31:39 Image size of job updated: 1904
	1904  -  MemoryUsage of job (MB)
	1950272  -  ResidentSetSize of job (KB)
...
006 (15165477.063.000) 2022-02-28 01:36:40 Image size of job updated: 1978
	1978  -  MemoryUsage of job (MB)
	2026208  -  ResidentSetSize of job (KB)
...
006 (15165477.063.000) 2022-02-28 01:41:41 Image size of job updated: 2026
	2026  -  MemoryUsage of job (MB)
	2074676  -  ResidentSetSize of job (KB)
...
006 (15165477.063.000) 2022-02-28 01:46:42 Image size of job updated: 2063
	2063  -  MemoryUsage of job (MB)
	2112652  -  ResidentSetSize of job (KB)
...
006 (15165477.063.000) 2022-02-28 01:51:43 Image size of job updated: 2141
	2141  -  MemoryUsage of job (MB)
	2192392  -  ResidentSetSize of job (KB)
...
006 (15165477.063.000) 2022-02-28 01:56:44 Image size of job updated: 2288
	2288  -  MemoryUsage of job (MB)
	2343424  -  ResidentSetSize of job (KB)
...
006 (15165477.063.000) 2022-02-28 02:01:44 Image size of job updated: 2450
	2450  -  MemoryUsage of job (MB)
	2509368  -  ResidentSetSize of job (KB)
...
006 (15165477.063.000) 2022-02-28 02:06:45 Image size of job updated: 2619
	2619  -  MemoryUsage of job (MB)
	2682276  -  ResidentSetSize of job (KB)
...
006 (15165477.063.000) 2022-02-28 02:11:45 Image size of job updated: 2791
	2791  -  MemoryUsage of job (MB)
	2858252  -  ResidentSetSize of job (KB)
...
006 (15165477.063.000) 2022-02-28 02:16:46 Image size of job updated: 3020
	3020  -  MemoryUsage of job (MB)
	3092680  -  ResidentSetSize of job (KB)
...
006 (15165477.063.000) 2022-02-28 02:21:46 Image size of job updated: 3252
	3252  -  MemoryUsage of job (MB)
	3330232  -  ResidentSetSize of job (KB)
...
006 (15165477.063.000) 2022-02-28 02:26:46 Image size of job updated: 3489
	3489  -  MemoryUsage of job (MB)
	3573288  -  ResidentSetSize of job (KB)
...
006 (15165477.063.000) 2022-02-28 02:31:47 Image size of job updated: 3533
	3533  -  MemoryUsage of job (MB)
	3618400  -  ResidentSetSize of job (KB)
...
007 (15165477.063.000) 2022-03-03 00:58:45 Shadow exception!
	Error from slot1_22@e2306.chtc.wisc.edu: Job failed to complete in 72 hrs
	0  -  Run Bytes Sent By Job
	131040264  -  Run Bytes Received By Job
...
012 (15165477.063.000) 2022-03-03 00:58:45 Job was held.
	Error from slot1_22@e2306.chtc.wisc.edu: Job failed to complete in 72 hrs
	Code 21 Subcode 0
...
