000 (15165477.062.000) 2022-02-28 00:26:05 Job submitted from host: <128.105.244.191:9618?addrs=128.105.244.191-9618&alias=submit-1.chtc.wisc.edu&noUDP&sock=schedd_3562897_9248>
...
040 (15165477.062.000) 2022-02-28 00:58:48 Entered queue to transfer input files
	Transferring to host: <128.105.245.199:9618?addrs=128.105.245.199-9618&alias=e2399.chtc.wisc.edu&noUDP&sock=slot1_25_24939_880f_27427>
...
040 (15165477.062.000) 2022-02-28 00:58:50 Started transferring input files
	Seconds spent in queue: 2
...
040 (15165477.062.000) 2022-02-28 00:58:57 Finished transferring input files
...
001 (15165477.062.000) 2022-02-28 00:59:01 Job executing on host: <128.105.245.199:9618?addrs=128.105.245.199-9618&alias=e2399.chtc.wisc.edu&noUDP&sock=startd_2794_07b3>
...
006 (15165477.062.000) 2022-02-28 01:00:41 Image size of job updated: 50
	50  -  MemoryUsage of job (MB)
	51508  -  ResidentSetSize of job (KB)
...
006 (15165477.062.000) 2022-02-28 01:05:41 Image size of job updated: 1059
	1059  -  MemoryUsage of job (MB)
	1084740  -  ResidentSetSize of job (KB)
...
006 (15165477.062.000) 2022-02-28 01:10:41 Image size of job updated: 1169
	1169  -  MemoryUsage of job (MB)
	1197996  -  ResidentSetSize of job (KB)
...
006 (15165477.062.000) 2022-02-28 01:15:42 Image size of job updated: 1384
	1384  -  MemoryUsage of job (MB)
	1417736  -  ResidentSetSize of job (KB)
...
006 (15165477.062.000) 2022-02-28 01:20:42 Image size of job updated: 1593
	1593  -  MemoryUsage of job (MB)
	1631316  -  ResidentSetSize of job (KB)
...
006 (15165477.062.000) 2022-02-28 01:25:42 Image size of job updated: 1889
	1889  -  MemoryUsage of job (MB)
	1934984  -  ResidentSetSize of job (KB)
...
006 (15165477.062.000) 2022-02-28 01:30:43 Image size of job updated: 1930
	1930  -  MemoryUsage of job (MB)
	1976556  -  ResidentSetSize of job (KB)
...
006 (15165477.062.000) 2022-02-28 01:35:44 Image size of job updated: 2024
	2024  -  MemoryUsage of job (MB)
	2073164  -  ResidentSetSize of job (KB)
...
006 (15165477.062.000) 2022-02-28 01:40:44 Image size of job updated: 2054
	2054  -  MemoryUsage of job (MB)
	2104056  -  ResidentSetSize of job (KB)
...
006 (15165477.062.000) 2022-02-28 01:45:45 Image size of job updated: 2108
	2108  -  MemoryUsage of job (MB)
	2159192  -  ResidentSetSize of job (KB)
...
006 (15165477.062.000) 2022-02-28 01:50:45 Image size of job updated: 2226
	2226  -  MemoryUsage of job (MB)
	2279688  -  ResidentSetSize of job (KB)
...
006 (15165477.062.000) 2022-02-28 01:55:45 Image size of job updated: 2350
	2350  -  MemoryUsage of job (MB)
	2406744  -  ResidentSetSize of job (KB)
...
006 (15165477.062.000) 2022-02-28 02:00:46 Image size of job updated: 2491
	2491  -  MemoryUsage of job (MB)
	2551772  -  ResidentSetSize of job (KB)
...
006 (15165477.062.000) 2022-02-28 02:05:46 Image size of job updated: 2639
	2639  -  MemoryUsage of job (MB)
	2702344  -  ResidentSetSize of job (KB)
...
006 (15165477.062.000) 2022-02-28 02:10:47 Image size of job updated: 2792
	2792  -  MemoryUsage of job (MB)
	2859464  -  ResidentSetSize of job (KB)
...
006 (15165477.062.000) 2022-02-28 02:15:48 Image size of job updated: 2962
	2962  -  MemoryUsage of job (MB)
	3033456  -  ResidentSetSize of job (KB)
...
006 (15165477.062.000) 2022-02-28 02:20:48 Image size of job updated: 3176
	3176  -  MemoryUsage of job (MB)
	3252976  -  ResidentSetSize of job (KB)
...
006 (15165477.062.000) 2022-02-28 02:25:49 Image size of job updated: 3360
	3360  -  MemoryUsage of job (MB)
	3440860  -  ResidentSetSize of job (KB)
...
006 (15165477.062.000) 2022-02-28 02:31:25 Image size of job updated: 3527
	3527  -  MemoryUsage of job (MB)
	3611944  -  ResidentSetSize of job (KB)
...
006 (15165477.062.000) 2022-02-28 02:35:50 Image size of job updated: 3533
	3533  -  MemoryUsage of job (MB)
	3618104  -  ResidentSetSize of job (KB)
...
007 (15165477.062.000) 2022-03-03 00:58:45 Shadow exception!
	Error from slot1_25@e2399.chtc.wisc.edu: Job failed to complete in 72 hrs
	0  -  Run Bytes Sent By Job
	131040264  -  Run Bytes Received By Job
...
012 (15165477.062.000) 2022-03-03 00:58:45 Job was held.
	Error from slot1_25@e2399.chtc.wisc.edu: Job failed to complete in 72 hrs
	Code 21 Subcode 0
...
