000 (15165477.061.000) 2022-02-28 00:26:05 Job submitted from host: <128.105.244.191:9618?addrs=128.105.244.191-9618&alias=submit-1.chtc.wisc.edu&noUDP&sock=schedd_3562897_9248>
...
040 (15165477.061.000) 2022-02-28 00:58:47 Entered queue to transfer input files
	Transferring to host: <128.105.245.106:9618?addrs=128.105.245.106-9618&alias=e2306.chtc.wisc.edu&noUDP&sock=slot1_21_13486_db5d_25704>
...
040 (15165477.061.000) 2022-02-28 00:58:50 Started transferring input files
	Seconds spent in queue: 3
...
040 (15165477.061.000) 2022-02-28 00:58:57 Finished transferring input files
...
001 (15165477.061.000) 2022-02-28 00:59:01 Job executing on host: <128.105.245.106:9618?addrs=128.105.245.106-9618&alias=e2306.chtc.wisc.edu&noUDP&sock=startd_12776_da10>
...
006 (15165477.061.000) 2022-02-28 01:09:56 Image size of job updated: 327
	327  -  MemoryUsage of job (MB)
	334952  -  ResidentSetSize of job (KB)
...
006 (15165477.061.000) 2022-02-28 01:15:23 Image size of job updated: 1169
	1169  -  MemoryUsage of job (MB)
	1197292  -  ResidentSetSize of job (KB)
...
006 (15165477.061.000) 2022-02-28 01:19:56 Image size of job updated: 1394
	1394  -  MemoryUsage of job (MB)
	1428344  -  ResidentSetSize of job (KB)
...
006 (15165477.061.000) 2022-02-28 01:24:57 Image size of job updated: 1619
	1619  -  MemoryUsage of job (MB)
	1658596  -  ResidentSetSize of job (KB)
...
006 (15165477.061.000) 2022-02-28 01:29:57 Image size of job updated: 1893
	1893  -  MemoryUsage of job (MB)
	1939344  -  ResidentSetSize of job (KB)
...
006 (15165477.061.000) 2022-02-28 01:34:57 Image size of job updated: 1971
	1971  -  MemoryUsage of job (MB)
	2018744  -  ResidentSetSize of job (KB)
...
006 (15165477.061.000) 2022-02-28 01:39:57 Image size of job updated: 2027
	2027  -  MemoryUsage of job (MB)
	2075724  -  ResidentSetSize of job (KB)
...
006 (15165477.061.000) 2022-02-28 01:44:58 Image size of job updated: 2060
	2060  -  MemoryUsage of job (MB)
	2110408  -  ResidentSetSize of job (KB)
...
006 (15165477.061.000) 2022-02-28 01:49:58 Image size of job updated: 2168
	2168  -  MemoryUsage of job (MB)
	2220104  -  ResidentSetSize of job (KB)
...
006 (15165477.061.000) 2022-02-28 01:54:58 Image size of job updated: 2324
	2324  -  MemoryUsage of job (MB)
	2380356  -  ResidentSetSize of job (KB)
...
006 (15165477.061.000) 2022-02-28 01:59:58 Image size of job updated: 2501
	2501  -  MemoryUsage of job (MB)
	2561596  -  ResidentSetSize of job (KB)
...
006 (15165477.061.000) 2022-02-28 02:04:59 Image size of job updated: 2665
	2665  -  MemoryUsage of job (MB)
	2729588  -  ResidentSetSize of job (KB)
...
006 (15165477.061.000) 2022-02-28 02:10:00 Image size of job updated: 2839
	2839  -  MemoryUsage of job (MB)
	2907140  -  ResidentSetSize of job (KB)
...
006 (15165477.061.000) 2022-02-28 02:15:00 Image size of job updated: 3074
	3074  -  MemoryUsage of job (MB)
	3148380  -  ResidentSetSize of job (KB)
...
006 (15165477.061.000) 2022-02-28 02:20:01 Image size of job updated: 3310
	3310  -  MemoryUsage of job (MB)
	3389544  -  ResidentSetSize of job (KB)
...
006 (15165477.061.000) 2022-02-28 02:25:02 Image size of job updated: 3526
	3526  -  MemoryUsage of job (MB)
	3611172  -  ResidentSetSize of job (KB)
...
006 (15165477.061.000) 2022-02-28 02:30:02 Image size of job updated: 3532
	3532  -  MemoryUsage of job (MB)
	3617572  -  ResidentSetSize of job (KB)
...
007 (15165477.061.000) 2022-03-03 00:58:45 Shadow exception!
	Error from slot1_21@e2306.chtc.wisc.edu: Job failed to complete in 72 hrs
	0  -  Run Bytes Sent By Job
	131040264  -  Run Bytes Received By Job
...
012 (15165477.061.000) 2022-03-03 00:58:45 Job was held.
	Error from slot1_21@e2306.chtc.wisc.edu: Job failed to complete in 72 hrs
	Code 21 Subcode 0
...
