000 (15165477.065.000) 2022-02-28 00:26:05 Job submitted from host: <128.105.244.191:9618?addrs=128.105.244.191-9618&alias=submit-1.chtc.wisc.edu&noUDP&sock=schedd_3562897_9248>
...
040 (15165477.065.000) 2022-02-28 00:58:50 Started transferring input files
	Transferring to host: <128.105.245.106:9618?addrs=128.105.245.106-9618&alias=e2306.chtc.wisc.edu&noUDP&sock=slot1_24_13486_db5d_25706>
...
040 (15165477.065.000) 2022-02-28 00:58:58 Finished transferring input files
...
001 (15165477.065.000) 2022-02-28 00:59:01 Job executing on host: <128.105.245.106:9618?addrs=128.105.245.106-9618&alias=e2306.chtc.wisc.edu&noUDP&sock=startd_12776_da10>
...
006 (15165477.065.000) 2022-02-28 01:09:59 Image size of job updated: 337
	337  -  MemoryUsage of job (MB)
	345524  -  ResidentSetSize of job (KB)
...
006 (15165477.065.000) 2022-02-28 01:14:59 Image size of job updated: 1194
	1194  -  MemoryUsage of job (MB)
	1223028  -  ResidentSetSize of job (KB)
...
006 (15165477.065.000) 2022-02-28 01:19:59 Image size of job updated: 1393
	1393  -  MemoryUsage of job (MB)
	1426932  -  ResidentSetSize of job (KB)
...
006 (15165477.065.000) 2022-02-28 01:25:00 Image size of job updated: 1616
	1616  -  MemoryUsage of job (MB)
	1655024  -  ResidentSetSize of job (KB)
...
006 (15165477.065.000) 2022-02-28 01:33:40 Image size of job updated: 1909
	1909  -  MemoryUsage of job (MB)
	1955688  -  ResidentSetSize of job (KB)
...
006 (15165477.065.000) 2022-02-28 01:44:42 Image size of job updated: 2053
	2053  -  MemoryUsage of job (MB)
	2102748  -  ResidentSetSize of job (KB)
...
006 (15165477.065.000) 2022-02-28 01:53:31 Image size of job updated: 2239
	2239  -  MemoryUsage of job (MB)
	2293156  -  ResidentSetSize of job (KB)
...
006 (15165477.065.000) 2022-02-28 01:58:49 Image size of job updated: 2405
	2405  -  MemoryUsage of job (MB)
	2463428  -  ResidentSetSize of job (KB)
...
006 (15165477.065.000) 2022-02-28 02:03:50 Image size of job updated: 2566
	2566  -  MemoryUsage of job (MB)
	2628504  -  ResidentSetSize of job (KB)
...
006 (15165477.065.000) 2022-02-28 02:08:50 Image size of job updated: 2732
	2732  -  MemoryUsage of job (MB)
	2797952  -  ResidentSetSize of job (KB)
...
006 (15165477.065.000) 2022-02-28 02:13:51 Image size of job updated: 2920
	2920  -  MemoryUsage of job (MB)
	2990088  -  ResidentSetSize of job (KB)
...
006 (15165477.065.000) 2022-02-28 02:18:52 Image size of job updated: 3148
	3148  -  MemoryUsage of job (MB)
	3224124  -  ResidentSetSize of job (KB)
...
006 (15165477.065.000) 2022-02-28 02:23:52 Image size of job updated: 3369
	3369  -  MemoryUsage of job (MB)
	3449860  -  ResidentSetSize of job (KB)
...
006 (15165477.065.000) 2022-02-28 02:28:53 Image size of job updated: 3531
	3531  -  MemoryUsage of job (MB)
	3615980  -  ResidentSetSize of job (KB)
...
007 (15165477.065.000) 2022-03-03 00:58:50 Shadow exception!
	Error from slot1_24@e2306.chtc.wisc.edu: Job failed to complete in 72 hrs
	0  -  Run Bytes Sent By Job
	131040264  -  Run Bytes Received By Job
...
012 (15165477.065.000) 2022-03-03 00:58:51 Job was held.
	Error from slot1_24@e2306.chtc.wisc.edu: Job failed to complete in 72 hrs
	Code 21 Subcode 0
...
