000 (15165477.071.000) 2022-02-28 00:26:05 Job submitted from host: <128.105.244.191:9618?addrs=128.105.244.191-9618&alias=submit-1.chtc.wisc.edu&noUDP&sock=schedd_3562897_9248>
...
040 (15165477.071.000) 2022-02-28 01:03:31 Entered queue to transfer input files
	Transferring to host: <128.104.101.145:9618?addrs=128.104.101.145-9618+[2607-f388-107c-501-206-f6ff-fe30-9499]-9618&alias=e145.chtc.wisc.edu&noUDP&sock=slot1_13_24244_d753_30984>
...
040 (15165477.071.000) 2022-02-28 01:03:38 Started transferring input files
	Seconds spent in queue: 7
...
001 (15165477.071.000) 2022-02-28 01:03:42 Job executing on host: <128.104.101.145:9618?addrs=128.104.101.145-9618+[2607-f388-107c-501-206-f6ff-fe30-9499]-9618&alias=e145.chtc.wisc.edu&noUDP&sock=startd_1837_9b90>
...
040 (15165477.071.000) 2022-02-28 01:03:44 Finished transferring input files
...
006 (15165477.071.000) 2022-02-28 01:09:15 Image size of job updated: 311
	311  -  MemoryUsage of job (MB)
	318600  -  ResidentSetSize of job (KB)
...
006 (15165477.071.000) 2022-02-28 01:14:16 Image size of job updated: 1170
	1170  -  MemoryUsage of job (MB)
	1198220  -  ResidentSetSize of job (KB)
...
006 (15165477.071.000) 2022-02-28 01:19:16 Image size of job updated: 1618
	1618  -  MemoryUsage of job (MB)
	1657788  -  ResidentSetSize of job (KB)
...
006 (15165477.071.000) 2022-02-28 01:24:16 Image size of job updated: 1918
	1918  -  MemoryUsage of job (MB)
	1964308  -  ResidentSetSize of job (KB)
...
006 (15165477.071.000) 2022-02-28 01:29:17 Image size of job updated: 2018
	2018  -  MemoryUsage of job (MB)
	2066600  -  ResidentSetSize of job (KB)
...
006 (15165477.071.000) 2022-02-28 01:35:30 Image size of job updated: 2056
	2056  -  MemoryUsage of job (MB)
	2106268  -  ResidentSetSize of job (KB)
...
006 (15165477.071.000) 2022-02-28 01:39:18 Image size of job updated: 2165
	2165  -  MemoryUsage of job (MB)
	2217172  -  ResidentSetSize of job (KB)
...
006 (15165477.071.000) 2022-02-28 01:44:18 Image size of job updated: 2363
	2363  -  MemoryUsage of job (MB)
	2420656  -  ResidentSetSize of job (KB)
...
006 (15165477.071.000) 2022-02-28 01:49:19 Image size of job updated: 2580
	2580  -  MemoryUsage of job (MB)
	2642688  -  ResidentSetSize of job (KB)
...
006 (15165477.071.000) 2022-02-28 01:54:20 Image size of job updated: 2814
	2814  -  MemoryUsage of job (MB)
	2882416  -  ResidentSetSize of job (KB)
...
006 (15165477.071.000) 2022-02-28 01:59:21 Image size of job updated: 3108
	3108  -  MemoryUsage of job (MB)
	3182660  -  ResidentSetSize of job (KB)
...
006 (15165477.071.000) 2022-02-28 02:04:22 Image size of job updated: 3398
	3398  -  MemoryUsage of job (MB)
	3480216  -  ResidentSetSize of job (KB)
...
006 (15165477.071.000) 2022-02-28 02:09:22 Image size of job updated: 3582
	3582  -  MemoryUsage of job (MB)
	3668944  -  ResidentSetSize of job (KB)
...
007 (15165477.071.000) 2022-03-03 01:03:31 Shadow exception!
	Error from slot1_13@e145.chtc.wisc.edu: Job failed to complete in 72 hrs
	0  -  Run Bytes Sent By Job
	131040264  -  Run Bytes Received By Job
...
012 (15165477.071.000) 2022-03-03 01:03:32 Job was held.
	Error from slot1_13@e145.chtc.wisc.edu: Job failed to complete in 72 hrs
	Code 21 Subcode 0
...
