000 (15165477.007.000) 2022-02-28 00:26:05 Job submitted from host: <128.105.244.191:9618?addrs=128.105.244.191-9618&alias=submit-1.chtc.wisc.edu&noUDP&sock=schedd_3562897_9248>
...
040 (15165477.007.000) 2022-02-28 00:43:49 Started transferring input files
	Transferring to host: <128.104.58.203:9618?addrs=128.104.58.203-9618+[2607-f388-1086-0-8af0-31ff-feb3-dc28]-9618&alias=e459.chtc.wisc.edu&noUDP&sock=slot1_2_7253_2500_27458>
...
040 (15165477.007.000) 2022-02-28 00:43:57 Finished transferring input files
...
001 (15165477.007.000) 2022-02-28 00:44:01 Job executing on host: <128.104.58.203:9618?addrs=128.104.58.203-9618+[2607-f388-1086-0-8af0-31ff-feb3-dc28]-9618&alias=e459.chtc.wisc.edu&noUDP&sock=startd_2013_543c>
...
006 (15165477.007.000) 2022-02-28 00:49:35 Image size of job updated: 200
	200  -  MemoryUsage of job (MB)
	205500  -  ResidentSetSize of job (KB)
...
006 (15165477.007.000) 2022-02-28 00:54:35 Image size of job updated: 1169
	1169  -  MemoryUsage of job (MB)
	1197300  -  ResidentSetSize of job (KB)
...
006 (15165477.007.000) 2022-02-28 00:59:36 Image size of job updated: 1234
	1234  -  MemoryUsage of job (MB)
	1264524  -  ResidentSetSize of job (KB)
...
006 (15165477.007.000) 2022-02-28 01:04:38 Image size of job updated: 1486
	1486  -  MemoryUsage of job (MB)
	1521788  -  ResidentSetSize of job (KB)
...
006 (15165477.007.000) 2022-02-28 01:09:39 Image size of job updated: 1889
	1889  -  MemoryUsage of job (MB)
	1935112  -  ResidentSetSize of job (KB)
...
006 (15165477.007.000) 2022-02-28 01:18:51 Image size of job updated: 1920
	1920  -  MemoryUsage of job (MB)
	1966716  -  ResidentSetSize of job (KB)
...
006 (15165477.007.000) 2022-02-28 01:31:27 Image size of job updated: 2228
	2228  -  MemoryUsage of job (MB)
	2281536  -  ResidentSetSize of job (KB)
...
006 (15165477.007.000) 2022-02-28 01:41:32 Image size of job updated: 2628
	2628  -  MemoryUsage of job (MB)
	2691240  -  ResidentSetSize of job (KB)
...
006 (15165477.007.000) 2022-02-28 01:47:35 Image size of job updated: 2915
	2915  -  MemoryUsage of job (MB)
	2985124  -  ResidentSetSize of job (KB)
...
006 (15165477.007.000) 2022-02-28 01:52:35 Image size of job updated: 3226
	3226  -  MemoryUsage of job (MB)
	3304072  -  ResidentSetSize of job (KB)
...
006 (15165477.007.000) 2022-02-28 01:57:36 Image size of job updated: 3522
	3522  -  MemoryUsage of job (MB)
	3606836  -  ResidentSetSize of job (KB)
...
006 (15165477.007.000) 2022-02-28 02:02:36 Image size of job updated: 3542
	3542  -  MemoryUsage of job (MB)
	3627100  -  ResidentSetSize of job (KB)
...
007 (15165477.007.000) 2022-03-03 00:43:47 Shadow exception!
	Error from slot1_2@e459.chtc.wisc.edu: Job failed to complete in 72 hrs
	0  -  Run Bytes Sent By Job
	131040264  -  Run Bytes Received By Job
...
012 (15165477.007.000) 2022-03-03 00:43:54 Job was held.
	Error from slot1_2@e459.chtc.wisc.edu: Job failed to complete in 72 hrs
	Code 21 Subcode 0
...
