000 (15165477.076.000) 2022-02-28 00:26:05 Job submitted from host: <128.105.244.191:9618?addrs=128.105.244.191-9618&alias=submit-1.chtc.wisc.edu&noUDP&sock=schedd_3562897_9248>
...
040 (15165477.076.000) 2022-02-28 01:07:37 Entered queue to transfer input files
	Transferring to host: <128.104.101.144:9618?addrs=128.104.101.144-9618+[2607-f388-107c-501-4603-a7ff-fe29-710d]-9618&alias=e144.chtc.wisc.edu&noUDP&sock=slot1_11_6296_d9f9_32782>
...
040 (15165477.076.000) 2022-02-28 01:07:49 Started transferring input files
	Seconds spent in queue: 12
...
001 (15165477.076.000) 2022-02-28 01:07:56 Job executing on host: <128.104.101.144:9618?addrs=128.104.101.144-9618+[2607-f388-107c-501-4603-a7ff-fe29-710d]-9618&alias=e144.chtc.wisc.edu&noUDP&sock=startd_1819_42dc>
...
040 (15165477.076.000) 2022-02-28 01:08:04 Finished transferring input files
...
006 (15165477.076.000) 2022-02-28 01:14:00 Image size of job updated: 285
	285  -  MemoryUsage of job (MB)
	292220  -  ResidentSetSize of job (KB)
...
006 (15165477.076.000) 2022-02-28 01:19:01 Image size of job updated: 1170
	1170  -  MemoryUsage of job (MB)
	1198600  -  ResidentSetSize of job (KB)
...
006 (15165477.076.000) 2022-02-28 01:24:01 Image size of job updated: 1467
	1467  -  MemoryUsage of job (MB)
	1502628  -  ResidentSetSize of job (KB)
...
006 (15165477.076.000) 2022-02-28 01:29:01 Image size of job updated: 1876
	1876  -  MemoryUsage of job (MB)
	1921236  -  ResidentSetSize of job (KB)
...
006 (15165477.076.000) 2022-02-28 01:34:01 Image size of job updated: 2001
	2001  -  MemoryUsage of job (MB)
	2049704  -  ResidentSetSize of job (KB)
...
006 (15165477.076.000) 2022-02-28 01:42:14 Image size of job updated: 2034
	2034  -  MemoryUsage of job (MB)
	2083660  -  ResidentSetSize of job (KB)
...
006 (15165477.076.000) 2022-02-28 01:51:51 Image size of job updated: 2358
	2358  -  MemoryUsage of job (MB)
	2415116  -  ResidentSetSize of job (KB)
...
006 (15165477.076.000) 2022-02-28 01:59:33 Image size of job updated: 2690
	2690  -  MemoryUsage of job (MB)
	2754608  -  ResidentSetSize of job (KB)
...
006 (15165477.076.000) 2022-02-28 02:04:34 Image size of job updated: 2940
	2940  -  MemoryUsage of job (MB)
	3011560  -  ResidentSetSize of job (KB)
...
006 (15165477.076.000) 2022-02-28 02:09:34 Image size of job updated: 3235
	3235  -  MemoryUsage of job (MB)
	3313080  -  ResidentSetSize of job (KB)
...
006 (15165477.076.000) 2022-02-28 02:14:34 Image size of job updated: 3536
	3536  -  MemoryUsage of job (MB)
	3621532  -  ResidentSetSize of job (KB)
...
006 (15165477.076.000) 2022-02-28 02:19:34 Image size of job updated: 3583
	3583  -  MemoryUsage of job (MB)
	3669176  -  ResidentSetSize of job (KB)
...
007 (15165477.076.000) 2022-03-03 01:07:34 Shadow exception!
	Error from slot1_11@e144.chtc.wisc.edu: Job failed to complete in 72 hrs
	0  -  Run Bytes Sent By Job
	131040264  -  Run Bytes Received By Job
...
012 (15165477.076.000) 2022-03-03 01:07:34 Job was held.
	Error from slot1_11@e144.chtc.wisc.edu: Job failed to complete in 72 hrs
	Code 21 Subcode 0
...
