000 (15165477.070.000) 2022-02-28 00:26:05 Job submitted from host: <128.105.244.191:9618?addrs=128.105.244.191-9618&alias=submit-1.chtc.wisc.edu&noUDP&sock=schedd_3562897_9248>
...
040 (15165477.070.000) 2022-02-28 01:00:56 Started transferring input files
	Transferring to host: <128.104.58.150:9618?addrs=128.104.58.150-9618+[2607-f388-1086-0-16fe-b5ff-fec6-7e5e]-9618&alias=e1002.chtc.wisc.edu&noUDP&sock=slot1_15_46944_0b6e_28023>
...
040 (15165477.070.000) 2022-02-28 01:01:00 Finished transferring input files
...
001 (15165477.070.000) 2022-02-28 01:01:04 Job executing on host: <128.104.58.150:9618?addrs=128.104.58.150-9618+[2607-f388-1086-0-16fe-b5ff-fec6-7e5e]-9618&alias=e1002.chtc.wisc.edu&noUDP&sock=startd_16217_1773>
...
006 (15165477.070.000) 2022-02-28 01:02:51 Image size of job updated: 23
	23  -  MemoryUsage of job (MB)
	24116  -  ResidentSetSize of job (KB)
...
006 (15165477.070.000) 2022-02-28 01:07:51 Image size of job updated: 787
	787  -  MemoryUsage of job (MB)
	806076  -  ResidentSetSize of job (KB)
...
006 (15165477.070.000) 2022-02-28 01:12:51 Image size of job updated: 1170
	1170  -  MemoryUsage of job (MB)
	1198664  -  ResidentSetSize of job (KB)
...
006 (15165477.070.000) 2022-02-28 01:17:52 Image size of job updated: 1234
	1234  -  MemoryUsage of job (MB)
	1264528  -  ResidentSetSize of job (KB)
...
006 (15165477.070.000) 2022-02-28 01:22:52 Image size of job updated: 1449
	1449  -  MemoryUsage of job (MB)
	1484532  -  ResidentSetSize of job (KB)
...
006 (15165477.070.000) 2022-02-28 01:27:53 Image size of job updated: 1826
	1826  -  MemoryUsage of job (MB)
	1870200  -  ResidentSetSize of job (KB)
...
006 (15165477.070.000) 2022-02-28 01:35:07 Image size of job updated: 1912
	1912  -  MemoryUsage of job (MB)
	1958764  -  ResidentSetSize of job (KB)
...
006 (15165477.070.000) 2022-02-28 01:41:51 Image size of job updated: 2025
	2025  -  MemoryUsage of job (MB)
	2073824  -  ResidentSetSize of job (KB)
...
006 (15165477.070.000) 2022-02-28 01:47:14 Image size of job updated: 2062
	2062  -  MemoryUsage of job (MB)
	2111996  -  ResidentSetSize of job (KB)
...
006 (15165477.070.000) 2022-02-28 01:52:15 Image size of job updated: 2127
	2127  -  MemoryUsage of job (MB)
	2178628  -  ResidentSetSize of job (KB)
...
006 (15165477.070.000) 2022-02-28 01:57:15 Image size of job updated: 2269
	2269  -  MemoryUsage of job (MB)
	2324240  -  ResidentSetSize of job (KB)
...
006 (15165477.070.000) 2022-02-28 02:02:15 Image size of job updated: 2429
	2429  -  MemoryUsage of job (MB)
	2487768  -  ResidentSetSize of job (KB)
...
006 (15165477.070.000) 2022-02-28 02:07:15 Image size of job updated: 2590
	2590  -  MemoryUsage of job (MB)
	2653124  -  ResidentSetSize of job (KB)
...
006 (15165477.070.000) 2022-02-28 02:12:15 Image size of job updated: 2767
	2767  -  MemoryUsage of job (MB)
	2833900  -  ResidentSetSize of job (KB)
...
006 (15165477.070.000) 2022-02-28 02:17:15 Image size of job updated: 2962
	2962  -  MemoryUsage of job (MB)
	3033564  -  ResidentSetSize of job (KB)
...
006 (15165477.070.000) 2022-02-28 02:22:16 Image size of job updated: 3199
	3199  -  MemoryUsage of job (MB)
	3276712  -  ResidentSetSize of job (KB)
...
006 (15165477.070.000) 2022-02-28 02:27:16 Image size of job updated: 3436
	3436  -  MemoryUsage of job (MB)
	3518912  -  ResidentSetSize of job (KB)
...
006 (15165477.070.000) 2022-02-28 02:32:17 Image size of job updated: 3579
	3579  -  MemoryUsage of job (MB)
	3665620  -  ResidentSetSize of job (KB)
...
007 (15165477.070.000) 2022-03-03 01:00:59 Shadow exception!
	Error from slot1_15@e1002.chtc.wisc.edu: Job failed to complete in 72 hrs
	0  -  Run Bytes Sent By Job
	131040264  -  Run Bytes Received By Job
...
012 (15165477.070.000) 2022-03-03 01:01:00 Job was held.
	Error from slot1_15@e1002.chtc.wisc.edu: Job failed to complete in 72 hrs
	Code 21 Subcode 0
...
