000 (15165477.078.000) 2022-02-28 00:26:05 Job submitted from host: <128.105.244.191:9618?addrs=128.105.244.191-9618&alias=submit-1.chtc.wisc.edu&noUDP&sock=schedd_3562897_9248>
...
040 (15165477.078.000) 2022-02-28 01:08:53 Entered queue to transfer input files
	Transferring to host: <128.105.245.136:9618?addrs=128.105.245.136-9618&alias=e2336.chtc.wisc.edu&noUDP&sock=slot1_23_8582_8b96_27883>
...
040 (15165477.078.000) 2022-02-28 01:09:05 Started transferring input files
	Seconds spent in queue: 12
...
001 (15165477.078.000) 2022-02-28 01:09:29 Job executing on host: <128.105.245.136:9618?addrs=128.105.245.136-9618&alias=e2336.chtc.wisc.edu&noUDP&sock=startd_2598_9723>
...
040 (15165477.078.000) 2022-02-28 01:09:29 Finished transferring input files
...
006 (15165477.078.000) 2022-02-28 01:21:14 Image size of job updated: 786
	786  -  MemoryUsage of job (MB)
	805112  -  ResidentSetSize of job (KB)
...
006 (15165477.078.000) 2022-02-28 01:26:15 Image size of job updated: 1196
	1196  -  MemoryUsage of job (MB)
	1224868  -  ResidentSetSize of job (KB)
...
006 (15165477.078.000) 2022-02-28 01:31:15 Image size of job updated: 1387
	1387  -  MemoryUsage of job (MB)
	1421052  -  ResidentSetSize of job (KB)
...
006 (15165477.078.000) 2022-02-28 01:36:15 Image size of job updated: 1615
	1615  -  MemoryUsage of job (MB)
	1654652  -  ResidentSetSize of job (KB)
...
006 (15165477.078.000) 2022-02-28 01:41:16 Image size of job updated: 1885
	1885  -  MemoryUsage of job (MB)
	1930344  -  ResidentSetSize of job (KB)
...
006 (15165477.078.000) 2022-02-28 01:46:17 Image size of job updated: 2008
	2008  -  MemoryUsage of job (MB)
	2057164  -  ResidentSetSize of job (KB)
...
006 (15165477.078.000) 2022-02-28 01:51:18 Image size of job updated: 2017
	2017  -  MemoryUsage of job (MB)
	2065908  -  ResidentSetSize of job (KB)
...
006 (15165477.078.000) 2022-02-28 01:56:19 Image size of job updated: 2049
	2049  -  MemoryUsage of job (MB)
	2098220  -  ResidentSetSize of job (KB)
...
006 (15165477.078.000) 2022-02-28 02:01:19 Image size of job updated: 2106
	2106  -  MemoryUsage of job (MB)
	2157404  -  ResidentSetSize of job (KB)
...
006 (15165477.078.000) 2022-02-28 02:06:19 Image size of job updated: 2206
	2206  -  MemoryUsage of job (MB)
	2259076  -  ResidentSetSize of job (KB)
...
006 (15165477.078.000) 2022-02-28 02:11:19 Image size of job updated: 2355
	2355  -  MemoryUsage of job (MB)
	2412320  -  ResidentSetSize of job (KB)
...
006 (15165477.078.000) 2022-02-28 02:16:20 Image size of job updated: 2529
	2529  -  MemoryUsage of job (MB)
	2590396  -  ResidentSetSize of job (KB)
...
006 (15165477.078.000) 2022-02-28 02:21:20 Image size of job updated: 2699
	2699  -  MemoryUsage of job (MB)
	2764024  -  ResidentSetSize of job (KB)
...
006 (15165477.078.000) 2022-02-28 02:26:34 Image size of job updated: 2887
	2887  -  MemoryUsage of job (MB)
	2956944  -  ResidentSetSize of job (KB)
...
006 (15165477.078.000) 2022-02-28 02:31:22 Image size of job updated: 3109
	3109  -  MemoryUsage of job (MB)
	3184312  -  ResidentSetSize of job (KB)
...
006 (15165477.078.000) 2022-02-28 02:36:22 Image size of job updated: 3345
	3345  -  MemoryUsage of job (MB)
	3426136  -  ResidentSetSize of job (KB)
...
006 (15165477.078.000) 2022-02-28 02:41:22 Image size of job updated: 3534
	3534  -  MemoryUsage of job (MB)
	3619588  -  ResidentSetSize of job (KB)
...
007 (15165477.078.000) 2022-03-03 01:08:51 Shadow exception!
	Error from slot1_23@e2336.chtc.wisc.edu: Job failed to complete in 72 hrs
	0  -  Run Bytes Sent By Job
	131040264  -  Run Bytes Received By Job
...
012 (15165477.078.000) 2022-03-03 01:08:51 Job was held.
	Error from slot1_23@e2336.chtc.wisc.edu: Job failed to complete in 72 hrs
	Code 21 Subcode 0
...
