000 (15165477.073.000) 2022-02-28 00:26:05 Job submitted from host: <128.105.244.191:9618?addrs=128.105.244.191-9618&alias=submit-1.chtc.wisc.edu&noUDP&sock=schedd_3562897_9248>
...
040 (15165477.073.000) 2022-02-28 01:05:00 Entered queue to transfer input files
	Transferring to host: <128.105.245.209:9618?addrs=128.105.245.209-9618&alias=e2409.chtc.wisc.edu&noUDP&sock=slot1_21_32182_e156_26307>
...
040 (15165477.073.000) 2022-02-28 01:05:06 Started transferring input files
	Seconds spent in queue: 6
...
001 (15165477.073.000) 2022-02-28 01:05:15 Job executing on host: <128.105.245.209:9618?addrs=128.105.245.209-9618&alias=e2409.chtc.wisc.edu&noUDP&sock=startd_2897_adf4>
...
040 (15165477.073.000) 2022-02-28 01:05:15 Finished transferring input files
...
006 (15165477.073.000) 2022-02-28 01:06:00 Image size of job updated: 66
	66  -  MemoryUsage of job (MB)
	68364  -  ResidentSetSize of job (KB)
...
006 (15165477.073.000) 2022-02-28 01:11:01 Image size of job updated: 1193
	1193  -  MemoryUsage of job (MB)
	1222372  -  ResidentSetSize of job (KB)
...
006 (15165477.073.000) 2022-02-28 01:22:51 Image size of job updated: 1442
	1442  -  MemoryUsage of job (MB)
	1476660  -  ResidentSetSize of job (KB)
...
006 (15165477.073.000) 2022-02-28 01:28:18 Image size of job updated: 1895
	1895  -  MemoryUsage of job (MB)
	1940920  -  ResidentSetSize of job (KB)
...
006 (15165477.073.000) 2022-02-28 01:33:18 Image size of job updated: 2015
	2015  -  MemoryUsage of job (MB)
	2063876  -  ResidentSetSize of job (KB)
...
006 (15165477.073.000) 2022-02-28 01:40:37 Image size of job updated: 2043
	2043  -  MemoryUsage of job (MB)
	2092760  -  ResidentSetSize of job (KB)
...
006 (15165477.073.000) 2022-02-28 01:49:07 Image size of job updated: 2208
	2208  -  MemoryUsage of job (MB)
	2261872  -  ResidentSetSize of job (KB)
...
006 (15165477.073.000) 2022-02-28 01:55:36 Image size of job updated: 2457
	2457  -  MemoryUsage of job (MB)
	2516424  -  ResidentSetSize of job (KB)
...
006 (15165477.073.000) 2022-02-28 02:00:37 Image size of job updated: 2659
	2659  -  MemoryUsage of job (MB)
	2723576  -  ResidentSetSize of job (KB)
...
006 (15165477.073.000) 2022-02-28 02:05:38 Image size of job updated: 2887
	2887  -  MemoryUsage of job (MB)
	2956308  -  ResidentSetSize of job (KB)
...
006 (15165477.073.000) 2022-02-28 02:10:38 Image size of job updated: 3170
	3170  -  MemoryUsage of job (MB)
	3246632  -  ResidentSetSize of job (KB)
...
006 (15165477.073.000) 2022-02-28 02:15:40 Image size of job updated: 3456
	3456  -  MemoryUsage of job (MB)
	3539016  -  ResidentSetSize of job (KB)
...
006 (15165477.073.000) 2022-02-28 02:20:40 Image size of job updated: 3535
	3535  -  MemoryUsage of job (MB)
	3620200  -  ResidentSetSize of job (KB)
...
007 (15165477.073.000) 2022-03-03 01:05:00 Shadow exception!
	Error from slot1_21@e2409.chtc.wisc.edu: Job failed to complete in 72 hrs
	0  -  Run Bytes Sent By Job
	131040264  -  Run Bytes Received By Job
...
012 (15165477.073.000) 2022-03-03 01:05:00 Job was held.
	Error from slot1_21@e2409.chtc.wisc.edu: Job failed to complete in 72 hrs
	Code 21 Subcode 0
...
