000 (15165477.072.000) 2022-02-28 00:26:05 Job submitted from host: <128.105.244.191:9618?addrs=128.105.244.191-9618&alias=submit-1.chtc.wisc.edu&noUDP&sock=schedd_3562897_9248>
...
040 (15165477.072.000) 2022-02-28 01:04:57 Entered queue to transfer input files
	Transferring to host: <128.105.245.209:9618?addrs=128.105.245.209-9618&alias=e2409.chtc.wisc.edu&noUDP&sock=slot1_13_32182_e156_26306>
...
040 (15165477.072.000) 2022-02-28 01:05:05 Started transferring input files
	Seconds spent in queue: 8
...
001 (15165477.072.000) 2022-02-28 01:05:14 Job executing on host: <128.105.245.209:9618?addrs=128.105.245.209-9618&alias=e2409.chtc.wisc.edu&noUDP&sock=startd_2897_adf4>
...
040 (15165477.072.000) 2022-02-28 01:05:14 Finished transferring input files
...
006 (15165477.072.000) 2022-02-28 01:06:00 Image size of job updated: 66
	66  -  MemoryUsage of job (MB)
	68104  -  ResidentSetSize of job (KB)
...
006 (15165477.072.000) 2022-02-28 01:11:01 Image size of job updated: 1190
	1190  -  MemoryUsage of job (MB)
	1219544  -  ResidentSetSize of job (KB)
...
006 (15165477.072.000) 2022-02-28 01:21:01 Image size of job updated: 1429
	1429  -  MemoryUsage of job (MB)
	1463332  -  ResidentSetSize of job (KB)
...
006 (15165477.072.000) 2022-02-28 01:26:02 Image size of job updated: 1836
	1836  -  MemoryUsage of job (MB)
	1880536  -  ResidentSetSize of job (KB)
...
006 (15165477.072.000) 2022-02-28 01:31:03 Image size of job updated: 1919
	1919  -  MemoryUsage of job (MB)
	1965892  -  ResidentSetSize of job (KB)
...
006 (15165477.072.000) 2022-02-28 01:37:12 Image size of job updated: 2019
	2019  -  MemoryUsage of job (MB)
	2067652  -  ResidentSetSize of job (KB)
...
006 (15165477.072.000) 2022-02-28 01:41:05 Image size of job updated: 2051
	2051  -  MemoryUsage of job (MB)
	2100896  -  ResidentSetSize of job (KB)
...
006 (15165477.072.000) 2022-02-28 01:46:06 Image size of job updated: 2127
	2127  -  MemoryUsage of job (MB)
	2178432  -  ResidentSetSize of job (KB)
...
006 (15165477.072.000) 2022-02-28 01:51:07 Image size of job updated: 2301
	2301  -  MemoryUsage of job (MB)
	2357056  -  ResidentSetSize of job (KB)
...
006 (15165477.072.000) 2022-02-28 01:56:08 Image size of job updated: 2502
	2502  -  MemoryUsage of job (MB)
	2562196  -  ResidentSetSize of job (KB)
...
006 (15165477.072.000) 2022-02-28 02:01:08 Image size of job updated: 2718
	2718  -  MemoryUsage of job (MB)
	2784092  -  ResidentSetSize of job (KB)
...
006 (15165477.072.000) 2022-02-28 02:06:08 Image size of job updated: 2982
	2982  -  MemoryUsage of job (MB)
	3053780  -  ResidentSetSize of job (KB)
...
006 (15165477.072.000) 2022-02-28 02:11:09 Image size of job updated: 3275
	3275  -  MemoryUsage of job (MB)
	3353700  -  ResidentSetSize of job (KB)
...
006 (15165477.072.000) 2022-02-28 02:16:09 Image size of job updated: 3530
	3530  -  MemoryUsage of job (MB)
	3614900  -  ResidentSetSize of job (KB)
...
006 (15165477.072.000) 2022-02-28 02:21:10 Image size of job updated: 3535
	3535  -  MemoryUsage of job (MB)
	3620564  -  ResidentSetSize of job (KB)
...
007 (15165477.072.000) 2022-03-03 01:04:55 Shadow exception!
	Error from slot1_13@e2409.chtc.wisc.edu: Job failed to complete in 72 hrs
	0  -  Run Bytes Sent By Job
	131040264  -  Run Bytes Received By Job
...
012 (15165477.072.000) 2022-03-03 01:04:55 Job was held.
	Error from slot1_13@e2409.chtc.wisc.edu: Job failed to complete in 72 hrs
	Code 21 Subcode 0
...
